[2026-06-11T02:50:20.931+0000] {local_task_job_runner.py:120} INFO - ::group::Pre task execution logs
[2026-06-11T02:50:20.960+0000] {taskinstance.py:2076} INFO - Dependencies all met for dep_context=non-requeueable deps ti=<TaskInstance: sp500_master_ingestion_pipeline.extract_hourly_data manual__2026-06-11T02:49:17.449462+00:00 [queued]>
[2026-06-11T02:50:20.967+0000] {taskinstance.py:2076} INFO - Dependencies all met for dep_context=requeueable deps ti=<TaskInstance: sp500_master_ingestion_pipeline.extract_hourly_data manual__2026-06-11T02:49:17.449462+00:00 [queued]>
[2026-06-11T02:50:20.969+0000] {taskinstance.py:2306} INFO - Starting attempt 1 of 3
[2026-06-11T02:50:20.981+0000] {taskinstance.py:2330} INFO - Executing <Task(PythonOperator): extract_hourly_data> on 2026-06-11 02:49:17.449462+00:00
[2026-06-11T02:50:20.988+0000] {standard_task_runner.py:90} INFO - Running: ['***', 'tasks', 'run', 'sp500_master_ingestion_pipeline', 'extract_hourly_data', 'manual__2026-06-11T02:49:17.449462+00:00', '--job-id', '5', '--raw', '--subdir', 'DAGS_FOLDER/sp500_master_ingestion_dag.py', '--cfg-path', '/tmp/tmpatnkrn01']
[2026-06-11T02:50:20.992+0000] {standard_task_runner.py:91} INFO - Job 5: Subtask extract_hourly_data
[2026-06-11T02:50:20.992+0000] {logging_mixin.py:188} WARNING - /home/***/.local/lib/python3.12/site-packages/***/task/task_runner/standard_task_runner.py:61 DeprecationWarning: This process (pid=2472) is multi-threaded, use of fork() may lead to deadlocks in the child.
[2026-06-11T02:50:20.994+0000] {standard_task_runner.py:63} INFO - Started process 2474 to run task
[2026-06-11T02:50:21.048+0000] {task_command.py:426} INFO - Running <TaskInstance: sp500_master_ingestion_pipeline.extract_hourly_data manual__2026-06-11T02:49:17.449462+00:00 [running]> on host ea2d499810bc
[2026-06-11T02:50:21.119+0000] {taskinstance.py:2648} INFO - Exporting env vars: AIRFLOW_CTX_DAG_OWNER='data_engineering_team' AIRFLOW_CTX_DAG_ID='sp500_master_ingestion_pipeline' AIRFLOW_CTX_TASK_ID='extract_hourly_data' AIRFLOW_CTX_EXECUTION_DATE='2026-06-11T02:49:17.449462+00:00' AIRFLOW_CTX_TRY_NUMBER='1' AIRFLOW_CTX_DAG_RUN_ID='manual__2026-06-11T02:49:17.449462+00:00'
[2026-06-11T02:50:21.121+0000] {taskinstance.py:430} INFO - ::endgroup::
[2026-06-11T02:50:21.132+0000] {minio_fetching_data_hourly.py:51} INFO - Fetching S&P 500 tickers from Wikipedia ...
[2026-06-11T02:50:21.514+0000] {minio_fetching_data_hourly.py:60} INFO - Found 503 tickers.
[2026-06-11T02:50:36.234+0000] {minio_fetching_data_hourly.py:175} INFO - New tickers: 0 | To update: 503 | End date: 2026-06-11
[2026-06-11T02:50:36.235+0000] {minio_fetching_data_hourly.py:181} INFO - Batch 1 | start=2026-06-08 | 50 tickers
[2026-06-11T02:50:38.189+0000] {minio_fetching_data_hourly.py:132} INFO -   MMM: +21 rows -> 3714 total in MinIO
[2026-06-11T02:50:38.244+0000] {minio_fetching_data_hourly.py:132} INFO -   AOS: +21 rows -> 3714 total in MinIO
[2026-06-11T02:50:38.296+0000] {minio_fetching_data_hourly.py:132} INFO -   ABT: +21 rows -> 3714 total in MinIO
[2026-06-11T02:50:38.355+0000] {minio_fetching_data_hourly.py:132} INFO -   ABBV: +21 rows -> 3714 total in MinIO
[2026-06-11T02:50:38.410+0000] {minio_fetching_data_hourly.py:132} INFO -   ACN: +21 rows -> 3714 total in MinIO
[2026-06-11T02:50:38.464+0000] {minio_fetching_data_hourly.py:132} INFO -   ADBE: +21 rows -> 3714 total in MinIO
[2026-06-11T02:50:38.522+0000] {minio_fetching_data_hourly.py:132} INFO -   AMD: +21 rows -> 3714 total in MinIO
[2026-06-11T02:50:38.578+0000] {minio_fetching_data_hourly.py:132} INFO -   AES: +21 rows -> 3714 total in MinIO
[2026-06-11T02:50:38.635+0000] {minio_fetching_data_hourly.py:132} INFO -   AFL: +21 rows -> 3714 total in MinIO
[2026-06-11T02:50:38.690+0000] {minio_fetching_data_hourly.py:132} INFO -   A: +21 rows -> 3714 total in MinIO
[2026-06-11T02:50:38.746+0000] {minio_fetching_data_hourly.py:132} INFO -   APD: +21 rows -> 3714 total in MinIO
[2026-06-11T02:50:38.804+0000] {minio_fetching_data_hourly.py:132} INFO -   ABNB: +21 rows -> 3714 total in MinIO
[2026-06-11T02:50:38.857+0000] {minio_fetching_data_hourly.py:132} INFO -   AKAM: +21 rows -> 3714 total in MinIO
[2026-06-11T02:50:38.912+0000] {minio_fetching_data_hourly.py:132} INFO -   ALB: +21 rows -> 3714 total in MinIO
[2026-06-11T02:50:38.970+0000] {minio_fetching_data_hourly.py:132} INFO -   ARE: +21 rows -> 3714 total in MinIO
[2026-06-11T02:50:39.024+0000] {minio_fetching_data_hourly.py:132} INFO -   ALGN: +21 rows -> 3714 total in MinIO
[2026-06-11T02:50:39.082+0000] {minio_fetching_data_hourly.py:132} INFO -   ALLE: +21 rows -> 3714 total in MinIO
[2026-06-11T02:50:39.145+0000] {minio_fetching_data_hourly.py:132} INFO -   LNT: +21 rows -> 3714 total in MinIO
[2026-06-11T02:50:39.205+0000] {minio_fetching_data_hourly.py:132} INFO -   ALL: +21 rows -> 3714 total in MinIO
[2026-06-11T02:50:39.274+0000] {minio_fetching_data_hourly.py:132} INFO -   GOOGL: +21 rows -> 3714 total in MinIO
[2026-06-11T02:50:39.342+0000] {minio_fetching_data_hourly.py:132} INFO -   GOOG: +21 rows -> 3714 total in MinIO
[2026-06-11T02:50:39.406+0000] {minio_fetching_data_hourly.py:132} INFO -   MO: +21 rows -> 3714 total in MinIO
[2026-06-11T02:50:39.466+0000] {minio_fetching_data_hourly.py:132} INFO -   AMZN: +21 rows -> 3714 total in MinIO
[2026-06-11T02:50:39.538+0000] {minio_fetching_data_hourly.py:132} INFO -   AMCR: +21 rows -> 3714 total in MinIO
[2026-06-11T02:50:39.610+0000] {minio_fetching_data_hourly.py:132} INFO -   AEE: +21 rows -> 3714 total in MinIO
[2026-06-11T02:50:39.693+0000] {minio_fetching_data_hourly.py:132} INFO -   AEP: +21 rows -> 3714 total in MinIO
[2026-06-11T02:50:39.753+0000] {minio_fetching_data_hourly.py:132} INFO -   AXP: +21 rows -> 3714 total in MinIO
[2026-06-11T02:50:39.812+0000] {minio_fetching_data_hourly.py:132} INFO -   AIG: +21 rows -> 3714 total in MinIO
[2026-06-11T02:50:39.873+0000] {minio_fetching_data_hourly.py:132} INFO -   AMT: +21 rows -> 3714 total in MinIO
[2026-06-11T02:50:39.934+0000] {minio_fetching_data_hourly.py:132} INFO -   AWK: +21 rows -> 3714 total in MinIO
[2026-06-11T02:50:40.003+0000] {minio_fetching_data_hourly.py:132} INFO -   AMP: +21 rows -> 3714 total in MinIO
[2026-06-11T02:50:40.065+0000] {minio_fetching_data_hourly.py:132} INFO -   AME: +21 rows -> 3714 total in MinIO
[2026-06-11T02:50:40.129+0000] {minio_fetching_data_hourly.py:132} INFO -   AMGN: +21 rows -> 3714 total in MinIO
[2026-06-11T02:50:40.191+0000] {minio_fetching_data_hourly.py:132} INFO -   APH: +21 rows -> 3714 total in MinIO
[2026-06-11T02:50:40.258+0000] {minio_fetching_data_hourly.py:132} INFO -   ADI: +21 rows -> 3714 total in MinIO
[2026-06-11T02:50:40.318+0000] {minio_fetching_data_hourly.py:132} INFO -   AON: +21 rows -> 3714 total in MinIO
[2026-06-11T02:50:40.378+0000] {minio_fetching_data_hourly.py:132} INFO -   APA: +21 rows -> 3714 total in MinIO
[2026-06-11T02:50:40.439+0000] {minio_fetching_data_hourly.py:132} INFO -   APO: +21 rows -> 3718 total in MinIO
[2026-06-11T02:50:40.506+0000] {minio_fetching_data_hourly.py:132} INFO -   AAPL: +21 rows -> 3714 total in MinIO
[2026-06-11T02:50:40.568+0000] {minio_fetching_data_hourly.py:132} INFO -   AMAT: +21 rows -> 3714 total in MinIO
[2026-06-11T02:50:40.636+0000] {minio_fetching_data_hourly.py:132} INFO -   APP: +21 rows -> 3714 total in MinIO
[2026-06-11T02:50:40.704+0000] {minio_fetching_data_hourly.py:132} INFO -   APTV: +21 rows -> 3714 total in MinIO
[2026-06-11T02:50:40.763+0000] {minio_fetching_data_hourly.py:132} INFO -   ACGL: +21 rows -> 3714 total in MinIO
[2026-06-11T02:50:40.831+0000] {minio_fetching_data_hourly.py:132} INFO -   ADM: +20 rows -> 3713 total in MinIO
[2026-06-11T02:50:40.892+0000] {minio_fetching_data_hourly.py:132} INFO -   ARES: +21 rows -> 3714 total in MinIO
[2026-06-11T02:50:40.962+0000] {minio_fetching_data_hourly.py:132} INFO -   ANET: +21 rows -> 3714 total in MinIO
[2026-06-11T02:50:41.025+0000] {minio_fetching_data_hourly.py:132} INFO -   AJG: +21 rows -> 3714 total in MinIO
[2026-06-11T02:50:41.100+0000] {minio_fetching_data_hourly.py:132} INFO -   AIZ: +21 rows -> 3714 total in MinIO
[2026-06-11T02:50:41.165+0000] {minio_fetching_data_hourly.py:132} INFO -   T: +21 rows -> 3714 total in MinIO
[2026-06-11T02:50:41.234+0000] {minio_fetching_data_hourly.py:132} INFO -   ATO: +21 rows -> 3714 total in MinIO
[2026-06-11T02:50:43.282+0000] {minio_fetching_data_hourly.py:181} INFO - Batch 2 | start=2026-06-08 | 50 tickers
[2026-06-11T02:50:44.903+0000] {minio_fetching_data_hourly.py:132} INFO -   ADSK: +21 rows -> 3714 total in MinIO
[2026-06-11T02:50:44.965+0000] {minio_fetching_data_hourly.py:132} INFO -   ADP: +20 rows -> 3713 total in MinIO
[2026-06-11T02:50:45.023+0000] {minio_fetching_data_hourly.py:132} INFO -   AZO: +21 rows -> 3709 total in MinIO
[2026-06-11T02:50:45.088+0000] {minio_fetching_data_hourly.py:132} INFO -   AVB: +21 rows -> 3714 total in MinIO
[2026-06-11T02:50:45.146+0000] {minio_fetching_data_hourly.py:132} INFO -   AVY: +21 rows -> 3714 total in MinIO
[2026-06-11T02:50:45.203+0000] {minio_fetching_data_hourly.py:132} INFO -   AXON: +21 rows -> 3714 total in MinIO
[2026-06-11T02:50:45.262+0000] {minio_fetching_data_hourly.py:132} INFO -   BKR: +21 rows -> 3714 total in MinIO
[2026-06-11T02:50:45.324+0000] {minio_fetching_data_hourly.py:132} INFO -   BALL: +21 rows -> 3714 total in MinIO
[2026-06-11T02:50:45.385+0000] {minio_fetching_data_hourly.py:132} INFO -   BAC: +21 rows -> 3714 total in MinIO
[2026-06-11T02:50:45.445+0000] {minio_fetching_data_hourly.py:132} INFO -   BAX: +21 rows -> 3714 total in MinIO
[2026-06-11T02:50:45.508+0000] {minio_fetching_data_hourly.py:132} INFO -   BDX: +21 rows -> 3714 total in MinIO
[2026-06-11T02:50:45.574+0000] {minio_fetching_data_hourly.py:132} INFO -   BRK-B: +21 rows -> 3714 total in MinIO
[2026-06-11T02:50:45.633+0000] {minio_fetching_data_hourly.py:132} INFO -   BBY: +21 rows -> 3714 total in MinIO
[2026-06-11T02:50:45.696+0000] {minio_fetching_data_hourly.py:132} INFO -   TECH: +21 rows -> 3714 total in MinIO
[2026-06-11T02:50:45.755+0000] {minio_fetching_data_hourly.py:132} INFO -   BIIB: +21 rows -> 3714 total in MinIO
[2026-06-11T02:50:45.814+0000] {minio_fetching_data_hourly.py:132} INFO -   BLK: +21 rows -> 3714 total in MinIO
[2026-06-11T02:50:45.871+0000] {minio_fetching_data_hourly.py:132} INFO -   BX: +21 rows -> 3714 total in MinIO
[2026-06-11T02:50:45.926+0000] {minio_fetching_data_hourly.py:132} INFO -   XYZ: +21 rows -> 2431 total in MinIO
[2026-06-11T02:50:45.981+0000] {minio_fetching_data_hourly.py:132} INFO -   BNY: +21 rows -> 2902 total in MinIO
[2026-06-11T02:50:46.040+0000] {minio_fetching_data_hourly.py:132} INFO -   BA: +21 rows -> 3714 total in MinIO
[2026-06-11T02:50:46.097+0000] {minio_fetching_data_hourly.py:132} INFO -   BKNG: +21 rows -> 3711 total in MinIO
[2026-06-11T02:50:46.158+0000] {minio_fetching_data_hourly.py:132} INFO -   BSX: +21 rows -> 3714 total in MinIO
[2026-06-11T02:50:46.225+0000] {minio_fetching_data_hourly.py:132} INFO -   BMY: +21 rows -> 3714 total in MinIO
[2026-06-11T02:50:46.285+0000] {minio_fetching_data_hourly.py:132} INFO -   AVGO: +21 rows -> 3714 total in MinIO
[2026-06-11T02:50:46.352+0000] {minio_fetching_data_hourly.py:132} INFO -   BR: +21 rows -> 3714 total in MinIO
[2026-06-11T02:50:46.413+0000] {minio_fetching_data_hourly.py:132} INFO -   BRO: +21 rows -> 3714 total in MinIO
[2026-06-11T02:50:46.480+0000] {minio_fetching_data_hourly.py:132} INFO -   BF-B: +21 rows -> 3714 total in MinIO
[2026-06-11T02:50:46.549+0000] {minio_fetching_data_hourly.py:132} INFO -   BLDR: +21 rows -> 3714 total in MinIO
[2026-06-11T02:50:46.611+0000] {minio_fetching_data_hourly.py:132} INFO -   BG: +21 rows -> 3714 total in MinIO
[2026-06-11T02:50:46.669+0000] {minio_fetching_data_hourly.py:132} INFO -   BXP: +21 rows -> 3714 total in MinIO
[2026-06-11T02:50:46.727+0000] {minio_fetching_data_hourly.py:132} INFO -   CHRW: +21 rows -> 3714 total in MinIO
[2026-06-11T02:50:46.795+0000] {minio_fetching_data_hourly.py:132} INFO -   CDNS: +21 rows -> 3714 total in MinIO
[2026-06-11T02:50:46.860+0000] {minio_fetching_data_hourly.py:132} INFO -   CPT: +21 rows -> 3714 total in MinIO
[2026-06-11T02:50:46.925+0000] {minio_fetching_data_hourly.py:132} INFO -   CPB: +21 rows -> 3715 total in MinIO
[2026-06-11T02:50:46.990+0000] {minio_fetching_data_hourly.py:132} INFO -   COF: +21 rows -> 3714 total in MinIO
[2026-06-11T02:50:47.052+0000] {minio_fetching_data_hourly.py:132} INFO -   CAH: +21 rows -> 3714 total in MinIO
[2026-06-11T02:50:47.121+0000] {minio_fetching_data_hourly.py:132} INFO -   CCL: +21 rows -> 3714 total in MinIO
[2026-06-11T02:50:47.200+0000] {minio_fetching_data_hourly.py:132} INFO -   CARR: +21 rows -> 3714 total in MinIO
[2026-06-11T02:50:47.262+0000] {minio_fetching_data_hourly.py:132} INFO -   CVNA: +21 rows -> 3714 total in MinIO
[2026-06-11T02:50:47.325+0000] {minio_fetching_data_hourly.py:132} INFO -   CASY: +21 rows -> 3713 total in MinIO
[2026-06-11T02:50:47.399+0000] {minio_fetching_data_hourly.py:132} INFO -   CAT: +21 rows -> 3714 total in MinIO
[2026-06-11T02:50:47.463+0000] {minio_fetching_data_hourly.py:132} INFO -   CBOE: +21 rows -> 3714 total in MinIO
[2026-06-11T02:50:47.522+0000] {minio_fetching_data_hourly.py:132} INFO -   CBRE: +21 rows -> 3714 total in MinIO
[2026-06-11T02:50:47.585+0000] {minio_fetching_data_hourly.py:132} INFO -   CDW: +21 rows -> 3714 total in MinIO
[2026-06-11T02:50:47.658+0000] {minio_fetching_data_hourly.py:132} INFO -   COR: +21 rows -> 3714 total in MinIO
[2026-06-11T02:50:47.723+0000] {minio_fetching_data_hourly.py:132} INFO -   CNC: +21 rows -> 3714 total in MinIO
[2026-06-11T02:50:47.789+0000] {minio_fetching_data_hourly.py:132} INFO -   CNP: +20 rows -> 3713 total in MinIO
[2026-06-11T02:50:47.849+0000] {minio_fetching_data_hourly.py:132} INFO -   CF: +21 rows -> 3714 total in MinIO
[2026-06-11T02:50:47.924+0000] {minio_fetching_data_hourly.py:132} INFO -   CRL: +21 rows -> 3714 total in MinIO
[2026-06-11T02:50:48.080+0000] {minio_fetching_data_hourly.py:132} INFO -   SCHW: +21 rows -> 3714 total in MinIO
[2026-06-11T02:50:50.131+0000] {minio_fetching_data_hourly.py:181} INFO - Batch 3 | start=2026-06-08 | 50 tickers
[2026-06-11T02:50:51.981+0000] {minio_fetching_data_hourly.py:132} INFO -   CHTR: +21 rows -> 3714 total in MinIO
[2026-06-11T02:50:52.040+0000] {minio_fetching_data_hourly.py:132} INFO -   CVX: +21 rows -> 3714 total in MinIO
[2026-06-11T02:50:52.099+0000] {minio_fetching_data_hourly.py:132} INFO -   CMG: +21 rows -> 3714 total in MinIO
[2026-06-11T02:50:52.158+0000] {minio_fetching_data_hourly.py:132} INFO -   CB: +21 rows -> 3714 total in MinIO
[2026-06-11T02:50:52.215+0000] {minio_fetching_data_hourly.py:132} INFO -   CHD: +21 rows -> 3714 total in MinIO
[2026-06-11T02:50:52.278+0000] {minio_fetching_data_hourly.py:132} INFO -   CIEN: +21 rows -> 3714 total in MinIO
[2026-06-11T02:50:52.340+0000] {minio_fetching_data_hourly.py:132} INFO -   CI: +21 rows -> 3714 total in MinIO
[2026-06-11T02:50:52.399+0000] {minio_fetching_data_hourly.py:132} INFO -   CINF: +21 rows -> 3713 total in MinIO
[2026-06-11T02:50:52.466+0000] {minio_fetching_data_hourly.py:132} INFO -   CTAS: +21 rows -> 3714 total in MinIO
[2026-06-11T02:50:52.523+0000] {minio_fetching_data_hourly.py:132} INFO -   CSCO: +21 rows -> 3714 total in MinIO
[2026-06-11T02:50:52.581+0000] {minio_fetching_data_hourly.py:132} INFO -   C: +21 rows -> 3714 total in MinIO
[2026-06-11T02:50:52.640+0000] {minio_fetching_data_hourly.py:132} INFO -   CFG: +21 rows -> 3714 total in MinIO
[2026-06-11T02:50:52.700+0000] {minio_fetching_data_hourly.py:132} INFO -   CLX: +21 rows -> 3714 total in MinIO
[2026-06-11T02:50:52.763+0000] {minio_fetching_data_hourly.py:132} INFO -   CME: +21 rows -> 3714 total in MinIO
[2026-06-11T02:50:52.821+0000] {minio_fetching_data_hourly.py:132} INFO -   CMS: +21 rows -> 3714 total in MinIO
[2026-06-11T02:50:52.878+0000] {minio_fetching_data_hourly.py:132} INFO -   KO: +21 rows -> 3714 total in MinIO
[2026-06-11T02:50:52.937+0000] {minio_fetching_data_hourly.py:132} INFO -   CTSH: +21 rows -> 3714 total in MinIO
[2026-06-11T02:50:52.995+0000] {minio_fetching_data_hourly.py:132} INFO -   COHR: +21 rows -> 3714 total in MinIO
[2026-06-11T02:50:53.060+0000] {minio_fetching_data_hourly.py:132} INFO -   COIN: +21 rows -> 3714 total in MinIO
[2026-06-11T02:50:53.122+0000] {minio_fetching_data_hourly.py:132} INFO -   CL: +21 rows -> 3714 total in MinIO
[2026-06-11T02:50:53.183+0000] {minio_fetching_data_hourly.py:132} INFO -   CMCSA: +21 rows -> 3714 total in MinIO
[2026-06-11T02:50:53.244+0000] {minio_fetching_data_hourly.py:132} INFO -   FIX: +21 rows -> 3714 total in MinIO
[2026-06-11T02:50:53.309+0000] {minio_fetching_data_hourly.py:132} INFO -   CAG: +21 rows -> 3714 total in MinIO
[2026-06-11T02:50:53.370+0000] {minio_fetching_data_hourly.py:132} INFO -   COP: +21 rows -> 3714 total in MinIO
[2026-06-11T02:50:53.433+0000] {minio_fetching_data_hourly.py:132} INFO -   ED: +21 rows -> 3714 total in MinIO
[2026-06-11T02:50:53.496+0000] {minio_fetching_data_hourly.py:132} INFO -   STZ: +21 rows -> 3714 total in MinIO
[2026-06-11T02:50:53.558+0000] {minio_fetching_data_hourly.py:132} INFO -   CEG: +21 rows -> 3714 total in MinIO
[2026-06-11T02:50:53.619+0000] {minio_fetching_data_hourly.py:132} INFO -   COO: +21 rows -> 3714 total in MinIO
[2026-06-11T02:50:53.677+0000] {minio_fetching_data_hourly.py:132} INFO -   CPRT: +21 rows -> 3705 total in MinIO
[2026-06-11T02:50:53.735+0000] {minio_fetching_data_hourly.py:132} INFO -   GLW: +21 rows -> 3714 total in MinIO
[2026-06-11T02:50:53.795+0000] {minio_fetching_data_hourly.py:132} INFO -   CPAY: +21 rows -> 3714 total in MinIO
[2026-06-11T02:50:53.861+0000] {minio_fetching_data_hourly.py:132} INFO -   CTVA: +21 rows -> 3714 total in MinIO
[2026-06-11T02:50:53.923+0000] {minio_fetching_data_hourly.py:132} INFO -   CSGP: +21 rows -> 3714 total in MinIO
[2026-06-11T02:50:53.986+0000] {minio_fetching_data_hourly.py:132} INFO -   COST: +21 rows -> 3714 total in MinIO
[2026-06-11T02:50:54.045+0000] {minio_fetching_data_hourly.py:132} INFO -   CRH: +21 rows -> 3714 total in MinIO
[2026-06-11T02:50:54.107+0000] {minio_fetching_data_hourly.py:132} INFO -   CRWD: +21 rows -> 3714 total in MinIO
[2026-06-11T02:50:54.172+0000] {minio_fetching_data_hourly.py:132} INFO -   CCI: +21 rows -> 3714 total in MinIO
[2026-06-11T02:50:54.239+0000] {minio_fetching_data_hourly.py:132} INFO -   CSX: +21 rows -> 3714 total in MinIO
[2026-06-11T02:50:54.307+0000] {minio_fetching_data_hourly.py:132} INFO -   CMI: +21 rows -> 3714 total in MinIO
[2026-06-11T02:50:54.367+0000] {minio_fetching_data_hourly.py:132} INFO -   CVS: +21 rows -> 3714 total in MinIO
[2026-06-11T02:50:54.436+0000] {minio_fetching_data_hourly.py:132} INFO -   DHR: +21 rows -> 3714 total in MinIO
[2026-06-11T02:50:54.501+0000] {minio_fetching_data_hourly.py:132} INFO -   DRI: +21 rows -> 3704 total in MinIO
[2026-06-11T02:50:54.563+0000] {minio_fetching_data_hourly.py:132} INFO -   DDOG: +21 rows -> 3714 total in MinIO
[2026-06-11T02:50:54.626+0000] {minio_fetching_data_hourly.py:132} INFO -   DVA: +21 rows -> 3714 total in MinIO
[2026-06-11T02:50:54.689+0000] {minio_fetching_data_hourly.py:132} INFO -   DECK: +21 rows -> 3714 total in MinIO
[2026-06-11T02:50:54.747+0000] {minio_fetching_data_hourly.py:132} INFO -   DE: +21 rows -> 3714 total in MinIO
[2026-06-11T02:50:54.813+0000] {minio_fetching_data_hourly.py:132} INFO -   DELL: +21 rows -> 3714 total in MinIO
[2026-06-11T02:50:54.873+0000] {minio_fetching_data_hourly.py:132} INFO -   DAL: +21 rows -> 3714 total in MinIO
[2026-06-11T02:50:54.940+0000] {minio_fetching_data_hourly.py:132} INFO -   DVN: +21 rows -> 3714 total in MinIO
[2026-06-11T02:50:55.007+0000] {minio_fetching_data_hourly.py:132} INFO -   DXCM: +21 rows -> 3714 total in MinIO
[2026-06-11T02:50:57.049+0000] {minio_fetching_data_hourly.py:181} INFO - Batch 4 | start=2026-06-08 | 50 tickers
[2026-06-11T02:50:58.772+0000] {minio_fetching_data_hourly.py:132} INFO -   FANG: +21 rows -> 3714 total in MinIO
[2026-06-11T02:50:58.862+0000] {minio_fetching_data_hourly.py:132} INFO -   DLR: +21 rows -> 3714 total in MinIO
[2026-06-11T02:50:58.937+0000] {minio_fetching_data_hourly.py:132} INFO -   DG: +21 rows -> 3714 total in MinIO
[2026-06-11T02:50:59.003+0000] {minio_fetching_data_hourly.py:132} INFO -   DLTR: +21 rows -> 3714 total in MinIO
[2026-06-11T02:50:59.067+0000] {minio_fetching_data_hourly.py:132} INFO -   D: +21 rows -> 3714 total in MinIO
[2026-06-11T02:50:59.129+0000] {minio_fetching_data_hourly.py:132} INFO -   DPZ: +21 rows -> 3714 total in MinIO
[2026-06-11T02:50:59.207+0000] {minio_fetching_data_hourly.py:132} INFO -   DASH: +21 rows -> 3714 total in MinIO
[2026-06-11T02:50:59.291+0000] {minio_fetching_data_hourly.py:132} INFO -   DOV: +21 rows -> 3714 total in MinIO
[2026-06-11T02:50:59.361+0000] {minio_fetching_data_hourly.py:132} INFO -   DOW: +21 rows -> 3714 total in MinIO
[2026-06-11T02:50:59.423+0000] {minio_fetching_data_hourly.py:132} INFO -   DHI: +21 rows -> 3714 total in MinIO
[2026-06-11T02:50:59.491+0000] {minio_fetching_data_hourly.py:132} INFO -   DTE: +21 rows -> 3714 total in MinIO
[2026-06-11T02:50:59.563+0000] {minio_fetching_data_hourly.py:132} INFO -   DUK: +21 rows -> 3714 total in MinIO
[2026-06-11T02:50:59.630+0000] {minio_fetching_data_hourly.py:132} INFO -   DD: +21 rows -> 3714 total in MinIO
[2026-06-11T02:50:59.688+0000] {minio_fetching_data_hourly.py:132} INFO -   ETN: +21 rows -> 3714 total in MinIO
[2026-06-11T02:50:59.755+0000] {minio_fetching_data_hourly.py:132} INFO -   EBAY: +21 rows -> 3714 total in MinIO
[2026-06-11T02:50:59.842+0000] {minio_fetching_data_hourly.py:132} INFO -   SATS: +21 rows -> 3714 total in MinIO
[2026-06-11T02:50:59.916+0000] {minio_fetching_data_hourly.py:132} INFO -   ECL: +21 rows -> 3714 total in MinIO
[2026-06-11T02:50:59.980+0000] {minio_fetching_data_hourly.py:132} INFO -   EIX: +21 rows -> 3714 total in MinIO
[2026-06-11T02:51:00.041+0000] {minio_fetching_data_hourly.py:132} INFO -   EW: +21 rows -> 3714 total in MinIO
[2026-06-11T02:51:00.110+0000] {minio_fetching_data_hourly.py:132} INFO -   EA: +21 rows -> 3714 total in MinIO
[2026-06-11T02:51:00.173+0000] {minio_fetching_data_hourly.py:132} INFO -   ELV: +21 rows -> 3714 total in MinIO
[2026-06-11T02:51:00.237+0000] {minio_fetching_data_hourly.py:132} INFO -   EME: +21 rows -> 3714 total in MinIO
[2026-06-11T02:51:00.301+0000] {minio_fetching_data_hourly.py:132} INFO -   EMR: +21 rows -> 3714 total in MinIO
[2026-06-11T02:51:00.362+0000] {minio_fetching_data_hourly.py:132} INFO -   ETR: +21 rows -> 3714 total in MinIO
[2026-06-11T02:51:00.425+0000] {minio_fetching_data_hourly.py:132} INFO -   EOG: +20 rows -> 3713 total in MinIO
[2026-06-11T02:51:00.500+0000] {minio_fetching_data_hourly.py:132} INFO -   EQT: +21 rows -> 3714 total in MinIO
[2026-06-11T02:51:00.584+0000] {minio_fetching_data_hourly.py:132} INFO -   EFX: +21 rows -> 3714 total in MinIO
[2026-06-11T02:51:00.658+0000] {minio_fetching_data_hourly.py:132} INFO -   EQIX: +21 rows -> 3713 total in MinIO
[2026-06-11T02:51:00.716+0000] {minio_fetching_data_hourly.py:132} INFO -   EQR: +21 rows -> 3714 total in MinIO
[2026-06-11T02:51:00.779+0000] {minio_fetching_data_hourly.py:132} INFO -   ERIE: +21 rows -> 3693 total in MinIO
[2026-06-11T02:51:00.851+0000] {minio_fetching_data_hourly.py:132} INFO -   ESS: +21 rows -> 3714 total in MinIO
[2026-06-11T02:51:00.916+0000] {minio_fetching_data_hourly.py:132} INFO -   EL: +21 rows -> 3704 total in MinIO
[2026-06-11T02:51:00.980+0000] {minio_fetching_data_hourly.py:132} INFO -   EG: +21 rows -> 3714 total in MinIO
[2026-06-11T02:51:01.047+0000] {minio_fetching_data_hourly.py:132} INFO -   EVRG: +21 rows -> 3714 total in MinIO
[2026-06-11T02:51:01.116+0000] {minio_fetching_data_hourly.py:132} INFO -   ES: +21 rows -> 3714 total in MinIO
[2026-06-11T02:51:01.182+0000] {minio_fetching_data_hourly.py:132} INFO -   EXC: +21 rows -> 3718 total in MinIO
[2026-06-11T02:51:01.240+0000] {minio_fetching_data_hourly.py:132} INFO -   EXE: +21 rows -> 2941 total in MinIO
[2026-06-11T02:51:01.300+0000] {minio_fetching_data_hourly.py:132} INFO -   EXPE: +21 rows -> 3714 total in MinIO
[2026-06-11T02:51:01.391+0000] {minio_fetching_data_hourly.py:132} INFO -   EXPD: +21 rows -> 3714 total in MinIO
[2026-06-11T02:51:01.474+0000] {minio_fetching_data_hourly.py:132} INFO -   EXR: +21 rows -> 3714 total in MinIO
[2026-06-11T02:51:01.536+0000] {minio_fetching_data_hourly.py:132} INFO -   XOM: +21 rows -> 3714 total in MinIO
[2026-06-11T02:51:01.604+0000] {minio_fetching_data_hourly.py:132} INFO -   FFIV: +21 rows -> 3714 total in MinIO
[2026-06-11T02:51:01.666+0000] {minio_fetching_data_hourly.py:132} INFO -   FDS: +21 rows -> 3714 total in MinIO
[2026-06-11T02:51:01.730+0000] {minio_fetching_data_hourly.py:132} INFO -   FICO: +21 rows -> 3713 total in MinIO
[2026-06-11T02:51:01.794+0000] {minio_fetching_data_hourly.py:132} INFO -   FAST: +21 rows -> 3714 total in MinIO
[2026-06-11T02:51:01.856+0000] {minio_fetching_data_hourly.py:132} INFO -   FRT: +21 rows -> 3714 total in MinIO
[2026-06-11T02:51:01.921+0000] {minio_fetching_data_hourly.py:132} INFO -   FDX: +21 rows -> 3714 total in MinIO
[2026-06-11T02:51:01.973+0000] {minio_fetching_data_hourly.py:132} INFO -   FDXF: +21 rows -> 56 total in MinIO
[2026-06-11T02:51:02.012+0000] {minio_fetching_data_hourly.py:132} INFO -   FIS: +21 rows -> 3714 total in MinIO
[2026-06-11T02:51:02.082+0000] {minio_fetching_data_hourly.py:132} INFO -   FITB: +21 rows -> 3714 total in MinIO
[2026-06-11T02:51:04.122+0000] {minio_fetching_data_hourly.py:181} INFO - Batch 5 | start=2026-06-08 | 50 tickers
[2026-06-11T02:51:06.531+0000] {minio_fetching_data_hourly.py:132} INFO -   FSLR: +21 rows -> 3714 total in MinIO
[2026-06-11T02:51:06.595+0000] {minio_fetching_data_hourly.py:132} INFO -   FE: +21 rows -> 3714 total in MinIO
[2026-06-11T02:51:06.641+0000] {minio_fetching_data_hourly.py:132} INFO -   FISV: +21 rows -> 1007 total in MinIO
[2026-06-11T02:51:06.682+0000] {minio_fetching_data_hourly.py:132} INFO -   F: +21 rows -> 3714 total in MinIO
[2026-06-11T02:51:06.742+0000] {minio_fetching_data_hourly.py:132} INFO -   FTNT: +21 rows -> 3714 total in MinIO
[2026-06-11T02:51:06.804+0000] {minio_fetching_data_hourly.py:132} INFO -   FTV: +21 rows -> 3714 total in MinIO
[2026-06-11T02:51:06.866+0000] {minio_fetching_data_hourly.py:132} INFO -   FOXA: +21 rows -> 3714 total in MinIO
[2026-06-11T02:51:06.925+0000] {minio_fetching_data_hourly.py:132} INFO -   FOX: +21 rows -> 3714 total in MinIO
[2026-06-11T02:51:06.984+0000] {minio_fetching_data_hourly.py:132} INFO -   BEN: +21 rows -> 3714 total in MinIO
[2026-06-11T02:51:07.044+0000] {minio_fetching_data_hourly.py:132} INFO -   FCX: +21 rows -> 3714 total in MinIO
[2026-06-11T02:51:07.104+0000] {minio_fetching_data_hourly.py:132} INFO -   GRMN: +21 rows -> 3714 total in MinIO
[2026-06-11T02:51:07.167+0000] {minio_fetching_data_hourly.py:132} INFO -   IT: +21 rows -> 3714 total in MinIO
[2026-06-11T02:51:07.227+0000] {minio_fetching_data_hourly.py:132} INFO -   GE: +21 rows -> 3714 total in MinIO
[2026-06-11T02:51:07.286+0000] {minio_fetching_data_hourly.py:132} INFO -   GEHC: +21 rows -> 3714 total in MinIO
[2026-06-11T02:51:07.343+0000] {minio_fetching_data_hourly.py:132} INFO -   GEV: +21 rows -> 3714 total in MinIO
[2026-06-11T02:51:07.404+0000] {minio_fetching_data_hourly.py:132} INFO -   GEN: +21 rows -> 3714 total in MinIO
[2026-06-11T02:51:07.465+0000] {minio_fetching_data_hourly.py:132} INFO -   GNRC: +21 rows -> 3714 total in MinIO
[2026-06-11T02:51:07.529+0000] {minio_fetching_data_hourly.py:132} INFO -   GD: +21 rows -> 3714 total in MinIO
[2026-06-11T02:51:07.585+0000] {minio_fetching_data_hourly.py:132} INFO -   GIS: +21 rows -> 3714 total in MinIO
[2026-06-11T02:51:07.647+0000] {minio_fetching_data_hourly.py:132} INFO -   GM: +21 rows -> 3714 total in MinIO
[2026-06-11T02:51:07.707+0000] {minio_fetching_data_hourly.py:132} INFO -   GPC: +21 rows -> 3714 total in MinIO
[2026-06-11T02:51:07.771+0000] {minio_fetching_data_hourly.py:132} INFO -   GILD: +21 rows -> 3714 total in MinIO
[2026-06-11T02:51:07.829+0000] {minio_fetching_data_hourly.py:132} INFO -   GPN: +21 rows -> 3714 total in MinIO
[2026-06-11T02:51:07.887+0000] {minio_fetching_data_hourly.py:132} INFO -   GL: +21 rows -> 3714 total in MinIO
[2026-06-11T02:51:07.945+0000] {minio_fetching_data_hourly.py:132} INFO -   GDDY: +21 rows -> 3714 total in MinIO
[2026-06-11T02:51:08.004+0000] {minio_fetching_data_hourly.py:132} INFO -   GS: +21 rows -> 3714 total in MinIO
[2026-06-11T02:51:08.063+0000] {minio_fetching_data_hourly.py:132} INFO -   HAL: +21 rows -> 3714 total in MinIO
[2026-06-11T02:51:08.124+0000] {minio_fetching_data_hourly.py:132} INFO -   HIG: +21 rows -> 3714 total in MinIO
[2026-06-11T02:51:08.180+0000] {minio_fetching_data_hourly.py:132} INFO -   HAS: +21 rows -> 3714 total in MinIO
[2026-06-11T02:51:08.238+0000] {minio_fetching_data_hourly.py:132} INFO -   HCA: +21 rows -> 3714 total in MinIO
[2026-06-11T02:51:08.305+0000] {minio_fetching_data_hourly.py:132} INFO -   DOC: +21 rows -> 3714 total in MinIO
[2026-06-11T02:51:08.368+0000] {minio_fetching_data_hourly.py:132} INFO -   HSIC: +21 rows -> 3714 total in MinIO
[2026-06-11T02:51:08.434+0000] {minio_fetching_data_hourly.py:132} INFO -   HSY: +21 rows -> 3714 total in MinIO
[2026-06-11T02:51:08.500+0000] {minio_fetching_data_hourly.py:132} INFO -   HPE: +21 rows -> 3714 total in MinIO
[2026-06-11T02:51:08.563+0000] {minio_fetching_data_hourly.py:132} INFO -   HLT: +21 rows -> 3714 total in MinIO
[2026-06-11T02:51:08.627+0000] {minio_fetching_data_hourly.py:132} INFO -   HD: +21 rows -> 3714 total in MinIO
[2026-06-11T02:51:08.688+0000] {minio_fetching_data_hourly.py:132} INFO -   HON: +21 rows -> 3714 total in MinIO
[2026-06-11T02:51:08.749+0000] {minio_fetching_data_hourly.py:132} INFO -   HRL: +21 rows -> 3714 total in MinIO
[2026-06-11T02:51:08.811+0000] {minio_fetching_data_hourly.py:132} INFO -   HST: +21 rows -> 3714 total in MinIO
[2026-06-11T02:51:08.875+0000] {minio_fetching_data_hourly.py:132} INFO -   HWM: +21 rows -> 3714 total in MinIO
[2026-06-11T02:51:08.943+0000] {minio_fetching_data_hourly.py:132} INFO -   HPQ: +21 rows -> 3714 total in MinIO
[2026-06-11T02:51:09.006+0000] {minio_fetching_data_hourly.py:132} INFO -   HUBB: +21 rows -> 3714 total in MinIO
[2026-06-11T02:51:09.069+0000] {minio_fetching_data_hourly.py:132} INFO -   HUM: +21 rows -> 3714 total in MinIO
[2026-06-11T02:51:09.133+0000] {minio_fetching_data_hourly.py:132} INFO -   HBAN: +21 rows -> 3714 total in MinIO
[2026-06-11T02:51:09.196+0000] {minio_fetching_data_hourly.py:132} INFO -   HII: +21 rows -> 3714 total in MinIO
[2026-06-11T02:51:09.261+0000] {minio_fetching_data_hourly.py:132} INFO -   IBM: +21 rows -> 3714 total in MinIO
[2026-06-11T02:51:09.326+0000] {minio_fetching_data_hourly.py:132} INFO -   IEX: +21 rows -> 3714 total in MinIO
[2026-06-11T02:51:09.384+0000] {minio_fetching_data_hourly.py:132} INFO -   IDXX: +21 rows -> 3714 total in MinIO
[2026-06-11T02:51:09.443+0000] {minio_fetching_data_hourly.py:132} INFO -   ITW: +21 rows -> 3714 total in MinIO
[2026-06-11T02:51:09.508+0000] {minio_fetching_data_hourly.py:132} INFO -   INCY: +21 rows -> 3714 total in MinIO
[2026-06-11T02:51:11.551+0000] {minio_fetching_data_hourly.py:181} INFO - Batch 6 | start=2026-06-08 | 50 tickers
[2026-06-11T02:51:13.082+0000] {minio_fetching_data_hourly.py:132} INFO -   IR: +21 rows -> 3714 total in MinIO
[2026-06-11T02:51:13.252+0000] {minio_fetching_data_hourly.py:132} INFO -   PODD: +21 rows -> 3713 total in MinIO
[2026-06-11T02:51:13.314+0000] {minio_fetching_data_hourly.py:132} INFO -   INTC: +21 rows -> 3714 total in MinIO
[2026-06-11T02:51:13.372+0000] {minio_fetching_data_hourly.py:132} INFO -   IBKR: +21 rows -> 3714 total in MinIO
[2026-06-11T02:51:13.446+0000] {minio_fetching_data_hourly.py:132} INFO -   ICE: +21 rows -> 3714 total in MinIO
[2026-06-11T02:51:13.512+0000] {minio_fetching_data_hourly.py:132} INFO -   IFF: +21 rows -> 3714 total in MinIO
[2026-06-11T02:51:13.568+0000] {minio_fetching_data_hourly.py:132} INFO -   IP: +21 rows -> 3714 total in MinIO
[2026-06-11T02:51:13.624+0000] {minio_fetching_data_hourly.py:132} INFO -   INTU: +21 rows -> 3714 total in MinIO
[2026-06-11T02:51:13.682+0000] {minio_fetching_data_hourly.py:132} INFO -   ISRG: +21 rows -> 3714 total in MinIO
[2026-06-11T02:51:13.740+0000] {minio_fetching_data_hourly.py:132} INFO -   IVZ: +21 rows -> 3714 total in MinIO
[2026-06-11T02:51:13.803+0000] {minio_fetching_data_hourly.py:132} INFO -   INVH: +21 rows -> 3714 total in MinIO
[2026-06-11T02:51:13.863+0000] {minio_fetching_data_hourly.py:132} INFO -   IQV: +21 rows -> 3714 total in MinIO
[2026-06-11T02:51:13.920+0000] {minio_fetching_data_hourly.py:132} INFO -   IRM: +21 rows -> 3714 total in MinIO
[2026-06-11T02:51:13.978+0000] {minio_fetching_data_hourly.py:132} INFO -   JBHT: +21 rows -> 3714 total in MinIO
[2026-06-11T02:51:14.037+0000] {minio_fetching_data_hourly.py:132} INFO -   JBL: +21 rows -> 3714 total in MinIO
[2026-06-11T02:51:14.098+0000] {minio_fetching_data_hourly.py:132} INFO -   JKHY: +21 rows -> 3714 total in MinIO
[2026-06-11T02:51:14.156+0000] {minio_fetching_data_hourly.py:132} INFO -   J: +21 rows -> 3714 total in MinIO
[2026-06-11T02:51:14.214+0000] {minio_fetching_data_hourly.py:132} INFO -   JNJ: +21 rows -> 3714 total in MinIO
[2026-06-11T02:51:14.275+0000] {minio_fetching_data_hourly.py:132} INFO -   JCI: +21 rows -> 3714 total in MinIO
[2026-06-11T02:51:14.339+0000] {minio_fetching_data_hourly.py:132} INFO -   JPM: +21 rows -> 3714 total in MinIO
[2026-06-11T02:51:14.400+0000] {minio_fetching_data_hourly.py:132} INFO -   KVUE: +21 rows -> 3714 total in MinIO
[2026-06-11T02:51:14.460+0000] {minio_fetching_data_hourly.py:132} INFO -   KDP: +21 rows -> 3714 total in MinIO
[2026-06-11T02:51:14.520+0000] {minio_fetching_data_hourly.py:132} INFO -   KEY: +21 rows -> 3714 total in MinIO
[2026-06-11T02:51:14.578+0000] {minio_fetching_data_hourly.py:132} INFO -   KEYS: +21 rows -> 3714 total in MinIO
[2026-06-11T02:51:14.641+0000] {minio_fetching_data_hourly.py:132} INFO -   KMB: +21 rows -> 3714 total in MinIO
[2026-06-11T02:51:14.701+0000] {minio_fetching_data_hourly.py:132} INFO -   KIM: +21 rows -> 3714 total in MinIO
[2026-06-11T02:51:14.762+0000] {minio_fetching_data_hourly.py:132} INFO -   KMI: +21 rows -> 3714 total in MinIO
[2026-06-11T02:51:14.823+0000] {minio_fetching_data_hourly.py:132} INFO -   KKR: +21 rows -> 3714 total in MinIO
[2026-06-11T02:51:14.882+0000] {minio_fetching_data_hourly.py:132} INFO -   KLAC: +21 rows -> 3714 total in MinIO
[2026-06-11T02:51:14.942+0000] {minio_fetching_data_hourly.py:132} INFO -   KHC: +21 rows -> 3714 total in MinIO
[2026-06-11T02:51:15.001+0000] {minio_fetching_data_hourly.py:132} INFO -   KR: +21 rows -> 3714 total in MinIO
[2026-06-11T02:51:15.058+0000] {minio_fetching_data_hourly.py:132} INFO -   LHX: +21 rows -> 3714 total in MinIO
[2026-06-11T02:51:15.116+0000] {minio_fetching_data_hourly.py:132} INFO -   LH: +21 rows -> 3714 total in MinIO
[2026-06-11T02:51:15.174+0000] {minio_fetching_data_hourly.py:132} INFO -   LRCX: +21 rows -> 3714 total in MinIO
[2026-06-11T02:51:15.233+0000] {minio_fetching_data_hourly.py:132} INFO -   LVS: +21 rows -> 3714 total in MinIO
[2026-06-11T02:51:15.294+0000] {minio_fetching_data_hourly.py:132} INFO -   LDOS: +21 rows -> 3714 total in MinIO
[2026-06-11T02:51:15.353+0000] {minio_fetching_data_hourly.py:132} INFO -   LEN: +21 rows -> 3714 total in MinIO
[2026-06-11T02:51:15.412+0000] {minio_fetching_data_hourly.py:132} INFO -   LII: +21 rows -> 3714 total in MinIO
[2026-06-11T02:51:15.470+0000] {minio_fetching_data_hourly.py:132} INFO -   LLY: +21 rows -> 3714 total in MinIO
[2026-06-11T02:51:15.534+0000] {minio_fetching_data_hourly.py:132} INFO -   LIN: +21 rows -> 3714 total in MinIO
[2026-06-11T02:51:15.598+0000] {minio_fetching_data_hourly.py:132} INFO -   LYV: +21 rows -> 3714 total in MinIO
[2026-06-11T02:51:15.662+0000] {minio_fetching_data_hourly.py:132} INFO -   LMT: +21 rows -> 3714 total in MinIO
[2026-06-11T02:51:15.723+0000] {minio_fetching_data_hourly.py:132} INFO -   L: +21 rows -> 3714 total in MinIO
[2026-06-11T02:51:15.786+0000] {minio_fetching_data_hourly.py:132} INFO -   LOW: +21 rows -> 3714 total in MinIO
[2026-06-11T02:51:15.851+0000] {minio_fetching_data_hourly.py:132} INFO -   LULU: +21 rows -> 3714 total in MinIO
[2026-06-11T02:51:15.911+0000] {minio_fetching_data_hourly.py:132} INFO -   LITE: +21 rows -> 3714 total in MinIO
[2026-06-11T02:51:15.972+0000] {minio_fetching_data_hourly.py:132} INFO -   LYB: +21 rows -> 3714 total in MinIO
[2026-06-11T02:51:16.035+0000] {minio_fetching_data_hourly.py:132} INFO -   MTB: +21 rows -> 3714 total in MinIO
[2026-06-11T02:51:16.105+0000] {minio_fetching_data_hourly.py:132} INFO -   MPC: +21 rows -> 3714 total in MinIO
[2026-06-11T02:51:16.170+0000] {minio_fetching_data_hourly.py:132} INFO -   MAR: +21 rows -> 3714 total in MinIO
[2026-06-11T02:51:18.209+0000] {minio_fetching_data_hourly.py:181} INFO - Batch 7 | start=2026-06-08 | 50 tickers
[2026-06-11T02:51:19.992+0000] {minio_fetching_data_hourly.py:132} INFO -   MRSH: +21 rows -> 704 total in MinIO
[2026-06-11T02:51:20.026+0000] {minio_fetching_data_hourly.py:132} INFO -   MLM: +21 rows -> 3714 total in MinIO
[2026-06-11T02:51:20.080+0000] {minio_fetching_data_hourly.py:132} INFO -   MAS: +21 rows -> 3714 total in MinIO
[2026-06-11T02:51:20.138+0000] {minio_fetching_data_hourly.py:132} INFO -   MA: +21 rows -> 3714 total in MinIO
[2026-06-11T02:51:20.199+0000] {minio_fetching_data_hourly.py:132} INFO -   MKC: +21 rows -> 3714 total in MinIO
[2026-06-11T02:51:20.261+0000] {minio_fetching_data_hourly.py:132} INFO -   MCD: +21 rows -> 3714 total in MinIO
[2026-06-11T02:51:20.319+0000] {minio_fetching_data_hourly.py:132} INFO -   MCK: +21 rows -> 3714 total in MinIO
[2026-06-11T02:51:20.376+0000] {minio_fetching_data_hourly.py:132} INFO -   MDT: +21 rows -> 3714 total in MinIO
[2026-06-11T02:51:20.436+0000] {minio_fetching_data_hourly.py:132} INFO -   MRK: +21 rows -> 3714 total in MinIO
[2026-06-11T02:51:20.489+0000] {minio_fetching_data_hourly.py:132} INFO -   META: +21 rows -> 3714 total in MinIO
[2026-06-11T02:51:20.542+0000] {minio_fetching_data_hourly.py:132} INFO -   MET: +21 rows -> 3714 total in MinIO
[2026-06-11T02:51:20.598+0000] {minio_fetching_data_hourly.py:132} INFO -   MTD: +21 rows -> 3710 total in MinIO
[2026-06-11T02:51:20.652+0000] {minio_fetching_data_hourly.py:132} INFO -   MGM: +21 rows -> 3714 total in MinIO
[2026-06-11T02:51:20.704+0000] {minio_fetching_data_hourly.py:132} INFO -   MCHP: +21 rows -> 3714 total in MinIO
[2026-06-11T02:51:20.763+0000] {minio_fetching_data_hourly.py:132} INFO -   MU: +21 rows -> 3714 total in MinIO
[2026-06-11T02:51:20.824+0000] {minio_fetching_data_hourly.py:132} INFO -   MSFT: +21 rows -> 3714 total in MinIO
[2026-06-11T02:51:20.878+0000] {minio_fetching_data_hourly.py:132} INFO -   MAA: +21 rows -> 3714 total in MinIO
[2026-06-11T02:51:20.931+0000] {minio_fetching_data_hourly.py:132} INFO -   MRNA: +21 rows -> 3714 total in MinIO
[2026-06-11T02:51:20.984+0000] {minio_fetching_data_hourly.py:132} INFO -   TAP: +21 rows -> 3714 total in MinIO
[2026-06-11T02:51:21.038+0000] {minio_fetching_data_hourly.py:132} INFO -   MDLZ: +21 rows -> 3714 total in MinIO
[2026-06-11T02:51:21.094+0000] {minio_fetching_data_hourly.py:132} INFO -   MPWR: +21 rows -> 3714 total in MinIO
[2026-06-11T02:51:21.149+0000] {minio_fetching_data_hourly.py:132} INFO -   MNST: +21 rows -> 3714 total in MinIO
[2026-06-11T02:51:21.202+0000] {minio_fetching_data_hourly.py:132} INFO -   MCO: +21 rows -> 3714 total in MinIO
[2026-06-11T02:51:21.256+0000] {minio_fetching_data_hourly.py:132} INFO -   MS: +21 rows -> 3714 total in MinIO
[2026-06-11T02:51:21.308+0000] {minio_fetching_data_hourly.py:132} INFO -   MOS: +21 rows -> 3714 total in MinIO
[2026-06-11T02:51:21.360+0000] {minio_fetching_data_hourly.py:132} INFO -   MSI: +21 rows -> 3714 total in MinIO
[2026-06-11T02:51:21.412+0000] {minio_fetching_data_hourly.py:132} INFO -   MSCI: +21 rows -> 3714 total in MinIO
[2026-06-11T02:51:21.465+0000] {minio_fetching_data_hourly.py:132} INFO -   NDAQ: +21 rows -> 3714 total in MinIO
[2026-06-11T02:51:21.523+0000] {minio_fetching_data_hourly.py:132} INFO -   NTAP: +21 rows -> 3714 total in MinIO
[2026-06-11T02:51:21.580+0000] {minio_fetching_data_hourly.py:132} INFO -   NFLX: +21 rows -> 3714 total in MinIO
[2026-06-11T02:51:21.637+0000] {minio_fetching_data_hourly.py:132} INFO -   NEM: +21 rows -> 3714 total in MinIO
[2026-06-11T02:51:21.691+0000] {minio_fetching_data_hourly.py:132} INFO -   NWSA: +21 rows -> 3714 total in MinIO
[2026-06-11T02:51:21.744+0000] {minio_fetching_data_hourly.py:132} INFO -   NWS: +21 rows -> 3714 total in MinIO
[2026-06-11T02:51:21.797+0000] {minio_fetching_data_hourly.py:132} INFO -   NEE: +21 rows -> 3714 total in MinIO
[2026-06-11T02:51:21.850+0000] {minio_fetching_data_hourly.py:132} INFO -   NKE: +21 rows -> 3714 total in MinIO
[2026-06-11T02:51:21.901+0000] {minio_fetching_data_hourly.py:132} INFO -   NI: +21 rows -> 3714 total in MinIO
[2026-06-11T02:51:21.956+0000] {minio_fetching_data_hourly.py:132} INFO -   NDSN: +21 rows -> 3713 total in MinIO
[2026-06-11T02:51:22.010+0000] {minio_fetching_data_hourly.py:132} INFO -   NSC: +21 rows -> 3714 total in MinIO
[2026-06-11T02:51:22.064+0000] {minio_fetching_data_hourly.py:132} INFO -   NTRS: +21 rows -> 3714 total in MinIO
[2026-06-11T02:51:22.118+0000] {minio_fetching_data_hourly.py:132} INFO -   NOC: +21 rows -> 3714 total in MinIO
[2026-06-11T02:51:22.174+0000] {minio_fetching_data_hourly.py:132} INFO -   NCLH: +21 rows -> 3714 total in MinIO
[2026-06-11T02:51:22.228+0000] {minio_fetching_data_hourly.py:132} INFO -   NRG: +21 rows -> 3714 total in MinIO
[2026-06-11T02:51:22.280+0000] {minio_fetching_data_hourly.py:132} INFO -   NUE: +21 rows -> 3714 total in MinIO
[2026-06-11T02:51:22.333+0000] {minio_fetching_data_hourly.py:132} INFO -   NVDA: +21 rows -> 3714 total in MinIO
[2026-06-11T02:51:22.391+0000] {minio_fetching_data_hourly.py:132} INFO -   NVR: +21 rows -> 3714 total in MinIO
[2026-06-11T02:51:22.445+0000] {minio_fetching_data_hourly.py:132} INFO -   NXPI: +21 rows -> 3714 total in MinIO
[2026-06-11T02:51:22.511+0000] {minio_fetching_data_hourly.py:132} INFO -   ORLY: +21 rows -> 3714 total in MinIO
[2026-06-11T02:51:22.577+0000] {minio_fetching_data_hourly.py:132} INFO -   OXY: +21 rows -> 3704 total in MinIO
[2026-06-11T02:51:22.639+0000] {minio_fetching_data_hourly.py:132} INFO -   ODFL: +21 rows -> 3714 total in MinIO
[2026-06-11T02:51:22.693+0000] {minio_fetching_data_hourly.py:132} INFO -   OMC: +21 rows -> 3714 total in MinIO
[2026-06-11T02:51:24.730+0000] {minio_fetching_data_hourly.py:181} INFO - Batch 8 | start=2026-06-08 | 50 tickers
[2026-06-11T02:51:26.382+0000] {minio_fetching_data_hourly.py:132} INFO -   ON: +21 rows -> 3714 total in MinIO
[2026-06-11T02:51:26.444+0000] {minio_fetching_data_hourly.py:132} INFO -   OKE: +21 rows -> 3714 total in MinIO
[2026-06-11T02:51:26.499+0000] {minio_fetching_data_hourly.py:132} INFO -   ORCL: +21 rows -> 3714 total in MinIO
[2026-06-11T02:51:26.559+0000] {minio_fetching_data_hourly.py:132} INFO -   OTIS: +21 rows -> 3714 total in MinIO
[2026-06-11T02:51:26.618+0000] {minio_fetching_data_hourly.py:132} INFO -   PCAR: +21 rows -> 3714 total in MinIO
[2026-06-11T02:51:26.685+0000] {minio_fetching_data_hourly.py:132} INFO -   PKG: +21 rows -> 3714 total in MinIO
[2026-06-11T02:51:26.741+0000] {minio_fetching_data_hourly.py:132} INFO -   PLTR: +21 rows -> 3714 total in MinIO
[2026-06-11T02:51:26.800+0000] {minio_fetching_data_hourly.py:132} INFO -   PANW: +21 rows -> 3714 total in MinIO
[2026-06-11T02:51:26.849+0000] {minio_fetching_data_hourly.py:132} INFO -   PSKY: +21 rows -> 1476 total in MinIO
[2026-06-11T02:51:26.894+0000] {minio_fetching_data_hourly.py:132} INFO -   PH: +21 rows -> 3714 total in MinIO
[2026-06-11T02:51:26.955+0000] {minio_fetching_data_hourly.py:132} INFO -   PAYX: +21 rows -> 3714 total in MinIO
[2026-06-11T02:51:27.009+0000] {minio_fetching_data_hourly.py:132} INFO -   PYPL: +21 rows -> 3714 total in MinIO
[2026-06-11T02:51:27.069+0000] {minio_fetching_data_hourly.py:132} INFO -   PNR: +21 rows -> 3714 total in MinIO
[2026-06-11T02:51:27.123+0000] {minio_fetching_data_hourly.py:132} INFO -   PEP: +21 rows -> 3714 total in MinIO
[2026-06-11T02:51:27.179+0000] {minio_fetching_data_hourly.py:132} INFO -   PFE: +21 rows -> 3714 total in MinIO
[2026-06-11T02:51:27.236+0000] {minio_fetching_data_hourly.py:132} INFO -   PCG: +21 rows -> 3714 total in MinIO
[2026-06-11T02:51:27.293+0000] {minio_fetching_data_hourly.py:132} INFO -   PM: +21 rows -> 3714 total in MinIO
[2026-06-11T02:51:27.351+0000] {minio_fetching_data_hourly.py:132} INFO -   PSX: +21 rows -> 3714 total in MinIO
[2026-06-11T02:51:27.409+0000] {minio_fetching_data_hourly.py:132} INFO -   PNW: +21 rows -> 3714 total in MinIO
[2026-06-11T02:51:27.479+0000] {minio_fetching_data_hourly.py:132} INFO -   PNC: +21 rows -> 3714 total in MinIO
[2026-06-11T02:51:27.538+0000] {minio_fetching_data_hourly.py:132} INFO -   POOL: +21 rows -> 3714 total in MinIO
[2026-06-11T02:51:27.592+0000] {minio_fetching_data_hourly.py:132} INFO -   PPG: +21 rows -> 3714 total in MinIO
[2026-06-11T02:51:27.647+0000] {minio_fetching_data_hourly.py:132} INFO -   PPL: +21 rows -> 3714 total in MinIO
[2026-06-11T02:51:27.703+0000] {minio_fetching_data_hourly.py:132} INFO -   PFG: +21 rows -> 3714 total in MinIO
[2026-06-11T02:51:27.756+0000] {minio_fetching_data_hourly.py:132} INFO -   PG: +21 rows -> 3714 total in MinIO
[2026-06-11T02:51:27.810+0000] {minio_fetching_data_hourly.py:132} INFO -   PGR: +21 rows -> 3718 total in MinIO
[2026-06-11T02:51:27.861+0000] {minio_fetching_data_hourly.py:132} INFO -   PLD: +21 rows -> 3714 total in MinIO
[2026-06-11T02:51:27.919+0000] {minio_fetching_data_hourly.py:132} INFO -   PRU: +21 rows -> 3714 total in MinIO
[2026-06-11T02:51:27.973+0000] {minio_fetching_data_hourly.py:132} INFO -   PEG: +21 rows -> 3714 total in MinIO
[2026-06-11T02:51:28.024+0000] {minio_fetching_data_hourly.py:132} INFO -   PTC: +21 rows -> 3714 total in MinIO
[2026-06-11T02:51:28.078+0000] {minio_fetching_data_hourly.py:132} INFO -   PSA: +21 rows -> 3714 total in MinIO
[2026-06-11T02:51:28.132+0000] {minio_fetching_data_hourly.py:132} INFO -   PHM: +21 rows -> 3714 total in MinIO
[2026-06-11T02:51:28.186+0000] {minio_fetching_data_hourly.py:132} INFO -   PWR: +21 rows -> 3714 total in MinIO
[2026-06-11T02:51:28.240+0000] {minio_fetching_data_hourly.py:132} INFO -   QCOM: +21 rows -> 3714 total in MinIO
[2026-06-11T02:51:28.294+0000] {minio_fetching_data_hourly.py:132} INFO -   DGX: +21 rows -> 3714 total in MinIO
[2026-06-11T02:51:28.337+0000] {minio_fetching_data_hourly.py:132} INFO -   Q: +21 rows -> 1049 total in MinIO
[2026-06-11T02:51:28.373+0000] {minio_fetching_data_hourly.py:132} INFO -   RL: +21 rows -> 3714 total in MinIO
[2026-06-11T02:51:28.429+0000] {minio_fetching_data_hourly.py:132} INFO -   RJF: +21 rows -> 3714 total in MinIO
[2026-06-11T02:51:28.484+0000] {minio_fetching_data_hourly.py:132} INFO -   RTX: +21 rows -> 3714 total in MinIO
[2026-06-11T02:51:28.539+0000] {minio_fetching_data_hourly.py:132} INFO -   O: +21 rows -> 3714 total in MinIO
[2026-06-11T02:51:28.592+0000] {minio_fetching_data_hourly.py:132} INFO -   REG: +21 rows -> 3714 total in MinIO
[2026-06-11T02:51:28.648+0000] {minio_fetching_data_hourly.py:132} INFO -   REGN: +21 rows -> 3713 total in MinIO
[2026-06-11T02:51:28.703+0000] {minio_fetching_data_hourly.py:132} INFO -   RF: +21 rows -> 3714 total in MinIO
[2026-06-11T02:51:28.758+0000] {minio_fetching_data_hourly.py:132} INFO -   RSG: +21 rows -> 3714 total in MinIO
[2026-06-11T02:51:28.812+0000] {minio_fetching_data_hourly.py:132} INFO -   RMD: +21 rows -> 3714 total in MinIO
[2026-06-11T02:51:28.865+0000] {minio_fetching_data_hourly.py:132} INFO -   RVTY: +21 rows -> 3714 total in MinIO
[2026-06-11T02:51:28.917+0000] {minio_fetching_data_hourly.py:132} INFO -   HOOD: +21 rows -> 3714 total in MinIO
[2026-06-11T02:51:28.973+0000] {minio_fetching_data_hourly.py:132} INFO -   ROK: +21 rows -> 3714 total in MinIO
[2026-06-11T02:51:29.026+0000] {minio_fetching_data_hourly.py:132} INFO -   ROL: +21 rows -> 3714 total in MinIO
[2026-06-11T02:51:29.081+0000] {minio_fetching_data_hourly.py:132} INFO -   ROP: +21 rows -> 3714 total in MinIO
[2026-06-11T02:51:31.110+0000] {minio_fetching_data_hourly.py:181} INFO - Batch 9 | start=2026-06-08 | 50 tickers
[2026-06-11T02:51:32.713+0000] {minio_fetching_data_hourly.py:132} INFO -   ROST: +21 rows -> 3714 total in MinIO
[2026-06-11T02:51:32.771+0000] {minio_fetching_data_hourly.py:132} INFO -   RCL: +21 rows -> 3718 total in MinIO
[2026-06-11T02:51:32.827+0000] {minio_fetching_data_hourly.py:132} INFO -   SPGI: +21 rows -> 3714 total in MinIO
[2026-06-11T02:51:32.884+0000] {minio_fetching_data_hourly.py:132} INFO -   CRM: +21 rows -> 3714 total in MinIO
[2026-06-11T02:51:32.935+0000] {minio_fetching_data_hourly.py:132} INFO -   SNDK: +21 rows -> 2270 total in MinIO
[2026-06-11T02:51:32.982+0000] {minio_fetching_data_hourly.py:132} INFO -   SBAC: +21 rows -> 3714 total in MinIO
[2026-06-11T02:51:33.038+0000] {minio_fetching_data_hourly.py:132} INFO -   SLB: +21 rows -> 3714 total in MinIO
[2026-06-11T02:51:33.096+0000] {minio_fetching_data_hourly.py:132} INFO -   STX: +20 rows -> 3713 total in MinIO
[2026-06-11T02:51:33.151+0000] {minio_fetching_data_hourly.py:132} INFO -   SRE: +21 rows -> 3714 total in MinIO
[2026-06-11T02:51:33.214+0000] {minio_fetching_data_hourly.py:132} INFO -   NOW: +21 rows -> 3714 total in MinIO
[2026-06-11T02:51:33.275+0000] {minio_fetching_data_hourly.py:132} INFO -   SHW: +21 rows -> 3714 total in MinIO
[2026-06-11T02:51:33.329+0000] {minio_fetching_data_hourly.py:132} INFO -   SPG: +21 rows -> 3714 total in MinIO
[2026-06-11T02:51:33.386+0000] {minio_fetching_data_hourly.py:132} INFO -   SWKS: +21 rows -> 3714 total in MinIO
[2026-06-11T02:51:33.442+0000] {minio_fetching_data_hourly.py:132} INFO -   SJM: +21 rows -> 3714 total in MinIO
[2026-06-11T02:51:33.493+0000] {minio_fetching_data_hourly.py:132} INFO -   SW: +21 rows -> 3368 total in MinIO
[2026-06-11T02:51:33.546+0000] {minio_fetching_data_hourly.py:132} INFO -   SNA: +21 rows -> 3714 total in MinIO
[2026-06-11T02:51:33.602+0000] {minio_fetching_data_hourly.py:132} INFO -   SOLV: +21 rows -> 3714 total in MinIO
[2026-06-11T02:51:33.661+0000] {minio_fetching_data_hourly.py:132} INFO -   SO: +21 rows -> 3714 total in MinIO
[2026-06-11T02:51:33.714+0000] {minio_fetching_data_hourly.py:132} INFO -   LUV: +21 rows -> 3714 total in MinIO
[2026-06-11T02:51:33.779+0000] {minio_fetching_data_hourly.py:132} INFO -   SWK: +21 rows -> 3714 total in MinIO
[2026-06-11T02:51:33.835+0000] {minio_fetching_data_hourly.py:132} INFO -   SBUX: +21 rows -> 3714 total in MinIO
[2026-06-11T02:51:33.895+0000] {minio_fetching_data_hourly.py:132} INFO -   STT: +20 rows -> 3713 total in MinIO
[2026-06-11T02:51:33.957+0000] {minio_fetching_data_hourly.py:132} INFO -   STLD: +21 rows -> 3714 total in MinIO
[2026-06-11T02:51:34.021+0000] {minio_fetching_data_hourly.py:132} INFO -   STE: +21 rows -> 3714 total in MinIO
[2026-06-11T02:51:34.085+0000] {minio_fetching_data_hourly.py:132} INFO -   SYK: +21 rows -> 3714 total in MinIO
[2026-06-11T02:51:34.148+0000] {minio_fetching_data_hourly.py:132} INFO -   SMCI: +21 rows -> 3714 total in MinIO
[2026-06-11T02:51:34.218+0000] {minio_fetching_data_hourly.py:132} INFO -   SYF: +21 rows -> 3714 total in MinIO
[2026-06-11T02:51:34.292+0000] {minio_fetching_data_hourly.py:132} INFO -   SNPS: +21 rows -> 3714 total in MinIO
[2026-06-11T02:51:34.359+0000] {minio_fetching_data_hourly.py:132} INFO -   SYY: +21 rows -> 3714 total in MinIO
[2026-06-11T02:51:34.419+0000] {minio_fetching_data_hourly.py:132} INFO -   TMUS: +21 rows -> 3714 total in MinIO
[2026-06-11T02:51:34.488+0000] {minio_fetching_data_hourly.py:132} INFO -   TROW: +21 rows -> 3714 total in MinIO
[2026-06-11T02:51:34.553+0000] {minio_fetching_data_hourly.py:132} INFO -   TTWO: +21 rows -> 3714 total in MinIO
[2026-06-11T02:51:34.612+0000] {minio_fetching_data_hourly.py:132} INFO -   TPR: +21 rows -> 3714 total in MinIO
[2026-06-11T02:51:34.674+0000] {minio_fetching_data_hourly.py:132} INFO -   TRGP: +21 rows -> 3704 total in MinIO
[2026-06-11T02:51:34.733+0000] {minio_fetching_data_hourly.py:132} INFO -   TGT: +21 rows -> 3714 total in MinIO
[2026-06-11T02:51:34.886+0000] {minio_fetching_data_hourly.py:132} INFO -   TEL: +21 rows -> 3714 total in MinIO
[2026-06-11T02:51:34.949+0000] {minio_fetching_data_hourly.py:132} INFO -   TDY: +21 rows -> 3490 total in MinIO
[2026-06-11T02:51:35.006+0000] {minio_fetching_data_hourly.py:132} INFO -   TER: +21 rows -> 3714 total in MinIO
[2026-06-11T02:51:35.068+0000] {minio_fetching_data_hourly.py:132} INFO -   TSLA: +21 rows -> 3714 total in MinIO
[2026-06-11T02:51:35.126+0000] {minio_fetching_data_hourly.py:132} INFO -   TXN: +21 rows -> 3714 total in MinIO
[2026-06-11T02:51:35.185+0000] {minio_fetching_data_hourly.py:132} INFO -   TPL: +21 rows -> 3711 total in MinIO
[2026-06-11T02:51:35.244+0000] {minio_fetching_data_hourly.py:132} INFO -   TXT: +21 rows -> 3714 total in MinIO
[2026-06-11T02:51:35.301+0000] {minio_fetching_data_hourly.py:132} INFO -   TMO: +20 rows -> 3713 total in MinIO
[2026-06-11T02:51:35.362+0000] {minio_fetching_data_hourly.py:132} INFO -   TJX: +21 rows -> 3714 total in MinIO
[2026-06-11T02:51:35.425+0000] {minio_fetching_data_hourly.py:132} INFO -   TKO: +21 rows -> 3714 total in MinIO
[2026-06-11T02:51:35.483+0000] {minio_fetching_data_hourly.py:132} INFO -   TTD: +21 rows -> 3714 total in MinIO
[2026-06-11T02:51:35.544+0000] {minio_fetching_data_hourly.py:132} INFO -   TSCO: +21 rows -> 3714 total in MinIO
[2026-06-11T02:51:35.605+0000] {minio_fetching_data_hourly.py:132} INFO -   TT: +21 rows -> 3714 total in MinIO
[2026-06-11T02:51:35.666+0000] {minio_fetching_data_hourly.py:132} INFO -   TDG: +21 rows -> 3714 total in MinIO
[2026-06-11T02:51:35.730+0000] {minio_fetching_data_hourly.py:132} INFO -   TRV: +21 rows -> 3714 total in MinIO
[2026-06-11T02:51:37.772+0000] {minio_fetching_data_hourly.py:181} INFO - Batch 10 | start=2026-06-08 | 50 tickers
[2026-06-11T02:51:39.389+0000] {minio_fetching_data_hourly.py:132} INFO -   TRMB: +21 rows -> 3714 total in MinIO
[2026-06-11T02:51:39.446+0000] {minio_fetching_data_hourly.py:132} INFO -   TFC: +21 rows -> 3714 total in MinIO
[2026-06-11T02:51:39.503+0000] {minio_fetching_data_hourly.py:132} INFO -   TYL: +21 rows -> 3714 total in MinIO
[2026-06-11T02:51:39.560+0000] {minio_fetching_data_hourly.py:132} INFO -   TSN: +21 rows -> 3714 total in MinIO
[2026-06-11T02:51:39.622+0000] {minio_fetching_data_hourly.py:132} INFO -   USB: +21 rows -> 3714 total in MinIO
[2026-06-11T02:51:39.684+0000] {minio_fetching_data_hourly.py:132} INFO -   UBER: +21 rows -> 3714 total in MinIO
[2026-06-11T02:51:39.743+0000] {minio_fetching_data_hourly.py:132} INFO -   UDR: +21 rows -> 3714 total in MinIO
[2026-06-11T02:51:39.799+0000] {minio_fetching_data_hourly.py:132} INFO -   ULTA: +21 rows -> 3714 total in MinIO
[2026-06-11T02:51:39.856+0000] {minio_fetching_data_hourly.py:132} INFO -   UNP: +21 rows -> 3714 total in MinIO
[2026-06-11T02:51:39.917+0000] {minio_fetching_data_hourly.py:132} INFO -   UAL: +21 rows -> 3714 total in MinIO
[2026-06-11T02:51:39.980+0000] {minio_fetching_data_hourly.py:132} INFO -   UPS: +21 rows -> 3714 total in MinIO
[2026-06-11T02:51:40.040+0000] {minio_fetching_data_hourly.py:132} INFO -   URI: +21 rows -> 3714 total in MinIO
[2026-06-11T02:51:40.097+0000] {minio_fetching_data_hourly.py:132} INFO -   UNH: +21 rows -> 3714 total in MinIO
[2026-06-11T02:51:40.155+0000] {minio_fetching_data_hourly.py:132} INFO -   UHS: +21 rows -> 3714 total in MinIO
[2026-06-11T02:51:40.215+0000] {minio_fetching_data_hourly.py:132} INFO -   VLO: +21 rows -> 3704 total in MinIO
[2026-06-11T02:51:40.279+0000] {minio_fetching_data_hourly.py:132} INFO -   VEEV: +21 rows -> 3490 total in MinIO
[2026-06-11T02:51:40.334+0000] {minio_fetching_data_hourly.py:132} INFO -   VTR: +21 rows -> 3714 total in MinIO
[2026-06-11T02:51:40.391+0000] {minio_fetching_data_hourly.py:132} INFO -   VLTO: +21 rows -> 3714 total in MinIO
[2026-06-11T02:51:40.450+0000] {minio_fetching_data_hourly.py:132} INFO -   VRSN: +21 rows -> 3713 total in MinIO
[2026-06-11T02:51:40.508+0000] {minio_fetching_data_hourly.py:132} INFO -   VRSK: +21 rows -> 3714 total in MinIO
[2026-06-11T02:51:40.574+0000] {minio_fetching_data_hourly.py:132} INFO -   VZ: +21 rows -> 3714 total in MinIO
[2026-06-11T02:51:40.634+0000] {minio_fetching_data_hourly.py:132} INFO -   VRTX: +21 rows -> 3714 total in MinIO
[2026-06-11T02:51:40.692+0000] {minio_fetching_data_hourly.py:132} INFO -   VRT: +21 rows -> 3714 total in MinIO
[2026-06-11T02:51:40.753+0000] {minio_fetching_data_hourly.py:132} INFO -   VTRS: +21 rows -> 3714 total in MinIO
[2026-06-11T02:51:40.812+0000] {minio_fetching_data_hourly.py:132} INFO -   VICI: +21 rows -> 3714 total in MinIO
[2026-06-11T02:51:40.874+0000] {minio_fetching_data_hourly.py:132} INFO -   V: +21 rows -> 3714 total in MinIO
[2026-06-11T02:51:40.933+0000] {minio_fetching_data_hourly.py:132} INFO -   VST: +21 rows -> 3704 total in MinIO
[2026-06-11T02:51:40.992+0000] {minio_fetching_data_hourly.py:132} INFO -   VMC: +21 rows -> 3714 total in MinIO
[2026-06-11T02:51:41.054+0000] {minio_fetching_data_hourly.py:132} INFO -   WRB: +21 rows -> 3714 total in MinIO
[2026-06-11T02:51:41.117+0000] {minio_fetching_data_hourly.py:132} INFO -   GWW: +21 rows -> 3714 total in MinIO
[2026-06-11T02:51:41.179+0000] {minio_fetching_data_hourly.py:132} INFO -   WAB: +21 rows -> 3714 total in MinIO
[2026-06-11T02:51:41.240+0000] {minio_fetching_data_hourly.py:132} INFO -   WMT: +21 rows -> 3714 total in MinIO
[2026-06-11T02:51:41.299+0000] {minio_fetching_data_hourly.py:132} INFO -   DIS: +21 rows -> 3714 total in MinIO
[2026-06-11T02:51:41.358+0000] {minio_fetching_data_hourly.py:132} INFO -   WBD: +21 rows -> 3714 total in MinIO
[2026-06-11T02:51:41.429+0000] {minio_fetching_data_hourly.py:132} INFO -   WM: +21 rows -> 3714 total in MinIO
[2026-06-11T02:51:41.490+0000] {minio_fetching_data_hourly.py:132} INFO -   WAT: +21 rows -> 3714 total in MinIO
[2026-06-11T02:51:41.549+0000] {minio_fetching_data_hourly.py:132} INFO -   WEC: +21 rows -> 3714 total in MinIO
[2026-06-11T02:51:41.614+0000] {minio_fetching_data_hourly.py:132} INFO -   WFC: +21 rows -> 3714 total in MinIO
[2026-06-11T02:51:41.681+0000] {minio_fetching_data_hourly.py:132} INFO -   WELL: +21 rows -> 3714 total in MinIO
[2026-06-11T02:51:41.746+0000] {minio_fetching_data_hourly.py:132} INFO -   WST: +21 rows -> 3714 total in MinIO
[2026-06-11T02:51:41.806+0000] {minio_fetching_data_hourly.py:132} INFO -   WDC: +21 rows -> 3714 total in MinIO
[2026-06-11T02:51:41.865+0000] {minio_fetching_data_hourly.py:132} INFO -   WY: +21 rows -> 3714 total in MinIO
[2026-06-11T02:51:41.922+0000] {minio_fetching_data_hourly.py:132} INFO -   WSM: +20 rows -> 3713 total in MinIO
[2026-06-11T02:51:41.980+0000] {minio_fetching_data_hourly.py:132} INFO -   WMB: +21 rows -> 3714 total in MinIO
[2026-06-11T02:51:42.052+0000] {minio_fetching_data_hourly.py:132} INFO -   WTW: +21 rows -> 3714 total in MinIO
[2026-06-11T02:51:42.119+0000] {minio_fetching_data_hourly.py:132} INFO -   WDAY: +21 rows -> 3714 total in MinIO
[2026-06-11T02:51:42.179+0000] {minio_fetching_data_hourly.py:132} INFO -   WYNN: +21 rows -> 3714 total in MinIO
[2026-06-11T02:51:42.239+0000] {minio_fetching_data_hourly.py:132} INFO -   XEL: +21 rows -> 3714 total in MinIO
[2026-06-11T02:51:42.300+0000] {minio_fetching_data_hourly.py:132} INFO -   XYL: +21 rows -> 3714 total in MinIO
[2026-06-11T02:51:42.360+0000] {minio_fetching_data_hourly.py:132} INFO -   YUM: +21 rows -> 3714 total in MinIO
[2026-06-11T02:51:44.400+0000] {minio_fetching_data_hourly.py:181} INFO - Batch 11 | start=2026-06-08 | 3 tickers
[2026-06-11T02:51:44.691+0000] {minio_fetching_data_hourly.py:132} INFO -   ZBRA: +21 rows -> 3714 total in MinIO
[2026-06-11T02:51:44.751+0000] {minio_fetching_data_hourly.py:132} INFO -   ZBH: +21 rows -> 3714 total in MinIO
[2026-06-11T02:51:44.817+0000] {minio_fetching_data_hourly.py:132} INFO -   ZTS: +21 rows -> 3716 total in MinIO
[2026-06-11T02:51:46.854+0000] {minio_fetching_data_hourly.py:186} INFO - ==================================================
[2026-06-11T02:51:46.856+0000] {minio_fetching_data_hourly.py:187} INFO - Done. Check your MinIO console at http://localhost:9001
[2026-06-11T02:51:46.857+0000] {python.py:237} INFO - Done. Returned value was: None
[2026-06-11T02:51:46.859+0000] {taskinstance.py:441} INFO - ::group::Post task execution logs
[2026-06-11T02:51:46.866+0000] {taskinstance.py:1206} INFO - Marking task as SUCCESS. dag_id=sp500_master_ingestion_pipeline, task_id=extract_hourly_data, run_id=manual__2026-06-11T02:49:17.449462+00:00, execution_date=20260611T024917, start_date=20260611T025020, end_date=20260611T025146
[2026-06-11T02:51:46.916+0000] {local_task_job_runner.py:240} INFO - Task exited with return code 0
[2026-06-11T02:51:46.928+0000] {taskinstance.py:3498} INFO - 0 downstream tasks scheduled from follow-on schedule check
[2026-06-11T02:51:46.933+0000] {local_task_job_runner.py:222} INFO - ::endgroup::
