[2026-06-11T20:41:31.165+0000] {local_task_job_runner.py:120} INFO - ::group::Pre task execution logs
[2026-06-11T20:41:31.192+0000] {taskinstance.py:2076} INFO - Dependencies all met for dep_context=non-requeueable deps ti=<TaskInstance: sp500_master_ingestion_pipeline.extract_daily_data scheduled__2026-06-10T20:30:00+00:00 [queued]>
[2026-06-11T20:41:31.199+0000] {taskinstance.py:2076} INFO - Dependencies all met for dep_context=requeueable deps ti=<TaskInstance: sp500_master_ingestion_pipeline.extract_daily_data scheduled__2026-06-10T20:30:00+00:00 [queued]>
[2026-06-11T20:41:31.200+0000] {taskinstance.py:2306} INFO - Starting attempt 1 of 3
[2026-06-11T20:41:31.212+0000] {taskinstance.py:2330} INFO - Executing <Task(PythonOperator): extract_daily_data> on 2026-06-10 20:30:00+00:00
[2026-06-11T20:41:31.220+0000] {standard_task_runner.py:90} INFO - Running: ['***', 'tasks', 'run', 'sp500_master_ingestion_pipeline', 'extract_daily_data', 'scheduled__2026-06-10T20:30:00+00:00', '--job-id', '8', '--raw', '--subdir', 'DAGS_FOLDER/sp500_master_ingestion_dag.py', '--cfg-path', '/tmp/tmpvr71__p8']
[2026-06-11T20:41:31.223+0000] {standard_task_runner.py:91} INFO - Job 8: Subtask extract_daily_data
[2026-06-11T20:41:31.223+0000] {logging_mixin.py:188} WARNING - /home/***/.local/lib/python3.12/site-packages/***/task/task_runner/standard_task_runner.py:61 DeprecationWarning: This process (pid=195) is multi-threaded, use of fork() may lead to deadlocks in the child.
[2026-06-11T20:41:31.225+0000] {standard_task_runner.py:63} INFO - Started process 203 to run task
[2026-06-11T20:41:31.285+0000] {task_command.py:426} INFO - Running <TaskInstance: sp500_master_ingestion_pipeline.extract_daily_data scheduled__2026-06-10T20:30:00+00:00 [running]> on host a5731acd5881
[2026-06-11T20:41:31.361+0000] {taskinstance.py:2648} INFO - Exporting env vars: AIRFLOW_CTX_DAG_OWNER='data_engineering_team' AIRFLOW_CTX_DAG_ID='sp500_master_ingestion_pipeline' AIRFLOW_CTX_TASK_ID='extract_daily_data' AIRFLOW_CTX_EXECUTION_DATE='2026-06-10T20:30:00+00:00' AIRFLOW_CTX_TRY_NUMBER='1' AIRFLOW_CTX_DAG_RUN_ID='scheduled__2026-06-10T20:30:00+00:00'
[2026-06-11T20:41:31.363+0000] {taskinstance.py:430} INFO - ::endgroup::
[2026-06-11T20:41:31.390+0000] {minio_fetching_data_daily.py:43} INFO - Fetching S&P 500 tickers from Wikipedia …
[2026-06-11T20:41:31.920+0000] {minio_fetching_data_daily.py:52} INFO - Found 503 tickers.
[2026-06-11T20:41:38.479+0000] {minio_fetching_data_daily.py:154} INFO - New tickers: 0 | To update: 503 | End date: 2026-06-11
[2026-06-11T20:41:38.480+0000] {minio_fetching_data_daily.py:160} INFO - Batch 1 | start=2026-06-11 | 50 tickers
[2026-06-11T20:41:38.485+0000] {cache.py:132} INFO - Failed to create TzCache, reason: Error creating TzCache folder: '/home/***/.cache/py-yfinance' reason: [Errno 17] File exists: '/home/***/.cache/py-yfinance'. TzCache will not be used. Tip: You can direct cache to use a different location with 'set_tz_cache_location(mylocation)'
[2026-06-11T20:41:40.123+0000] {history.py:296} ERROR - $GOOG: possibly delisted; no price data found  (1d 2026-06-11 -> 2026-06-11)
[2026-06-11T20:41:40.148+0000] {history.py:296} ERROR - $ACGL: possibly delisted; no price data found  (1d 2026-06-11 -> 2026-06-11)
[2026-06-11T20:41:40.149+0000] {history.py:296} ERROR - $ADBE: possibly delisted; no price data found  (1d 2026-06-11 -> 2026-06-11)
[2026-06-11T20:41:40.154+0000] {history.py:296} ERROR - $AMCR: possibly delisted; no price data found  (1d 2026-06-11 -> 2026-06-11)
[2026-06-11T20:41:40.158+0000] {history.py:296} ERROR - $ARE: possibly delisted; no price data found  (1d 2026-06-11 -> 2026-06-11)
[2026-06-11T20:41:40.160+0000] {history.py:296} ERROR - $ADI: possibly delisted; no price data found  (1d 2026-06-11 -> 2026-06-11)
[2026-06-11T20:41:40.174+0000] {history.py:296} ERROR - $APP: possibly delisted; no price data found  (1d 2026-06-11 -> 2026-06-11)
[2026-06-11T20:41:40.189+0000] {history.py:296} ERROR - $ALLE: possibly delisted; no price data found  (1d 2026-06-11 -> 2026-06-11)
[2026-06-11T20:41:40.231+0000] {history.py:296} ERROR - $AKAM: possibly delisted; no price data found  (1d 2026-06-11 -> 2026-06-11)
[2026-06-11T20:41:40.232+0000] {history.py:296} ERROR - $AMD: possibly delisted; no price data found  (1d 2026-06-11 -> 2026-06-11)
[2026-06-11T20:41:40.246+0000] {history.py:296} ERROR - $AFL: possibly delisted; no price data found  (1d 2026-06-11 -> 2026-06-11)
[2026-06-11T20:41:40.250+0000] {history.py:296} ERROR - $ALB: possibly delisted; no price data found  (1d 2026-06-11 -> 2026-06-11)
[2026-06-11T20:41:40.255+0000] {history.py:296} ERROR - $ADM: possibly delisted; no price data found  (1d 2026-06-11 -> 2026-06-11)
[2026-06-11T20:41:40.257+0000] {history.py:296} ERROR - $ATO: possibly delisted; no price data found  (1d 2026-06-11 -> 2026-06-11)
[2026-06-11T20:41:40.303+0000] {history.py:296} ERROR - $AJG: possibly delisted; no price data found  (1d 2026-06-11 -> 2026-06-11)
[2026-06-11T20:41:40.329+0000] {history.py:296} ERROR - $ABT: possibly delisted; no price data found  (1d 2026-06-11 -> 2026-06-11)
[2026-06-11T20:41:40.532+0000] {history.py:296} ERROR - $GOOGL: possibly delisted; no price data found  (1d 2026-06-11 -> 2026-06-11)
[2026-06-11T20:41:40.563+0000] {history.py:296} ERROR - $ARES: possibly delisted; no price data found  (1d 2026-06-11 -> 2026-06-11)
[2026-06-11T20:41:40.586+0000] {history.py:296} ERROR - $AES: possibly delisted; no price data found  (1d 2026-06-11 -> 2026-06-11)
[2026-06-11T20:41:40.591+0000] {history.py:296} ERROR - $AEE: possibly delisted; no price data found  (1d 2026-06-11 -> 2026-06-11)
[2026-06-11T20:41:40.659+0000] {history.py:296} ERROR - $AXP: possibly delisted; no price data found  (1d 2026-06-11 -> 2026-06-11)
[2026-06-11T20:41:40.668+0000] {history.py:296} ERROR - $ANET: possibly delisted; no price data found  (1d 2026-06-11 -> 2026-06-11)
[2026-06-11T20:41:40.688+0000] {history.py:296} ERROR - $APH: possibly delisted; no price data found  (1d 2026-06-11 -> 2026-06-11)
[2026-06-11T20:41:40.691+0000] {history.py:296} ERROR - $APA: possibly delisted; no price data found  (1d 2026-06-11 -> 2026-06-11)
[2026-06-11T20:41:40.694+0000] {history.py:296} ERROR - $ALL: possibly delisted; no price data found  (1d 2026-06-11 -> 2026-06-11)
[2026-06-11T20:41:40.699+0000] {history.py:296} ERROR - $MMM: possibly delisted; no price data found  (1d 2026-06-11 -> 2026-06-11)
[2026-06-11T20:41:40.712+0000] {history.py:296} ERROR - $ABNB: possibly delisted; no price data found  (1d 2026-06-11 -> 2026-06-11)
[2026-06-11T20:41:40.721+0000] {history.py:296} ERROR - $LNT: possibly delisted; no price data found  (1d 2026-06-11 -> 2026-06-11)
[2026-06-11T20:41:40.745+0000] {history.py:296} ERROR - $A: possibly delisted; no price data found  (1d 2026-06-11 -> 2026-06-11)
[2026-06-11T20:41:40.768+0000] {history.py:296} ERROR - $AOS: possibly delisted; no price data found  (1d 2026-06-11 -> 2026-06-11)
[2026-06-11T20:41:40.770+0000] {history.py:296} ERROR - $AMGN: possibly delisted; no price data found  (1d 2026-06-11 -> 2026-06-11)
[2026-06-11T20:41:40.788+0000] {history.py:296} ERROR - $T: possibly delisted; no price data found  (1d 2026-06-11 -> 2026-06-11)
[2026-06-11T20:41:40.882+0000] {history.py:296} ERROR - $AMZN: possibly delisted; no price data found  (1d 2026-06-11 -> 2026-06-11)
[2026-06-11T20:41:41.022+0000] {history.py:296} ERROR - $AWK: possibly delisted; no price data found  (1d 2026-06-11 -> 2026-06-11)
[2026-06-11T20:41:41.026+0000] {history.py:296} ERROR - $ABBV: possibly delisted; no price data found  (1d 2026-06-11 -> 2026-06-11)
[2026-06-11T20:41:41.076+0000] {history.py:296} ERROR - $AMP: possibly delisted; no price data found  (1d 2026-06-11 -> 2026-06-11)
[2026-06-11T20:41:41.088+0000] {history.py:296} ERROR - $AON: possibly delisted; no price data found  (1d 2026-06-11 -> 2026-06-11)
[2026-06-11T20:41:41.092+0000] {history.py:296} ERROR - $APO: possibly delisted; no price data found  (1d 2026-06-11 -> 2026-06-11)
[2026-06-11T20:41:41.111+0000] {history.py:296} ERROR - $AIZ: possibly delisted; no price data found  (1d 2026-06-11 -> 2026-06-11)
[2026-06-11T20:41:41.133+0000] {history.py:296} ERROR - $AME: possibly delisted; no price data found  (1d 2026-06-11 -> 2026-06-11)
[2026-06-11T20:41:41.139+0000] {history.py:296} ERROR - $APTV: possibly delisted; no price data found  (1d 2026-06-11 -> 2026-06-11)
[2026-06-11T20:41:41.156+0000] {history.py:296} ERROR - $ALGN: possibly delisted; no price data found  (1d 2026-06-11 -> 2026-06-11)
[2026-06-11T20:41:41.164+0000] {history.py:296} ERROR - $AMAT: possibly delisted; no price data found  (1d 2026-06-11 -> 2026-06-11)
[2026-06-11T20:41:41.180+0000] {history.py:296} ERROR - $AMT: possibly delisted; no price data found  (1d 2026-06-11 -> 2026-06-11)
[2026-06-11T20:41:41.205+0000] {history.py:296} ERROR - $AAPL: possibly delisted; no price data found  (1d 2026-06-11 -> 2026-06-11)
[2026-06-11T20:41:41.257+0000] {history.py:296} ERROR - $AEP: possibly delisted; no price data found  (1d 2026-06-11 -> 2026-06-11)
[2026-06-11T20:41:41.318+0000] {history.py:296} ERROR - $ACN: possibly delisted; no price data found  (1d 2026-06-11 -> 2026-06-11)
[2026-06-11T20:41:41.327+0000] {history.py:296} ERROR - $MO: possibly delisted; no price data found  (1d 2026-06-11 -> 2026-06-11)
[2026-06-11T20:41:41.341+0000] {history.py:296} ERROR - $AIG: possibly delisted; no price data found  (1d 2026-06-11 -> 2026-06-11)
[2026-06-11T20:41:42.537+0000] {history.py:296} ERROR - $APD: possibly delisted; no price data found  (1d 2026-06-11 -> 2026-06-11)
[2026-06-11T20:41:42.543+0000] {multi.py:187} ERROR - 
50 Failed downloads:
[2026-06-11T20:41:42.545+0000] {multi.py:195} ERROR - ['GOOG', 'ACGL', 'ADBE', 'AMCR', 'ARE', 'ADI', 'APP', 'ALLE', 'AKAM', 'AMD', 'AFL', 'ALB', 'ADM', 'ATO', 'AJG', 'ABT', 'GOOGL', 'ARES', 'AES', 'AEE', 'AXP', 'ANET', 'APH', 'APA', 'ALL', 'MMM', 'ABNB', 'LNT', 'A', 'AOS', 'AMGN', 'T', 'AMZN', 'AWK', 'ABBV', 'AMP', 'AON', 'APO', 'AIZ', 'AME', 'APTV', 'ALGN', 'AMAT', 'AMT', 'AAPL', 'AEP', 'ACN', 'MO', 'AIG', 'APD']: possibly delisted; no price data found  (1d 2026-06-11 -> 2026-06-11)
[2026-06-11T20:41:44.553+0000] {minio_fetching_data_daily.py:160} INFO - Batch 2 | start=2026-06-11 | 50 tickers
[2026-06-11T20:41:45.051+0000] {history.py:296} ERROR - $CARR: possibly delisted; no price data found  (1d 2026-06-11 -> 2026-06-11)
[2026-06-11T20:41:45.052+0000] {history.py:296} ERROR - $ADSK: possibly delisted; no price data found  (1d 2026-06-11 -> 2026-06-11)
[2026-06-11T20:41:45.061+0000] {history.py:296} ERROR - $AVGO: possibly delisted; no price data found  (1d 2026-06-11 -> 2026-06-11)
[2026-06-11T20:41:45.061+0000] {history.py:296} ERROR - $BR: possibly delisted; no price data found  (1d 2026-06-11 -> 2026-06-11)
[2026-06-11T20:41:45.077+0000] {history.py:296} ERROR - $SCHW: possibly delisted; no price data found  (1d 2026-06-11 -> 2026-06-11)
[2026-06-11T20:41:45.077+0000] {history.py:296} ERROR - $BXP: possibly delisted; no price data found  (1d 2026-06-11 -> 2026-06-11)
[2026-06-11T20:41:45.125+0000] {history.py:296} ERROR - $CF: possibly delisted; no price data found  (1d 2026-06-11 -> 2026-06-11)
[2026-06-11T20:41:45.147+0000] {history.py:296} ERROR - $AZO: possibly delisted; no price data found  (1d 2026-06-11 -> 2026-06-11)
[2026-06-11T20:41:45.148+0000] {history.py:296} ERROR - $BAC: possibly delisted; no price data found  (1d 2026-06-11 -> 2026-06-11)
[2026-06-11T20:41:45.162+0000] {history.py:296} ERROR - $CHRW: possibly delisted; no price data found  (1d 2026-06-11 -> 2026-06-11)
[2026-06-11T20:41:45.164+0000] {history.py:296} ERROR - $ADP: possibly delisted; no price data found  (1d 2026-06-11 -> 2026-06-11)
[2026-06-11T20:41:45.164+0000] {history.py:296} ERROR - $COF: possibly delisted; no price data found  (1d 2026-06-11 -> 2026-06-11)
[2026-06-11T20:41:45.180+0000] {history.py:296} ERROR - $BA: possibly delisted; no price data found  (1d 2026-06-11 -> 2026-06-11)
[2026-06-11T20:41:45.222+0000] {history.py:296} ERROR - $CAH: possibly delisted; no price data found  (1d 2026-06-11 -> 2026-06-11)
[2026-06-11T20:41:45.450+0000] {history.py:296} ERROR - $BKNG: possibly delisted; no price data found  (1d 2026-06-11 -> 2026-06-11)
[2026-06-11T20:41:45.553+0000] {history.py:296} ERROR - $BIIB: possibly delisted; no price data found  (1d 2026-06-11 -> 2026-06-11)
[2026-06-11T20:41:45.577+0000] {history.py:296} ERROR - $BALL: possibly delisted; no price data found  (1d 2026-06-11 -> 2026-06-11)
[2026-06-11T20:41:45.593+0000] {history.py:296} ERROR - $BX: possibly delisted; no price data found  (1d 2026-06-11 -> 2026-06-11)
[2026-06-11T20:41:45.643+0000] {history.py:296} ERROR - $CDW: possibly delisted; no price data found  (1d 2026-06-11 -> 2026-06-11)
[2026-06-11T20:41:45.873+0000] {history.py:296} ERROR - $CAT: possibly delisted; no price data found  (1d 2026-06-11 -> 2026-06-11)
[2026-06-11T20:41:45.885+0000] {history.py:296} ERROR - $BLK: possibly delisted; no price data found  (1d 2026-06-11 -> 2026-06-11)
[2026-06-11T20:41:45.960+0000] {history.py:296} ERROR - $BF-B: possibly delisted; no price data found  (1d 2026-06-11 -> 2026-06-11)
[2026-06-11T20:41:45.961+0000] {history.py:296} ERROR - $TECH: possibly delisted; no price data found  (1d 2026-06-11 -> 2026-06-11)
[2026-06-11T20:41:46.011+0000] {history.py:296} ERROR - $AVB: possibly delisted; no price data found  (1d 2026-06-11 -> 2026-06-11)
[2026-06-11T20:41:46.282+0000] {history.py:296} ERROR - $AVY: possibly delisted; no price data found  (1d 2026-06-11 -> 2026-06-11)
[2026-06-11T20:41:46.316+0000] {history.py:296} ERROR - $BLDR: possibly delisted; no price data found  (1d 2026-06-11 -> 2026-06-11)
[2026-06-11T20:41:46.328+0000] {history.py:296} ERROR - $BAX: possibly delisted; no price data found  (1d 2026-06-11 -> 2026-06-11)
[2026-06-11T20:41:46.331+0000] {history.py:296} ERROR - $BMY: possibly delisted; no price data found  (1d 2026-06-11 -> 2026-06-11)
[2026-06-11T20:41:46.414+0000] {history.py:296} ERROR - $CRL: possibly delisted; no price data found  (1d 2026-06-11 -> 2026-06-11)
[2026-06-11T20:41:46.487+0000] {history.py:296} ERROR - $BNY: possibly delisted; no price data found  (1d 2026-06-11 -> 2026-06-11)
[2026-06-11T20:41:46.508+0000] {history.py:296} ERROR - $CASY: possibly delisted; no price data found  (1d 2026-06-11 -> 2026-06-11)
[2026-06-11T20:41:46.646+0000] {history.py:296} ERROR - $AXON: possibly delisted; no price data found  (1d 2026-06-11 -> 2026-06-11)
[2026-06-11T20:41:46.699+0000] {history.py:296} ERROR - $BSX: possibly delisted; no price data found  (1d 2026-06-11 -> 2026-06-11)
[2026-06-11T20:41:46.782+0000] {history.py:296} ERROR - $BBY: possibly delisted; no price data found  (1d 2026-06-11 -> 2026-06-11)
[2026-06-11T20:41:46.783+0000] {history.py:296} ERROR - $CBOE: possibly delisted; no price data found  (1d 2026-06-11 -> 2026-06-11)
[2026-06-11T20:41:46.783+0000] {history.py:296} ERROR - $CNC: possibly delisted; no price data found  (1d 2026-06-11 -> 2026-06-11)
[2026-06-11T20:41:46.791+0000] {history.py:296} ERROR - $BKR: possibly delisted; no price data found  (1d 2026-06-11 -> 2026-06-11)
[2026-06-11T20:41:46.863+0000] {history.py:296} ERROR - $CVNA: possibly delisted; no price data found  (1d 2026-06-11 -> 2026-06-11)
[2026-06-11T20:41:46.914+0000] {history.py:296} ERROR - $BRK-B: possibly delisted; no price data found  (1d 2026-06-11 -> 2026-06-11)
[2026-06-11T20:41:46.957+0000] {history.py:296} ERROR - $COR: possibly delisted; no price data found  (1d 2026-06-11 -> 2026-06-11)
[2026-06-11T20:41:46.996+0000] {history.py:296} ERROR - $BRO: possibly delisted; no price data found  (1d 2026-06-11 -> 2026-06-11)
[2026-06-11T20:41:47.015+0000] {history.py:296} ERROR - $XYZ: possibly delisted; no price data found  (1d 2026-06-11 -> 2026-06-11)
[2026-06-11T20:41:47.015+0000] {history.py:296} ERROR - $CBRE: possibly delisted; no price data found  (1d 2026-06-11 -> 2026-06-11)
[2026-06-11T20:41:47.312+0000] {history.py:296} ERROR - $CDNS: possibly delisted; no price data found  (1d 2026-06-11 -> 2026-06-11)
[2026-06-11T20:41:47.360+0000] {history.py:296} ERROR - $BG: possibly delisted; no price data found  (1d 2026-06-11 -> 2026-06-11)
[2026-06-11T20:41:47.391+0000] {history.py:296} ERROR - $CNP: possibly delisted; no price data found  (1d 2026-06-11 -> 2026-06-11)
[2026-06-11T20:41:47.392+0000] {history.py:296} ERROR - $CCL: possibly delisted; no price data found  (1d 2026-06-11 -> 2026-06-11)
[2026-06-11T20:41:47.418+0000] {history.py:296} ERROR - $BDX: possibly delisted; no price data found  (1d 2026-06-11 -> 2026-06-11)
[2026-06-11T20:41:47.526+0000] {history.py:296} ERROR - $CPT: possibly delisted; no price data found  (1d 2026-06-11 -> 2026-06-11)
[2026-06-11T20:41:48.191+0000] {history.py:296} ERROR - $CPB: possibly delisted; no price data found  (1d 2026-06-11 -> 2026-06-11)
[2026-06-11T20:41:48.196+0000] {multi.py:187} ERROR - 
50 Failed downloads:
[2026-06-11T20:41:48.196+0000] {multi.py:195} ERROR - ['CARR', 'ADSK', 'AVGO', 'BR', 'SCHW', 'BXP', 'CF', 'AZO', 'BAC', 'CHRW', 'ADP', 'COF', 'BA', 'CAH', 'BKNG', 'BIIB', 'BALL', 'BX', 'CDW', 'CAT', 'BLK', 'BF-B', 'TECH', 'AVB', 'AVY', 'BLDR', 'BAX', 'BMY', 'CRL', 'BNY', 'CASY', 'AXON', 'BSX', 'BBY', 'CBOE', 'CNC', 'BKR', 'CVNA', 'BRK-B', 'COR', 'BRO', 'XYZ', 'CBRE', 'CDNS', 'BG', 'CNP', 'CCL', 'BDX', 'CPT', 'CPB']: possibly delisted; no price data found  (1d 2026-06-11 -> 2026-06-11)
[2026-06-11T20:41:50.202+0000] {minio_fetching_data_daily.py:160} INFO - Batch 3 | start=2026-06-11 | 50 tickers
[2026-06-11T20:41:50.559+0000] {history.py:296} ERROR - $COIN: possibly delisted; no price data found  (1d 2026-06-11 -> 2026-06-11)
[2026-06-11T20:41:50.577+0000] {history.py:296} ERROR - $CSCO: possibly delisted; no price data found  (1d 2026-06-11 -> 2026-06-11)
[2026-06-11T20:41:50.577+0000] {history.py:296} ERROR - $CPAY: possibly delisted; no price data found  (1d 2026-06-11 -> 2026-06-11)
[2026-06-11T20:41:50.604+0000] {history.py:296} ERROR - $CSGP: possibly delisted; no price data found  (1d 2026-06-11 -> 2026-06-11)
[2026-06-11T20:41:50.616+0000] {history.py:296} ERROR - $CME: possibly delisted; no price data found  (1d 2026-06-11 -> 2026-06-11)
[2026-06-11T20:41:50.625+0000] {history.py:296} ERROR - $DRI: possibly delisted; no price data found  (1d 2026-06-11 -> 2026-06-11)
[2026-06-11T20:41:50.658+0000] {history.py:296} ERROR - $CINF: possibly delisted; no price data found  (1d 2026-06-11 -> 2026-06-11)
[2026-06-11T20:41:50.697+0000] {history.py:296} ERROR - $CI: possibly delisted; no price data found  (1d 2026-06-11 -> 2026-06-11)
[2026-06-11T20:41:50.709+0000] {history.py:296} ERROR - $DVN: possibly delisted; no price data found  (1d 2026-06-11 -> 2026-06-11)
[2026-06-11T20:41:50.710+0000] {history.py:296} ERROR - $DECK: possibly delisted; no price data found  (1d 2026-06-11 -> 2026-06-11)
[2026-06-11T20:41:50.711+0000] {history.py:296} ERROR - $CLX: possibly delisted; no price data found  (1d 2026-06-11 -> 2026-06-11)
[2026-06-11T20:41:50.711+0000] {history.py:296} ERROR - $COP: possibly delisted; no price data found  (1d 2026-06-11 -> 2026-06-11)
[2026-06-11T20:41:50.723+0000] {history.py:296} ERROR - $CRH: possibly delisted; no price data found  (1d 2026-06-11 -> 2026-06-11)
[2026-06-11T20:41:50.752+0000] {history.py:296} ERROR - $C: possibly delisted; no price data found  (1d 2026-06-11 -> 2026-06-11)
[2026-06-11T20:41:50.763+0000] {history.py:296} ERROR - $CB: possibly delisted; no price data found  (1d 2026-06-11 -> 2026-06-11)
[2026-06-11T20:41:50.784+0000] {history.py:296} ERROR - $GLW: possibly delisted; no price data found  (1d 2026-06-11 -> 2026-06-11)
[2026-06-11T20:41:51.017+0000] {history.py:296} ERROR - $CPRT: possibly delisted; no price data found  (1d 2026-06-11 -> 2026-06-11)
[2026-06-11T20:41:51.057+0000] {history.py:296} ERROR - $CTVA: possibly delisted; no price data found  (1d 2026-06-11 -> 2026-06-11)
[2026-06-11T20:41:51.065+0000] {history.py:296} ERROR - $DELL: possibly delisted; no price data found  (1d 2026-06-11 -> 2026-06-11)
[2026-06-11T20:41:51.070+0000] {history.py:296} ERROR - $DXCM: possibly delisted; no price data found  (1d 2026-06-11 -> 2026-06-11)
[2026-06-11T20:41:51.074+0000] {history.py:296} ERROR - $DHR: possibly delisted; no price data found  (1d 2026-06-11 -> 2026-06-11)
[2026-06-11T20:41:51.090+0000] {history.py:296} ERROR - $CRWD: possibly delisted; no price data found  (1d 2026-06-11 -> 2026-06-11)
[2026-06-11T20:41:51.097+0000] {history.py:296} ERROR - $CMCSA: possibly delisted; no price data found  (1d 2026-06-11 -> 2026-06-11)
[2026-06-11T20:41:51.136+0000] {history.py:296} ERROR - $CTSH: possibly delisted; no price data found  (1d 2026-06-11 -> 2026-06-11)
[2026-06-11T20:41:51.172+0000] {history.py:296} ERROR - $DDOG: possibly delisted; no price data found  (1d 2026-06-11 -> 2026-06-11)
[2026-06-11T20:41:51.180+0000] {history.py:296} ERROR - $CEG: possibly delisted; no price data found  (1d 2026-06-11 -> 2026-06-11)
[2026-06-11T20:41:51.230+0000] {history.py:296} ERROR - $CMG: possibly delisted; no price data found  (1d 2026-06-11 -> 2026-06-11)
[2026-06-11T20:41:51.254+0000] {history.py:296} ERROR - $CCI: possibly delisted; no price data found  (1d 2026-06-11 -> 2026-06-11)
[2026-06-11T20:41:51.263+0000] {history.py:296} ERROR - $ED: possibly delisted; no price data found  (1d 2026-06-11 -> 2026-06-11)
[2026-06-11T20:41:51.268+0000] {history.py:296} ERROR - $CHD: possibly delisted; no price data found  (1d 2026-06-11 -> 2026-06-11)
[2026-06-11T20:41:51.292+0000] {history.py:296} ERROR - $CFG: possibly delisted; no price data found  (1d 2026-06-11 -> 2026-06-11)
[2026-06-11T20:41:51.353+0000] {history.py:296} ERROR - $CSX: possibly delisted; no price data found  (1d 2026-06-11 -> 2026-06-11)
[2026-06-11T20:41:51.468+0000] {history.py:296} ERROR - $CIEN: possibly delisted; no price data found  (1d 2026-06-11 -> 2026-06-11)
[2026-06-11T20:41:51.522+0000] {history.py:296} ERROR - $COHR: possibly delisted; no price data found  (1d 2026-06-11 -> 2026-06-11)
[2026-06-11T20:41:51.561+0000] {history.py:296} ERROR - $CL: possibly delisted; no price data found  (1d 2026-06-11 -> 2026-06-11)
[2026-06-11T20:41:51.576+0000] {history.py:296} ERROR - $DVA: possibly delisted; no price data found  (1d 2026-06-11 -> 2026-06-11)
[2026-06-11T20:41:51.580+0000] {history.py:296} ERROR - $DAL: possibly delisted; no price data found  (1d 2026-06-11 -> 2026-06-11)
[2026-06-11T20:41:51.584+0000] {history.py:296} ERROR - $CVS: possibly delisted; no price data found  (1d 2026-06-11 -> 2026-06-11)
[2026-06-11T20:41:51.593+0000] {history.py:296} ERROR - $CHTR: possibly delisted; no price data found  (1d 2026-06-11 -> 2026-06-11)
[2026-06-11T20:41:51.640+0000] {history.py:296} ERROR - $KO: possibly delisted; no price data found  (1d 2026-06-11 -> 2026-06-11)
[2026-06-11T20:41:51.644+0000] {history.py:296} ERROR - $FIX: possibly delisted; no price data found  (1d 2026-06-11 -> 2026-06-11)
[2026-06-11T20:41:51.648+0000] {history.py:296} ERROR - $CMS: possibly delisted; no price data found  (1d 2026-06-11 -> 2026-06-11)
[2026-06-11T20:41:51.744+0000] {history.py:296} ERROR - $CAG: possibly delisted; no price data found  (1d 2026-06-11 -> 2026-06-11)
[2026-06-11T20:41:51.755+0000] {history.py:296} ERROR - $COO: possibly delisted; no price data found  (1d 2026-06-11 -> 2026-06-11)
[2026-06-11T20:41:51.786+0000] {history.py:296} ERROR - $STZ: possibly delisted; no price data found  (1d 2026-06-11 -> 2026-06-11)
[2026-06-11T20:41:51.795+0000] {history.py:296} ERROR - $CVX: possibly delisted; no price data found  (1d 2026-06-11 -> 2026-06-11)
[2026-06-11T20:41:51.824+0000] {history.py:296} ERROR - $CMI: possibly delisted; no price data found  (1d 2026-06-11 -> 2026-06-11)
[2026-06-11T20:41:51.934+0000] {history.py:296} ERROR - $DE: possibly delisted; no price data found  (1d 2026-06-11 -> 2026-06-11)
[2026-06-11T20:41:51.964+0000] {history.py:296} ERROR - $CTAS: possibly delisted; no price data found  (1d 2026-06-11 -> 2026-06-11)
[2026-06-11T20:41:52.058+0000] {history.py:296} ERROR - $COST: possibly delisted; no price data found  (1d 2026-06-11 -> 2026-06-11)
[2026-06-11T20:41:52.069+0000] {multi.py:187} ERROR - 
50 Failed downloads:
[2026-06-11T20:41:52.071+0000] {multi.py:195} ERROR - ['COIN', 'CSCO', 'CPAY', 'CSGP', 'CME', 'DRI', 'CINF', 'CI', 'DVN', 'DECK', 'CLX', 'COP', 'CRH', 'C', 'CB', 'GLW', 'CPRT', 'CTVA', 'DELL', 'DXCM', 'DHR', 'CRWD', 'CMCSA', 'CTSH', 'DDOG', 'CEG', 'CMG', 'CCI', 'ED', 'CHD', 'CFG', 'CSX', 'CIEN', 'COHR', 'CL', 'DVA', 'DAL', 'CVS', 'CHTR', 'KO', 'FIX', 'CMS', 'CAG', 'COO', 'STZ', 'CVX', 'CMI', 'DE', 'CTAS', 'COST']: possibly delisted; no price data found  (1d 2026-06-11 -> 2026-06-11)
[2026-06-11T20:41:54.077+0000] {minio_fetching_data_daily.py:160} INFO - Batch 4 | start=2026-06-11 | 50 tickers
[2026-06-11T20:41:54.473+0000] {history.py:296} ERROR - $EQIX: possibly delisted; no price data found  (1d 2026-06-11 -> 2026-06-11)
[2026-06-11T20:41:54.479+0000] {history.py:296} ERROR - $FFIV: possibly delisted; no price data found  (1d 2026-06-11 -> 2026-06-11)
[2026-06-11T20:41:54.503+0000] {history.py:296} ERROR - $DASH: possibly delisted; no price data found  (1d 2026-06-11 -> 2026-06-11)
[2026-06-11T20:41:54.507+0000] {history.py:296} ERROR - $FICO: possibly delisted; no price data found  (1d 2026-06-11 -> 2026-06-11)
[2026-06-11T20:41:54.539+0000] {history.py:296} ERROR - $ELV: possibly delisted; no price data found  (1d 2026-06-11 -> 2026-06-11)
[2026-06-11T20:41:54.572+0000] {history.py:296} ERROR - $EL: possibly delisted; no price data found  (1d 2026-06-11 -> 2026-06-11)
[2026-06-11T20:41:54.572+0000] {history.py:296} ERROR - $EXPD: possibly delisted; no price data found  (1d 2026-06-11 -> 2026-06-11)
[2026-06-11T20:41:54.584+0000] {history.py:296} ERROR - $DOV: possibly delisted; no price data found  (1d 2026-06-11 -> 2026-06-11)
[2026-06-11T20:41:54.608+0000] {history.py:296} ERROR - $ETN: possibly delisted; no price data found  (1d 2026-06-11 -> 2026-06-11)
[2026-06-11T20:41:54.613+0000] {history.py:296} ERROR - $ES: possibly delisted; no price data found  (1d 2026-06-11 -> 2026-06-11)
[2026-06-11T20:41:54.621+0000] {history.py:296} ERROR - $DPZ: possibly delisted; no price data found  (1d 2026-06-11 -> 2026-06-11)
[2026-06-11T20:41:54.626+0000] {history.py:296} ERROR - $EMR: possibly delisted; no price data found  (1d 2026-06-11 -> 2026-06-11)
[2026-06-11T20:41:54.627+0000] {history.py:296} ERROR - $EFX: possibly delisted; no price data found  (1d 2026-06-11 -> 2026-06-11)
[2026-06-11T20:41:54.640+0000] {history.py:296} ERROR - $FIS: possibly delisted; no price data found  (1d 2026-06-11 -> 2026-06-11)
[2026-06-11T20:41:54.663+0000] {history.py:296} ERROR - $EXC: possibly delisted; no price data found  (1d 2026-06-11 -> 2026-06-11)
[2026-06-11T20:41:55.086+0000] {history.py:296} ERROR - $DLTR: possibly delisted; no price data found  (1d 2026-06-11 -> 2026-06-11)
[2026-06-11T20:41:55.087+0000] {history.py:296} ERROR - $FANG: possibly delisted; no price data found  (1d 2026-06-11 -> 2026-06-11)
[2026-06-11T20:41:55.095+0000] {history.py:296} ERROR - $EW: possibly delisted; no price data found  (1d 2026-06-11 -> 2026-06-11)
[2026-06-11T20:41:55.099+0000] {history.py:296} ERROR - $FDXF: possibly delisted; no price data found  (1d 2026-06-11 -> 2026-06-11)
[2026-06-11T20:41:55.107+0000] {history.py:296} ERROR - $DLR: possibly delisted; no price data found  (1d 2026-06-11 -> 2026-06-11)
[2026-06-11T20:41:55.113+0000] {history.py:296} ERROR - $FAST: possibly delisted; no price data found  (1d 2026-06-11 -> 2026-06-11)
[2026-06-11T20:41:55.123+0000] {history.py:296} ERROR - $EG: possibly delisted; no price data found  (1d 2026-06-11 -> 2026-06-11)
[2026-06-11T20:41:55.126+0000] {history.py:296} ERROR - $FRT: possibly delisted; no price data found  (1d 2026-06-11 -> 2026-06-11)
[2026-06-11T20:41:55.135+0000] {history.py:296} ERROR - $ETR: possibly delisted; no price data found  (1d 2026-06-11 -> 2026-06-11)
[2026-06-11T20:41:55.138+0000] {history.py:296} ERROR - $FITB: possibly delisted; no price data found  (1d 2026-06-11 -> 2026-06-11)
[2026-06-11T20:41:55.141+0000] {history.py:296} ERROR - $EXR: possibly delisted; no price data found  (1d 2026-06-11 -> 2026-06-11)
[2026-06-11T20:41:55.314+0000] {history.py:296} ERROR - $SATS: possibly delisted; no price data found  (1d 2026-06-11 -> 2026-06-11)
[2026-06-11T20:41:55.381+0000] {history.py:296} ERROR - $DG: possibly delisted; no price data found  (1d 2026-06-11 -> 2026-06-11)
[2026-06-11T20:41:55.435+0000] {history.py:296} ERROR - $EQR: possibly delisted; no price data found  (1d 2026-06-11 -> 2026-06-11)
[2026-06-11T20:41:55.491+0000] {history.py:296} ERROR - $EXPE: possibly delisted; no price data found  (1d 2026-06-11 -> 2026-06-11)
[2026-06-11T20:41:55.538+0000] {history.py:296} ERROR - $EXE: possibly delisted; no price data found  (1d 2026-06-11 -> 2026-06-11)
[2026-06-11T20:41:55.539+0000] {history.py:296} ERROR - $DOW: possibly delisted; no price data found  (1d 2026-06-11 -> 2026-06-11)
[2026-06-11T20:41:55.570+0000] {history.py:296} ERROR - $EQT: possibly delisted; no price data found  (1d 2026-06-11 -> 2026-06-11)
[2026-06-11T20:41:55.583+0000] {history.py:296} ERROR - $FDS: possibly delisted; no price data found  (1d 2026-06-11 -> 2026-06-11)
[2026-06-11T20:41:55.583+0000] {history.py:296} ERROR - $D: possibly delisted; no price data found  (1d 2026-06-11 -> 2026-06-11)
[2026-06-11T20:41:55.586+0000] {history.py:296} ERROR - $XOM: possibly delisted; no price data found  (1d 2026-06-11 -> 2026-06-11)
[2026-06-11T20:41:55.599+0000] {history.py:296} ERROR - $EIX: possibly delisted; no price data found  (1d 2026-06-11 -> 2026-06-11)
[2026-06-11T20:41:55.604+0000] {history.py:296} ERROR - $DD: possibly delisted; no price data found  (1d 2026-06-11 -> 2026-06-11)
[2026-06-11T20:41:55.632+0000] {history.py:296} ERROR - $EVRG: possibly delisted; no price data found  (1d 2026-06-11 -> 2026-06-11)
[2026-06-11T20:41:55.645+0000] {history.py:296} ERROR - $EA: possibly delisted; no price data found  (1d 2026-06-11 -> 2026-06-11)
[2026-06-11T20:41:55.681+0000] {history.py:296} ERROR - $EME: possibly delisted; no price data found  (1d 2026-06-11 -> 2026-06-11)
[2026-06-11T20:41:55.712+0000] {history.py:296} ERROR - $EBAY: possibly delisted; no price data found  (1d 2026-06-11 -> 2026-06-11)
[2026-06-11T20:41:55.808+0000] {history.py:296} ERROR - $DHI: possibly delisted; no price data found  (1d 2026-06-11 -> 2026-06-11)
[2026-06-11T20:41:55.814+0000] {history.py:296} ERROR - $EOG: possibly delisted; no price data found  (1d 2026-06-11 -> 2026-06-11)
[2026-06-11T20:41:55.859+0000] {history.py:296} ERROR - $ERIE: possibly delisted; no price data found  (1d 2026-06-11 -> 2026-06-11)
[2026-06-11T20:41:55.931+0000] {history.py:296} ERROR - $ECL: possibly delisted; no price data found  (1d 2026-06-11 -> 2026-06-11)
[2026-06-11T20:41:55.952+0000] {history.py:296} ERROR - $FDX: possibly delisted; no price data found  (1d 2026-06-11 -> 2026-06-11)
[2026-06-11T20:41:55.978+0000] {history.py:296} ERROR - $ESS: possibly delisted; no price data found  (1d 2026-06-11 -> 2026-06-11)
[2026-06-11T20:41:55.985+0000] {history.py:296} ERROR - $DUK: possibly delisted; no price data found  (1d 2026-06-11 -> 2026-06-11)
[2026-06-11T20:41:56.069+0000] {history.py:296} ERROR - $DTE: possibly delisted; no price data found  (1d 2026-06-11 -> 2026-06-11)
[2026-06-11T20:41:56.074+0000] {multi.py:187} ERROR - 
50 Failed downloads:
[2026-06-11T20:41:56.076+0000] {multi.py:195} ERROR - ['EQIX', 'FFIV', 'DASH', 'FICO', 'ELV', 'EL', 'EXPD', 'DOV', 'ETN', 'ES', 'DPZ', 'EMR', 'EFX', 'FIS', 'EXC', 'DLTR', 'FANG', 'EW', 'FDXF', 'DLR', 'FAST', 'EG', 'FRT', 'ETR', 'FITB', 'EXR', 'SATS', 'DG', 'EQR', 'EXPE', 'EXE', 'DOW', 'EQT', 'FDS', 'D', 'XOM', 'EIX', 'DD', 'EVRG', 'EA', 'EME', 'EBAY', 'DHI', 'EOG', 'ERIE', 'ECL', 'FDX', 'ESS', 'DUK', 'DTE']: possibly delisted; no price data found  (1d 2026-06-11 -> 2026-06-11)
[2026-06-11T20:41:58.082+0000] {minio_fetching_data_daily.py:160} INFO - Batch 5 | start=2026-06-11 | 50 tickers
[2026-06-11T20:41:58.493+0000] {history.py:296} ERROR - $GDDY: possibly delisted; no price data found  (1d 2026-06-11 -> 2026-06-11)
[2026-06-11T20:41:58.493+0000] {history.py:296} ERROR - $HPE: possibly delisted; no price data found  (1d 2026-06-11 -> 2026-06-11)
[2026-06-11T20:41:58.499+0000] {history.py:296} ERROR - $INCY: possibly delisted; no price data found  (1d 2026-06-11 -> 2026-06-11)
[2026-06-11T20:41:58.509+0000] {history.py:296} ERROR - $GRMN: possibly delisted; no price data found  (1d 2026-06-11 -> 2026-06-11)
[2026-06-11T20:41:58.540+0000] {history.py:296} ERROR - $GM: possibly delisted; no price data found  (1d 2026-06-11 -> 2026-06-11)
[2026-06-11T20:41:58.546+0000] {history.py:296} ERROR - $GIS: possibly delisted; no price data found  (1d 2026-06-11 -> 2026-06-11)
[2026-06-11T20:41:58.567+0000] {history.py:296} ERROR - $ITW: possibly delisted; no price data found  (1d 2026-06-11 -> 2026-06-11)
[2026-06-11T20:41:58.575+0000] {history.py:296} ERROR - $HAL: possibly delisted; no price data found  (1d 2026-06-11 -> 2026-06-11)
[2026-06-11T20:41:58.579+0000] {history.py:296} ERROR - $HCA: possibly delisted; no price data found  (1d 2026-06-11 -> 2026-06-11)
[2026-06-11T20:41:58.580+0000] {history.py:296} ERROR - $HUM: possibly delisted; no price data found  (1d 2026-06-11 -> 2026-06-11)
[2026-06-11T20:41:58.583+0000] {history.py:296} ERROR - $FCX: possibly delisted; no price data found  (1d 2026-06-11 -> 2026-06-11)
[2026-06-11T20:41:58.599+0000] {history.py:296} ERROR - $HPQ: possibly delisted; no price data found  (1d 2026-06-11 -> 2026-06-11)
[2026-06-11T20:41:58.602+0000] {history.py:296} ERROR - $DOC: possibly delisted; no price data found  (1d 2026-06-11 -> 2026-06-11)
[2026-06-11T20:41:58.634+0000] {history.py:296} ERROR - $GL: possibly delisted; no price data found  (1d 2026-06-11 -> 2026-06-11)
[2026-06-11T20:41:58.641+0000] {history.py:296} ERROR - $BEN: possibly delisted; no price data found  (1d 2026-06-11 -> 2026-06-11)
[2026-06-11T20:41:58.870+0000] {history.py:296} ERROR - $GS: possibly delisted; no price data found  (1d 2026-06-11 -> 2026-06-11)
[2026-06-11T20:41:58.895+0000] {history.py:296} ERROR - $HII: possibly delisted; no price data found  (1d 2026-06-11 -> 2026-06-11)
[2026-06-11T20:41:58.942+0000] {history.py:296} ERROR - $FOXA: possibly delisted; no price data found  (1d 2026-06-11 -> 2026-06-11)
[2026-06-11T20:41:58.968+0000] {history.py:296} ERROR - $GEN: possibly delisted; no price data found  (1d 2026-06-11 -> 2026-06-11)
[2026-06-11T20:41:59.004+0000] {history.py:296} ERROR - $HUBB: possibly delisted; no price data found  (1d 2026-06-11 -> 2026-06-11)
[2026-06-11T20:41:59.013+0000] {history.py:296} ERROR - $HON: possibly delisted; no price data found  (1d 2026-06-11 -> 2026-06-11)
[2026-06-11T20:41:59.082+0000] {history.py:296} ERROR - $GEHC: possibly delisted; no price data found  (1d 2026-06-11 -> 2026-06-11)
[2026-06-11T20:41:59.085+0000] {history.py:296} ERROR - $IT: possibly delisted; no price data found  (1d 2026-06-11 -> 2026-06-11)
[2026-06-11T20:41:59.099+0000] {history.py:296} ERROR - $HLT: possibly delisted; no price data found  (1d 2026-06-11 -> 2026-06-11)
[2026-06-11T20:41:59.115+0000] {history.py:296} ERROR - $GD: possibly delisted; no price data found  (1d 2026-06-11 -> 2026-06-11)
[2026-06-11T20:41:59.138+0000] {history.py:296} ERROR - $FISV: possibly delisted; no price data found  (1d 2026-06-11 -> 2026-06-11)
[2026-06-11T20:41:59.146+0000] {history.py:296} ERROR - $IDXX: possibly delisted; no price data found  (1d 2026-06-11 -> 2026-06-11)
[2026-06-11T20:41:59.149+0000] {history.py:296} ERROR - $FE: possibly delisted; no price data found  (1d 2026-06-11 -> 2026-06-11)
[2026-06-11T20:41:59.171+0000] {history.py:296} ERROR - $GILD: possibly delisted; no price data found  (1d 2026-06-11 -> 2026-06-11)
[2026-06-11T20:41:59.179+0000] {history.py:296} ERROR - $FSLR: possibly delisted; no price data found  (1d 2026-06-11 -> 2026-06-11)
[2026-06-11T20:41:59.278+0000] {history.py:296} ERROR - $HST: possibly delisted; no price data found  (1d 2026-06-11 -> 2026-06-11)
[2026-06-11T20:41:59.305+0000] {history.py:296} ERROR - $HAS: possibly delisted; no price data found  (1d 2026-06-11 -> 2026-06-11)
[2026-06-11T20:41:59.386+0000] {history.py:296} ERROR - $GPN: possibly delisted; no price data found  (1d 2026-06-11 -> 2026-06-11)
[2026-06-11T20:41:59.391+0000] {history.py:296} ERROR - $HIG: possibly delisted; no price data found  (1d 2026-06-11 -> 2026-06-11)
[2026-06-11T20:41:59.435+0000] {history.py:296} ERROR - $GNRC: possibly delisted; no price data found  (1d 2026-06-11 -> 2026-06-11)
[2026-06-11T20:41:59.453+0000] {history.py:296} ERROR - $HRL: possibly delisted; no price data found  (1d 2026-06-11 -> 2026-06-11)
[2026-06-11T20:41:59.463+0000] {history.py:296} ERROR - $FTNT: possibly delisted; no price data found  (1d 2026-06-11 -> 2026-06-11)
[2026-06-11T20:41:59.523+0000] {history.py:296} ERROR - $FTV: possibly delisted; no price data found  (1d 2026-06-11 -> 2026-06-11)
[2026-06-11T20:41:59.536+0000] {history.py:296} ERROR - $HBAN: possibly delisted; no price data found  (1d 2026-06-11 -> 2026-06-11)
[2026-06-11T20:41:59.586+0000] {history.py:296} ERROR - $GPC: possibly delisted; no price data found  (1d 2026-06-11 -> 2026-06-11)
[2026-06-11T20:41:59.591+0000] {history.py:296} ERROR - $HWM: possibly delisted; no price data found  (1d 2026-06-11 -> 2026-06-11)
[2026-06-11T20:41:59.601+0000] {history.py:296} ERROR - $FOX: possibly delisted; no price data found  (1d 2026-06-11 -> 2026-06-11)
[2026-06-11T20:41:59.660+0000] {history.py:296} ERROR - $F: possibly delisted; no price data found  (1d 2026-06-11 -> 2026-06-11)
[2026-06-11T20:41:59.660+0000] {history.py:296} ERROR - $GEV: possibly delisted; no price data found  (1d 2026-06-11 -> 2026-06-11)
[2026-06-11T20:41:59.670+0000] {history.py:296} ERROR - $HSY: possibly delisted; no price data found  (1d 2026-06-11 -> 2026-06-11)
[2026-06-11T20:41:59.722+0000] {history.py:296} ERROR - $IEX: possibly delisted; no price data found  (1d 2026-06-11 -> 2026-06-11)
[2026-06-11T20:41:59.749+0000] {history.py:296} ERROR - $GE: possibly delisted; no price data found  (1d 2026-06-11 -> 2026-06-11)
[2026-06-11T20:41:59.749+0000] {history.py:296} ERROR - $HSIC: possibly delisted; no price data found  (1d 2026-06-11 -> 2026-06-11)
[2026-06-11T20:41:59.798+0000] {history.py:296} ERROR - $IBM: possibly delisted; no price data found  (1d 2026-06-11 -> 2026-06-11)
[2026-06-11T20:41:59.915+0000] {history.py:296} ERROR - $HD: possibly delisted; no price data found  (1d 2026-06-11 -> 2026-06-11)
[2026-06-11T20:41:59.918+0000] {multi.py:187} ERROR - 
50 Failed downloads:
[2026-06-11T20:41:59.919+0000] {multi.py:195} ERROR - ['GDDY', 'HPE', 'INCY', 'GRMN', 'GM', 'GIS', 'ITW', 'HAL', 'HCA', 'HUM', 'FCX', 'HPQ', 'DOC', 'GL', 'BEN', 'GS', 'HII', 'FOXA', 'GEN', 'HUBB', 'HON', 'GEHC', 'IT', 'HLT', 'GD', 'FISV', 'IDXX', 'FE', 'GILD', 'FSLR', 'HST', 'HAS', 'GPN', 'HIG', 'GNRC', 'HRL', 'FTNT', 'FTV', 'HBAN', 'GPC', 'HWM', 'FOX', 'F', 'GEV', 'HSY', 'IEX', 'GE', 'HSIC', 'IBM', 'HD']: possibly delisted; no price data found  (1d 2026-06-11 -> 2026-06-11)
[2026-06-11T20:42:01.925+0000] {minio_fetching_data_daily.py:160} INFO - Batch 6 | start=2026-06-11 | 50 tickers
[2026-06-11T20:42:02.337+0000] {history.py:296} ERROR - $LULU: possibly delisted; no price data found  (1d 2026-06-11 -> 2026-06-11)
[2026-06-11T20:42:02.364+0000] {history.py:296} ERROR - $INTU: possibly delisted; no price data found  (1d 2026-06-11 -> 2026-06-11)
[2026-06-11T20:42:02.375+0000] {history.py:296} ERROR - $KMI: possibly delisted; no price data found  (1d 2026-06-11 -> 2026-06-11)
[2026-06-11T20:42:02.380+0000] {history.py:296} ERROR - $IBKR: possibly delisted; no price data found  (1d 2026-06-11 -> 2026-06-11)
[2026-06-11T20:42:02.399+0000] {history.py:296} ERROR - $LITE: possibly delisted; no price data found  (1d 2026-06-11 -> 2026-06-11)
[2026-06-11T20:42:02.408+0000] {history.py:296} ERROR - $KDP: possibly delisted; no price data found  (1d 2026-06-11 -> 2026-06-11)
[2026-06-11T20:42:02.416+0000] {history.py:296} ERROR - $KVUE: possibly delisted; no price data found  (1d 2026-06-11 -> 2026-06-11)
[2026-06-11T20:42:02.425+0000] {history.py:296} ERROR - $INTC: possibly delisted; no price data found  (1d 2026-06-11 -> 2026-06-11)
[2026-06-11T20:42:02.430+0000] {history.py:296} ERROR - $ICE: possibly delisted; no price data found  (1d 2026-06-11 -> 2026-06-11)
[2026-06-11T20:42:02.435+0000] {history.py:296} ERROR - $LVS: possibly delisted; no price data found  (1d 2026-06-11 -> 2026-06-11)
[2026-06-11T20:42:02.479+0000] {history.py:296} ERROR - $LII: possibly delisted; no price data found  (1d 2026-06-11 -> 2026-06-11)
[2026-06-11T20:42:02.487+0000] {history.py:296} ERROR - $LDOS: possibly delisted; no price data found  (1d 2026-06-11 -> 2026-06-11)
[2026-06-11T20:42:02.499+0000] {history.py:296} ERROR - $JBL: possibly delisted; no price data found  (1d 2026-06-11 -> 2026-06-11)
[2026-06-11T20:42:02.527+0000] {history.py:296} ERROR - $KR: possibly delisted; no price data found  (1d 2026-06-11 -> 2026-06-11)
[2026-06-11T20:42:02.530+0000] {history.py:296} ERROR - $LRCX: possibly delisted; no price data found  (1d 2026-06-11 -> 2026-06-11)
[2026-06-11T20:42:02.534+0000] {history.py:296} ERROR - $LMT: possibly delisted; no price data found  (1d 2026-06-11 -> 2026-06-11)
[2026-06-11T20:42:02.740+0000] {history.py:296} ERROR - $LYB: possibly delisted; no price data found  (1d 2026-06-11 -> 2026-06-11)
[2026-06-11T20:42:02.771+0000] {history.py:296} ERROR - $INVH: possibly delisted; no price data found  (1d 2026-06-11 -> 2026-06-11)
[2026-06-11T20:42:02.775+0000] {history.py:296} ERROR - $ISRG: possibly delisted; no price data found  (1d 2026-06-11 -> 2026-06-11)
[2026-06-11T20:42:02.850+0000] {history.py:296} ERROR - $KKR: possibly delisted; no price data found  (1d 2026-06-11 -> 2026-06-11)
[2026-06-11T20:42:02.866+0000] {history.py:296} ERROR - $KEYS: possibly delisted; no price data found  (1d 2026-06-11 -> 2026-06-11)
[2026-06-11T20:42:02.873+0000] {history.py:296} ERROR - $LIN: possibly delisted; no price data found  (1d 2026-06-11 -> 2026-06-11)
[2026-06-11T20:42:02.874+0000] {history.py:296} ERROR - $IRM: possibly delisted; no price data found  (1d 2026-06-11 -> 2026-06-11)
[2026-06-11T20:42:02.891+0000] {history.py:296} ERROR - $MPC: possibly delisted; no price data found  (1d 2026-06-11 -> 2026-06-11)
[2026-06-11T20:42:02.893+0000] {history.py:296} ERROR - $IFF: possibly delisted; no price data found  (1d 2026-06-11 -> 2026-06-11)
[2026-06-11T20:42:02.894+0000] {history.py:296} ERROR - $LYV: possibly delisted; no price data found  (1d 2026-06-11 -> 2026-06-11)
[2026-06-11T20:42:02.894+0000] {history.py:296} ERROR - $JCI: possibly delisted; no price data found  (1d 2026-06-11 -> 2026-06-11)
[2026-06-11T20:42:02.897+0000] {history.py:296} ERROR - $IVZ: possibly delisted; no price data found  (1d 2026-06-11 -> 2026-06-11)
[2026-06-11T20:42:02.950+0000] {history.py:296} ERROR - $IP: possibly delisted; no price data found  (1d 2026-06-11 -> 2026-06-11)
[2026-06-11T20:42:03.021+0000] {history.py:296} ERROR - $LEN: possibly delisted; no price data found  (1d 2026-06-11 -> 2026-06-11)
[2026-06-11T20:42:03.082+0000] {history.py:296} ERROR - $JBHT: possibly delisted; no price data found  (1d 2026-06-11 -> 2026-06-11)
[2026-06-11T20:42:03.156+0000] {history.py:296} ERROR - $JNJ: possibly delisted; no price data found  (1d 2026-06-11 -> 2026-06-11)
[2026-06-11T20:42:03.267+0000] {history.py:296} ERROR - $KIM: possibly delisted; no price data found  (1d 2026-06-11 -> 2026-06-11)
[2026-06-11T20:42:03.284+0000] {history.py:296} ERROR - $L: possibly delisted; no price data found  (1d 2026-06-11 -> 2026-06-11)
[2026-06-11T20:42:03.336+0000] {history.py:296} ERROR - $IR: possibly delisted; no price data found  (1d 2026-06-11 -> 2026-06-11)
[2026-06-11T20:42:03.362+0000] {history.py:296} ERROR - $MTB: possibly delisted; no price data found  (1d 2026-06-11 -> 2026-06-11)
[2026-06-11T20:42:03.384+0000] {history.py:296} ERROR - $PODD: possibly delisted; no price data found  (1d 2026-06-11 -> 2026-06-11)
[2026-06-11T20:42:03.403+0000] {history.py:296} ERROR - $IQV: possibly delisted; no price data found  (1d 2026-06-11 -> 2026-06-11)
[2026-06-11T20:42:03.414+0000] {history.py:296} ERROR - $JKHY: possibly delisted; no price data found  (1d 2026-06-11 -> 2026-06-11)
[2026-06-11T20:42:03.426+0000] {history.py:296} ERROR - $J: possibly delisted; no price data found  (1d 2026-06-11 -> 2026-06-11)
[2026-06-11T20:42:03.426+0000] {history.py:296} ERROR - $LHX: possibly delisted; no price data found  (1d 2026-06-11 -> 2026-06-11)
[2026-06-11T20:42:03.449+0000] {history.py:296} ERROR - $KHC: possibly delisted; no price data found  (1d 2026-06-11 -> 2026-06-11)
[2026-06-11T20:42:03.464+0000] {history.py:296} ERROR - $KLAC: possibly delisted; no price data found  (1d 2026-06-11 -> 2026-06-11)
[2026-06-11T20:42:03.502+0000] {history.py:296} ERROR - $LH: possibly delisted; no price data found  (1d 2026-06-11 -> 2026-06-11)
[2026-06-11T20:42:03.528+0000] {history.py:296} ERROR - $KMB: possibly delisted; no price data found  (1d 2026-06-11 -> 2026-06-11)
[2026-06-11T20:42:03.629+0000] {history.py:296} ERROR - $JPM: possibly delisted; no price data found  (1d 2026-06-11 -> 2026-06-11)
[2026-06-11T20:42:03.648+0000] {history.py:296} ERROR - $KEY: possibly delisted; no price data found  (1d 2026-06-11 -> 2026-06-11)
[2026-06-11T20:42:03.792+0000] {history.py:296} ERROR - $MAR: possibly delisted; no price data found  (1d 2026-06-11 -> 2026-06-11)
[2026-06-11T20:42:03.811+0000] {history.py:296} ERROR - $LOW: possibly delisted; no price data found  (1d 2026-06-11 -> 2026-06-11)
[2026-06-11T20:42:04.052+0000] {history.py:296} ERROR - $LLY: possibly delisted; no price data found  (1d 2026-06-11 -> 2026-06-11)
[2026-06-11T20:42:04.061+0000] {multi.py:187} ERROR - 
50 Failed downloads:
[2026-06-11T20:42:04.062+0000] {multi.py:195} ERROR - ['LULU', 'INTU', 'KMI', 'IBKR', 'LITE', 'KDP', 'KVUE', 'INTC', 'ICE', 'LVS', 'LII', 'LDOS', 'JBL', 'KR', 'LRCX', 'LMT', 'LYB', 'INVH', 'ISRG', 'KKR', 'KEYS', 'LIN', 'IRM', 'MPC', 'IFF', 'LYV', 'JCI', 'IVZ', 'IP', 'LEN', 'JBHT', 'JNJ', 'KIM', 'L', 'IR', 'MTB', 'PODD', 'IQV', 'JKHY', 'J', 'LHX', 'KHC', 'KLAC', 'LH', 'KMB', 'JPM', 'KEY', 'MAR', 'LOW', 'LLY']: possibly delisted; no price data found  (1d 2026-06-11 -> 2026-06-11)
[2026-06-11T20:42:06.065+0000] {minio_fetching_data_daily.py:160} INFO - Batch 7 | start=2026-06-11 | 50 tickers
[2026-06-11T20:42:06.392+0000] {history.py:296} ERROR - $MNST: possibly delisted; no price data found  (1d 2026-06-11 -> 2026-06-11)
[2026-06-11T20:42:06.420+0000] {history.py:296} ERROR - $ORLY: possibly delisted; no price data found  (1d 2026-06-11 -> 2026-06-11)
[2026-06-11T20:42:06.455+0000] {history.py:296} ERROR - $ODFL: possibly delisted; no price data found  (1d 2026-06-11 -> 2026-06-11)
[2026-06-11T20:42:06.466+0000] {history.py:296} ERROR - $MRNA: possibly delisted; no price data found  (1d 2026-06-11 -> 2026-06-11)
[2026-06-11T20:42:06.479+0000] {history.py:296} ERROR - $NXPI: possibly delisted; no price data found  (1d 2026-06-11 -> 2026-06-11)
[2026-06-11T20:42:06.512+0000] {history.py:296} ERROR - $NWSA: possibly delisted; no price data found  (1d 2026-06-11 -> 2026-06-11)
[2026-06-11T20:42:06.533+0000] {history.py:296} ERROR - $NDAQ: possibly delisted; no price data found  (1d 2026-06-11 -> 2026-06-11)
[2026-06-11T20:42:06.543+0000] {history.py:296} ERROR - $NEE: possibly delisted; no price data found  (1d 2026-06-11 -> 2026-06-11)
[2026-06-11T20:42:06.544+0000] {history.py:296} ERROR - $MAA: possibly delisted; no price data found  (1d 2026-06-11 -> 2026-06-11)
[2026-06-11T20:42:06.548+0000] {history.py:296} ERROR - $MCO: possibly delisted; no price data found  (1d 2026-06-11 -> 2026-06-11)
[2026-06-11T20:42:06.564+0000] {history.py:296} ERROR - $NEM: possibly delisted; no price data found  (1d 2026-06-11 -> 2026-06-11)
[2026-06-11T20:42:06.574+0000] {history.py:296} ERROR - $MKC: possibly delisted; no price data found  (1d 2026-06-11 -> 2026-06-11)
[2026-06-11T20:42:06.578+0000] {history.py:296} ERROR - $MET: possibly delisted; no price data found  (1d 2026-06-11 -> 2026-06-11)
[2026-06-11T20:42:06.585+0000] {history.py:296} ERROR - $NVDA: possibly delisted; no price data found  (1d 2026-06-11 -> 2026-06-11)
[2026-06-11T20:42:06.652+0000] {history.py:296} ERROR - $OXY: possibly delisted; no price data found  (1d 2026-06-11 -> 2026-06-11)
[2026-06-11T20:42:06.971+0000] {history.py:296} ERROR - $MSCI: possibly delisted; no price data found  (1d 2026-06-11 -> 2026-06-11)
[2026-06-11T20:42:06.978+0000] {history.py:296} ERROR - $NTAP: possibly delisted; no price data found  (1d 2026-06-11 -> 2026-06-11)
[2026-06-11T20:42:06.998+0000] {history.py:296} ERROR - $OMC: possibly delisted; no price data found  (1d 2026-06-11 -> 2026-06-11)
[2026-06-11T20:42:07.014+0000] {history.py:296} ERROR - $NDSN: possibly delisted; no price data found  (1d 2026-06-11 -> 2026-06-11)
[2026-06-11T20:42:07.017+0000] {history.py:296} ERROR - $MTD: possibly delisted; no price data found  (1d 2026-06-11 -> 2026-06-11)
[2026-06-11T20:42:07.034+0000] {history.py:296} ERROR - $MCK: possibly delisted; no price data found  (1d 2026-06-11 -> 2026-06-11)
[2026-06-11T20:42:07.085+0000] {history.py:296} ERROR - $MSI: possibly delisted; no price data found  (1d 2026-06-11 -> 2026-06-11)
[2026-06-11T20:42:07.215+0000] {history.py:296} ERROR - $MPWR: possibly delisted; no price data found  (1d 2026-06-11 -> 2026-06-11)
[2026-06-11T20:42:07.224+0000] {history.py:296} ERROR - $NRG: possibly delisted; no price data found  (1d 2026-06-11 -> 2026-06-11)
[2026-06-11T20:42:07.241+0000] {history.py:296} ERROR - $MDLZ: possibly delisted; no price data found  (1d 2026-06-11 -> 2026-06-11)
[2026-06-11T20:42:07.279+0000] {history.py:296} ERROR - $MSFT: possibly delisted; no price data found  (1d 2026-06-11 -> 2026-06-11)
[2026-06-11T20:42:07.311+0000] {history.py:296} ERROR - $META: possibly delisted; no price data found  (1d 2026-06-11 -> 2026-06-11)
[2026-06-11T20:42:07.318+0000] {history.py:296} ERROR - $TAP: possibly delisted; no price data found  (1d 2026-06-11 -> 2026-06-11)
[2026-06-11T20:42:07.337+0000] {history.py:296} ERROR - $NWS: possibly delisted; no price data found  (1d 2026-06-11 -> 2026-06-11)
[2026-06-11T20:42:07.367+0000] {history.py:296} ERROR - $NCLH: possibly delisted; no price data found  (1d 2026-06-11 -> 2026-06-11)
[2026-06-11T20:42:07.369+0000] {history.py:296} ERROR - $MDT: possibly delisted; no price data found  (1d 2026-06-11 -> 2026-06-11)
[2026-06-11T20:42:07.373+0000] {history.py:296} ERROR - $NTRS: possibly delisted; no price data found  (1d 2026-06-11 -> 2026-06-11)
[2026-06-11T20:42:07.407+0000] {history.py:296} ERROR - $MA: possibly delisted; no price data found  (1d 2026-06-11 -> 2026-06-11)
[2026-06-11T20:42:07.421+0000] {history.py:296} ERROR - $MS: possibly delisted; no price data found  (1d 2026-06-11 -> 2026-06-11)
[2026-06-11T20:42:07.484+0000] {history.py:296} ERROR - $MGM: possibly delisted; no price data found  (1d 2026-06-11 -> 2026-06-11)
[2026-06-11T20:42:07.520+0000] {history.py:296} ERROR - $MCD: possibly delisted; no price data found  (1d 2026-06-11 -> 2026-06-11)
[2026-06-11T20:42:07.537+0000] {history.py:296} ERROR - $NKE: possibly delisted; no price data found  (1d 2026-06-11 -> 2026-06-11)
[2026-06-11T20:42:07.595+0000] {history.py:296} ERROR - $MOS: possibly delisted; no price data found  (1d 2026-06-11 -> 2026-06-11)
[2026-06-11T20:42:07.635+0000] {history.py:296} ERROR - $MCHP: possibly delisted; no price data found  (1d 2026-06-11 -> 2026-06-11)
[2026-06-11T20:42:07.660+0000] {history.py:296} ERROR - $MLM: possibly delisted; no price data found  (1d 2026-06-11 -> 2026-06-11)
[2026-06-11T20:42:07.665+0000] {history.py:296} ERROR - $NFLX: possibly delisted; no price data found  (1d 2026-06-11 -> 2026-06-11)
[2026-06-11T20:42:07.704+0000] {history.py:296} ERROR - $NVR: possibly delisted; no price data found  (1d 2026-06-11 -> 2026-06-11)
[2026-06-11T20:42:07.735+0000] {history.py:296} ERROR - $NSC: possibly delisted; no price data found  (1d 2026-06-11 -> 2026-06-11)
[2026-06-11T20:42:07.764+0000] {history.py:296} ERROR - $NI: possibly delisted; no price data found  (1d 2026-06-11 -> 2026-06-11)
[2026-06-11T20:42:07.822+0000] {history.py:296} ERROR - $MU: possibly delisted; no price data found  (1d 2026-06-11 -> 2026-06-11)
[2026-06-11T20:42:07.849+0000] {history.py:296} ERROR - $MRK: possibly delisted; no price data found  (1d 2026-06-11 -> 2026-06-11)
[2026-06-11T20:42:07.870+0000] {history.py:296} ERROR - $MAS: possibly delisted; no price data found  (1d 2026-06-11 -> 2026-06-11)
[2026-06-11T20:42:07.885+0000] {history.py:296} ERROR - $MRSH: possibly delisted; no price data found  (1d 2026-06-11 -> 2026-06-11)
[2026-06-11T20:42:07.892+0000] {history.py:296} ERROR - $NUE: possibly delisted; no price data found  (1d 2026-06-11 -> 2026-06-11)
[2026-06-11T20:42:07.903+0000] {history.py:296} ERROR - $NOC: possibly delisted; no price data found  (1d 2026-06-11 -> 2026-06-11)
[2026-06-11T20:42:07.906+0000] {multi.py:187} ERROR - 
50 Failed downloads:
[2026-06-11T20:42:07.907+0000] {multi.py:195} ERROR - ['MNST', 'ORLY', 'ODFL', 'MRNA', 'NXPI', 'NWSA', 'NDAQ', 'NEE', 'MAA', 'MCO', 'NEM', 'MKC', 'MET', 'NVDA', 'OXY', 'MSCI', 'NTAP', 'OMC', 'NDSN', 'MTD', 'MCK', 'MSI', 'MPWR', 'NRG', 'MDLZ', 'MSFT', 'META', 'TAP', 'NWS', 'NCLH', 'MDT', 'NTRS', 'MA', 'MS', 'MGM', 'MCD', 'NKE', 'MOS', 'MCHP', 'MLM', 'NFLX', 'NVR', 'NSC', 'NI', 'MU', 'MRK', 'MAS', 'MRSH', 'NUE', 'NOC']: possibly delisted; no price data found  (1d 2026-06-11 -> 2026-06-11)
[2026-06-11T20:42:09.916+0000] {minio_fetching_data_daily.py:160} INFO - Batch 8 | start=2026-06-11 | 50 tickers
[2026-06-11T20:42:10.284+0000] {history.py:296} ERROR - $OTIS: possibly delisted; no price data found  (1d 2026-06-11 -> 2026-06-11)
[2026-06-11T20:42:10.318+0000] {history.py:296} ERROR - $PM: possibly delisted; no price data found  (1d 2026-06-11 -> 2026-06-11)
[2026-06-11T20:42:10.325+0000] {history.py:296} ERROR - $ON: possibly delisted; no price data found  (1d 2026-06-11 -> 2026-06-11)
[2026-06-11T20:42:10.338+0000] {history.py:296} ERROR - $RMD: possibly delisted; no price data found  (1d 2026-06-11 -> 2026-06-11)
[2026-06-11T20:42:10.354+0000] {history.py:296} ERROR - $Q: possibly delisted; no price data found  (1d 2026-06-11 -> 2026-06-11)
[2026-06-11T20:42:10.363+0000] {history.py:296} ERROR - $PLD: possibly delisted; no price data found  (1d 2026-06-11 -> 2026-06-11)
[2026-06-11T20:42:10.382+0000] {history.py:296} ERROR - $PAYX: possibly delisted; no price data found  (1d 2026-06-11 -> 2026-06-11)
[2026-06-11T20:42:10.389+0000] {history.py:296} ERROR - $PLTR: possibly delisted; no price data found  (1d 2026-06-11 -> 2026-06-11)
[2026-06-11T20:42:10.395+0000] {history.py:296} ERROR - $RJF: possibly delisted; no price data found  (1d 2026-06-11 -> 2026-06-11)
[2026-06-11T20:42:10.396+0000] {history.py:296} ERROR - $OKE: possibly delisted; no price data found  (1d 2026-06-11 -> 2026-06-11)
[2026-06-11T20:42:10.423+0000] {history.py:296} ERROR - $PGR: possibly delisted; no price data found  (1d 2026-06-11 -> 2026-06-11)
[2026-06-11T20:42:10.443+0000] {history.py:296} ERROR - $PEG: possibly delisted; no price data found  (1d 2026-06-11 -> 2026-06-11)
[2026-06-11T20:42:10.458+0000] {history.py:296} ERROR - $RSG: possibly delisted; no price data found  (1d 2026-06-11 -> 2026-06-11)
[2026-06-11T20:42:10.470+0000] {history.py:296} ERROR - $REG: possibly delisted; no price data found  (1d 2026-06-11 -> 2026-06-11)
[2026-06-11T20:42:10.501+0000] {history.py:296} ERROR - $PCG: possibly delisted; no price data found  (1d 2026-06-11 -> 2026-06-11)
[2026-06-11T20:42:10.655+0000] {history.py:296} ERROR - $PANW: possibly delisted; no price data found  (1d 2026-06-11 -> 2026-06-11)
[2026-06-11T20:42:10.681+0000] {history.py:296} ERROR - $PWR: possibly delisted; no price data found  (1d 2026-06-11 -> 2026-06-11)
[2026-06-11T20:42:10.723+0000] {history.py:296} ERROR - $QCOM: possibly delisted; no price data found  (1d 2026-06-11 -> 2026-06-11)
[2026-06-11T20:42:10.832+0000] {history.py:296} ERROR - $PSKY: possibly delisted; no price data found  (1d 2026-06-11 -> 2026-06-11)
[2026-06-11T20:42:10.857+0000] {history.py:296} ERROR - $ORCL: possibly delisted; no price data found  (1d 2026-06-11 -> 2026-06-11)
[2026-06-11T20:42:10.865+0000] {history.py:296} ERROR - $RL: possibly delisted; no price data found  (1d 2026-06-11 -> 2026-06-11)
[2026-06-11T20:42:10.867+0000] {history.py:296} ERROR - $PH: possibly delisted; no price data found  (1d 2026-06-11 -> 2026-06-11)
[2026-06-11T20:42:10.869+0000] {history.py:296} ERROR - $HOOD: possibly delisted; no price data found  (1d 2026-06-11 -> 2026-06-11)
[2026-06-11T20:42:10.876+0000] {history.py:296} ERROR - $PRU: possibly delisted; no price data found  (1d 2026-06-11 -> 2026-06-11)
[2026-06-11T20:42:10.889+0000] {history.py:296} ERROR - $PCAR: possibly delisted; no price data found  (1d 2026-06-11 -> 2026-06-11)
[2026-06-11T20:42:10.927+0000] {history.py:296} ERROR - $ROK: possibly delisted; no price data found  (1d 2026-06-11 -> 2026-06-11)
[2026-06-11T20:42:10.928+0000] {history.py:296} ERROR - $PFE: possibly delisted; no price data found  (1d 2026-06-11 -> 2026-06-11)
[2026-06-11T20:42:10.954+0000] {history.py:296} ERROR - $PSA: possibly delisted; no price data found  (1d 2026-06-11 -> 2026-06-11)
[2026-06-11T20:42:10.987+0000] {history.py:296} ERROR - $O: possibly delisted; no price data found  (1d 2026-06-11 -> 2026-06-11)
[2026-06-11T20:42:11.184+0000] {history.py:296} ERROR - $RF: possibly delisted; no price data found  (1d 2026-06-11 -> 2026-06-11)
[2026-06-11T20:42:11.241+0000] {history.py:296} ERROR - $PKG: possibly delisted; no price data found  (1d 2026-06-11 -> 2026-06-11)
[2026-06-11T20:42:11.246+0000] {history.py:296} ERROR - $POOL: possibly delisted; no price data found  (1d 2026-06-11 -> 2026-06-11)
[2026-06-11T20:42:11.313+0000] {history.py:296} ERROR - $PYPL: possibly delisted; no price data found  (1d 2026-06-11 -> 2026-06-11)
[2026-06-11T20:42:11.322+0000] {history.py:296} ERROR - $PTC: possibly delisted; no price data found  (1d 2026-06-11 -> 2026-06-11)
[2026-06-11T20:42:11.372+0000] {history.py:296} ERROR - $REGN: possibly delisted; no price data found  (1d 2026-06-11 -> 2026-06-11)
[2026-06-11T20:42:11.380+0000] {history.py:296} ERROR - $ROP: possibly delisted; no price data found  (1d 2026-06-11 -> 2026-06-11)
[2026-06-11T20:42:11.406+0000] {history.py:296} ERROR - $PHM: possibly delisted; no price data found  (1d 2026-06-11 -> 2026-06-11)
[2026-06-11T20:42:11.440+0000] {history.py:296} ERROR - $RTX: possibly delisted; no price data found  (1d 2026-06-11 -> 2026-06-11)
[2026-06-11T20:42:11.456+0000] {history.py:296} ERROR - $PNW: possibly delisted; no price data found  (1d 2026-06-11 -> 2026-06-11)
[2026-06-11T20:42:11.488+0000] {history.py:296} ERROR - $PEP: possibly delisted; no price data found  (1d 2026-06-11 -> 2026-06-11)
[2026-06-11T20:42:11.495+0000] {history.py:296} ERROR - $PNR: possibly delisted; no price data found  (1d 2026-06-11 -> 2026-06-11)
[2026-06-11T20:42:11.526+0000] {history.py:296} ERROR - $PFG: possibly delisted; no price data found  (1d 2026-06-11 -> 2026-06-11)
[2026-06-11T20:42:11.546+0000] {history.py:296} ERROR - $PNC: possibly delisted; no price data found  (1d 2026-06-11 -> 2026-06-11)
[2026-06-11T20:42:11.598+0000] {history.py:296} ERROR - $RVTY: possibly delisted; no price data found  (1d 2026-06-11 -> 2026-06-11)
[2026-06-11T20:42:11.606+0000] {history.py:296} ERROR - $PPL: possibly delisted; no price data found  (1d 2026-06-11 -> 2026-06-11)
[2026-06-11T20:42:11.678+0000] {history.py:296} ERROR - $ROL: possibly delisted; no price data found  (1d 2026-06-11 -> 2026-06-11)
[2026-06-11T20:42:11.763+0000] {history.py:296} ERROR - $PSX: possibly delisted; no price data found  (1d 2026-06-11 -> 2026-06-11)
[2026-06-11T20:42:11.763+0000] {history.py:296} ERROR - $DGX: possibly delisted; no price data found  (1d 2026-06-11 -> 2026-06-11)
[2026-06-11T20:42:11.838+0000] {history.py:296} ERROR - $PPG: possibly delisted; no price data found  (1d 2026-06-11 -> 2026-06-11)
[2026-06-11T20:42:11.975+0000] {history.py:296} ERROR - $PG: possibly delisted; no price data found  (1d 2026-06-11 -> 2026-06-11)
[2026-06-11T20:42:11.981+0000] {multi.py:187} ERROR - 
50 Failed downloads:
[2026-06-11T20:42:11.982+0000] {multi.py:195} ERROR - ['OTIS', 'PM', 'ON', 'RMD', 'Q', 'PLD', 'PAYX', 'PLTR', 'RJF', 'OKE', 'PGR', 'PEG', 'RSG', 'REG', 'PCG', 'PANW', 'PWR', 'QCOM', 'PSKY', 'ORCL', 'RL', 'PH', 'HOOD', 'PRU', 'PCAR', 'ROK', 'PFE', 'PSA', 'O', 'RF', 'PKG', 'POOL', 'PYPL', 'PTC', 'REGN', 'ROP', 'PHM', 'RTX', 'PNW', 'PEP', 'PNR', 'PFG', 'PNC', 'RVTY', 'PPL', 'ROL', 'PSX', 'DGX', 'PPG', 'PG']: possibly delisted; no price data found  (1d 2026-06-11 -> 2026-06-11)
[2026-06-11T20:42:13.988+0000] {minio_fetching_data_daily.py:160} INFO - Batch 9 | start=2026-06-11 | 50 tickers
[2026-06-11T20:42:14.378+0000] {history.py:296} ERROR - $SMCI: possibly delisted; no price data found  (1d 2026-06-11 -> 2026-06-11)
[2026-06-11T20:42:14.403+0000] {history.py:296} ERROR - $SBUX: possibly delisted; no price data found  (1d 2026-06-11 -> 2026-06-11)
[2026-06-11T20:42:14.410+0000] {history.py:296} ERROR - $SOLV: possibly delisted; no price data found  (1d 2026-06-11 -> 2026-06-11)
[2026-06-11T20:42:14.417+0000] {history.py:296} ERROR - $SNDK: possibly delisted; no price data found  (1d 2026-06-11 -> 2026-06-11)
[2026-06-11T20:42:14.417+0000] {history.py:296} ERROR - $SYF: possibly delisted; no price data found  (1d 2026-06-11 -> 2026-06-11)
[2026-06-11T20:42:14.428+0000] {history.py:296} ERROR - $TMUS: possibly delisted; no price data found  (1d 2026-06-11 -> 2026-06-11)
[2026-06-11T20:42:14.485+0000] {history.py:296} ERROR - $SYY: possibly delisted; no price data found  (1d 2026-06-11 -> 2026-06-11)
[2026-06-11T20:42:14.492+0000] {history.py:296} ERROR - $SHW: possibly delisted; no price data found  (1d 2026-06-11 -> 2026-06-11)
[2026-06-11T20:42:14.500+0000] {history.py:296} ERROR - $TROW: possibly delisted; no price data found  (1d 2026-06-11 -> 2026-06-11)
[2026-06-11T20:42:14.508+0000] {history.py:296} ERROR - $SPG: possibly delisted; no price data found  (1d 2026-06-11 -> 2026-06-11)
[2026-06-11T20:42:14.525+0000] {history.py:296} ERROR - $SWKS: possibly delisted; no price data found  (1d 2026-06-11 -> 2026-06-11)
[2026-06-11T20:42:14.526+0000] {history.py:296} ERROR - $STT: possibly delisted; no price data found  (1d 2026-06-11 -> 2026-06-11)
[2026-06-11T20:42:14.538+0000] {history.py:296} ERROR - $RCL: possibly delisted; no price data found  (1d 2026-06-11 -> 2026-06-11)
[2026-06-11T20:42:14.568+0000] {history.py:296} ERROR - $SWK: possibly delisted; no price data found  (1d 2026-06-11 -> 2026-06-11)
[2026-06-11T20:42:14.574+0000] {history.py:296} ERROR - $SLB: possibly delisted; no price data found  (1d 2026-06-11 -> 2026-06-11)
[2026-06-11T20:42:14.671+0000] {history.py:296} ERROR - $SPGI: possibly delisted; no price data found  (1d 2026-06-11 -> 2026-06-11)
[2026-06-11T20:42:14.796+0000] {history.py:296} ERROR - $TTWO: possibly delisted; no price data found  (1d 2026-06-11 -> 2026-06-11)
[2026-06-11T20:42:14.804+0000] {history.py:296} ERROR - $TRGP: possibly delisted; no price data found  (1d 2026-06-11 -> 2026-06-11)
[2026-06-11T20:42:14.868+0000] {history.py:296} ERROR - $STLD: possibly delisted; no price data found  (1d 2026-06-11 -> 2026-06-11)
[2026-06-11T20:42:14.889+0000] {history.py:296} ERROR - $TSCO: possibly delisted; no price data found  (1d 2026-06-11 -> 2026-06-11)
[2026-06-11T20:42:14.903+0000] {history.py:296} ERROR - $TER: possibly delisted; no price data found  (1d 2026-06-11 -> 2026-06-11)
[2026-06-11T20:42:14.952+0000] {history.py:296} ERROR - $SNPS: possibly delisted; no price data found  (1d 2026-06-11 -> 2026-06-11)
[2026-06-11T20:42:14.960+0000] {history.py:296} ERROR - $TPR: possibly delisted; no price data found  (1d 2026-06-11 -> 2026-06-11)
[2026-06-11T20:42:14.966+0000] {history.py:296} ERROR - $TT: possibly delisted; no price data found  (1d 2026-06-11 -> 2026-06-11)
[2026-06-11T20:42:14.973+0000] {history.py:296} ERROR - $TKO: possibly delisted; no price data found  (1d 2026-06-11 -> 2026-06-11)
[2026-06-11T20:42:14.975+0000] {history.py:296} ERROR - $TEL: possibly delisted; no price data found  (1d 2026-06-11 -> 2026-06-11)
[2026-06-11T20:42:14.989+0000] {history.py:296} ERROR - $TSLA: possibly delisted; no price data found  (1d 2026-06-11 -> 2026-06-11)
[2026-06-11T20:42:15.007+0000] {history.py:296} ERROR - $TGT: possibly delisted; no price data found  (1d 2026-06-11 -> 2026-06-11)
[2026-06-11T20:42:15.020+0000] {history.py:296} ERROR - $STE: possibly delisted; no price data found  (1d 2026-06-11 -> 2026-06-11)
[2026-06-11T20:42:15.078+0000] {history.py:296} ERROR - $TRV: possibly delisted; no price data found  (1d 2026-06-11 -> 2026-06-11)
[2026-06-11T20:42:15.109+0000] {history.py:296} ERROR - $SJM: possibly delisted; no price data found  (1d 2026-06-11 -> 2026-06-11)
[2026-06-11T20:42:15.222+0000] {history.py:296} ERROR - $TPL: possibly delisted; no price data found  (1d 2026-06-11 -> 2026-06-11)
[2026-06-11T20:42:15.315+0000] {history.py:296} ERROR - $TMO: possibly delisted; no price data found  (1d 2026-06-11 -> 2026-06-11)
[2026-06-11T20:42:15.357+0000] {history.py:296} ERROR - $CRM: possibly delisted; no price data found  (1d 2026-06-11 -> 2026-06-11)
[2026-06-11T20:42:15.415+0000] {history.py:296} ERROR - $SYK: possibly delisted; no price data found  (1d 2026-06-11 -> 2026-06-11)
[2026-06-11T20:42:15.417+0000] {history.py:296} ERROR - $ROST: possibly delisted; no price data found  (1d 2026-06-11 -> 2026-06-11)
[2026-06-11T20:42:15.463+0000] {history.py:296} ERROR - $TJX: possibly delisted; no price data found  (1d 2026-06-11 -> 2026-06-11)
[2026-06-11T20:42:15.464+0000] {history.py:296} ERROR - $SW: possibly delisted; no price data found  (1d 2026-06-11 -> 2026-06-11)
[2026-06-11T20:42:15.516+0000] {history.py:296} ERROR - $SRE: possibly delisted; no price data found  (1d 2026-06-11 -> 2026-06-11)
[2026-06-11T20:42:15.537+0000] {history.py:296} ERROR - $NOW: possibly delisted; no price data found  (1d 2026-06-11 -> 2026-06-11)
[2026-06-11T20:42:15.546+0000] {history.py:296} ERROR - $LUV: possibly delisted; no price data found  (1d 2026-06-11 -> 2026-06-11)
[2026-06-11T20:42:15.563+0000] {history.py:296} ERROR - $STX: possibly delisted; no price data found  (1d 2026-06-11 -> 2026-06-11)
[2026-06-11T20:42:15.564+0000] {history.py:296} ERROR - $SO: possibly delisted; no price data found  (1d 2026-06-11 -> 2026-06-11)
[2026-06-11T20:42:15.577+0000] {history.py:296} ERROR - $TDY: possibly delisted; no price data found  (1d 2026-06-11 -> 2026-06-11)
[2026-06-11T20:42:15.635+0000] {history.py:296} ERROR - $TDG: possibly delisted; no price data found  (1d 2026-06-11 -> 2026-06-11)
[2026-06-11T20:42:15.647+0000] {history.py:296} ERROR - $SNA: possibly delisted; no price data found  (1d 2026-06-11 -> 2026-06-11)
[2026-06-11T20:42:15.696+0000] {history.py:296} ERROR - $TXN: possibly delisted; no price data found  (1d 2026-06-11 -> 2026-06-11)
[2026-06-11T20:42:15.767+0000] {history.py:296} ERROR - $TTD: possibly delisted; no price data found  (1d 2026-06-11 -> 2026-06-11)
[2026-06-11T20:42:15.796+0000] {history.py:296} ERROR - $SBAC: possibly delisted; no price data found  (1d 2026-06-11 -> 2026-06-11)
[2026-06-11T20:42:15.800+0000] {history.py:296} ERROR - $TXT: possibly delisted; no price data found  (1d 2026-06-11 -> 2026-06-11)
[2026-06-11T20:42:15.808+0000] {multi.py:187} ERROR - 
50 Failed downloads:
[2026-06-11T20:42:15.810+0000] {multi.py:195} ERROR - ['SMCI', 'SBUX', 'SOLV', 'SNDK', 'SYF', 'TMUS', 'SYY', 'SHW', 'TROW', 'SPG', 'SWKS', 'STT', 'RCL', 'SWK', 'SLB', 'SPGI', 'TTWO', 'TRGP', 'STLD', 'TSCO', 'TER', 'SNPS', 'TPR', 'TT', 'TKO', 'TEL', 'TSLA', 'TGT', 'STE', 'TRV', 'SJM', 'TPL', 'TMO', 'CRM', 'SYK', 'ROST', 'TJX', 'SW', 'SRE', 'NOW', 'LUV', 'STX', 'SO', 'TDY', 'TDG', 'SNA', 'TXN', 'TTD', 'SBAC', 'TXT']: possibly delisted; no price data found  (1d 2026-06-11 -> 2026-06-11)
[2026-06-11T20:42:17.822+0000] {minio_fetching_data_daily.py:160} INFO - Batch 10 | start=2026-06-11 | 50 tickers
[2026-06-11T20:42:18.160+0000] {history.py:296} ERROR - $UAL: possibly delisted; no price data found  (1d 2026-06-11 -> 2026-06-11)
[2026-06-11T20:42:18.182+0000] {history.py:296} ERROR - $TRMB: possibly delisted; no price data found  (1d 2026-06-11 -> 2026-06-11)
[2026-06-11T20:42:18.226+0000] {history.py:296} ERROR - $WTW: possibly delisted; no price data found  (1d 2026-06-11 -> 2026-06-11)
[2026-06-11T20:42:18.232+0000] {history.py:296} ERROR - $VRT: possibly delisted; no price data found  (1d 2026-06-11 -> 2026-06-11)
[2026-06-11T20:42:18.242+0000] {history.py:296} ERROR - $VRTX: possibly delisted; no price data found  (1d 2026-06-11 -> 2026-06-11)
[2026-06-11T20:42:18.260+0000] {history.py:296} ERROR - $UPS: possibly delisted; no price data found  (1d 2026-06-11 -> 2026-06-11)
[2026-06-11T20:42:18.266+0000] {history.py:296} ERROR - $WSM: possibly delisted; no price data found  (1d 2026-06-11 -> 2026-06-11)
[2026-06-11T20:42:18.277+0000] {history.py:296} ERROR - $XYL: possibly delisted; no price data found  (1d 2026-06-11 -> 2026-06-11)
[2026-06-11T20:42:18.277+0000] {history.py:296} ERROR - $WDC: possibly delisted; no price data found  (1d 2026-06-11 -> 2026-06-11)
[2026-06-11T20:42:18.284+0000] {history.py:296} ERROR - $YUM: possibly delisted; no price data found  (1d 2026-06-11 -> 2026-06-11)
[2026-06-11T20:42:18.301+0000] {history.py:296} ERROR - $VST: possibly delisted; no price data found  (1d 2026-06-11 -> 2026-06-11)
[2026-06-11T20:42:18.305+0000] {history.py:296} ERROR - $WEC: possibly delisted; no price data found  (1d 2026-06-11 -> 2026-06-11)
[2026-06-11T20:42:18.314+0000] {history.py:296} ERROR - $WST: possibly delisted; no price data found  (1d 2026-06-11 -> 2026-06-11)
[2026-06-11T20:42:18.332+0000] {history.py:296} ERROR - $V: possibly delisted; no price data found  (1d 2026-06-11 -> 2026-06-11)
[2026-06-11T20:42:18.338+0000] {history.py:296} ERROR - $UHS: possibly delisted; no price data found  (1d 2026-06-11 -> 2026-06-11)
[2026-06-11T20:42:18.376+0000] {history.py:296} ERROR - $UNH: possibly delisted; no price data found  (1d 2026-06-11 -> 2026-06-11)
[2026-06-11T20:42:18.507+0000] {history.py:296} ERROR - $WBD: possibly delisted; no price data found  (1d 2026-06-11 -> 2026-06-11)
[2026-06-11T20:42:18.565+0000] {history.py:296} ERROR - $VEEV: possibly delisted; no price data found  (1d 2026-06-11 -> 2026-06-11)
[2026-06-11T20:42:18.637+0000] {history.py:296} ERROR - $URI: possibly delisted; no price data found  (1d 2026-06-11 -> 2026-06-11)
[2026-06-11T20:42:18.641+0000] {history.py:296} ERROR - $VRSK: possibly delisted; no price data found  (1d 2026-06-11 -> 2026-06-11)
[2026-06-11T20:42:18.643+0000] {history.py:296} ERROR - $ULTA: possibly delisted; no price data found  (1d 2026-06-11 -> 2026-06-11)
[2026-06-11T20:42:18.666+0000] {history.py:296} ERROR - $UDR: possibly delisted; no price data found  (1d 2026-06-11 -> 2026-06-11)
[2026-06-11T20:42:18.668+0000] {history.py:296} ERROR - $WM: possibly delisted; no price data found  (1d 2026-06-11 -> 2026-06-11)
[2026-06-11T20:42:18.679+0000] {history.py:296} ERROR - $VICI: possibly delisted; no price data found  (1d 2026-06-11 -> 2026-06-11)
[2026-06-11T20:42:18.684+0000] {history.py:296} ERROR - $WY: possibly delisted; no price data found  (1d 2026-06-11 -> 2026-06-11)
[2026-06-11T20:42:18.688+0000] {history.py:296} ERROR - $TSN: possibly delisted; no price data found  (1d 2026-06-11 -> 2026-06-11)
[2026-06-11T20:42:18.703+0000] {history.py:296} ERROR - $VMC: possibly delisted; no price data found  (1d 2026-06-11 -> 2026-06-11)
[2026-06-11T20:42:18.746+0000] {history.py:296} ERROR - $WFC: possibly delisted; no price data found  (1d 2026-06-11 -> 2026-06-11)
[2026-06-11T20:42:18.780+0000] {history.py:296} ERROR - $USB: possibly delisted; no price data found  (1d 2026-06-11 -> 2026-06-11)
[2026-06-11T20:42:18.783+0000] {history.py:296} ERROR - $VRSN: possibly delisted; no price data found  (1d 2026-06-11 -> 2026-06-11)
[2026-06-11T20:42:18.820+0000] {history.py:296} ERROR - $DIS: possibly delisted; no price data found  (1d 2026-06-11 -> 2026-06-11)
[2026-06-11T20:42:18.835+0000] {history.py:296} ERROR - $XEL: possibly delisted; no price data found  (1d 2026-06-11 -> 2026-06-11)
[2026-06-11T20:42:18.896+0000] {history.py:296} ERROR - $WAT: possibly delisted; no price data found  (1d 2026-06-11 -> 2026-06-11)
[2026-06-11T20:42:18.988+0000] {history.py:296} ERROR - $GWW: possibly delisted; no price data found  (1d 2026-06-11 -> 2026-06-11)
[2026-06-11T20:42:18.988+0000] {history.py:296} ERROR - $UBER: possibly delisted; no price data found  (1d 2026-06-11 -> 2026-06-11)
[2026-06-11T20:42:18.991+0000] {history.py:296} ERROR - $VLTO: possibly delisted; no price data found  (1d 2026-06-11 -> 2026-06-11)
[2026-06-11T20:42:19.155+0000] {history.py:296} ERROR - $VLO: possibly delisted; no price data found  (1d 2026-06-11 -> 2026-06-11)
[2026-06-11T20:42:19.159+0000] {history.py:296} ERROR - $TFC: possibly delisted; no price data found  (1d 2026-06-11 -> 2026-06-11)
[2026-06-11T20:42:19.160+0000] {history.py:296} ERROR - $UNP: possibly delisted; no price data found  (1d 2026-06-11 -> 2026-06-11)
[2026-06-11T20:42:19.161+0000] {history.py:296} ERROR - $WELL: possibly delisted; no price data found  (1d 2026-06-11 -> 2026-06-11)
[2026-06-11T20:42:19.162+0000] {history.py:296} ERROR - $WMB: possibly delisted; no price data found  (1d 2026-06-11 -> 2026-06-11)
[2026-06-11T20:42:19.163+0000] {history.py:296} ERROR - $VTRS: possibly delisted; no price data found  (1d 2026-06-11 -> 2026-06-11)
[2026-06-11T20:42:19.180+0000] {history.py:296} ERROR - $WDAY: possibly delisted; no price data found  (1d 2026-06-11 -> 2026-06-11)
[2026-06-11T20:42:19.184+0000] {history.py:296} ERROR - $WMT: possibly delisted; no price data found  (1d 2026-06-11 -> 2026-06-11)
[2026-06-11T20:42:19.217+0000] {history.py:296} ERROR - $WAB: possibly delisted; no price data found  (1d 2026-06-11 -> 2026-06-11)
[2026-06-11T20:42:19.221+0000] {history.py:296} ERROR - $VTR: possibly delisted; no price data found  (1d 2026-06-11 -> 2026-06-11)
[2026-06-11T20:42:19.229+0000] {history.py:296} ERROR - $VZ: possibly delisted; no price data found  (1d 2026-06-11 -> 2026-06-11)
[2026-06-11T20:42:19.252+0000] {history.py:296} ERROR - $TYL: possibly delisted; no price data found  (1d 2026-06-11 -> 2026-06-11)
[2026-06-11T20:42:19.523+0000] {history.py:296} ERROR - $WRB: possibly delisted; no price data found  (1d 2026-06-11 -> 2026-06-11)
[2026-06-11T20:42:19.762+0000] {history.py:296} ERROR - $WYNN: possibly delisted; no price data found  (1d 2026-06-11 -> 2026-06-11)
[2026-06-11T20:42:19.766+0000] {multi.py:187} ERROR - 
50 Failed downloads:
[2026-06-11T20:42:19.767+0000] {multi.py:195} ERROR - ['UAL', 'TRMB', 'WTW', 'VRT', 'VRTX', 'UPS', 'WSM', 'XYL', 'WDC', 'YUM', 'VST', 'WEC', 'WST', 'V', 'UHS', 'UNH', 'WBD', 'VEEV', 'URI', 'VRSK', 'ULTA', 'UDR', 'WM', 'VICI', 'WY', 'TSN', 'VMC', 'WFC', 'USB', 'VRSN', 'DIS', 'XEL', 'WAT', 'GWW', 'UBER', 'VLTO', 'VLO', 'TFC', 'UNP', 'WELL', 'WMB', 'VTRS', 'WDAY', 'WMT', 'WAB', 'VTR', 'VZ', 'TYL', 'WRB', 'WYNN']: possibly delisted; no price data found  (1d 2026-06-11 -> 2026-06-11)
[2026-06-11T20:42:21.774+0000] {minio_fetching_data_daily.py:160} INFO - Batch 11 | start=2026-06-11 | 3 tickers
[2026-06-11T20:42:22.175+0000] {history.py:296} ERROR - $ZBRA: possibly delisted; no price data found  (1d 2026-06-11 -> 2026-06-11)
[2026-06-11T20:42:22.250+0000] {history.py:296} ERROR - $ZTS: possibly delisted; no price data found  (1d 2026-06-11 -> 2026-06-11)
[2026-06-11T20:42:22.261+0000] {history.py:296} ERROR - $ZBH: possibly delisted; no price data found  (1d 2026-06-11 -> 2026-06-11)
[2026-06-11T20:42:22.266+0000] {multi.py:187} ERROR - 
3 Failed downloads:
[2026-06-11T20:42:22.266+0000] {multi.py:195} ERROR - ['ZBRA', 'ZTS', 'ZBH']: possibly delisted; no price data found  (1d 2026-06-11 -> 2026-06-11)
[2026-06-11T20:42:24.268+0000] {minio_fetching_data_daily.py:165} INFO - ==================================================
[2026-06-11T20:42:24.270+0000] {minio_fetching_data_daily.py:166} INFO - Done. Check your MinIO console at http://localhost:9001
[2026-06-11T20:42:24.276+0000] {minio_fetching_data_daily.py:169} WARNING - 503 failed tickers saved locally to failed_daily.csv
[2026-06-11T20:42:24.277+0000] {python.py:237} INFO - Done. Returned value was: None
[2026-06-11T20:42:24.278+0000] {taskinstance.py:441} INFO - ::group::Post task execution logs
[2026-06-11T20:42:24.288+0000] {taskinstance.py:1206} INFO - Marking task as SUCCESS. dag_id=sp500_master_ingestion_pipeline, task_id=extract_daily_data, run_id=scheduled__2026-06-10T20:30:00+00:00, execution_date=20260610T203000, start_date=20260611T204131, end_date=20260611T204224
[2026-06-11T20:42:24.316+0000] {local_task_job_runner.py:240} INFO - Task exited with return code 0
[2026-06-11T20:42:24.329+0000] {taskinstance.py:3498} INFO - 1 downstream tasks scheduled from follow-on schedule check
[2026-06-11T20:42:24.334+0000] {local_task_job_runner.py:222} INFO - ::endgroup::
