[2026-06-13T13:31:41.575+0000] {local_task_job_runner.py:120} INFO - ::group::Pre task execution logs
[2026-06-13T13:31:41.604+0000] {taskinstance.py:2076} INFO - Dependencies all met for dep_context=non-requeueable deps ti=<TaskInstance: sp500_master_ingestion_pipeline.extract_daily_data scheduled__2026-06-11T20:30:00+00:00 [queued]>
[2026-06-13T13:31:41.612+0000] {taskinstance.py:2076} INFO - Dependencies all met for dep_context=requeueable deps ti=<TaskInstance: sp500_master_ingestion_pipeline.extract_daily_data scheduled__2026-06-11T20:30:00+00:00 [queued]>
[2026-06-13T13:31:41.613+0000] {taskinstance.py:2306} INFO - Starting attempt 1 of 3
[2026-06-13T13:31:41.627+0000] {taskinstance.py:2330} INFO - Executing <Task(PythonOperator): extract_daily_data> on 2026-06-11 20:30:00+00:00
[2026-06-13T13:31:41.635+0000] {standard_task_runner.py:90} INFO - Running: ['***', 'tasks', 'run', 'sp500_master_ingestion_pipeline', 'extract_daily_data', 'scheduled__2026-06-11T20:30:00+00:00', '--job-id', '11', '--raw', '--subdir', 'DAGS_FOLDER/sp500_master_ingestion_dag.py', '--cfg-path', '/tmp/tmp1x3kccix']
[2026-06-13T13:31:41.637+0000] {logging_mixin.py:188} WARNING - /home/***/.local/lib/python3.12/site-packages/***/task/task_runner/standard_task_runner.py:61 DeprecationWarning: This process (pid=198) is multi-threaded, use of fork() may lead to deadlocks in the child.
[2026-06-13T13:31:41.638+0000] {standard_task_runner.py:91} INFO - Job 11: Subtask extract_daily_data
[2026-06-13T13:31:41.639+0000] {standard_task_runner.py:63} INFO - Started process 203 to run task
[2026-06-13T13:31:41.700+0000] {task_command.py:426} INFO - Running <TaskInstance: sp500_master_ingestion_pipeline.extract_daily_data scheduled__2026-06-11T20:30:00+00:00 [running]> on host ffc1bd9c712f
[2026-06-13T13:31:41.801+0000] {taskinstance.py:2648} INFO - Exporting env vars: AIRFLOW_CTX_DAG_OWNER='data_engineering_team' AIRFLOW_CTX_DAG_ID='sp500_master_ingestion_pipeline' AIRFLOW_CTX_TASK_ID='extract_daily_data' AIRFLOW_CTX_EXECUTION_DATE='2026-06-11T20:30:00+00:00' AIRFLOW_CTX_TRY_NUMBER='1' AIRFLOW_CTX_DAG_RUN_ID='scheduled__2026-06-11T20:30:00+00:00'
[2026-06-13T13:31:41.803+0000] {taskinstance.py:430} INFO - ::endgroup::
[2026-06-13T13:31:41.832+0000] {minio_fetching_data_daily.py:43} INFO - Fetching S&P 500 tickers from Wikipedia …
[2026-06-13T13:31:42.346+0000] {minio_fetching_data_daily.py:52} INFO - Found 503 tickers.
[2026-06-13T13:31:50.138+0000] {minio_fetching_data_daily.py:154} INFO - New tickers: 0 | To update: 503 | End date: 2026-06-13
[2026-06-13T13:31:50.139+0000] {minio_fetching_data_daily.py:160} INFO - Batch 1 | start=2026-06-11 | 50 tickers
[2026-06-13T13:31:53.306+0000] {minio_fetching_data_daily.py:111} INFO -   MMM: +2 rows → 2515 total in MinIO
[2026-06-13T13:31:53.366+0000] {minio_fetching_data_daily.py:111} INFO -   AOS: +2 rows → 2515 total in MinIO
[2026-06-13T13:31:53.447+0000] {minio_fetching_data_daily.py:111} INFO -   ABT: +2 rows → 2515 total in MinIO
[2026-06-13T13:31:53.491+0000] {minio_fetching_data_daily.py:111} INFO -   ABBV: +2 rows → 2515 total in MinIO
[2026-06-13T13:31:53.548+0000] {minio_fetching_data_daily.py:111} INFO -   ACN: +2 rows → 2515 total in MinIO
[2026-06-13T13:31:53.615+0000] {minio_fetching_data_daily.py:111} INFO -   ADBE: +2 rows → 2515 total in MinIO
[2026-06-13T13:31:53.689+0000] {minio_fetching_data_daily.py:111} INFO -   AMD: +2 rows → 2515 total in MinIO
[2026-06-13T13:31:53.762+0000] {minio_fetching_data_daily.py:111} INFO -   AES: +2 rows → 2515 total in MinIO
[2026-06-13T13:31:53.841+0000] {minio_fetching_data_daily.py:111} INFO -   AFL: +2 rows → 2515 total in MinIO
[2026-06-13T13:31:53.900+0000] {minio_fetching_data_daily.py:111} INFO -   A: +2 rows → 2515 total in MinIO
[2026-06-13T13:31:54.024+0000] {minio_fetching_data_daily.py:111} INFO -   APD: +2 rows → 2515 total in MinIO
[2026-06-13T13:31:54.144+0000] {minio_fetching_data_daily.py:111} INFO -   ABNB: +2 rows → 1382 total in MinIO
[2026-06-13T13:31:54.236+0000] {minio_fetching_data_daily.py:111} INFO -   AKAM: +2 rows → 2515 total in MinIO
[2026-06-13T13:31:54.367+0000] {minio_fetching_data_daily.py:111} INFO -   ALB: +2 rows → 2515 total in MinIO
[2026-06-13T13:31:54.471+0000] {minio_fetching_data_daily.py:111} INFO -   ARE: +2 rows → 2515 total in MinIO
[2026-06-13T13:31:54.648+0000] {minio_fetching_data_daily.py:111} INFO -   ALGN: +2 rows → 2515 total in MinIO
[2026-06-13T13:31:54.739+0000] {minio_fetching_data_daily.py:111} INFO -   ALLE: +2 rows → 2515 total in MinIO
[2026-06-13T13:31:54.868+0000] {minio_fetching_data_daily.py:111} INFO -   LNT: +2 rows → 2515 total in MinIO
[2026-06-13T13:31:55.086+0000] {minio_fetching_data_daily.py:111} INFO -   ALL: +2 rows → 2515 total in MinIO
[2026-06-13T13:31:55.182+0000] {minio_fetching_data_daily.py:111} INFO -   GOOGL: +2 rows → 2515 total in MinIO
[2026-06-13T13:31:55.267+0000] {minio_fetching_data_daily.py:111} INFO -   GOOG: +2 rows → 2515 total in MinIO
[2026-06-13T13:31:55.392+0000] {minio_fetching_data_daily.py:111} INFO -   MO: +2 rows → 2515 total in MinIO
[2026-06-13T13:31:55.553+0000] {minio_fetching_data_daily.py:111} INFO -   AMZN: +2 rows → 2515 total in MinIO
[2026-06-13T13:31:55.673+0000] {minio_fetching_data_daily.py:111} INFO -   AMCR: +2 rows → 2515 total in MinIO
[2026-06-13T13:31:55.805+0000] {minio_fetching_data_daily.py:111} INFO -   AEE: +2 rows → 2515 total in MinIO
[2026-06-13T13:31:55.957+0000] {minio_fetching_data_daily.py:111} INFO -   AEP: +2 rows → 2515 total in MinIO
[2026-06-13T13:31:56.188+0000] {minio_fetching_data_daily.py:111} INFO -   AXP: +2 rows → 2515 total in MinIO
[2026-06-13T13:31:56.298+0000] {minio_fetching_data_daily.py:111} INFO -   AIG: +2 rows → 2515 total in MinIO
[2026-06-13T13:31:56.386+0000] {minio_fetching_data_daily.py:111} INFO -   AMT: +2 rows → 2515 total in MinIO
[2026-06-13T13:31:56.460+0000] {minio_fetching_data_daily.py:111} INFO -   AWK: +2 rows → 2515 total in MinIO
[2026-06-13T13:31:56.556+0000] {minio_fetching_data_daily.py:111} INFO -   AMP: +2 rows → 2515 total in MinIO
[2026-06-13T13:31:56.679+0000] {minio_fetching_data_daily.py:111} INFO -   AME: +2 rows → 2515 total in MinIO
[2026-06-13T13:31:56.776+0000] {minio_fetching_data_daily.py:111} INFO -   AMGN: +2 rows → 2515 total in MinIO
[2026-06-13T13:31:56.888+0000] {minio_fetching_data_daily.py:111} INFO -   APH: +2 rows → 2515 total in MinIO
[2026-06-13T13:31:56.960+0000] {minio_fetching_data_daily.py:111} INFO -   ADI: +2 rows → 2515 total in MinIO
[2026-06-13T13:31:57.043+0000] {minio_fetching_data_daily.py:111} INFO -   AON: +2 rows → 2515 total in MinIO
[2026-06-13T13:31:57.112+0000] {minio_fetching_data_daily.py:111} INFO -   APA: +2 rows → 2515 total in MinIO
[2026-06-13T13:31:57.204+0000] {minio_fetching_data_daily.py:111} INFO -   APO: +2 rows → 2515 total in MinIO
[2026-06-13T13:31:57.291+0000] {minio_fetching_data_daily.py:111} INFO -   AAPL: +2 rows → 2515 total in MinIO
[2026-06-13T13:31:57.334+0000] {minio_fetching_data_daily.py:111} INFO -   AMAT: +2 rows → 2515 total in MinIO
[2026-06-13T13:31:57.441+0000] {minio_fetching_data_daily.py:111} INFO -   APP: +2 rows → 1297 total in MinIO
[2026-06-13T13:31:57.497+0000] {minio_fetching_data_daily.py:111} INFO -   APTV: +2 rows → 2515 total in MinIO
[2026-06-13T13:31:57.687+0000] {minio_fetching_data_daily.py:111} INFO -   ACGL: +2 rows → 2515 total in MinIO
[2026-06-13T13:31:57.786+0000] {minio_fetching_data_daily.py:111} INFO -   ADM: +2 rows → 2515 total in MinIO
[2026-06-13T13:31:57.876+0000] {minio_fetching_data_daily.py:111} INFO -   ARES: +2 rows → 2515 total in MinIO
[2026-06-13T13:31:57.949+0000] {minio_fetching_data_daily.py:111} INFO -   ANET: +2 rows → 2515 total in MinIO
[2026-06-13T13:31:58.046+0000] {minio_fetching_data_daily.py:111} INFO -   AJG: +2 rows → 2515 total in MinIO
[2026-06-13T13:31:58.128+0000] {minio_fetching_data_daily.py:111} INFO -   AIZ: +2 rows → 2515 total in MinIO
[2026-06-13T13:31:58.214+0000] {minio_fetching_data_daily.py:111} INFO -   T: +2 rows → 2515 total in MinIO
[2026-06-13T13:32:00.234+0000] {minio_fetching_data_daily.py:111} INFO -   ATO: +2 rows → 2515 total in MinIO
[2026-06-13T13:32:02.294+0000] {minio_fetching_data_daily.py:160} INFO - Batch 2 | start=2026-06-11 | 50 tickers
[2026-06-13T13:32:05.118+0000] {minio_fetching_data_daily.py:111} INFO -   ADSK: +2 rows → 2515 total in MinIO
[2026-06-13T13:32:05.225+0000] {minio_fetching_data_daily.py:111} INFO -   ADP: +2 rows → 2515 total in MinIO
[2026-06-13T13:32:05.325+0000] {minio_fetching_data_daily.py:111} INFO -   AZO: +2 rows → 2515 total in MinIO
[2026-06-13T13:32:05.409+0000] {minio_fetching_data_daily.py:111} INFO -   AVB: +2 rows → 2515 total in MinIO
[2026-06-13T13:32:05.489+0000] {minio_fetching_data_daily.py:111} INFO -   AVY: +2 rows → 2515 total in MinIO
[2026-06-13T13:32:05.565+0000] {minio_fetching_data_daily.py:111} INFO -   AXON: +2 rows → 2515 total in MinIO
[2026-06-13T13:32:05.636+0000] {minio_fetching_data_daily.py:111} INFO -   BKR: +2 rows → 2515 total in MinIO
[2026-06-13T13:32:05.702+0000] {minio_fetching_data_daily.py:111} INFO -   BALL: +2 rows → 2515 total in MinIO
[2026-06-13T13:32:05.755+0000] {minio_fetching_data_daily.py:111} INFO -   BAC: +2 rows → 2515 total in MinIO
[2026-06-13T13:32:05.797+0000] {minio_fetching_data_daily.py:111} INFO -   BAX: +2 rows → 2515 total in MinIO
[2026-06-13T13:32:05.872+0000] {minio_fetching_data_daily.py:111} INFO -   BDX: +2 rows → 2515 total in MinIO
[2026-06-13T13:32:05.926+0000] {minio_fetching_data_daily.py:111} INFO -   BRK-B: +2 rows → 2515 total in MinIO
[2026-06-13T13:32:06.002+0000] {minio_fetching_data_daily.py:111} INFO -   BBY: +2 rows → 2515 total in MinIO
[2026-06-13T13:32:06.058+0000] {minio_fetching_data_daily.py:111} INFO -   TECH: +2 rows → 2515 total in MinIO
[2026-06-13T13:32:06.116+0000] {minio_fetching_data_daily.py:111} INFO -   BIIB: +2 rows → 2515 total in MinIO
[2026-06-13T13:32:06.193+0000] {minio_fetching_data_daily.py:111} INFO -   BLK: +2 rows → 2515 total in MinIO
[2026-06-13T13:32:06.284+0000] {minio_fetching_data_daily.py:111} INFO -   BX: +2 rows → 2515 total in MinIO
[2026-06-13T13:32:06.370+0000] {minio_fetching_data_daily.py:111} INFO -   XYZ: +2 rows → 2515 total in MinIO
[2026-06-13T13:32:06.505+0000] {minio_fetching_data_daily.py:111} INFO -   BNY: +2 rows → 2515 total in MinIO
[2026-06-13T13:32:06.591+0000] {minio_fetching_data_daily.py:111} INFO -   BA: +2 rows → 2515 total in MinIO
[2026-06-13T13:32:06.669+0000] {minio_fetching_data_daily.py:111} INFO -   BKNG: +2 rows → 2515 total in MinIO
[2026-06-13T13:32:06.768+0000] {minio_fetching_data_daily.py:111} INFO -   BSX: +2 rows → 2515 total in MinIO
[2026-06-13T13:32:06.845+0000] {minio_fetching_data_daily.py:111} INFO -   BMY: +2 rows → 2515 total in MinIO
[2026-06-13T13:32:06.946+0000] {minio_fetching_data_daily.py:111} INFO -   AVGO: +2 rows → 2515 total in MinIO
[2026-06-13T13:32:07.000+0000] {minio_fetching_data_daily.py:111} INFO -   BR: +2 rows → 2515 total in MinIO
[2026-06-13T13:32:07.133+0000] {minio_fetching_data_daily.py:111} INFO -   BRO: +2 rows → 2515 total in MinIO
[2026-06-13T13:32:07.254+0000] {minio_fetching_data_daily.py:111} INFO -   BF-B: +2 rows → 2515 total in MinIO
[2026-06-13T13:32:07.348+0000] {minio_fetching_data_daily.py:111} INFO -   BLDR: +2 rows → 2515 total in MinIO
[2026-06-13T13:32:07.444+0000] {minio_fetching_data_daily.py:111} INFO -   BG: +2 rows → 2515 total in MinIO
[2026-06-13T13:32:07.530+0000] {minio_fetching_data_daily.py:111} INFO -   BXP: +2 rows → 2515 total in MinIO
[2026-06-13T13:32:07.589+0000] {minio_fetching_data_daily.py:111} INFO -   CHRW: +2 rows → 2515 total in MinIO
[2026-06-13T13:32:07.674+0000] {minio_fetching_data_daily.py:111} INFO -   CDNS: +2 rows → 2515 total in MinIO
[2026-06-13T13:32:07.797+0000] {minio_fetching_data_daily.py:111} INFO -   CPT: +2 rows → 2515 total in MinIO
[2026-06-13T13:32:07.929+0000] {minio_fetching_data_daily.py:111} INFO -   CPB: +2 rows → 2515 total in MinIO
[2026-06-13T13:32:08.137+0000] {minio_fetching_data_daily.py:111} INFO -   COF: +2 rows → 2515 total in MinIO
[2026-06-13T13:32:08.200+0000] {minio_fetching_data_daily.py:111} INFO -   CAH: +2 rows → 2515 total in MinIO
[2026-06-13T13:32:08.257+0000] {minio_fetching_data_daily.py:111} INFO -   CCL: +2 rows → 2515 total in MinIO
[2026-06-13T13:32:08.329+0000] {minio_fetching_data_daily.py:111} INFO -   CARR: +2 rows → 1567 total in MinIO
[2026-06-13T13:32:08.409+0000] {minio_fetching_data_daily.py:111} INFO -   CVNA: +2 rows → 2294 total in MinIO
[2026-06-13T13:32:08.542+0000] {minio_fetching_data_daily.py:111} INFO -   CASY: +2 rows → 2515 total in MinIO
[2026-06-13T13:32:08.623+0000] {minio_fetching_data_daily.py:111} INFO -   CAT: +2 rows → 2515 total in MinIO
[2026-06-13T13:32:08.695+0000] {minio_fetching_data_daily.py:111} INFO -   CBOE: +2 rows → 2515 total in MinIO
[2026-06-13T13:32:08.810+0000] {minio_fetching_data_daily.py:111} INFO -   CBRE: +2 rows → 2515 total in MinIO
[2026-06-13T13:32:08.981+0000] {minio_fetching_data_daily.py:111} INFO -   CDW: +2 rows → 2515 total in MinIO
[2026-06-13T13:32:09.124+0000] {minio_fetching_data_daily.py:111} INFO -   COR: +2 rows → 2515 total in MinIO
[2026-06-13T13:32:09.339+0000] {minio_fetching_data_daily.py:111} INFO -   CNC: +2 rows → 2515 total in MinIO
[2026-06-13T13:32:09.489+0000] {minio_fetching_data_daily.py:111} INFO -   CNP: +2 rows → 2515 total in MinIO
[2026-06-13T13:32:09.598+0000] {minio_fetching_data_daily.py:111} INFO -   CF: +2 rows → 2515 total in MinIO
[2026-06-13T13:32:09.694+0000] {minio_fetching_data_daily.py:111} INFO -   CRL: +2 rows → 2515 total in MinIO
[2026-06-13T13:32:09.786+0000] {minio_fetching_data_daily.py:111} INFO -   SCHW: +2 rows → 2515 total in MinIO
[2026-06-13T13:32:11.832+0000] {minio_fetching_data_daily.py:160} INFO - Batch 3 | start=2026-06-11 | 50 tickers
[2026-06-13T13:32:15.010+0000] {minio_fetching_data_daily.py:111} INFO -   CHTR: +2 rows → 2515 total in MinIO
[2026-06-13T13:32:15.057+0000] {minio_fetching_data_daily.py:111} INFO -   CVX: +2 rows → 2515 total in MinIO
[2026-06-13T13:32:15.106+0000] {minio_fetching_data_daily.py:111} INFO -   CMG: +2 rows → 2515 total in MinIO
[2026-06-13T13:32:15.153+0000] {minio_fetching_data_daily.py:111} INFO -   CB: +2 rows → 2515 total in MinIO
[2026-06-13T13:32:15.203+0000] {minio_fetching_data_daily.py:111} INFO -   CHD: +2 rows → 2515 total in MinIO
[2026-06-13T13:32:15.247+0000] {minio_fetching_data_daily.py:111} INFO -   CIEN: +2 rows → 2515 total in MinIO
[2026-06-13T13:32:15.294+0000] {minio_fetching_data_daily.py:111} INFO -   CI: +2 rows → 2515 total in MinIO
[2026-06-13T13:32:15.350+0000] {minio_fetching_data_daily.py:111} INFO -   CINF: +2 rows → 2515 total in MinIO
[2026-06-13T13:32:15.395+0000] {minio_fetching_data_daily.py:111} INFO -   CTAS: +2 rows → 2515 total in MinIO
[2026-06-13T13:32:15.440+0000] {minio_fetching_data_daily.py:111} INFO -   CSCO: +2 rows → 2515 total in MinIO
[2026-06-13T13:32:15.478+0000] {minio_fetching_data_daily.py:111} INFO -   C: +2 rows → 2515 total in MinIO
[2026-06-13T13:32:15.522+0000] {minio_fetching_data_daily.py:111} INFO -   CFG: +2 rows → 2515 total in MinIO
[2026-06-13T13:32:15.564+0000] {minio_fetching_data_daily.py:111} INFO -   CLX: +2 rows → 2515 total in MinIO
[2026-06-13T13:32:15.626+0000] {minio_fetching_data_daily.py:111} INFO -   CME: +2 rows → 2515 total in MinIO
[2026-06-13T13:32:15.668+0000] {minio_fetching_data_daily.py:111} INFO -   CMS: +2 rows → 2515 total in MinIO
[2026-06-13T13:32:15.714+0000] {minio_fetching_data_daily.py:111} INFO -   KO: +2 rows → 2515 total in MinIO
[2026-06-13T13:32:15.755+0000] {minio_fetching_data_daily.py:111} INFO -   CTSH: +2 rows → 2515 total in MinIO
[2026-06-13T13:32:15.794+0000] {minio_fetching_data_daily.py:111} INFO -   COHR: +2 rows → 2515 total in MinIO
[2026-06-13T13:32:15.836+0000] {minio_fetching_data_daily.py:111} INFO -   COIN: +2 rows → 1298 total in MinIO
[2026-06-13T13:32:15.868+0000] {minio_fetching_data_daily.py:111} INFO -   CL: +2 rows → 2515 total in MinIO
[2026-06-13T13:32:15.913+0000] {minio_fetching_data_daily.py:111} INFO -   CMCSA: +2 rows → 2515 total in MinIO
[2026-06-13T13:32:15.956+0000] {minio_fetching_data_daily.py:111} INFO -   FIX: +2 rows → 2515 total in MinIO
[2026-06-13T13:32:15.997+0000] {minio_fetching_data_daily.py:111} INFO -   CAG: +2 rows → 2515 total in MinIO
[2026-06-13T13:32:16.038+0000] {minio_fetching_data_daily.py:111} INFO -   COP: +2 rows → 2515 total in MinIO
[2026-06-13T13:32:16.080+0000] {minio_fetching_data_daily.py:111} INFO -   ED: +2 rows → 2515 total in MinIO
[2026-06-13T13:32:16.123+0000] {minio_fetching_data_daily.py:111} INFO -   STZ: +2 rows → 2515 total in MinIO
[2026-06-13T13:32:16.162+0000] {minio_fetching_data_daily.py:111} INFO -   CEG: +2 rows → 1104 total in MinIO
[2026-06-13T13:32:16.195+0000] {minio_fetching_data_daily.py:111} INFO -   COO: +2 rows → 2515 total in MinIO
[2026-06-13T13:32:16.235+0000] {minio_fetching_data_daily.py:111} INFO -   CPRT: +2 rows → 2515 total in MinIO
[2026-06-13T13:32:16.285+0000] {minio_fetching_data_daily.py:111} INFO -   GLW: +2 rows → 2515 total in MinIO
[2026-06-13T13:32:16.328+0000] {minio_fetching_data_daily.py:111} INFO -   CPAY: +2 rows → 2515 total in MinIO
[2026-06-13T13:32:16.371+0000] {minio_fetching_data_daily.py:111} INFO -   CTVA: +2 rows → 1773 total in MinIO
[2026-06-13T13:32:16.411+0000] {minio_fetching_data_daily.py:111} INFO -   CSGP: +2 rows → 2515 total in MinIO
[2026-06-13T13:32:16.472+0000] {minio_fetching_data_daily.py:111} INFO -   COST: +2 rows → 2515 total in MinIO
[2026-06-13T13:32:16.512+0000] {minio_fetching_data_daily.py:111} INFO -   CRH: +2 rows → 2515 total in MinIO
[2026-06-13T13:32:16.554+0000] {minio_fetching_data_daily.py:111} INFO -   CRWD: +2 rows → 1761 total in MinIO
[2026-06-13T13:32:16.602+0000] {minio_fetching_data_daily.py:111} INFO -   CCI: +2 rows → 2515 total in MinIO
[2026-06-13T13:32:16.666+0000] {minio_fetching_data_daily.py:111} INFO -   CSX: +2 rows → 2515 total in MinIO
[2026-06-13T13:32:16.706+0000] {minio_fetching_data_daily.py:111} INFO -   CMI: +2 rows → 2515 total in MinIO
[2026-06-13T13:32:16.749+0000] {minio_fetching_data_daily.py:111} INFO -   CVS: +2 rows → 2515 total in MinIO
[2026-06-13T13:32:16.791+0000] {minio_fetching_data_daily.py:111} INFO -   DHR: +2 rows → 2515 total in MinIO
[2026-06-13T13:32:16.839+0000] {minio_fetching_data_daily.py:111} INFO -   DRI: +2 rows → 2515 total in MinIO
[2026-06-13T13:32:16.911+0000] {minio_fetching_data_daily.py:111} INFO -   DDOG: +2 rows → 1692 total in MinIO
[2026-06-13T13:32:16.980+0000] {minio_fetching_data_daily.py:111} INFO -   DVA: +2 rows → 2515 total in MinIO
[2026-06-13T13:32:17.027+0000] {minio_fetching_data_daily.py:111} INFO -   DECK: +2 rows → 2515 total in MinIO
[2026-06-13T13:32:17.072+0000] {minio_fetching_data_daily.py:111} INFO -   DE: +2 rows → 2515 total in MinIO
[2026-06-13T13:32:17.121+0000] {minio_fetching_data_daily.py:111} INFO -   DELL: +2 rows → 2469 total in MinIO
[2026-06-13T13:32:17.163+0000] {minio_fetching_data_daily.py:111} INFO -   DAL: +2 rows → 2515 total in MinIO
[2026-06-13T13:32:17.208+0000] {minio_fetching_data_daily.py:111} INFO -   DVN: +2 rows → 2515 total in MinIO
[2026-06-13T13:32:17.258+0000] {minio_fetching_data_daily.py:111} INFO -   DXCM: +2 rows → 2515 total in MinIO
[2026-06-13T13:32:19.289+0000] {minio_fetching_data_daily.py:160} INFO - Batch 4 | start=2026-06-11 | 50 tickers
[2026-06-13T13:32:21.266+0000] {minio_fetching_data_daily.py:111} INFO -   FANG: +2 rows → 2515 total in MinIO
[2026-06-13T13:32:21.314+0000] {minio_fetching_data_daily.py:111} INFO -   DLR: +2 rows → 2515 total in MinIO
[2026-06-13T13:32:21.366+0000] {minio_fetching_data_daily.py:111} INFO -   DG: +2 rows → 2515 total in MinIO
[2026-06-13T13:32:21.411+0000] {minio_fetching_data_daily.py:111} INFO -   DLTR: +2 rows → 2515 total in MinIO
[2026-06-13T13:32:21.454+0000] {minio_fetching_data_daily.py:111} INFO -   D: +2 rows → 2515 total in MinIO
[2026-06-13T13:32:21.492+0000] {minio_fetching_data_daily.py:111} INFO -   DPZ: +2 rows → 2515 total in MinIO
[2026-06-13T13:32:21.531+0000] {minio_fetching_data_daily.py:111} INFO -   DASH: +2 rows → 1383 total in MinIO
[2026-06-13T13:32:21.562+0000] {minio_fetching_data_daily.py:111} INFO -   DOV: +2 rows → 2515 total in MinIO
[2026-06-13T13:32:21.607+0000] {minio_fetching_data_daily.py:111} INFO -   DOW: +2 rows → 1819 total in MinIO
[2026-06-13T13:32:21.643+0000] {minio_fetching_data_daily.py:111} INFO -   DHI: +2 rows → 2515 total in MinIO
[2026-06-13T13:32:21.685+0000] {minio_fetching_data_daily.py:111} INFO -   DTE: +2 rows → 2515 total in MinIO
[2026-06-13T13:32:21.726+0000] {minio_fetching_data_daily.py:111} INFO -   DUK: +2 rows → 2515 total in MinIO
[2026-06-13T13:32:21.769+0000] {minio_fetching_data_daily.py:111} INFO -   DD: +2 rows → 2515 total in MinIO
[2026-06-13T13:32:21.811+0000] {minio_fetching_data_daily.py:111} INFO -   ETN: +2 rows → 2515 total in MinIO
[2026-06-13T13:32:21.855+0000] {minio_fetching_data_daily.py:111} INFO -   EBAY: +2 rows → 2515 total in MinIO
[2026-06-13T13:32:21.896+0000] {minio_fetching_data_daily.py:111} INFO -   SATS: +2 rows → 2515 total in MinIO
[2026-06-13T13:32:21.938+0000] {minio_fetching_data_daily.py:111} INFO -   ECL: +2 rows → 2515 total in MinIO
[2026-06-13T13:32:21.993+0000] {minio_fetching_data_daily.py:111} INFO -   EIX: +2 rows → 2515 total in MinIO
[2026-06-13T13:32:22.033+0000] {minio_fetching_data_daily.py:111} INFO -   EW: +2 rows → 2515 total in MinIO
[2026-06-13T13:32:22.073+0000] {minio_fetching_data_daily.py:111} INFO -   EA: +2 rows → 2515 total in MinIO
[2026-06-13T13:32:22.118+0000] {minio_fetching_data_daily.py:111} INFO -   ELV: +2 rows → 2515 total in MinIO
[2026-06-13T13:32:22.160+0000] {minio_fetching_data_daily.py:111} INFO -   EME: +2 rows → 2515 total in MinIO
[2026-06-13T13:32:22.203+0000] {minio_fetching_data_daily.py:111} INFO -   EMR: +2 rows → 2515 total in MinIO
[2026-06-13T13:32:22.242+0000] {minio_fetching_data_daily.py:111} INFO -   ETR: +2 rows → 2515 total in MinIO
[2026-06-13T13:32:22.315+0000] {minio_fetching_data_daily.py:111} INFO -   EOG: +2 rows → 2515 total in MinIO
[2026-06-13T13:32:22.389+0000] {minio_fetching_data_daily.py:111} INFO -   EQT: +2 rows → 2515 total in MinIO
[2026-06-13T13:32:22.463+0000] {minio_fetching_data_daily.py:111} INFO -   EFX: +2 rows → 2515 total in MinIO
[2026-06-13T13:32:22.519+0000] {minio_fetching_data_daily.py:111} INFO -   EQIX: +2 rows → 2515 total in MinIO
[2026-06-13T13:32:22.564+0000] {minio_fetching_data_daily.py:111} INFO -   EQR: +2 rows → 2515 total in MinIO
[2026-06-13T13:32:22.605+0000] {minio_fetching_data_daily.py:111} INFO -   ERIE: +2 rows → 2515 total in MinIO
[2026-06-13T13:32:22.645+0000] {minio_fetching_data_daily.py:111} INFO -   ESS: +2 rows → 2515 total in MinIO
[2026-06-13T13:32:22.686+0000] {minio_fetching_data_daily.py:111} INFO -   EL: +2 rows → 2515 total in MinIO
[2026-06-13T13:32:22.731+0000] {minio_fetching_data_daily.py:111} INFO -   EG: +2 rows → 2515 total in MinIO
[2026-06-13T13:32:22.772+0000] {minio_fetching_data_daily.py:111} INFO -   EVRG: +2 rows → 2515 total in MinIO
[2026-06-13T13:32:22.818+0000] {minio_fetching_data_daily.py:111} INFO -   ES: +2 rows → 2515 total in MinIO
[2026-06-13T13:32:22.860+0000] {minio_fetching_data_daily.py:111} INFO -   EXC: +2 rows → 2515 total in MinIO
[2026-06-13T13:32:22.899+0000] {minio_fetching_data_daily.py:111} INFO -   EXE: +2 rows → 1341 total in MinIO
[2026-06-13T13:32:22.930+0000] {minio_fetching_data_daily.py:111} INFO -   EXPE: +2 rows → 2515 total in MinIO
[2026-06-13T13:32:22.975+0000] {minio_fetching_data_daily.py:111} INFO -   EXPD: +2 rows → 2515 total in MinIO
[2026-06-13T13:32:23.017+0000] {minio_fetching_data_daily.py:111} INFO -   EXR: +2 rows → 2515 total in MinIO
[2026-06-13T13:32:23.057+0000] {minio_fetching_data_daily.py:111} INFO -   XOM: +2 rows → 2515 total in MinIO
[2026-06-13T13:32:23.103+0000] {minio_fetching_data_daily.py:111} INFO -   FFIV: +2 rows → 2515 total in MinIO
[2026-06-13T13:32:23.141+0000] {minio_fetching_data_daily.py:111} INFO -   FDS: +2 rows → 2515 total in MinIO
[2026-06-13T13:32:23.186+0000] {minio_fetching_data_daily.py:111} INFO -   FICO: +2 rows → 2515 total in MinIO
[2026-06-13T13:32:23.234+0000] {minio_fetching_data_daily.py:111} INFO -   FAST: +2 rows → 2515 total in MinIO
[2026-06-13T13:32:23.275+0000] {minio_fetching_data_daily.py:111} INFO -   FRT: +2 rows → 2515 total in MinIO
[2026-06-13T13:32:23.319+0000] {minio_fetching_data_daily.py:111} INFO -   FDX: +2 rows → 2515 total in MinIO
[2026-06-13T13:32:23.386+0000] {minio_fetching_data_daily.py:111} INFO -   FDXF: +2 rows → 13 total in MinIO
[2026-06-13T13:32:23.409+0000] {minio_fetching_data_daily.py:111} INFO -   FIS: +2 rows → 2515 total in MinIO
[2026-06-13T13:32:23.482+0000] {minio_fetching_data_daily.py:111} INFO -   FITB: +2 rows → 2515 total in MinIO
[2026-06-13T13:32:25.573+0000] {minio_fetching_data_daily.py:160} INFO - Batch 5 | start=2026-06-11 | 50 tickers
[2026-06-13T13:32:27.365+0000] {minio_fetching_data_daily.py:111} INFO -   FSLR: +2 rows → 2515 total in MinIO
[2026-06-13T13:32:27.410+0000] {minio_fetching_data_daily.py:111} INFO -   FE: +2 rows → 2515 total in MinIO
[2026-06-13T13:32:27.607+0000] {minio_fetching_data_daily.py:111} INFO -   FISV: +2 rows → 2514 total in MinIO
[2026-06-13T13:32:27.650+0000] {minio_fetching_data_daily.py:111} INFO -   F: +2 rows → 2515 total in MinIO
[2026-06-13T13:32:27.692+0000] {minio_fetching_data_daily.py:111} INFO -   FTNT: +2 rows → 2515 total in MinIO
[2026-06-13T13:32:27.737+0000] {minio_fetching_data_daily.py:111} INFO -   FTV: +2 rows → 2500 total in MinIO
[2026-06-13T13:32:27.785+0000] {minio_fetching_data_daily.py:111} INFO -   FOXA: +2 rows → 1825 total in MinIO
[2026-06-13T13:32:27.832+0000] {minio_fetching_data_daily.py:111} INFO -   FOX: +2 rows → 1824 total in MinIO
[2026-06-13T13:32:27.877+0000] {minio_fetching_data_daily.py:111} INFO -   BEN: +2 rows → 2515 total in MinIO
[2026-06-13T13:32:27.942+0000] {minio_fetching_data_daily.py:111} INFO -   FCX: +2 rows → 2515 total in MinIO
[2026-06-13T13:32:27.985+0000] {minio_fetching_data_daily.py:111} INFO -   GRMN: +2 rows → 2515 total in MinIO
[2026-06-13T13:32:28.029+0000] {minio_fetching_data_daily.py:111} INFO -   IT: +2 rows → 2515 total in MinIO
[2026-06-13T13:32:28.089+0000] {minio_fetching_data_daily.py:111} INFO -   GE: +2 rows → 2515 total in MinIO
[2026-06-13T13:32:28.140+0000] {minio_fetching_data_daily.py:111} INFO -   GEHC: +2 rows → 875 total in MinIO
[2026-06-13T13:32:28.166+0000] {minio_fetching_data_daily.py:111} INFO -   GEV: +2 rows → 555 total in MinIO
[2026-06-13T13:32:28.196+0000] {minio_fetching_data_daily.py:111} INFO -   GEN: +2 rows → 2515 total in MinIO
[2026-06-13T13:32:28.247+0000] {minio_fetching_data_daily.py:111} INFO -   GNRC: +2 rows → 2515 total in MinIO
[2026-06-13T13:32:28.330+0000] {minio_fetching_data_daily.py:111} INFO -   GD: +2 rows → 2515 total in MinIO
[2026-06-13T13:32:28.383+0000] {minio_fetching_data_daily.py:111} INFO -   GIS: +2 rows → 2515 total in MinIO
[2026-06-13T13:32:28.424+0000] {minio_fetching_data_daily.py:111} INFO -   GM: +2 rows → 2515 total in MinIO
[2026-06-13T13:32:28.499+0000] {minio_fetching_data_daily.py:111} INFO -   GPC: +2 rows → 2515 total in MinIO
[2026-06-13T13:32:28.644+0000] {minio_fetching_data_daily.py:111} INFO -   GILD: +2 rows → 2515 total in MinIO
[2026-06-13T13:32:28.732+0000] {minio_fetching_data_daily.py:111} INFO -   GPN: +2 rows → 2515 total in MinIO
[2026-06-13T13:32:28.780+0000] {minio_fetching_data_daily.py:111} INFO -   GL: +2 rows → 2515 total in MinIO
[2026-06-13T13:32:28.821+0000] {minio_fetching_data_daily.py:111} INFO -   GDDY: +2 rows → 2515 total in MinIO
[2026-06-13T13:32:28.867+0000] {minio_fetching_data_daily.py:111} INFO -   GS: +2 rows → 2515 total in MinIO
[2026-06-13T13:32:28.915+0000] {minio_fetching_data_daily.py:111} INFO -   HAL: +2 rows → 2515 total in MinIO
[2026-06-13T13:32:28.956+0000] {minio_fetching_data_daily.py:111} INFO -   HIG: +2 rows → 2515 total in MinIO
[2026-06-13T13:32:29.007+0000] {minio_fetching_data_daily.py:111} INFO -   HAS: +2 rows → 2515 total in MinIO
[2026-06-13T13:32:29.053+0000] {minio_fetching_data_daily.py:111} INFO -   HCA: +2 rows → 2515 total in MinIO
[2026-06-13T13:32:29.109+0000] {minio_fetching_data_daily.py:111} INFO -   DOC: +2 rows → 2515 total in MinIO
[2026-06-13T13:32:29.154+0000] {minio_fetching_data_daily.py:111} INFO -   HSIC: +2 rows → 2515 total in MinIO
[2026-06-13T13:32:29.207+0000] {minio_fetching_data_daily.py:111} INFO -   HSY: +2 rows → 2515 total in MinIO
[2026-06-13T13:32:29.248+0000] {minio_fetching_data_daily.py:111} INFO -   HPE: +2 rows → 2515 total in MinIO
[2026-06-13T13:32:29.297+0000] {minio_fetching_data_daily.py:111} INFO -   HLT: +2 rows → 2515 total in MinIO
[2026-06-13T13:32:29.352+0000] {minio_fetching_data_daily.py:111} INFO -   HD: +2 rows → 2515 total in MinIO
[2026-06-13T13:32:29.420+0000] {minio_fetching_data_daily.py:111} INFO -   HON: +2 rows → 2515 total in MinIO
[2026-06-13T13:32:29.464+0000] {minio_fetching_data_daily.py:111} INFO -   HRL: +2 rows → 2515 total in MinIO
[2026-06-13T13:32:29.513+0000] {minio_fetching_data_daily.py:111} INFO -   HST: +2 rows → 2515 total in MinIO
[2026-06-13T13:32:29.571+0000] {minio_fetching_data_daily.py:111} INFO -   HWM: +2 rows → 2416 total in MinIO
[2026-06-13T13:32:29.616+0000] {minio_fetching_data_daily.py:111} INFO -   HPQ: +2 rows → 2515 total in MinIO
[2026-06-13T13:32:29.668+0000] {minio_fetching_data_daily.py:111} INFO -   HUBB: +2 rows → 2515 total in MinIO
[2026-06-13T13:32:29.714+0000] {minio_fetching_data_daily.py:111} INFO -   HUM: +2 rows → 2515 total in MinIO
[2026-06-13T13:32:29.755+0000] {minio_fetching_data_daily.py:111} INFO -   HBAN: +2 rows → 2515 total in MinIO
[2026-06-13T13:32:29.805+0000] {minio_fetching_data_daily.py:111} INFO -   HII: +2 rows → 2515 total in MinIO
[2026-06-13T13:32:29.860+0000] {minio_fetching_data_daily.py:111} INFO -   IBM: +2 rows → 2515 total in MinIO
[2026-06-13T13:32:29.920+0000] {minio_fetching_data_daily.py:111} INFO -   IEX: +2 rows → 2515 total in MinIO
[2026-06-13T13:32:29.966+0000] {minio_fetching_data_daily.py:111} INFO -   IDXX: +2 rows → 2515 total in MinIO
[2026-06-13T13:32:30.013+0000] {minio_fetching_data_daily.py:111} INFO -   ITW: +2 rows → 2515 total in MinIO
[2026-06-13T13:32:30.077+0000] {minio_fetching_data_daily.py:111} INFO -   INCY: +2 rows → 2515 total in MinIO
[2026-06-13T13:32:32.123+0000] {minio_fetching_data_daily.py:160} INFO - Batch 6 | start=2026-06-11 | 50 tickers
[2026-06-13T13:32:33.995+0000] {minio_fetching_data_daily.py:111} INFO -   IR: +2 rows → 2284 total in MinIO
[2026-06-13T13:32:34.047+0000] {minio_fetching_data_daily.py:111} INFO -   PODD: +2 rows → 2515 total in MinIO
[2026-06-13T13:32:34.093+0000] {minio_fetching_data_daily.py:111} INFO -   INTC: +2 rows → 2515 total in MinIO
[2026-06-13T13:32:34.140+0000] {minio_fetching_data_daily.py:111} INFO -   IBKR: +2 rows → 2515 total in MinIO
[2026-06-13T13:32:34.181+0000] {minio_fetching_data_daily.py:111} INFO -   ICE: +2 rows → 2515 total in MinIO
[2026-06-13T13:32:34.222+0000] {minio_fetching_data_daily.py:111} INFO -   IFF: +2 rows → 2515 total in MinIO
[2026-06-13T13:32:34.263+0000] {minio_fetching_data_daily.py:111} INFO -   IP: +2 rows → 2515 total in MinIO
[2026-06-13T13:32:34.310+0000] {minio_fetching_data_daily.py:111} INFO -   INTU: +2 rows → 2515 total in MinIO
[2026-06-13T13:32:34.353+0000] {minio_fetching_data_daily.py:111} INFO -   ISRG: +2 rows → 2515 total in MinIO
[2026-06-13T13:32:34.394+0000] {minio_fetching_data_daily.py:111} INFO -   IVZ: +2 rows → 2515 total in MinIO
[2026-06-13T13:32:34.440+0000] {minio_fetching_data_daily.py:111} INFO -   INVH: +2 rows → 2354 total in MinIO
[2026-06-13T13:32:34.481+0000] {minio_fetching_data_daily.py:111} INFO -   IQV: +2 rows → 2515 total in MinIO
[2026-06-13T13:32:34.524+0000] {minio_fetching_data_daily.py:111} INFO -   IRM: +2 rows → 2515 total in MinIO
[2026-06-13T13:32:34.566+0000] {minio_fetching_data_daily.py:111} INFO -   JBHT: +2 rows → 2515 total in MinIO
[2026-06-13T13:32:34.609+0000] {minio_fetching_data_daily.py:111} INFO -   JBL: +2 rows → 2515 total in MinIO
[2026-06-13T13:32:34.665+0000] {minio_fetching_data_daily.py:111} INFO -   JKHY: +2 rows → 2515 total in MinIO
[2026-06-13T13:32:34.711+0000] {minio_fetching_data_daily.py:111} INFO -   J: +2 rows → 2515 total in MinIO
[2026-06-13T13:32:34.753+0000] {minio_fetching_data_daily.py:111} INFO -   JNJ: +2 rows → 2515 total in MinIO
[2026-06-13T13:32:34.796+0000] {minio_fetching_data_daily.py:111} INFO -   JCI: +2 rows → 2515 total in MinIO
[2026-06-13T13:32:34.840+0000] {minio_fetching_data_daily.py:111} INFO -   JPM: +2 rows → 2515 total in MinIO
[2026-06-13T13:32:34.885+0000] {minio_fetching_data_daily.py:111} INFO -   KVUE: +2 rows → 780 total in MinIO
[2026-06-13T13:32:34.918+0000] {minio_fetching_data_daily.py:111} INFO -   KDP: +2 rows → 2515 total in MinIO
[2026-06-13T13:32:34.963+0000] {minio_fetching_data_daily.py:111} INFO -   KEY: +2 rows → 2515 total in MinIO
[2026-06-13T13:32:35.005+0000] {minio_fetching_data_daily.py:111} INFO -   KEYS: +2 rows → 2515 total in MinIO
[2026-06-13T13:32:35.046+0000] {minio_fetching_data_daily.py:111} INFO -   KMB: +2 rows → 2515 total in MinIO
[2026-06-13T13:32:35.085+0000] {minio_fetching_data_daily.py:111} INFO -   KIM: +2 rows → 2515 total in MinIO
[2026-06-13T13:32:35.131+0000] {minio_fetching_data_daily.py:111} INFO -   KMI: +2 rows → 2515 total in MinIO
[2026-06-13T13:32:35.174+0000] {minio_fetching_data_daily.py:111} INFO -   KKR: +2 rows → 2515 total in MinIO
[2026-06-13T13:32:35.216+0000] {minio_fetching_data_daily.py:111} INFO -   KLAC: +2 rows → 2515 total in MinIO
[2026-06-13T13:32:35.263+0000] {minio_fetching_data_daily.py:111} INFO -   KHC: +2 rows → 2515 total in MinIO
[2026-06-13T13:32:35.307+0000] {minio_fetching_data_daily.py:111} INFO -   KR: +2 rows → 2515 total in MinIO
[2026-06-13T13:32:35.353+0000] {minio_fetching_data_daily.py:111} INFO -   LHX: +2 rows → 2515 total in MinIO
[2026-06-13T13:32:35.395+0000] {minio_fetching_data_daily.py:111} INFO -   LH: +2 rows → 2515 total in MinIO
[2026-06-13T13:32:35.438+0000] {minio_fetching_data_daily.py:111} INFO -   LRCX: +2 rows → 2515 total in MinIO
[2026-06-13T13:32:35.481+0000] {minio_fetching_data_daily.py:111} INFO -   LVS: +2 rows → 2515 total in MinIO
[2026-06-13T13:32:35.530+0000] {minio_fetching_data_daily.py:111} INFO -   LDOS: +2 rows → 2515 total in MinIO
[2026-06-13T13:32:35.573+0000] {minio_fetching_data_daily.py:111} INFO -   LEN: +2 rows → 2515 total in MinIO
[2026-06-13T13:32:35.616+0000] {minio_fetching_data_daily.py:111} INFO -   LII: +2 rows → 2515 total in MinIO
[2026-06-13T13:32:35.656+0000] {minio_fetching_data_daily.py:111} INFO -   LLY: +2 rows → 2515 total in MinIO
[2026-06-13T13:32:35.702+0000] {minio_fetching_data_daily.py:111} INFO -   LIN: +2 rows → 2515 total in MinIO
[2026-06-13T13:32:35.752+0000] {minio_fetching_data_daily.py:111} INFO -   LYV: +2 rows → 2515 total in MinIO
[2026-06-13T13:32:35.797+0000] {minio_fetching_data_daily.py:111} INFO -   LMT: +2 rows → 2515 total in MinIO
[2026-06-13T13:32:35.838+0000] {minio_fetching_data_daily.py:111} INFO -   L: +2 rows → 2515 total in MinIO
[2026-06-13T13:32:35.878+0000] {minio_fetching_data_daily.py:111} INFO -   LOW: +2 rows → 2515 total in MinIO
[2026-06-13T13:32:35.918+0000] {minio_fetching_data_daily.py:111} INFO -   LULU: +2 rows → 2515 total in MinIO
[2026-06-13T13:32:35.963+0000] {minio_fetching_data_daily.py:111} INFO -   LITE: +2 rows → 2515 total in MinIO
[2026-06-13T13:32:36.008+0000] {minio_fetching_data_daily.py:111} INFO -   LYB: +2 rows → 2515 total in MinIO
[2026-06-13T13:32:36.048+0000] {minio_fetching_data_daily.py:111} INFO -   MTB: +2 rows → 2515 total in MinIO
[2026-06-13T13:32:36.088+0000] {minio_fetching_data_daily.py:111} INFO -   MPC: +2 rows → 2515 total in MinIO
[2026-06-13T13:32:36.129+0000] {minio_fetching_data_daily.py:111} INFO -   MAR: +2 rows → 2515 total in MinIO
[2026-06-13T13:32:38.163+0000] {minio_fetching_data_daily.py:160} INFO - Batch 7 | start=2026-06-11 | 50 tickers
[2026-06-13T13:32:40.197+0000] {minio_fetching_data_daily.py:111} INFO -   MRSH: +2 rows → 2515 total in MinIO
[2026-06-13T13:32:40.247+0000] {minio_fetching_data_daily.py:111} INFO -   MLM: +2 rows → 2515 total in MinIO
[2026-06-13T13:32:40.292+0000] {minio_fetching_data_daily.py:111} INFO -   MAS: +2 rows → 2515 total in MinIO
[2026-06-13T13:32:40.350+0000] {minio_fetching_data_daily.py:111} INFO -   MA: +2 rows → 2515 total in MinIO
[2026-06-13T13:32:40.403+0000] {minio_fetching_data_daily.py:111} INFO -   MKC: +2 rows → 2515 total in MinIO
[2026-06-13T13:32:40.448+0000] {minio_fetching_data_daily.py:111} INFO -   MCD: +2 rows → 2515 total in MinIO
[2026-06-13T13:32:40.495+0000] {minio_fetching_data_daily.py:111} INFO -   MCK: +2 rows → 2515 total in MinIO
[2026-06-13T13:32:40.542+0000] {minio_fetching_data_daily.py:111} INFO -   MDT: +2 rows → 2515 total in MinIO
[2026-06-13T13:32:40.587+0000] {minio_fetching_data_daily.py:111} INFO -   MRK: +2 rows → 2515 total in MinIO
[2026-06-13T13:32:40.639+0000] {minio_fetching_data_daily.py:111} INFO -   META: +2 rows → 2515 total in MinIO
[2026-06-13T13:32:40.682+0000] {minio_fetching_data_daily.py:111} INFO -   MET: +2 rows → 2515 total in MinIO
[2026-06-13T13:32:40.725+0000] {minio_fetching_data_daily.py:111} INFO -   MTD: +2 rows → 2515 total in MinIO
[2026-06-13T13:32:40.767+0000] {minio_fetching_data_daily.py:111} INFO -   MGM: +2 rows → 2515 total in MinIO
[2026-06-13T13:32:40.810+0000] {minio_fetching_data_daily.py:111} INFO -   MCHP: +2 rows → 2515 total in MinIO
[2026-06-13T13:32:40.859+0000] {minio_fetching_data_daily.py:111} INFO -   MU: +2 rows → 2515 total in MinIO
[2026-06-13T13:32:40.899+0000] {minio_fetching_data_daily.py:111} INFO -   MSFT: +2 rows → 2515 total in MinIO
[2026-06-13T13:32:40.940+0000] {minio_fetching_data_daily.py:111} INFO -   MAA: +2 rows → 2515 total in MinIO
[2026-06-13T13:32:40.981+0000] {minio_fetching_data_daily.py:111} INFO -   MRNA: +2 rows → 1888 total in MinIO
[2026-06-13T13:32:41.021+0000] {minio_fetching_data_daily.py:111} INFO -   TAP: +2 rows → 2515 total in MinIO
[2026-06-13T13:32:41.078+0000] {minio_fetching_data_daily.py:111} INFO -   MDLZ: +2 rows → 2515 total in MinIO
[2026-06-13T13:32:41.123+0000] {minio_fetching_data_daily.py:111} INFO -   MPWR: +2 rows → 2515 total in MinIO
[2026-06-13T13:32:41.173+0000] {minio_fetching_data_daily.py:111} INFO -   MNST: +2 rows → 2515 total in MinIO
[2026-06-13T13:32:41.273+0000] {minio_fetching_data_daily.py:111} INFO -   MCO: +2 rows → 2515 total in MinIO
[2026-06-13T13:32:41.323+0000] {minio_fetching_data_daily.py:111} INFO -   MS: +2 rows → 2515 total in MinIO
[2026-06-13T13:32:41.378+0000] {minio_fetching_data_daily.py:111} INFO -   MOS: +2 rows → 2515 total in MinIO
[2026-06-13T13:32:41.451+0000] {minio_fetching_data_daily.py:111} INFO -   MSI: +2 rows → 2515 total in MinIO
[2026-06-13T13:32:41.493+0000] {minio_fetching_data_daily.py:111} INFO -   MSCI: +2 rows → 2515 total in MinIO
[2026-06-13T13:32:41.533+0000] {minio_fetching_data_daily.py:111} INFO -   NDAQ: +2 rows → 2515 total in MinIO
[2026-06-13T13:32:41.579+0000] {minio_fetching_data_daily.py:111} INFO -   NTAP: +2 rows → 2515 total in MinIO
[2026-06-13T13:32:41.628+0000] {minio_fetching_data_daily.py:111} INFO -   NFLX: +2 rows → 2515 total in MinIO
[2026-06-13T13:32:41.669+0000] {minio_fetching_data_daily.py:111} INFO -   NEM: +2 rows → 2515 total in MinIO
[2026-06-13T13:32:41.714+0000] {minio_fetching_data_daily.py:111} INFO -   NWSA: +2 rows → 2515 total in MinIO
[2026-06-13T13:32:41.786+0000] {minio_fetching_data_daily.py:111} INFO -   NWS: +2 rows → 2515 total in MinIO
[2026-06-13T13:32:41.842+0000] {minio_fetching_data_daily.py:111} INFO -   NEE: +2 rows → 2515 total in MinIO
[2026-06-13T13:32:41.895+0000] {minio_fetching_data_daily.py:111} INFO -   NKE: +2 rows → 2515 total in MinIO
[2026-06-13T13:32:41.934+0000] {minio_fetching_data_daily.py:111} INFO -   NI: +2 rows → 2515 total in MinIO
[2026-06-13T13:32:41.973+0000] {minio_fetching_data_daily.py:111} INFO -   NDSN: +2 rows → 2515 total in MinIO
[2026-06-13T13:32:42.017+0000] {minio_fetching_data_daily.py:111} INFO -   NSC: +2 rows → 2515 total in MinIO
[2026-06-13T13:32:42.064+0000] {minio_fetching_data_daily.py:111} INFO -   NTRS: +2 rows → 2515 total in MinIO
[2026-06-13T13:32:42.139+0000] {minio_fetching_data_daily.py:111} INFO -   NOC: +2 rows → 2515 total in MinIO
[2026-06-13T13:32:42.203+0000] {minio_fetching_data_daily.py:111} INFO -   NCLH: +2 rows → 2515 total in MinIO
[2026-06-13T13:32:42.246+0000] {minio_fetching_data_daily.py:111} INFO -   NRG: +2 rows → 2515 total in MinIO
[2026-06-13T13:32:42.291+0000] {minio_fetching_data_daily.py:111} INFO -   NUE: +2 rows → 2515 total in MinIO
[2026-06-13T13:32:42.332+0000] {minio_fetching_data_daily.py:111} INFO -   NVDA: +2 rows → 2515 total in MinIO
[2026-06-13T13:32:42.379+0000] {minio_fetching_data_daily.py:111} INFO -   NVR: +2 rows → 2515 total in MinIO
[2026-06-13T13:32:42.426+0000] {minio_fetching_data_daily.py:111} INFO -   NXPI: +2 rows → 2515 total in MinIO
[2026-06-13T13:32:42.470+0000] {minio_fetching_data_daily.py:111} INFO -   ORLY: +2 rows → 2515 total in MinIO
[2026-06-13T13:32:42.514+0000] {minio_fetching_data_daily.py:111} INFO -   OXY: +2 rows → 2515 total in MinIO
[2026-06-13T13:32:42.562+0000] {minio_fetching_data_daily.py:111} INFO -   ODFL: +2 rows → 2515 total in MinIO
[2026-06-13T13:32:42.612+0000] {minio_fetching_data_daily.py:111} INFO -   OMC: +2 rows → 2515 total in MinIO
[2026-06-13T13:32:44.647+0000] {minio_fetching_data_daily.py:160} INFO - Batch 8 | start=2026-06-11 | 50 tickers
[2026-06-13T13:32:46.788+0000] {minio_fetching_data_daily.py:111} INFO -   ON: +2 rows → 2515 total in MinIO
[2026-06-13T13:32:46.836+0000] {minio_fetching_data_daily.py:111} INFO -   OKE: +2 rows → 2515 total in MinIO
[2026-06-13T13:32:46.886+0000] {minio_fetching_data_daily.py:111} INFO -   ORCL: +2 rows → 2515 total in MinIO
[2026-06-13T13:32:46.932+0000] {minio_fetching_data_daily.py:111} INFO -   OTIS: +2 rows → 1567 total in MinIO
[2026-06-13T13:32:46.978+0000] {minio_fetching_data_daily.py:111} INFO -   PCAR: +2 rows → 2515 total in MinIO
[2026-06-13T13:32:47.025+0000] {minio_fetching_data_daily.py:111} INFO -   PKG: +2 rows → 2515 total in MinIO
[2026-06-13T13:32:47.068+0000] {minio_fetching_data_daily.py:111} INFO -   PLTR: +2 rows → 1432 total in MinIO
[2026-06-13T13:32:47.111+0000] {minio_fetching_data_daily.py:111} INFO -   PANW: +2 rows → 2515 total in MinIO
[2026-06-13T13:32:47.154+0000] {minio_fetching_data_daily.py:111} INFO -   PSKY: +2 rows → 2515 total in MinIO
[2026-06-13T13:32:47.202+0000] {minio_fetching_data_daily.py:111} INFO -   PH: +2 rows → 2515 total in MinIO
[2026-06-13T13:32:47.244+0000] {minio_fetching_data_daily.py:111} INFO -   PAYX: +2 rows → 2515 total in MinIO
[2026-06-13T13:32:47.286+0000] {minio_fetching_data_daily.py:111} INFO -   PYPL: +2 rows → 2515 total in MinIO
[2026-06-13T13:32:47.343+0000] {minio_fetching_data_daily.py:111} INFO -   PNR: +2 rows → 2515 total in MinIO
[2026-06-13T13:32:47.387+0000] {minio_fetching_data_daily.py:111} INFO -   PEP: +2 rows → 2515 total in MinIO
[2026-06-13T13:32:47.430+0000] {minio_fetching_data_daily.py:111} INFO -   PFE: +2 rows → 2515 total in MinIO
[2026-06-13T13:32:47.471+0000] {minio_fetching_data_daily.py:111} INFO -   PCG: +2 rows → 2515 total in MinIO
[2026-06-13T13:32:47.516+0000] {minio_fetching_data_daily.py:111} INFO -   PM: +2 rows → 2515 total in MinIO
[2026-06-13T13:32:47.566+0000] {minio_fetching_data_daily.py:111} INFO -   PSX: +2 rows → 2515 total in MinIO
[2026-06-13T13:32:47.612+0000] {minio_fetching_data_daily.py:111} INFO -   PNW: +2 rows → 2515 total in MinIO
[2026-06-13T13:32:47.657+0000] {minio_fetching_data_daily.py:111} INFO -   PNC: +2 rows → 2515 total in MinIO
[2026-06-13T13:32:47.703+0000] {minio_fetching_data_daily.py:111} INFO -   POOL: +2 rows → 2515 total in MinIO
[2026-06-13T13:32:47.754+0000] {minio_fetching_data_daily.py:111} INFO -   PPG: +2 rows → 2515 total in MinIO
[2026-06-13T13:32:47.809+0000] {minio_fetching_data_daily.py:111} INFO -   PPL: +2 rows → 2515 total in MinIO
[2026-06-13T13:32:47.853+0000] {minio_fetching_data_daily.py:111} INFO -   PFG: +2 rows → 2515 total in MinIO
[2026-06-13T13:32:47.898+0000] {minio_fetching_data_daily.py:111} INFO -   PG: +2 rows → 2515 total in MinIO
[2026-06-13T13:32:47.941+0000] {minio_fetching_data_daily.py:111} INFO -   PGR: +2 rows → 2515 total in MinIO
[2026-06-13T13:32:48.032+0000] {minio_fetching_data_daily.py:111} INFO -   PLD: +2 rows → 2515 total in MinIO
[2026-06-13T13:32:48.078+0000] {minio_fetching_data_daily.py:111} INFO -   PRU: +2 rows → 2515 total in MinIO
[2026-06-13T13:32:48.143+0000] {minio_fetching_data_daily.py:111} INFO -   PEG: +2 rows → 2515 total in MinIO
[2026-06-13T13:32:48.197+0000] {minio_fetching_data_daily.py:111} INFO -   PTC: +2 rows → 2515 total in MinIO
[2026-06-13T13:32:48.242+0000] {minio_fetching_data_daily.py:111} INFO -   PSA: +2 rows → 2515 total in MinIO
[2026-06-13T13:32:48.285+0000] {minio_fetching_data_daily.py:111} INFO -   PHM: +2 rows → 2515 total in MinIO
[2026-06-13T13:32:48.337+0000] {minio_fetching_data_daily.py:111} INFO -   PWR: +2 rows → 2515 total in MinIO
[2026-06-13T13:32:48.383+0000] {minio_fetching_data_daily.py:111} INFO -   QCOM: +2 rows → 2515 total in MinIO
[2026-06-13T13:32:48.427+0000] {minio_fetching_data_daily.py:111} INFO -   DGX: +2 rows → 2515 total in MinIO
[2026-06-13T13:32:48.469+0000] {minio_fetching_data_daily.py:111} INFO -   Q: +2 rows → 158 total in MinIO
[2026-06-13T13:32:48.500+0000] {minio_fetching_data_daily.py:111} INFO -   RL: +2 rows → 2515 total in MinIO
[2026-06-13T13:32:48.551+0000] {minio_fetching_data_daily.py:111} INFO -   RJF: +2 rows → 2515 total in MinIO
[2026-06-13T13:32:48.628+0000] {minio_fetching_data_daily.py:111} INFO -   RTX: +2 rows → 2515 total in MinIO
[2026-06-13T13:32:48.695+0000] {minio_fetching_data_daily.py:111} INFO -   O: +2 rows → 2515 total in MinIO
[2026-06-13T13:32:48.742+0000] {minio_fetching_data_daily.py:111} INFO -   REG: +2 rows → 2515 total in MinIO
[2026-06-13T13:32:48.789+0000] {minio_fetching_data_daily.py:111} INFO -   REGN: +2 rows → 2515 total in MinIO
[2026-06-13T13:32:48.841+0000] {minio_fetching_data_daily.py:111} INFO -   RF: +2 rows → 2515 total in MinIO
[2026-06-13T13:32:48.894+0000] {minio_fetching_data_daily.py:111} INFO -   RSG: +2 rows → 2515 total in MinIO
[2026-06-13T13:32:48.939+0000] {minio_fetching_data_daily.py:111} INFO -   RMD: +2 rows → 2515 total in MinIO
[2026-06-13T13:32:48.990+0000] {minio_fetching_data_daily.py:111} INFO -   RVTY: +2 rows → 2515 total in MinIO
[2026-06-13T13:32:49.034+0000] {minio_fetching_data_daily.py:111} INFO -   HOOD: +2 rows → 1224 total in MinIO
[2026-06-13T13:32:49.067+0000] {minio_fetching_data_daily.py:111} INFO -   ROK: +2 rows → 2515 total in MinIO
[2026-06-13T13:32:49.118+0000] {minio_fetching_data_daily.py:111} INFO -   ROL: +2 rows → 2515 total in MinIO
[2026-06-13T13:32:49.165+0000] {minio_fetching_data_daily.py:111} INFO -   ROP: +2 rows → 2515 total in MinIO
[2026-06-13T13:32:51.196+0000] {minio_fetching_data_daily.py:160} INFO - Batch 9 | start=2026-06-11 | 50 tickers
[2026-06-13T13:32:53.151+0000] {minio_fetching_data_daily.py:111} INFO -   ROST: +2 rows → 2515 total in MinIO
[2026-06-13T13:32:53.196+0000] {minio_fetching_data_daily.py:111} INFO -   RCL: +2 rows → 2515 total in MinIO
[2026-06-13T13:32:53.270+0000] {minio_fetching_data_daily.py:111} INFO -   SPGI: +2 rows → 2515 total in MinIO
[2026-06-13T13:32:53.313+0000] {minio_fetching_data_daily.py:111} INFO -   CRM: +2 rows → 2515 total in MinIO
[2026-06-13T13:32:53.355+0000] {minio_fetching_data_daily.py:111} INFO -   SNDK: +2 rows → 334 total in MinIO
[2026-06-13T13:32:53.381+0000] {minio_fetching_data_daily.py:111} INFO -   SBAC: +2 rows → 2515 total in MinIO
[2026-06-13T13:32:53.428+0000] {minio_fetching_data_daily.py:111} INFO -   SLB: +2 rows → 2515 total in MinIO
[2026-06-13T13:32:53.476+0000] {minio_fetching_data_daily.py:111} INFO -   STX: +2 rows → 2515 total in MinIO
[2026-06-13T13:32:53.524+0000] {minio_fetching_data_daily.py:111} INFO -   SRE: +2 rows → 2515 total in MinIO
[2026-06-13T13:32:53.576+0000] {minio_fetching_data_daily.py:111} INFO -   NOW: +2 rows → 2515 total in MinIO
[2026-06-13T13:32:53.617+0000] {minio_fetching_data_daily.py:111} INFO -   SHW: +2 rows → 2515 total in MinIO
[2026-06-13T13:32:53.659+0000] {minio_fetching_data_daily.py:111} INFO -   SPG: +2 rows → 2515 total in MinIO
[2026-06-13T13:32:53.700+0000] {minio_fetching_data_daily.py:111} INFO -   SWKS: +2 rows → 2515 total in MinIO
[2026-06-13T13:32:53.743+0000] {minio_fetching_data_daily.py:111} INFO -   SJM: +2 rows → 2515 total in MinIO
[2026-06-13T13:32:53.787+0000] {minio_fetching_data_daily.py:111} INFO -   SW: +2 rows → 2515 total in MinIO
[2026-06-13T13:32:53.833+0000] {minio_fetching_data_daily.py:111} INFO -   SNA: +2 rows → 2515 total in MinIO
[2026-06-13T13:32:53.891+0000] {minio_fetching_data_daily.py:111} INFO -   SOLV: +2 rows → 556 total in MinIO
[2026-06-13T13:32:53.921+0000] {minio_fetching_data_daily.py:111} INFO -   SO: +2 rows → 2515 total in MinIO
[2026-06-13T13:32:53.968+0000] {minio_fetching_data_daily.py:111} INFO -   LUV: +2 rows → 2515 total in MinIO
[2026-06-13T13:32:54.015+0000] {minio_fetching_data_daily.py:111} INFO -   SWK: +2 rows → 2515 total in MinIO
[2026-06-13T13:32:54.060+0000] {minio_fetching_data_daily.py:111} INFO -   SBUX: +2 rows → 2515 total in MinIO
[2026-06-13T13:32:54.100+0000] {minio_fetching_data_daily.py:111} INFO -   STT: +2 rows → 2515 total in MinIO
[2026-06-13T13:32:54.150+0000] {minio_fetching_data_daily.py:111} INFO -   STLD: +2 rows → 2515 total in MinIO
[2026-06-13T13:32:54.192+0000] {minio_fetching_data_daily.py:111} INFO -   STE: +2 rows → 2515 total in MinIO
[2026-06-13T13:32:54.238+0000] {minio_fetching_data_daily.py:111} INFO -   SYK: +2 rows → 2515 total in MinIO
[2026-06-13T13:32:54.278+0000] {minio_fetching_data_daily.py:111} INFO -   SMCI: +2 rows → 2515 total in MinIO
[2026-06-13T13:32:54.332+0000] {minio_fetching_data_daily.py:111} INFO -   SYF: +2 rows → 2515 total in MinIO
[2026-06-13T13:32:54.410+0000] {minio_fetching_data_daily.py:111} INFO -   SNPS: +2 rows → 2515 total in MinIO
[2026-06-13T13:32:54.465+0000] {minio_fetching_data_daily.py:111} INFO -   SYY: +2 rows → 2515 total in MinIO
[2026-06-13T13:32:54.508+0000] {minio_fetching_data_daily.py:111} INFO -   TMUS: +2 rows → 2515 total in MinIO
[2026-06-13T13:32:54.551+0000] {minio_fetching_data_daily.py:111} INFO -   TROW: +2 rows → 2515 total in MinIO
[2026-06-13T13:32:54.598+0000] {minio_fetching_data_daily.py:111} INFO -   TTWO: +2 rows → 2515 total in MinIO
[2026-06-13T13:32:54.637+0000] {minio_fetching_data_daily.py:111} INFO -   TPR: +2 rows → 2515 total in MinIO
[2026-06-13T13:32:54.687+0000] {minio_fetching_data_daily.py:111} INFO -   TRGP: +2 rows → 2515 total in MinIO
[2026-06-13T13:32:54.748+0000] {minio_fetching_data_daily.py:111} INFO -   TGT: +2 rows → 2515 total in MinIO
[2026-06-13T13:32:54.800+0000] {minio_fetching_data_daily.py:111} INFO -   TEL: +2 rows → 2515 total in MinIO
[2026-06-13T13:32:54.845+0000] {minio_fetching_data_daily.py:111} INFO -   TDY: +2 rows → 2515 total in MinIO
[2026-06-13T13:32:54.887+0000] {minio_fetching_data_daily.py:111} INFO -   TER: +2 rows → 2515 total in MinIO
[2026-06-13T13:32:54.930+0000] {minio_fetching_data_daily.py:111} INFO -   TSLA: +2 rows → 2515 total in MinIO
[2026-06-13T13:32:55.013+0000] {minio_fetching_data_daily.py:111} INFO -   TXN: +2 rows → 2515 total in MinIO
[2026-06-13T13:32:55.080+0000] {minio_fetching_data_daily.py:111} INFO -   TPL: +2 rows → 2515 total in MinIO
[2026-06-13T13:32:55.123+0000] {minio_fetching_data_daily.py:111} INFO -   TXT: +2 rows → 2515 total in MinIO
[2026-06-13T13:32:55.200+0000] {minio_fetching_data_daily.py:111} INFO -   TMO: +2 rows → 2515 total in MinIO
[2026-06-13T13:32:55.241+0000] {minio_fetching_data_daily.py:111} INFO -   TJX: +2 rows → 2515 total in MinIO
[2026-06-13T13:32:55.332+0000] {minio_fetching_data_daily.py:111} INFO -   TKO: +2 rows → 2515 total in MinIO
[2026-06-13T13:32:55.373+0000] {minio_fetching_data_daily.py:111} INFO -   TTD: +2 rows → 2445 total in MinIO
[2026-06-13T13:32:55.418+0000] {minio_fetching_data_daily.py:111} INFO -   TSCO: +2 rows → 2515 total in MinIO
[2026-06-13T13:32:55.465+0000] {minio_fetching_data_daily.py:111} INFO -   TT: +2 rows → 2515 total in MinIO
[2026-06-13T13:32:55.510+0000] {minio_fetching_data_daily.py:111} INFO -   TDG: +2 rows → 2515 total in MinIO
[2026-06-13T13:32:55.557+0000] {minio_fetching_data_daily.py:111} INFO -   TRV: +2 rows → 2515 total in MinIO
[2026-06-13T13:32:57.591+0000] {minio_fetching_data_daily.py:160} INFO - Batch 10 | start=2026-06-11 | 50 tickers
[2026-06-13T13:32:59.554+0000] {minio_fetching_data_daily.py:111} INFO -   TRMB: +2 rows → 2515 total in MinIO
[2026-06-13T13:32:59.602+0000] {minio_fetching_data_daily.py:111} INFO -   TFC: +2 rows → 2515 total in MinIO
[2026-06-13T13:32:59.650+0000] {minio_fetching_data_daily.py:111} INFO -   TYL: +2 rows → 2515 total in MinIO
[2026-06-13T13:32:59.696+0000] {minio_fetching_data_daily.py:111} INFO -   TSN: +2 rows → 2515 total in MinIO
[2026-06-13T13:32:59.736+0000] {minio_fetching_data_daily.py:111} INFO -   USB: +2 rows → 2515 total in MinIO
[2026-06-13T13:32:59.777+0000] {minio_fetching_data_daily.py:111} INFO -   UBER: +2 rows → 1783 total in MinIO
[2026-06-13T13:32:59.822+0000] {minio_fetching_data_daily.py:111} INFO -   UDR: +2 rows → 2515 total in MinIO
[2026-06-13T13:32:59.872+0000] {minio_fetching_data_daily.py:111} INFO -   ULTA: +2 rows → 2515 total in MinIO
[2026-06-13T13:32:59.917+0000] {minio_fetching_data_daily.py:111} INFO -   UNP: +2 rows → 2515 total in MinIO
[2026-06-13T13:32:59.963+0000] {minio_fetching_data_daily.py:111} INFO -   UAL: +2 rows → 2515 total in MinIO
[2026-06-13T13:33:00.005+0000] {minio_fetching_data_daily.py:111} INFO -   UPS: +2 rows → 2515 total in MinIO
[2026-06-13T13:33:00.050+0000] {minio_fetching_data_daily.py:111} INFO -   URI: +2 rows → 2515 total in MinIO
[2026-06-13T13:33:00.096+0000] {minio_fetching_data_daily.py:111} INFO -   UNH: +2 rows → 2515 total in MinIO
[2026-06-13T13:33:00.137+0000] {minio_fetching_data_daily.py:111} INFO -   UHS: +2 rows → 2515 total in MinIO
[2026-06-13T13:33:00.184+0000] {minio_fetching_data_daily.py:111} INFO -   VLO: +2 rows → 2515 total in MinIO
[2026-06-13T13:33:00.235+0000] {minio_fetching_data_daily.py:111} INFO -   VEEV: +2 rows → 2515 total in MinIO
[2026-06-13T13:33:00.286+0000] {minio_fetching_data_daily.py:111} INFO -   VTR: +2 rows → 2515 total in MinIO
[2026-06-13T13:33:00.330+0000] {minio_fetching_data_daily.py:111} INFO -   VLTO: +2 rows → 675 total in MinIO
[2026-06-13T13:33:00.356+0000] {minio_fetching_data_daily.py:111} INFO -   VRSN: +2 rows → 2515 total in MinIO
[2026-06-13T13:33:00.400+0000] {minio_fetching_data_daily.py:111} INFO -   VRSK: +2 rows → 2515 total in MinIO
[2026-06-13T13:33:00.444+0000] {minio_fetching_data_daily.py:111} INFO -   VZ: +2 rows → 2515 total in MinIO
[2026-06-13T13:33:00.495+0000] {minio_fetching_data_daily.py:111} INFO -   VRTX: +2 rows → 2515 total in MinIO
[2026-06-13T13:33:00.536+0000] {minio_fetching_data_daily.py:111} INFO -   VRT: +2 rows → 1976 total in MinIO
[2026-06-13T13:33:00.583+0000] {minio_fetching_data_daily.py:111} INFO -   VTRS: +2 rows → 2515 total in MinIO
[2026-06-13T13:33:00.627+0000] {minio_fetching_data_daily.py:111} INFO -   VICI: +2 rows → 2123 total in MinIO
[2026-06-13T13:33:00.673+0000] {minio_fetching_data_daily.py:111} INFO -   V: +2 rows → 2515 total in MinIO
[2026-06-13T13:33:00.717+0000] {minio_fetching_data_daily.py:111} INFO -   VST: +2 rows → 2435 total in MinIO
[2026-06-13T13:33:00.764+0000] {minio_fetching_data_daily.py:111} INFO -   VMC: +2 rows → 2515 total in MinIO
[2026-06-13T13:33:00.818+0000] {minio_fetching_data_daily.py:111} INFO -   WRB: +2 rows → 2515 total in MinIO
[2026-06-13T13:33:00.861+0000] {minio_fetching_data_daily.py:111} INFO -   GWW: +2 rows → 2515 total in MinIO
[2026-06-13T13:33:00.903+0000] {minio_fetching_data_daily.py:111} INFO -   WAB: +2 rows → 2515 total in MinIO
[2026-06-13T13:33:00.944+0000] {minio_fetching_data_daily.py:111} INFO -   WMT: +2 rows → 2515 total in MinIO
[2026-06-13T13:33:00.991+0000] {minio_fetching_data_daily.py:111} INFO -   DIS: +2 rows → 2515 total in MinIO
[2026-06-13T13:33:01.046+0000] {minio_fetching_data_daily.py:111} INFO -   WBD: +2 rows → 2515 total in MinIO
[2026-06-13T13:33:01.111+0000] {minio_fetching_data_daily.py:111} INFO -   WM: +2 rows → 2515 total in MinIO
[2026-06-13T13:33:01.159+0000] {minio_fetching_data_daily.py:111} INFO -   WAT: +2 rows → 2515 total in MinIO
[2026-06-13T13:33:01.204+0000] {minio_fetching_data_daily.py:111} INFO -   WEC: +2 rows → 2515 total in MinIO
[2026-06-13T13:33:01.252+0000] {minio_fetching_data_daily.py:111} INFO -   WFC: +2 rows → 2515 total in MinIO
[2026-06-13T13:33:01.296+0000] {minio_fetching_data_daily.py:111} INFO -   WELL: +2 rows → 2515 total in MinIO
[2026-06-13T13:33:01.340+0000] {minio_fetching_data_daily.py:111} INFO -   WST: +2 rows → 2515 total in MinIO
[2026-06-13T13:33:01.384+0000] {minio_fetching_data_daily.py:111} INFO -   WDC: +2 rows → 2515 total in MinIO
[2026-06-13T13:33:01.428+0000] {minio_fetching_data_daily.py:111} INFO -   WY: +2 rows → 2515 total in MinIO
[2026-06-13T13:33:01.472+0000] {minio_fetching_data_daily.py:111} INFO -   WSM: +2 rows → 2515 total in MinIO
[2026-06-13T13:33:01.522+0000] {minio_fetching_data_daily.py:111} INFO -   WMB: +2 rows → 2515 total in MinIO
[2026-06-13T13:33:01.564+0000] {minio_fetching_data_daily.py:111} INFO -   WTW: +2 rows → 2515 total in MinIO
[2026-06-13T13:33:01.622+0000] {minio_fetching_data_daily.py:111} INFO -   WDAY: +2 rows → 2515 total in MinIO
[2026-06-13T13:33:01.664+0000] {minio_fetching_data_daily.py:111} INFO -   WYNN: +2 rows → 2515 total in MinIO
[2026-06-13T13:33:01.713+0000] {minio_fetching_data_daily.py:111} INFO -   XEL: +2 rows → 2515 total in MinIO
[2026-06-13T13:33:01.770+0000] {minio_fetching_data_daily.py:111} INFO -   XYL: +2 rows → 2515 total in MinIO
[2026-06-13T13:33:01.818+0000] {minio_fetching_data_daily.py:111} INFO -   YUM: +2 rows → 2515 total in MinIO
[2026-06-13T13:33:03.855+0000] {minio_fetching_data_daily.py:160} INFO - Batch 11 | start=2026-06-11 | 3 tickers
[2026-06-13T13:33:04.315+0000] {minio_fetching_data_daily.py:111} INFO -   ZBRA: +2 rows → 2515 total in MinIO
[2026-06-13T13:33:04.360+0000] {minio_fetching_data_daily.py:111} INFO -   ZBH: +2 rows → 2515 total in MinIO
[2026-06-13T13:33:04.407+0000] {minio_fetching_data_daily.py:111} INFO -   ZTS: +2 rows → 2515 total in MinIO
[2026-06-13T13:33:06.449+0000] {minio_fetching_data_daily.py:165} INFO - ==================================================
[2026-06-13T13:33:06.451+0000] {minio_fetching_data_daily.py:166} INFO - Done. Check your MinIO console at http://localhost:9001
[2026-06-13T13:33:06.452+0000] {python.py:237} INFO - Done. Returned value was: None
[2026-06-13T13:33:06.454+0000] {taskinstance.py:441} INFO - ::group::Post task execution logs
[2026-06-13T13:33:06.461+0000] {taskinstance.py:1206} INFO - Marking task as SUCCESS. dag_id=sp500_master_ingestion_pipeline, task_id=extract_daily_data, run_id=scheduled__2026-06-11T20:30:00+00:00, execution_date=20260611T203000, start_date=20260613T133141, end_date=20260613T133306
[2026-06-13T13:33:06.516+0000] {local_task_job_runner.py:240} INFO - Task exited with return code 0
[2026-06-13T13:33:06.532+0000] {taskinstance.py:3498} INFO - 1 downstream tasks scheduled from follow-on schedule check
[2026-06-13T13:33:06.537+0000] {local_task_job_runner.py:222} INFO - ::endgroup::
