[2026-06-13T20:35:26.137+0000] {local_task_job_runner.py:120} INFO - ::group::Pre task execution logs
[2026-06-13T20:35:26.174+0000] {taskinstance.py:2076} INFO - Dependencies all met for dep_context=non-requeueable deps ti=<TaskInstance: sp500_master_ingestion_pipeline.extract_daily_data scheduled__2026-06-12T20:30:00+00:00 [queued]>
[2026-06-13T20:35:26.186+0000] {taskinstance.py:2076} INFO - Dependencies all met for dep_context=requeueable deps ti=<TaskInstance: sp500_master_ingestion_pipeline.extract_daily_data scheduled__2026-06-12T20:30:00+00:00 [queued]>
[2026-06-13T20:35:26.188+0000] {taskinstance.py:2306} INFO - Starting attempt 1 of 3
[2026-06-13T20:35:26.204+0000] {taskinstance.py:2330} INFO - Executing <Task(PythonOperator): extract_daily_data> on 2026-06-12 20:30:00+00:00
[2026-06-13T20:35:26.212+0000] {standard_task_runner.py:90} INFO - Running: ['***', 'tasks', 'run', 'sp500_master_ingestion_pipeline', 'extract_daily_data', 'scheduled__2026-06-12T20:30:00+00:00', '--job-id', '14', '--raw', '--subdir', 'DAGS_FOLDER/sp500_master_ingestion_dag.py', '--cfg-path', '/tmp/tmpd_85hq9p']
[2026-06-13T20:35:26.214+0000] {logging_mixin.py:188} WARNING - /home/***/.local/lib/python3.12/site-packages/***/task/task_runner/standard_task_runner.py:61 DeprecationWarning: This process (pid=198) is multi-threaded, use of fork() may lead to deadlocks in the child.
[2026-06-13T20:35:26.216+0000] {standard_task_runner.py:91} INFO - Job 14: Subtask extract_daily_data
[2026-06-13T20:35:26.216+0000] {standard_task_runner.py:63} INFO - Started process 203 to run task
[2026-06-13T20:35:26.341+0000] {task_command.py:426} INFO - Running <TaskInstance: sp500_master_ingestion_pipeline.extract_daily_data scheduled__2026-06-12T20:30:00+00:00 [running]> on host 2062e1fe29ab
[2026-06-13T20:35:26.623+0000] {taskinstance.py:2648} INFO - Exporting env vars: AIRFLOW_CTX_DAG_OWNER='data_engineering_team' AIRFLOW_CTX_DAG_ID='sp500_master_ingestion_pipeline' AIRFLOW_CTX_TASK_ID='extract_daily_data' AIRFLOW_CTX_EXECUTION_DATE='2026-06-12T20:30:00+00:00' AIRFLOW_CTX_TRY_NUMBER='1' AIRFLOW_CTX_DAG_RUN_ID='scheduled__2026-06-12T20:30:00+00:00'
[2026-06-13T20:35:26.627+0000] {taskinstance.py:430} INFO - ::endgroup::
[2026-06-13T20:35:26.918+0000] {minio_fetching_data_daily.py:43} INFO - Fetching S&P 500 tickers from Wikipedia …
[2026-06-13T20:35:27.520+0000] {minio_fetching_data_daily.py:52} INFO - Found 503 tickers.
[2026-06-13T20:35:35.400+0000] {minio_fetching_data_daily.py:154} INFO - New tickers: 0 | To update: 503 | End date: 2026-06-13
[2026-06-13T20:35:35.402+0000] {minio_fetching_data_daily.py:160} INFO - Batch 1 | start=2026-06-13 | 50 tickers
[2026-06-13T20:35:35.407+0000] {cache.py:132} INFO - Failed to create TzCache, reason: Error creating TzCache folder: '/home/***/.cache/py-yfinance' reason: [Errno 17] File exists: '/home/***/.cache/py-yfinance'. TzCache will not be used. Tip: You can direct cache to use a different location with 'set_tz_cache_location(mylocation)'
[2026-06-13T20:35:38.577+0000] {minio_fetching_data_daily.py:111} INFO -   MMM: +1 rows → 2515 total in MinIO
[2026-06-13T20:35:38.697+0000] {minio_fetching_data_daily.py:111} INFO -   AOS: +1 rows → 2515 total in MinIO
[2026-06-13T20:35:38.791+0000] {minio_fetching_data_daily.py:111} INFO -   ABT: +1 rows → 2515 total in MinIO
[2026-06-13T20:35:38.931+0000] {minio_fetching_data_daily.py:111} INFO -   ABBV: +1 rows → 2515 total in MinIO
[2026-06-13T20:35:39.007+0000] {minio_fetching_data_daily.py:111} INFO -   ACN: +1 rows → 2515 total in MinIO
[2026-06-13T20:35:39.136+0000] {minio_fetching_data_daily.py:111} INFO -   ADBE: +1 rows → 2515 total in MinIO
[2026-06-13T20:35:39.220+0000] {minio_fetching_data_daily.py:111} INFO -   AMD: +1 rows → 2515 total in MinIO
[2026-06-13T20:35:39.289+0000] {minio_fetching_data_daily.py:111} INFO -   AES: +1 rows → 2515 total in MinIO
[2026-06-13T20:35:39.417+0000] {minio_fetching_data_daily.py:111} INFO -   AFL: +1 rows → 2515 total in MinIO
[2026-06-13T20:35:39.472+0000] {minio_fetching_data_daily.py:111} INFO -   A: +1 rows → 2515 total in MinIO
[2026-06-13T20:35:39.535+0000] {minio_fetching_data_daily.py:111} INFO -   APD: +1 rows → 2515 total in MinIO
[2026-06-13T20:35:39.627+0000] {minio_fetching_data_daily.py:111} INFO -   ABNB: +1 rows → 1382 total in MinIO
[2026-06-13T20:35:39.881+0000] {minio_fetching_data_daily.py:111} INFO -   AKAM: +1 rows → 2515 total in MinIO
[2026-06-13T20:35:40.336+0000] {minio_fetching_data_daily.py:111} INFO -   ALB: +1 rows → 2515 total in MinIO
[2026-06-13T20:35:40.403+0000] {minio_fetching_data_daily.py:111} INFO -   ARE: +1 rows → 2515 total in MinIO
[2026-06-13T20:35:40.454+0000] {minio_fetching_data_daily.py:111} INFO -   ALGN: +1 rows → 2515 total in MinIO
[2026-06-13T20:35:40.504+0000] {minio_fetching_data_daily.py:111} INFO -   ALLE: +1 rows → 2515 total in MinIO
[2026-06-13T20:35:40.555+0000] {minio_fetching_data_daily.py:111} INFO -   LNT: +1 rows → 2515 total in MinIO
[2026-06-13T20:35:40.600+0000] {minio_fetching_data_daily.py:111} INFO -   ALL: +1 rows → 2515 total in MinIO
[2026-06-13T20:35:40.642+0000] {minio_fetching_data_daily.py:111} INFO -   GOOGL: +1 rows → 2515 total in MinIO
[2026-06-13T20:35:40.708+0000] {minio_fetching_data_daily.py:111} INFO -   GOOG: +1 rows → 2515 total in MinIO
[2026-06-13T20:35:40.751+0000] {minio_fetching_data_daily.py:111} INFO -   MO: +1 rows → 2515 total in MinIO
[2026-06-13T20:35:40.803+0000] {minio_fetching_data_daily.py:111} INFO -   AMZN: +1 rows → 2515 total in MinIO
[2026-06-13T20:35:40.849+0000] {minio_fetching_data_daily.py:111} INFO -   AMCR: +1 rows → 2515 total in MinIO
[2026-06-13T20:35:40.892+0000] {minio_fetching_data_daily.py:111} INFO -   AEE: +1 rows → 2515 total in MinIO
[2026-06-13T20:35:40.940+0000] {minio_fetching_data_daily.py:111} INFO -   AEP: +1 rows → 2515 total in MinIO
[2026-06-13T20:35:40.985+0000] {minio_fetching_data_daily.py:111} INFO -   AXP: +1 rows → 2515 total in MinIO
[2026-06-13T20:35:41.043+0000] {minio_fetching_data_daily.py:111} INFO -   AIG: +1 rows → 2515 total in MinIO
[2026-06-13T20:35:41.102+0000] {minio_fetching_data_daily.py:111} INFO -   AMT: +1 rows → 2515 total in MinIO
[2026-06-13T20:35:41.145+0000] {minio_fetching_data_daily.py:111} INFO -   AWK: +1 rows → 2515 total in MinIO
[2026-06-13T20:35:41.188+0000] {minio_fetching_data_daily.py:111} INFO -   AMP: +1 rows → 2515 total in MinIO
[2026-06-13T20:35:41.232+0000] {minio_fetching_data_daily.py:111} INFO -   AME: +1 rows → 2515 total in MinIO
[2026-06-13T20:35:41.276+0000] {minio_fetching_data_daily.py:111} INFO -   AMGN: +1 rows → 2515 total in MinIO
[2026-06-13T20:35:41.325+0000] {minio_fetching_data_daily.py:111} INFO -   APH: +1 rows → 2515 total in MinIO
[2026-06-13T20:35:41.369+0000] {minio_fetching_data_daily.py:111} INFO -   ADI: +1 rows → 2515 total in MinIO
[2026-06-13T20:35:41.417+0000] {minio_fetching_data_daily.py:111} INFO -   AON: +1 rows → 2515 total in MinIO
[2026-06-13T20:35:41.459+0000] {minio_fetching_data_daily.py:111} INFO -   APA: +1 rows → 2515 total in MinIO
[2026-06-13T20:35:41.499+0000] {minio_fetching_data_daily.py:111} INFO -   APO: +1 rows → 2515 total in MinIO
[2026-06-13T20:35:41.545+0000] {minio_fetching_data_daily.py:111} INFO -   AAPL: +1 rows → 2515 total in MinIO
[2026-06-13T20:35:41.595+0000] {minio_fetching_data_daily.py:111} INFO -   AMAT: +1 rows → 2515 total in MinIO
[2026-06-13T20:35:41.649+0000] {minio_fetching_data_daily.py:111} INFO -   APP: +1 rows → 1297 total in MinIO
[2026-06-13T20:35:41.694+0000] {minio_fetching_data_daily.py:111} INFO -   APTV: +1 rows → 2515 total in MinIO
[2026-06-13T20:35:41.747+0000] {minio_fetching_data_daily.py:111} INFO -   ACGL: +1 rows → 2515 total in MinIO
[2026-06-13T20:35:41.807+0000] {minio_fetching_data_daily.py:111} INFO -   ADM: +1 rows → 2515 total in MinIO
[2026-06-13T20:35:41.854+0000] {minio_fetching_data_daily.py:111} INFO -   ARES: +1 rows → 2515 total in MinIO
[2026-06-13T20:35:41.925+0000] {minio_fetching_data_daily.py:111} INFO -   ANET: +1 rows → 2515 total in MinIO
[2026-06-13T20:35:41.981+0000] {minio_fetching_data_daily.py:111} INFO -   AJG: +1 rows → 2515 total in MinIO
[2026-06-13T20:35:42.027+0000] {minio_fetching_data_daily.py:111} INFO -   AIZ: +1 rows → 2515 total in MinIO
[2026-06-13T20:35:42.069+0000] {minio_fetching_data_daily.py:111} INFO -   T: +1 rows → 2515 total in MinIO
[2026-06-13T20:35:42.112+0000] {minio_fetching_data_daily.py:111} INFO -   ATO: +1 rows → 2515 total in MinIO
[2026-06-13T20:35:44.145+0000] {minio_fetching_data_daily.py:160} INFO - Batch 2 | start=2026-06-13 | 50 tickers
[2026-06-13T20:35:46.106+0000] {minio_fetching_data_daily.py:111} INFO -   ADSK: +1 rows → 2515 total in MinIO
[2026-06-13T20:35:46.160+0000] {minio_fetching_data_daily.py:111} INFO -   ADP: +1 rows → 2515 total in MinIO
[2026-06-13T20:35:46.203+0000] {minio_fetching_data_daily.py:111} INFO -   AZO: +1 rows → 2515 total in MinIO
[2026-06-13T20:35:46.256+0000] {minio_fetching_data_daily.py:111} INFO -   AVB: +1 rows → 2515 total in MinIO
[2026-06-13T20:35:46.307+0000] {minio_fetching_data_daily.py:111} INFO -   AVY: +1 rows → 2515 total in MinIO
[2026-06-13T20:35:46.356+0000] {minio_fetching_data_daily.py:111} INFO -   AXON: +1 rows → 2515 total in MinIO
[2026-06-13T20:35:46.398+0000] {minio_fetching_data_daily.py:111} INFO -   BKR: +1 rows → 2515 total in MinIO
[2026-06-13T20:35:46.443+0000] {minio_fetching_data_daily.py:111} INFO -   BALL: +1 rows → 2515 total in MinIO
[2026-06-13T20:35:46.486+0000] {minio_fetching_data_daily.py:111} INFO -   BAC: +1 rows → 2515 total in MinIO
[2026-06-13T20:35:46.532+0000] {minio_fetching_data_daily.py:111} INFO -   BAX: +1 rows → 2515 total in MinIO
[2026-06-13T20:35:46.571+0000] {minio_fetching_data_daily.py:111} INFO -   BDX: +1 rows → 2515 total in MinIO
[2026-06-13T20:35:46.619+0000] {minio_fetching_data_daily.py:111} INFO -   BRK-B: +1 rows → 2515 total in MinIO
[2026-06-13T20:35:46.676+0000] {minio_fetching_data_daily.py:111} INFO -   BBY: +1 rows → 2515 total in MinIO
[2026-06-13T20:35:46.723+0000] {minio_fetching_data_daily.py:111} INFO -   TECH: +1 rows → 2515 total in MinIO
[2026-06-13T20:35:46.773+0000] {minio_fetching_data_daily.py:111} INFO -   BIIB: +1 rows → 2515 total in MinIO
[2026-06-13T20:35:46.815+0000] {minio_fetching_data_daily.py:111} INFO -   BLK: +1 rows → 2515 total in MinIO
[2026-06-13T20:35:46.858+0000] {minio_fetching_data_daily.py:111} INFO -   BX: +1 rows → 2515 total in MinIO
[2026-06-13T20:35:46.905+0000] {minio_fetching_data_daily.py:111} INFO -   XYZ: +1 rows → 2515 total in MinIO
[2026-06-13T20:35:46.944+0000] {minio_fetching_data_daily.py:111} INFO -   BNY: +1 rows → 2515 total in MinIO
[2026-06-13T20:35:46.987+0000] {minio_fetching_data_daily.py:111} INFO -   BA: +1 rows → 2515 total in MinIO
[2026-06-13T20:35:47.034+0000] {minio_fetching_data_daily.py:111} INFO -   BKNG: +1 rows → 2515 total in MinIO
[2026-06-13T20:35:47.076+0000] {minio_fetching_data_daily.py:111} INFO -   BSX: +1 rows → 2515 total in MinIO
[2026-06-13T20:35:47.121+0000] {minio_fetching_data_daily.py:111} INFO -   BMY: +1 rows → 2515 total in MinIO
[2026-06-13T20:35:47.168+0000] {minio_fetching_data_daily.py:111} INFO -   AVGO: +1 rows → 2515 total in MinIO
[2026-06-13T20:35:47.218+0000] {minio_fetching_data_daily.py:111} INFO -   BR: +1 rows → 2515 total in MinIO
[2026-06-13T20:35:47.267+0000] {minio_fetching_data_daily.py:111} INFO -   BRO: +1 rows → 2515 total in MinIO
[2026-06-13T20:35:47.313+0000] {minio_fetching_data_daily.py:111} INFO -   BF-B: +1 rows → 2515 total in MinIO
[2026-06-13T20:35:47.353+0000] {minio_fetching_data_daily.py:111} INFO -   BLDR: +1 rows → 2515 total in MinIO
[2026-06-13T20:35:47.397+0000] {minio_fetching_data_daily.py:111} INFO -   BG: +1 rows → 2515 total in MinIO
[2026-06-13T20:35:47.443+0000] {minio_fetching_data_daily.py:111} INFO -   BXP: +1 rows → 2515 total in MinIO
[2026-06-13T20:35:47.489+0000] {minio_fetching_data_daily.py:111} INFO -   CHRW: +1 rows → 2515 total in MinIO
[2026-06-13T20:35:47.536+0000] {minio_fetching_data_daily.py:111} INFO -   CDNS: +1 rows → 2515 total in MinIO
[2026-06-13T20:35:47.581+0000] {minio_fetching_data_daily.py:111} INFO -   CPT: +1 rows → 2515 total in MinIO
[2026-06-13T20:35:47.625+0000] {minio_fetching_data_daily.py:111} INFO -   CPB: +1 rows → 2515 total in MinIO
[2026-06-13T20:35:47.671+0000] {minio_fetching_data_daily.py:111} INFO -   COF: +1 rows → 2515 total in MinIO
[2026-06-13T20:35:47.716+0000] {minio_fetching_data_daily.py:111} INFO -   CAH: +1 rows → 2515 total in MinIO
[2026-06-13T20:35:47.759+0000] {minio_fetching_data_daily.py:111} INFO -   CCL: +1 rows → 2515 total in MinIO
[2026-06-13T20:35:47.802+0000] {minio_fetching_data_daily.py:111} INFO -   CARR: +1 rows → 1567 total in MinIO
[2026-06-13T20:35:47.842+0000] {minio_fetching_data_daily.py:111} INFO -   CVNA: +1 rows → 2294 total in MinIO
[2026-06-13T20:35:47.883+0000] {minio_fetching_data_daily.py:111} INFO -   CASY: +1 rows → 2515 total in MinIO
[2026-06-13T20:35:47.926+0000] {minio_fetching_data_daily.py:111} INFO -   CAT: +1 rows → 2515 total in MinIO
[2026-06-13T20:35:47.972+0000] {minio_fetching_data_daily.py:111} INFO -   CBOE: +1 rows → 2515 total in MinIO
[2026-06-13T20:35:48.016+0000] {minio_fetching_data_daily.py:111} INFO -   CBRE: +1 rows → 2515 total in MinIO
[2026-06-13T20:35:48.062+0000] {minio_fetching_data_daily.py:111} INFO -   CDW: +1 rows → 2515 total in MinIO
[2026-06-13T20:35:48.113+0000] {minio_fetching_data_daily.py:111} INFO -   COR: +1 rows → 2515 total in MinIO
[2026-06-13T20:35:48.158+0000] {minio_fetching_data_daily.py:111} INFO -   CNC: +1 rows → 2515 total in MinIO
[2026-06-13T20:35:48.203+0000] {minio_fetching_data_daily.py:111} INFO -   CNP: +1 rows → 2515 total in MinIO
[2026-06-13T20:35:48.246+0000] {minio_fetching_data_daily.py:111} INFO -   CF: +1 rows → 2515 total in MinIO
[2026-06-13T20:35:48.289+0000] {minio_fetching_data_daily.py:111} INFO -   CRL: +1 rows → 2515 total in MinIO
[2026-06-13T20:35:48.327+0000] {minio_fetching_data_daily.py:111} INFO -   SCHW: +1 rows → 2515 total in MinIO
[2026-06-13T20:35:50.357+0000] {minio_fetching_data_daily.py:160} INFO - Batch 3 | start=2026-06-13 | 50 tickers
[2026-06-13T20:35:52.901+0000] {minio_fetching_data_daily.py:111} INFO -   CHTR: +1 rows → 2515 total in MinIO
[2026-06-13T20:35:52.954+0000] {minio_fetching_data_daily.py:111} INFO -   CVX: +1 rows → 2515 total in MinIO
[2026-06-13T20:35:53.006+0000] {minio_fetching_data_daily.py:111} INFO -   CMG: +1 rows → 2515 total in MinIO
[2026-06-13T20:35:53.188+0000] {minio_fetching_data_daily.py:111} INFO -   CB: +1 rows → 2515 total in MinIO
[2026-06-13T20:35:53.281+0000] {minio_fetching_data_daily.py:111} INFO -   CHD: +1 rows → 2515 total in MinIO
[2026-06-13T20:35:53.337+0000] {minio_fetching_data_daily.py:111} INFO -   CIEN: +1 rows → 2515 total in MinIO
[2026-06-13T20:35:53.374+0000] {minio_fetching_data_daily.py:111} INFO -   CI: +1 rows → 2515 total in MinIO
[2026-06-13T20:35:53.422+0000] {minio_fetching_data_daily.py:111} INFO -   CINF: +1 rows → 2515 total in MinIO
[2026-06-13T20:35:53.479+0000] {minio_fetching_data_daily.py:111} INFO -   CTAS: +1 rows → 2515 total in MinIO
[2026-06-13T20:35:53.544+0000] {minio_fetching_data_daily.py:111} INFO -   CSCO: +1 rows → 2515 total in MinIO
[2026-06-13T20:35:53.633+0000] {minio_fetching_data_daily.py:111} INFO -   C: +1 rows → 2515 total in MinIO
[2026-06-13T20:35:53.715+0000] {minio_fetching_data_daily.py:111} INFO -   CFG: +1 rows → 2515 total in MinIO
[2026-06-13T20:35:53.818+0000] {minio_fetching_data_daily.py:111} INFO -   CLX: +1 rows → 2515 total in MinIO
[2026-06-13T20:35:53.903+0000] {minio_fetching_data_daily.py:111} INFO -   CME: +1 rows → 2515 total in MinIO
[2026-06-13T20:35:53.985+0000] {minio_fetching_data_daily.py:111} INFO -   CMS: +1 rows → 2515 total in MinIO
[2026-06-13T20:35:54.037+0000] {minio_fetching_data_daily.py:111} INFO -   KO: +1 rows → 2515 total in MinIO
[2026-06-13T20:35:54.094+0000] {minio_fetching_data_daily.py:111} INFO -   CTSH: +1 rows → 2515 total in MinIO
[2026-06-13T20:35:54.139+0000] {minio_fetching_data_daily.py:111} INFO -   COHR: +1 rows → 2515 total in MinIO
[2026-06-13T20:35:54.185+0000] {minio_fetching_data_daily.py:111} INFO -   COIN: +1 rows → 1298 total in MinIO
[2026-06-13T20:35:54.223+0000] {minio_fetching_data_daily.py:111} INFO -   CL: +1 rows → 2515 total in MinIO
[2026-06-13T20:35:54.271+0000] {minio_fetching_data_daily.py:111} INFO -   CMCSA: +1 rows → 2515 total in MinIO
[2026-06-13T20:35:54.315+0000] {minio_fetching_data_daily.py:111} INFO -   FIX: +1 rows → 2515 total in MinIO
[2026-06-13T20:35:54.370+0000] {minio_fetching_data_daily.py:111} INFO -   CAG: +1 rows → 2515 total in MinIO
[2026-06-13T20:35:54.414+0000] {minio_fetching_data_daily.py:111} INFO -   COP: +1 rows → 2515 total in MinIO
[2026-06-13T20:35:54.465+0000] {minio_fetching_data_daily.py:111} INFO -   ED: +1 rows → 2515 total in MinIO
[2026-06-13T20:35:54.506+0000] {minio_fetching_data_daily.py:111} INFO -   STZ: +1 rows → 2515 total in MinIO
[2026-06-13T20:35:54.542+0000] {minio_fetching_data_daily.py:111} INFO -   CEG: +1 rows → 1104 total in MinIO
[2026-06-13T20:35:54.571+0000] {minio_fetching_data_daily.py:111} INFO -   COO: +1 rows → 2515 total in MinIO
[2026-06-13T20:35:54.753+0000] {minio_fetching_data_daily.py:111} INFO -   CPRT: +1 rows → 2515 total in MinIO
[2026-06-13T20:35:54.809+0000] {minio_fetching_data_daily.py:111} INFO -   GLW: +1 rows → 2515 total in MinIO
[2026-06-13T20:35:54.863+0000] {minio_fetching_data_daily.py:111} INFO -   CPAY: +1 rows → 2515 total in MinIO
[2026-06-13T20:35:54.907+0000] {minio_fetching_data_daily.py:111} INFO -   CTVA: +1 rows → 1773 total in MinIO
[2026-06-13T20:35:55.106+0000] {minio_fetching_data_daily.py:111} INFO -   CSGP: +1 rows → 2515 total in MinIO
[2026-06-13T20:35:55.151+0000] {minio_fetching_data_daily.py:111} INFO -   COST: +1 rows → 2515 total in MinIO
[2026-06-13T20:35:55.215+0000] {minio_fetching_data_daily.py:111} INFO -   CRH: +1 rows → 2515 total in MinIO
[2026-06-13T20:35:55.270+0000] {minio_fetching_data_daily.py:111} INFO -   CRWD: +1 rows → 1761 total in MinIO
[2026-06-13T20:35:55.343+0000] {minio_fetching_data_daily.py:111} INFO -   CCI: +1 rows → 2515 total in MinIO
[2026-06-13T20:35:55.405+0000] {minio_fetching_data_daily.py:111} INFO -   CSX: +1 rows → 2515 total in MinIO
[2026-06-13T20:35:55.502+0000] {minio_fetching_data_daily.py:111} INFO -   CMI: +1 rows → 2515 total in MinIO
[2026-06-13T20:35:55.550+0000] {minio_fetching_data_daily.py:111} INFO -   CVS: +1 rows → 2515 total in MinIO
[2026-06-13T20:35:55.595+0000] {minio_fetching_data_daily.py:111} INFO -   DHR: +1 rows → 2515 total in MinIO
[2026-06-13T20:35:55.639+0000] {minio_fetching_data_daily.py:111} INFO -   DRI: +1 rows → 2515 total in MinIO
[2026-06-13T20:35:55.693+0000] {minio_fetching_data_daily.py:111} INFO -   DDOG: +1 rows → 1692 total in MinIO
[2026-06-13T20:35:55.740+0000] {minio_fetching_data_daily.py:111} INFO -   DVA: +1 rows → 2515 total in MinIO
[2026-06-13T20:35:55.791+0000] {minio_fetching_data_daily.py:111} INFO -   DECK: +1 rows → 2515 total in MinIO
[2026-06-13T20:35:55.844+0000] {minio_fetching_data_daily.py:111} INFO -   DE: +1 rows → 2515 total in MinIO
[2026-06-13T20:35:55.889+0000] {minio_fetching_data_daily.py:111} INFO -   DELL: +1 rows → 2469 total in MinIO
[2026-06-13T20:35:55.938+0000] {minio_fetching_data_daily.py:111} INFO -   DAL: +1 rows → 2515 total in MinIO
[2026-06-13T20:35:55.986+0000] {minio_fetching_data_daily.py:111} INFO -   DVN: +1 rows → 2515 total in MinIO
[2026-06-13T20:35:56.030+0000] {minio_fetching_data_daily.py:111} INFO -   DXCM: +1 rows → 2515 total in MinIO
[2026-06-13T20:35:58.063+0000] {minio_fetching_data_daily.py:160} INFO - Batch 4 | start=2026-06-13 | 50 tickers
[2026-06-13T20:36:00.379+0000] {minio_fetching_data_daily.py:111} INFO -   FANG: +1 rows → 2515 total in MinIO
[2026-06-13T20:36:00.437+0000] {minio_fetching_data_daily.py:111} INFO -   DLR: +1 rows → 2515 total in MinIO
[2026-06-13T20:36:00.493+0000] {minio_fetching_data_daily.py:111} INFO -   DG: +1 rows → 2515 total in MinIO
[2026-06-13T20:36:00.544+0000] {minio_fetching_data_daily.py:111} INFO -   DLTR: +1 rows → 2515 total in MinIO
[2026-06-13T20:36:00.587+0000] {minio_fetching_data_daily.py:111} INFO -   D: +1 rows → 2515 total in MinIO
[2026-06-13T20:36:00.624+0000] {minio_fetching_data_daily.py:111} INFO -   DPZ: +1 rows → 2515 total in MinIO
[2026-06-13T20:36:00.671+0000] {minio_fetching_data_daily.py:111} INFO -   DASH: +1 rows → 1383 total in MinIO
[2026-06-13T20:36:00.706+0000] {minio_fetching_data_daily.py:111} INFO -   DOV: +1 rows → 2515 total in MinIO
[2026-06-13T20:36:00.752+0000] {minio_fetching_data_daily.py:111} INFO -   DOW: +1 rows → 1819 total in MinIO
[2026-06-13T20:36:00.794+0000] {minio_fetching_data_daily.py:111} INFO -   DHI: +1 rows → 2515 total in MinIO
[2026-06-13T20:36:00.834+0000] {minio_fetching_data_daily.py:111} INFO -   DTE: +1 rows → 2515 total in MinIO
[2026-06-13T20:36:00.877+0000] {minio_fetching_data_daily.py:111} INFO -   DUK: +1 rows → 2515 total in MinIO
[2026-06-13T20:36:00.921+0000] {minio_fetching_data_daily.py:111} INFO -   DD: +1 rows → 2515 total in MinIO
[2026-06-13T20:36:01.030+0000] {minio_fetching_data_daily.py:111} INFO -   ETN: +1 rows → 2515 total in MinIO
[2026-06-13T20:36:01.071+0000] {minio_fetching_data_daily.py:111} INFO -   EBAY: +1 rows → 2515 total in MinIO
[2026-06-13T20:36:01.179+0000] {minio_fetching_data_daily.py:111} INFO -   SATS: +1 rows → 2515 total in MinIO
[2026-06-13T20:36:01.241+0000] {minio_fetching_data_daily.py:111} INFO -   ECL: +1 rows → 2515 total in MinIO
[2026-06-13T20:36:01.314+0000] {minio_fetching_data_daily.py:111} INFO -   EIX: +1 rows → 2515 total in MinIO
[2026-06-13T20:36:01.361+0000] {minio_fetching_data_daily.py:111} INFO -   EW: +1 rows → 2515 total in MinIO
[2026-06-13T20:36:01.408+0000] {minio_fetching_data_daily.py:111} INFO -   EA: +1 rows → 2515 total in MinIO
[2026-06-13T20:36:01.454+0000] {minio_fetching_data_daily.py:111} INFO -   ELV: +1 rows → 2515 total in MinIO
[2026-06-13T20:36:01.504+0000] {minio_fetching_data_daily.py:111} INFO -   EME: +1 rows → 2515 total in MinIO
[2026-06-13T20:36:01.552+0000] {minio_fetching_data_daily.py:111} INFO -   EMR: +1 rows → 2515 total in MinIO
[2026-06-13T20:36:01.593+0000] {minio_fetching_data_daily.py:111} INFO -   ETR: +1 rows → 2515 total in MinIO
[2026-06-13T20:36:01.639+0000] {minio_fetching_data_daily.py:111} INFO -   EOG: +1 rows → 2515 total in MinIO
[2026-06-13T20:36:01.686+0000] {minio_fetching_data_daily.py:111} INFO -   EQT: +1 rows → 2515 total in MinIO
[2026-06-13T20:36:01.731+0000] {minio_fetching_data_daily.py:111} INFO -   EFX: +1 rows → 2515 total in MinIO
[2026-06-13T20:36:02.030+0000] {minio_fetching_data_daily.py:111} INFO -   EQIX: +1 rows → 2515 total in MinIO
[2026-06-13T20:36:02.412+0000] {minio_fetching_data_daily.py:111} INFO -   EQR: +1 rows → 2515 total in MinIO
[2026-06-13T20:36:03.026+0000] {minio_fetching_data_daily.py:111} INFO -   ERIE: +1 rows → 2515 total in MinIO
[2026-06-13T20:36:03.632+0000] {minio_fetching_data_daily.py:111} INFO -   ESS: +1 rows → 2515 total in MinIO
[2026-06-13T20:36:04.085+0000] {minio_fetching_data_daily.py:111} INFO -   EL: +1 rows → 2515 total in MinIO
[2026-06-13T20:36:04.580+0000] {minio_fetching_data_daily.py:111} INFO -   EG: +1 rows → 2515 total in MinIO
[2026-06-13T20:36:05.071+0000] {minio_fetching_data_daily.py:111} INFO -   EVRG: +1 rows → 2515 total in MinIO
[2026-06-13T20:36:05.671+0000] {minio_fetching_data_daily.py:111} INFO -   ES: +1 rows → 2515 total in MinIO
[2026-06-13T20:36:05.821+0000] {minio_fetching_data_daily.py:111} INFO -   EXC: +1 rows → 2515 total in MinIO
[2026-06-13T20:36:05.872+0000] {minio_fetching_data_daily.py:111} INFO -   EXE: +1 rows → 1341 total in MinIO
[2026-06-13T20:36:05.921+0000] {minio_fetching_data_daily.py:111} INFO -   EXPE: +1 rows → 2515 total in MinIO
[2026-06-13T20:36:05.975+0000] {minio_fetching_data_daily.py:111} INFO -   EXPD: +1 rows → 2515 total in MinIO
[2026-06-13T20:36:06.027+0000] {minio_fetching_data_daily.py:111} INFO -   EXR: +1 rows → 2515 total in MinIO
[2026-06-13T20:36:06.087+0000] {minio_fetching_data_daily.py:111} INFO -   XOM: +1 rows → 2515 total in MinIO
[2026-06-13T20:36:06.141+0000] {minio_fetching_data_daily.py:111} INFO -   FFIV: +1 rows → 2515 total in MinIO
[2026-06-13T20:36:06.186+0000] {minio_fetching_data_daily.py:111} INFO -   FDS: +1 rows → 2515 total in MinIO
[2026-06-13T20:36:06.232+0000] {minio_fetching_data_daily.py:111} INFO -   FICO: +1 rows → 2515 total in MinIO
[2026-06-13T20:36:06.280+0000] {minio_fetching_data_daily.py:111} INFO -   FAST: +1 rows → 2515 total in MinIO
[2026-06-13T20:36:06.327+0000] {minio_fetching_data_daily.py:111} INFO -   FRT: +1 rows → 2515 total in MinIO
[2026-06-13T20:36:06.378+0000] {minio_fetching_data_daily.py:111} INFO -   FDX: +1 rows → 2515 total in MinIO
[2026-06-13T20:36:06.424+0000] {minio_fetching_data_daily.py:111} INFO -   FDXF: +1 rows → 13 total in MinIO
[2026-06-13T20:36:06.455+0000] {minio_fetching_data_daily.py:111} INFO -   FIS: +1 rows → 2515 total in MinIO
[2026-06-13T20:36:06.500+0000] {minio_fetching_data_daily.py:111} INFO -   FITB: +1 rows → 2515 total in MinIO
[2026-06-13T20:36:08.534+0000] {minio_fetching_data_daily.py:160} INFO - Batch 5 | start=2026-06-13 | 50 tickers
[2026-06-13T20:36:10.579+0000] {minio_fetching_data_daily.py:111} INFO -   FSLR: +1 rows → 2515 total in MinIO
[2026-06-13T20:36:10.635+0000] {minio_fetching_data_daily.py:111} INFO -   FE: +1 rows → 2515 total in MinIO
[2026-06-13T20:36:10.687+0000] {minio_fetching_data_daily.py:111} INFO -   FISV: +1 rows → 2514 total in MinIO
[2026-06-13T20:36:10.740+0000] {minio_fetching_data_daily.py:111} INFO -   F: +1 rows → 2515 total in MinIO
[2026-06-13T20:36:10.793+0000] {minio_fetching_data_daily.py:111} INFO -   FTNT: +1 rows → 2515 total in MinIO
[2026-06-13T20:36:10.842+0000] {minio_fetching_data_daily.py:111} INFO -   FTV: +1 rows → 2500 total in MinIO
[2026-06-13T20:36:10.892+0000] {minio_fetching_data_daily.py:111} INFO -   FOXA: +1 rows → 1825 total in MinIO
[2026-06-13T20:36:10.939+0000] {minio_fetching_data_daily.py:111} INFO -   FOX: +1 rows → 1824 total in MinIO
[2026-06-13T20:36:10.981+0000] {minio_fetching_data_daily.py:111} INFO -   BEN: +1 rows → 2515 total in MinIO
[2026-06-13T20:36:11.028+0000] {minio_fetching_data_daily.py:111} INFO -   FCX: +1 rows → 2515 total in MinIO
[2026-06-13T20:36:11.070+0000] {minio_fetching_data_daily.py:111} INFO -   GRMN: +1 rows → 2515 total in MinIO
[2026-06-13T20:36:11.117+0000] {minio_fetching_data_daily.py:111} INFO -   IT: +1 rows → 2515 total in MinIO
[2026-06-13T20:36:11.161+0000] {minio_fetching_data_daily.py:111} INFO -   GE: +1 rows → 2515 total in MinIO
[2026-06-13T20:36:11.204+0000] {minio_fetching_data_daily.py:111} INFO -   GEHC: +1 rows → 875 total in MinIO
[2026-06-13T20:36:11.234+0000] {minio_fetching_data_daily.py:111} INFO -   GEV: +1 rows → 555 total in MinIO
[2026-06-13T20:36:11.267+0000] {minio_fetching_data_daily.py:111} INFO -   GEN: +1 rows → 2515 total in MinIO
[2026-06-13T20:36:11.315+0000] {minio_fetching_data_daily.py:111} INFO -   GNRC: +1 rows → 2515 total in MinIO
[2026-06-13T20:36:11.362+0000] {minio_fetching_data_daily.py:111} INFO -   GD: +1 rows → 2515 total in MinIO
[2026-06-13T20:36:11.407+0000] {minio_fetching_data_daily.py:111} INFO -   GIS: +1 rows → 2515 total in MinIO
[2026-06-13T20:36:11.453+0000] {minio_fetching_data_daily.py:111} INFO -   GM: +1 rows → 2515 total in MinIO
[2026-06-13T20:36:11.499+0000] {minio_fetching_data_daily.py:111} INFO -   GPC: +1 rows → 2515 total in MinIO
[2026-06-13T20:36:11.543+0000] {minio_fetching_data_daily.py:111} INFO -   GILD: +1 rows → 2515 total in MinIO
[2026-06-13T20:36:11.593+0000] {minio_fetching_data_daily.py:111} INFO -   GPN: +1 rows → 2515 total in MinIO
[2026-06-13T20:36:11.652+0000] {minio_fetching_data_daily.py:111} INFO -   GL: +1 rows → 2515 total in MinIO
[2026-06-13T20:36:11.700+0000] {minio_fetching_data_daily.py:111} INFO -   GDDY: +1 rows → 2515 total in MinIO
[2026-06-13T20:36:11.762+0000] {minio_fetching_data_daily.py:111} INFO -   GS: +1 rows → 2515 total in MinIO
[2026-06-13T20:36:11.817+0000] {minio_fetching_data_daily.py:111} INFO -   HAL: +1 rows → 2515 total in MinIO
[2026-06-13T20:36:11.864+0000] {minio_fetching_data_daily.py:111} INFO -   HIG: +1 rows → 2515 total in MinIO
[2026-06-13T20:36:11.912+0000] {minio_fetching_data_daily.py:111} INFO -   HAS: +1 rows → 2515 total in MinIO
[2026-06-13T20:36:11.955+0000] {minio_fetching_data_daily.py:111} INFO -   HCA: +1 rows → 2515 total in MinIO
[2026-06-13T20:36:12.002+0000] {minio_fetching_data_daily.py:111} INFO -   DOC: +1 rows → 2515 total in MinIO
[2026-06-13T20:36:12.049+0000] {minio_fetching_data_daily.py:111} INFO -   HSIC: +1 rows → 2515 total in MinIO
[2026-06-13T20:36:12.092+0000] {minio_fetching_data_daily.py:111} INFO -   HSY: +1 rows → 2515 total in MinIO
[2026-06-13T20:36:12.135+0000] {minio_fetching_data_daily.py:111} INFO -   HPE: +1 rows → 2515 total in MinIO
[2026-06-13T20:36:12.182+0000] {minio_fetching_data_daily.py:111} INFO -   HLT: +1 rows → 2515 total in MinIO
[2026-06-13T20:36:12.224+0000] {minio_fetching_data_daily.py:111} INFO -   HD: +1 rows → 2515 total in MinIO
[2026-06-13T20:36:12.267+0000] {minio_fetching_data_daily.py:111} INFO -   HON: +1 rows → 2515 total in MinIO
[2026-06-13T20:36:12.314+0000] {minio_fetching_data_daily.py:111} INFO -   HRL: +1 rows → 2515 total in MinIO
[2026-06-13T20:36:12.361+0000] {minio_fetching_data_daily.py:111} INFO -   HST: +1 rows → 2515 total in MinIO
[2026-06-13T20:36:12.408+0000] {minio_fetching_data_daily.py:111} INFO -   HWM: +1 rows → 2416 total in MinIO
[2026-06-13T20:36:12.455+0000] {minio_fetching_data_daily.py:111} INFO -   HPQ: +1 rows → 2515 total in MinIO
[2026-06-13T20:36:12.496+0000] {minio_fetching_data_daily.py:111} INFO -   HUBB: +1 rows → 2515 total in MinIO
[2026-06-13T20:36:12.539+0000] {minio_fetching_data_daily.py:111} INFO -   HUM: +1 rows → 2515 total in MinIO
[2026-06-13T20:36:12.591+0000] {minio_fetching_data_daily.py:111} INFO -   HBAN: +1 rows → 2515 total in MinIO
[2026-06-13T20:36:12.635+0000] {minio_fetching_data_daily.py:111} INFO -   HII: +1 rows → 2515 total in MinIO
[2026-06-13T20:36:12.677+0000] {minio_fetching_data_daily.py:111} INFO -   IBM: +1 rows → 2515 total in MinIO
[2026-06-13T20:36:12.720+0000] {minio_fetching_data_daily.py:111} INFO -   IEX: +1 rows → 2515 total in MinIO
[2026-06-13T20:36:12.763+0000] {minio_fetching_data_daily.py:111} INFO -   IDXX: +1 rows → 2515 total in MinIO
[2026-06-13T20:36:12.807+0000] {minio_fetching_data_daily.py:111} INFO -   ITW: +1 rows → 2515 total in MinIO
[2026-06-13T20:36:12.853+0000] {minio_fetching_data_daily.py:111} INFO -   INCY: +1 rows → 2515 total in MinIO
[2026-06-13T20:36:14.892+0000] {minio_fetching_data_daily.py:160} INFO - Batch 6 | start=2026-06-13 | 50 tickers
[2026-06-13T20:36:17.039+0000] {minio_fetching_data_daily.py:111} INFO -   IR: +1 rows → 2284 total in MinIO
[2026-06-13T20:36:17.081+0000] {minio_fetching_data_daily.py:111} INFO -   PODD: +1 rows → 2515 total in MinIO
[2026-06-13T20:36:17.161+0000] {minio_fetching_data_daily.py:111} INFO -   INTC: +1 rows → 2515 total in MinIO
[2026-06-13T20:36:17.237+0000] {minio_fetching_data_daily.py:111} INFO -   IBKR: +1 rows → 2515 total in MinIO
[2026-06-13T20:36:17.310+0000] {minio_fetching_data_daily.py:111} INFO -   ICE: +1 rows → 2515 total in MinIO
[2026-06-13T20:36:17.413+0000] {minio_fetching_data_daily.py:111} INFO -   IFF: +1 rows → 2515 total in MinIO
[2026-06-13T20:36:17.468+0000] {minio_fetching_data_daily.py:111} INFO -   IP: +1 rows → 2515 total in MinIO
[2026-06-13T20:36:17.520+0000] {minio_fetching_data_daily.py:111} INFO -   INTU: +1 rows → 2515 total in MinIO
[2026-06-13T20:36:17.565+0000] {minio_fetching_data_daily.py:111} INFO -   ISRG: +1 rows → 2515 total in MinIO
[2026-06-13T20:36:17.622+0000] {minio_fetching_data_daily.py:111} INFO -   IVZ: +1 rows → 2515 total in MinIO
[2026-06-13T20:36:17.678+0000] {minio_fetching_data_daily.py:111} INFO -   INVH: +1 rows → 2354 total in MinIO
[2026-06-13T20:36:17.734+0000] {minio_fetching_data_daily.py:111} INFO -   IQV: +1 rows → 2515 total in MinIO
[2026-06-13T20:36:17.793+0000] {minio_fetching_data_daily.py:111} INFO -   IRM: +1 rows → 2515 total in MinIO
[2026-06-13T20:36:17.840+0000] {minio_fetching_data_daily.py:111} INFO -   JBHT: +1 rows → 2515 total in MinIO
[2026-06-13T20:36:17.883+0000] {minio_fetching_data_daily.py:111} INFO -   JBL: +1 rows → 2515 total in MinIO
[2026-06-13T20:36:17.931+0000] {minio_fetching_data_daily.py:111} INFO -   JKHY: +1 rows → 2515 total in MinIO
[2026-06-13T20:36:17.974+0000] {minio_fetching_data_daily.py:111} INFO -   J: +1 rows → 2515 total in MinIO
[2026-06-13T20:36:18.016+0000] {minio_fetching_data_daily.py:111} INFO -   JNJ: +1 rows → 2515 total in MinIO
[2026-06-13T20:36:18.055+0000] {minio_fetching_data_daily.py:111} INFO -   JCI: +1 rows → 2515 total in MinIO
[2026-06-13T20:36:18.121+0000] {minio_fetching_data_daily.py:111} INFO -   JPM: +1 rows → 2515 total in MinIO
[2026-06-13T20:36:18.164+0000] {minio_fetching_data_daily.py:111} INFO -   KVUE: +1 rows → 780 total in MinIO
[2026-06-13T20:36:18.201+0000] {minio_fetching_data_daily.py:111} INFO -   KDP: +1 rows → 2515 total in MinIO
[2026-06-13T20:36:18.248+0000] {minio_fetching_data_daily.py:111} INFO -   KEY: +1 rows → 2515 total in MinIO
[2026-06-13T20:36:18.295+0000] {minio_fetching_data_daily.py:111} INFO -   KEYS: +1 rows → 2515 total in MinIO
[2026-06-13T20:36:18.336+0000] {minio_fetching_data_daily.py:111} INFO -   KMB: +1 rows → 2515 total in MinIO
[2026-06-13T20:36:18.378+0000] {minio_fetching_data_daily.py:111} INFO -   KIM: +1 rows → 2515 total in MinIO
[2026-06-13T20:36:18.423+0000] {minio_fetching_data_daily.py:111} INFO -   KMI: +1 rows → 2515 total in MinIO
[2026-06-13T20:36:18.464+0000] {minio_fetching_data_daily.py:111} INFO -   KKR: +1 rows → 2515 total in MinIO
[2026-06-13T20:36:18.513+0000] {minio_fetching_data_daily.py:111} INFO -   KLAC: +1 rows → 2515 total in MinIO
[2026-06-13T20:36:18.556+0000] {minio_fetching_data_daily.py:111} INFO -   KHC: +1 rows → 2515 total in MinIO
[2026-06-13T20:36:18.595+0000] {minio_fetching_data_daily.py:111} INFO -   KR: +1 rows → 2515 total in MinIO
[2026-06-13T20:36:18.636+0000] {minio_fetching_data_daily.py:111} INFO -   LHX: +1 rows → 2515 total in MinIO
[2026-06-13T20:36:18.676+0000] {minio_fetching_data_daily.py:111} INFO -   LH: +1 rows → 2515 total in MinIO
[2026-06-13T20:36:18.719+0000] {minio_fetching_data_daily.py:111} INFO -   LRCX: +1 rows → 2515 total in MinIO
[2026-06-13T20:36:18.764+0000] {minio_fetching_data_daily.py:111} INFO -   LVS: +1 rows → 2515 total in MinIO
[2026-06-13T20:36:18.806+0000] {minio_fetching_data_daily.py:111} INFO -   LDOS: +1 rows → 2515 total in MinIO
[2026-06-13T20:36:18.849+0000] {minio_fetching_data_daily.py:111} INFO -   LEN: +1 rows → 2515 total in MinIO
[2026-06-13T20:36:18.895+0000] {minio_fetching_data_daily.py:111} INFO -   LII: +1 rows → 2515 total in MinIO
[2026-06-13T20:36:18.938+0000] {minio_fetching_data_daily.py:111} INFO -   LLY: +1 rows → 2515 total in MinIO
[2026-06-13T20:36:18.985+0000] {minio_fetching_data_daily.py:111} INFO -   LIN: +1 rows → 2515 total in MinIO
[2026-06-13T20:36:19.029+0000] {minio_fetching_data_daily.py:111} INFO -   LYV: +1 rows → 2515 total in MinIO
[2026-06-13T20:36:19.071+0000] {minio_fetching_data_daily.py:111} INFO -   LMT: +1 rows → 2515 total in MinIO
[2026-06-13T20:36:19.113+0000] {minio_fetching_data_daily.py:111} INFO -   L: +1 rows → 2515 total in MinIO
[2026-06-13T20:36:19.152+0000] {minio_fetching_data_daily.py:111} INFO -   LOW: +1 rows → 2515 total in MinIO
[2026-06-13T20:36:19.194+0000] {minio_fetching_data_daily.py:111} INFO -   LULU: +1 rows → 2515 total in MinIO
[2026-06-13T20:36:19.238+0000] {minio_fetching_data_daily.py:111} INFO -   LITE: +1 rows → 2515 total in MinIO
[2026-06-13T20:36:19.284+0000] {minio_fetching_data_daily.py:111} INFO -   LYB: +1 rows → 2515 total in MinIO
[2026-06-13T20:36:19.328+0000] {minio_fetching_data_daily.py:111} INFO -   MTB: +1 rows → 2515 total in MinIO
[2026-06-13T20:36:19.370+0000] {minio_fetching_data_daily.py:111} INFO -   MPC: +1 rows → 2515 total in MinIO
[2026-06-13T20:36:19.412+0000] {minio_fetching_data_daily.py:111} INFO -   MAR: +1 rows → 2515 total in MinIO
[2026-06-13T20:36:21.444+0000] {minio_fetching_data_daily.py:160} INFO - Batch 7 | start=2026-06-13 | 50 tickers
[2026-06-13T20:36:23.615+0000] {minio_fetching_data_daily.py:111} INFO -   MRSH: +1 rows → 2515 total in MinIO
[2026-06-13T20:36:23.672+0000] {minio_fetching_data_daily.py:111} INFO -   MLM: +1 rows → 2515 total in MinIO
[2026-06-13T20:36:23.718+0000] {minio_fetching_data_daily.py:111} INFO -   MAS: +1 rows → 2515 total in MinIO
[2026-06-13T20:36:23.763+0000] {minio_fetching_data_daily.py:111} INFO -   MA: +1 rows → 2515 total in MinIO
[2026-06-13T20:36:23.810+0000] {minio_fetching_data_daily.py:111} INFO -   MKC: +1 rows → 2515 total in MinIO
[2026-06-13T20:36:23.851+0000] {minio_fetching_data_daily.py:111} INFO -   MCD: +1 rows → 2515 total in MinIO
[2026-06-13T20:36:23.900+0000] {minio_fetching_data_daily.py:111} INFO -   MCK: +1 rows → 2515 total in MinIO
[2026-06-13T20:36:23.952+0000] {minio_fetching_data_daily.py:111} INFO -   MDT: +1 rows → 2515 total in MinIO
[2026-06-13T20:36:24.016+0000] {minio_fetching_data_daily.py:111} INFO -   MRK: +1 rows → 2515 total in MinIO
[2026-06-13T20:36:24.078+0000] {minio_fetching_data_daily.py:111} INFO -   META: +1 rows → 2515 total in MinIO
[2026-06-13T20:36:24.121+0000] {minio_fetching_data_daily.py:111} INFO -   MET: +1 rows → 2515 total in MinIO
[2026-06-13T20:36:24.168+0000] {minio_fetching_data_daily.py:111} INFO -   MTD: +1 rows → 2515 total in MinIO
[2026-06-13T20:36:24.211+0000] {minio_fetching_data_daily.py:111} INFO -   MGM: +1 rows → 2515 total in MinIO
[2026-06-13T20:36:24.258+0000] {minio_fetching_data_daily.py:111} INFO -   MCHP: +1 rows → 2515 total in MinIO
[2026-06-13T20:36:24.301+0000] {minio_fetching_data_daily.py:111} INFO -   MU: +1 rows → 2515 total in MinIO
[2026-06-13T20:36:24.343+0000] {minio_fetching_data_daily.py:111} INFO -   MSFT: +1 rows → 2515 total in MinIO
[2026-06-13T20:36:24.393+0000] {minio_fetching_data_daily.py:111} INFO -   MAA: +1 rows → 2515 total in MinIO
[2026-06-13T20:36:24.442+0000] {minio_fetching_data_daily.py:111} INFO -   MRNA: +1 rows → 1888 total in MinIO
[2026-06-13T20:36:24.490+0000] {minio_fetching_data_daily.py:111} INFO -   TAP: +1 rows → 2515 total in MinIO
[2026-06-13T20:36:24.540+0000] {minio_fetching_data_daily.py:111} INFO -   MDLZ: +1 rows → 2515 total in MinIO
[2026-06-13T20:36:24.589+0000] {minio_fetching_data_daily.py:111} INFO -   MPWR: +1 rows → 2515 total in MinIO
[2026-06-13T20:36:24.634+0000] {minio_fetching_data_daily.py:111} INFO -   MNST: +1 rows → 2515 total in MinIO
[2026-06-13T20:36:24.675+0000] {minio_fetching_data_daily.py:111} INFO -   MCO: +1 rows → 2515 total in MinIO
[2026-06-13T20:36:24.723+0000] {minio_fetching_data_daily.py:111} INFO -   MS: +1 rows → 2515 total in MinIO
[2026-06-13T20:36:24.768+0000] {minio_fetching_data_daily.py:111} INFO -   MOS: +1 rows → 2515 total in MinIO
[2026-06-13T20:36:24.810+0000] {minio_fetching_data_daily.py:111} INFO -   MSI: +1 rows → 2515 total in MinIO
[2026-06-13T20:36:24.852+0000] {minio_fetching_data_daily.py:111} INFO -   MSCI: +1 rows → 2515 total in MinIO
[2026-06-13T20:36:24.899+0000] {minio_fetching_data_daily.py:111} INFO -   NDAQ: +1 rows → 2515 total in MinIO
[2026-06-13T20:36:24.986+0000] {minio_fetching_data_daily.py:111} INFO -   NTAP: +1 rows → 2515 total in MinIO
[2026-06-13T20:36:25.032+0000] {minio_fetching_data_daily.py:111} INFO -   NFLX: +1 rows → 2515 total in MinIO
[2026-06-13T20:36:25.074+0000] {minio_fetching_data_daily.py:111} INFO -   NEM: +1 rows → 2515 total in MinIO
[2026-06-13T20:36:25.116+0000] {minio_fetching_data_daily.py:111} INFO -   NWSA: +1 rows → 2515 total in MinIO
[2026-06-13T20:36:25.170+0000] {minio_fetching_data_daily.py:111} INFO -   NWS: +1 rows → 2515 total in MinIO
[2026-06-13T20:36:25.221+0000] {minio_fetching_data_daily.py:111} INFO -   NEE: +1 rows → 2515 total in MinIO
[2026-06-13T20:36:25.272+0000] {minio_fetching_data_daily.py:111} INFO -   NKE: +1 rows → 2515 total in MinIO
[2026-06-13T20:36:25.325+0000] {minio_fetching_data_daily.py:111} INFO -   NI: +1 rows → 2515 total in MinIO
[2026-06-13T20:36:25.381+0000] {minio_fetching_data_daily.py:111} INFO -   NDSN: +1 rows → 2515 total in MinIO
[2026-06-13T20:36:25.444+0000] {minio_fetching_data_daily.py:111} INFO -   NSC: +1 rows → 2515 total in MinIO
[2026-06-13T20:36:25.497+0000] {minio_fetching_data_daily.py:111} INFO -   NTRS: +1 rows → 2515 total in MinIO
[2026-06-13T20:36:25.540+0000] {minio_fetching_data_daily.py:111} INFO -   NOC: +1 rows → 2515 total in MinIO
[2026-06-13T20:36:25.592+0000] {minio_fetching_data_daily.py:111} INFO -   NCLH: +1 rows → 2515 total in MinIO
[2026-06-13T20:36:25.648+0000] {minio_fetching_data_daily.py:111} INFO -   NRG: +1 rows → 2515 total in MinIO
[2026-06-13T20:36:25.693+0000] {minio_fetching_data_daily.py:111} INFO -   NUE: +1 rows → 2515 total in MinIO
[2026-06-13T20:36:25.741+0000] {minio_fetching_data_daily.py:111} INFO -   NVDA: +1 rows → 2515 total in MinIO
[2026-06-13T20:36:25.784+0000] {minio_fetching_data_daily.py:111} INFO -   NVR: +1 rows → 2515 total in MinIO
[2026-06-13T20:36:25.826+0000] {minio_fetching_data_daily.py:111} INFO -   NXPI: +1 rows → 2515 total in MinIO
[2026-06-13T20:36:25.934+0000] {minio_fetching_data_daily.py:111} INFO -   ORLY: +1 rows → 2515 total in MinIO
[2026-06-13T20:36:25.983+0000] {minio_fetching_data_daily.py:111} INFO -   OXY: +1 rows → 2515 total in MinIO
[2026-06-13T20:36:26.027+0000] {minio_fetching_data_daily.py:111} INFO -   ODFL: +1 rows → 2515 total in MinIO
[2026-06-13T20:36:26.076+0000] {minio_fetching_data_daily.py:111} INFO -   OMC: +1 rows → 2515 total in MinIO
[2026-06-13T20:36:28.108+0000] {minio_fetching_data_daily.py:160} INFO - Batch 8 | start=2026-06-13 | 50 tickers
[2026-06-13T20:36:30.391+0000] {minio_fetching_data_daily.py:111} INFO -   ON: +1 rows → 2515 total in MinIO
[2026-06-13T20:36:30.448+0000] {minio_fetching_data_daily.py:111} INFO -   OKE: +1 rows → 2515 total in MinIO
[2026-06-13T20:36:30.531+0000] {minio_fetching_data_daily.py:111} INFO -   ORCL: +1 rows → 2515 total in MinIO
[2026-06-13T20:36:30.577+0000] {minio_fetching_data_daily.py:111} INFO -   OTIS: +1 rows → 1567 total in MinIO
[2026-06-13T20:36:30.625+0000] {minio_fetching_data_daily.py:111} INFO -   PCAR: +1 rows → 2515 total in MinIO
[2026-06-13T20:36:30.688+0000] {minio_fetching_data_daily.py:111} INFO -   PKG: +1 rows → 2515 total in MinIO
[2026-06-13T20:36:30.734+0000] {minio_fetching_data_daily.py:111} INFO -   PLTR: +1 rows → 1432 total in MinIO
[2026-06-13T20:36:30.777+0000] {minio_fetching_data_daily.py:111} INFO -   PANW: +1 rows → 2515 total in MinIO
[2026-06-13T20:36:30.823+0000] {minio_fetching_data_daily.py:111} INFO -   PSKY: +1 rows → 2515 total in MinIO
[2026-06-13T20:36:30.869+0000] {minio_fetching_data_daily.py:111} INFO -   PH: +1 rows → 2515 total in MinIO
[2026-06-13T20:36:30.913+0000] {minio_fetching_data_daily.py:111} INFO -   PAYX: +1 rows → 2515 total in MinIO
[2026-06-13T20:36:30.995+0000] {minio_fetching_data_daily.py:111} INFO -   PYPL: +1 rows → 2515 total in MinIO
[2026-06-13T20:36:31.064+0000] {minio_fetching_data_daily.py:111} INFO -   PNR: +1 rows → 2515 total in MinIO
[2026-06-13T20:36:31.141+0000] {minio_fetching_data_daily.py:111} INFO -   PEP: +1 rows → 2515 total in MinIO
[2026-06-13T20:36:31.220+0000] {minio_fetching_data_daily.py:111} INFO -   PFE: +1 rows → 2515 total in MinIO
[2026-06-13T20:36:31.304+0000] {minio_fetching_data_daily.py:111} INFO -   PCG: +1 rows → 2515 total in MinIO
[2026-06-13T20:36:31.351+0000] {minio_fetching_data_daily.py:111} INFO -   PM: +1 rows → 2515 total in MinIO
[2026-06-13T20:36:31.400+0000] {minio_fetching_data_daily.py:111} INFO -   PSX: +1 rows → 2515 total in MinIO
[2026-06-13T20:36:31.448+0000] {minio_fetching_data_daily.py:111} INFO -   PNW: +1 rows → 2515 total in MinIO
[2026-06-13T20:36:31.500+0000] {minio_fetching_data_daily.py:111} INFO -   PNC: +1 rows → 2515 total in MinIO
[2026-06-13T20:36:31.554+0000] {minio_fetching_data_daily.py:111} INFO -   POOL: +1 rows → 2515 total in MinIO
[2026-06-13T20:36:31.610+0000] {minio_fetching_data_daily.py:111} INFO -   PPG: +1 rows → 2515 total in MinIO
[2026-06-13T20:36:31.677+0000] {minio_fetching_data_daily.py:111} INFO -   PPL: +1 rows → 2515 total in MinIO
[2026-06-13T20:36:31.730+0000] {minio_fetching_data_daily.py:111} INFO -   PFG: +1 rows → 2515 total in MinIO
[2026-06-13T20:36:31.780+0000] {minio_fetching_data_daily.py:111} INFO -   PG: +1 rows → 2515 total in MinIO
[2026-06-13T20:36:31.822+0000] {minio_fetching_data_daily.py:111} INFO -   PGR: +1 rows → 2515 total in MinIO
[2026-06-13T20:36:31.865+0000] {minio_fetching_data_daily.py:111} INFO -   PLD: +1 rows → 2515 total in MinIO
[2026-06-13T20:36:31.907+0000] {minio_fetching_data_daily.py:111} INFO -   PRU: +1 rows → 2515 total in MinIO
[2026-06-13T20:36:31.954+0000] {minio_fetching_data_daily.py:111} INFO -   PEG: +1 rows → 2515 total in MinIO
[2026-06-13T20:36:32.003+0000] {minio_fetching_data_daily.py:111} INFO -   PTC: +1 rows → 2515 total in MinIO
[2026-06-13T20:36:32.054+0000] {minio_fetching_data_daily.py:111} INFO -   PSA: +1 rows → 2515 total in MinIO
[2026-06-13T20:36:32.101+0000] {minio_fetching_data_daily.py:111} INFO -   PHM: +1 rows → 2515 total in MinIO
[2026-06-13T20:36:32.149+0000] {minio_fetching_data_daily.py:111} INFO -   PWR: +1 rows → 2515 total in MinIO
[2026-06-13T20:36:32.190+0000] {minio_fetching_data_daily.py:111} INFO -   QCOM: +1 rows → 2515 total in MinIO
[2026-06-13T20:36:32.230+0000] {minio_fetching_data_daily.py:111} INFO -   DGX: +1 rows → 2515 total in MinIO
[2026-06-13T20:36:32.271+0000] {minio_fetching_data_daily.py:111} INFO -   Q: +1 rows → 158 total in MinIO
[2026-06-13T20:36:32.300+0000] {minio_fetching_data_daily.py:111} INFO -   RL: +1 rows → 2515 total in MinIO
[2026-06-13T20:36:32.349+0000] {minio_fetching_data_daily.py:111} INFO -   RJF: +1 rows → 2515 total in MinIO
[2026-06-13T20:36:32.400+0000] {minio_fetching_data_daily.py:111} INFO -   RTX: +1 rows → 2515 total in MinIO
[2026-06-13T20:36:32.449+0000] {minio_fetching_data_daily.py:111} INFO -   O: +1 rows → 2515 total in MinIO
[2026-06-13T20:36:32.503+0000] {minio_fetching_data_daily.py:111} INFO -   REG: +1 rows → 2515 total in MinIO
[2026-06-13T20:36:32.552+0000] {minio_fetching_data_daily.py:111} INFO -   REGN: +1 rows → 2515 total in MinIO
[2026-06-13T20:36:32.603+0000] {minio_fetching_data_daily.py:111} INFO -   RF: +1 rows → 2515 total in MinIO
[2026-06-13T20:36:32.663+0000] {minio_fetching_data_daily.py:111} INFO -   RSG: +1 rows → 2515 total in MinIO
[2026-06-13T20:36:32.712+0000] {minio_fetching_data_daily.py:111} INFO -   RMD: +1 rows → 2515 total in MinIO
[2026-06-13T20:36:32.753+0000] {minio_fetching_data_daily.py:111} INFO -   RVTY: +1 rows → 2515 total in MinIO
[2026-06-13T20:36:32.795+0000] {minio_fetching_data_daily.py:111} INFO -   HOOD: +1 rows → 1224 total in MinIO
[2026-06-13T20:36:32.833+0000] {minio_fetching_data_daily.py:111} INFO -   ROK: +1 rows → 2515 total in MinIO
[2026-06-13T20:36:32.904+0000] {minio_fetching_data_daily.py:111} INFO -   ROL: +1 rows → 2515 total in MinIO
[2026-06-13T20:36:32.954+0000] {minio_fetching_data_daily.py:111} INFO -   ROP: +1 rows → 2515 total in MinIO
[2026-06-13T20:36:35.005+0000] {minio_fetching_data_daily.py:160} INFO - Batch 9 | start=2026-06-13 | 50 tickers
[2026-06-13T20:36:36.940+0000] {minio_fetching_data_daily.py:111} INFO -   ROST: +1 rows → 2515 total in MinIO
[2026-06-13T20:36:36.986+0000] {minio_fetching_data_daily.py:111} INFO -   RCL: +1 rows → 2515 total in MinIO
[2026-06-13T20:36:37.036+0000] {minio_fetching_data_daily.py:111} INFO -   SPGI: +1 rows → 2515 total in MinIO
[2026-06-13T20:36:37.086+0000] {minio_fetching_data_daily.py:111} INFO -   CRM: +1 rows → 2515 total in MinIO
[2026-06-13T20:36:37.133+0000] {minio_fetching_data_daily.py:111} INFO -   SNDK: +1 rows → 334 total in MinIO
[2026-06-13T20:36:37.165+0000] {minio_fetching_data_daily.py:111} INFO -   SBAC: +1 rows → 2515 total in MinIO
[2026-06-13T20:36:37.210+0000] {minio_fetching_data_daily.py:111} INFO -   SLB: +1 rows → 2515 total in MinIO
[2026-06-13T20:36:37.258+0000] {minio_fetching_data_daily.py:111} INFO -   STX: +1 rows → 2515 total in MinIO
[2026-06-13T20:36:37.299+0000] {minio_fetching_data_daily.py:111} INFO -   SRE: +1 rows → 2515 total in MinIO
[2026-06-13T20:36:37.341+0000] {minio_fetching_data_daily.py:111} INFO -   NOW: +1 rows → 2515 total in MinIO
[2026-06-13T20:36:37.381+0000] {minio_fetching_data_daily.py:111} INFO -   SHW: +1 rows → 2515 total in MinIO
[2026-06-13T20:36:37.431+0000] {minio_fetching_data_daily.py:111} INFO -   SPG: +1 rows → 2515 total in MinIO
[2026-06-13T20:36:37.479+0000] {minio_fetching_data_daily.py:111} INFO -   SWKS: +1 rows → 2515 total in MinIO
[2026-06-13T20:36:37.527+0000] {minio_fetching_data_daily.py:111} INFO -   SJM: +1 rows → 2515 total in MinIO
[2026-06-13T20:36:37.575+0000] {minio_fetching_data_daily.py:111} INFO -   SW: +1 rows → 2515 total in MinIO
[2026-06-13T20:36:37.627+0000] {minio_fetching_data_daily.py:111} INFO -   SNA: +1 rows → 2515 total in MinIO
[2026-06-13T20:36:37.683+0000] {minio_fetching_data_daily.py:111} INFO -   SOLV: +1 rows → 556 total in MinIO
[2026-06-13T20:36:37.716+0000] {minio_fetching_data_daily.py:111} INFO -   SO: +1 rows → 2515 total in MinIO
[2026-06-13T20:36:37.766+0000] {minio_fetching_data_daily.py:111} INFO -   LUV: +1 rows → 2515 total in MinIO
[2026-06-13T20:36:37.819+0000] {minio_fetching_data_daily.py:111} INFO -   SWK: +1 rows → 2515 total in MinIO
[2026-06-13T20:36:37.872+0000] {minio_fetching_data_daily.py:111} INFO -   SBUX: +1 rows → 2515 total in MinIO
[2026-06-13T20:36:37.926+0000] {minio_fetching_data_daily.py:111} INFO -   STT: +1 rows → 2515 total in MinIO
[2026-06-13T20:36:37.973+0000] {minio_fetching_data_daily.py:111} INFO -   STLD: +1 rows → 2515 total in MinIO
[2026-06-13T20:36:38.016+0000] {minio_fetching_data_daily.py:111} INFO -   STE: +1 rows → 2515 total in MinIO
[2026-06-13T20:36:38.060+0000] {minio_fetching_data_daily.py:111} INFO -   SYK: +1 rows → 2515 total in MinIO
[2026-06-13T20:36:38.103+0000] {minio_fetching_data_daily.py:111} INFO -   SMCI: +1 rows → 2515 total in MinIO
[2026-06-13T20:36:38.148+0000] {minio_fetching_data_daily.py:111} INFO -   SYF: +1 rows → 2515 total in MinIO
[2026-06-13T20:36:38.195+0000] {minio_fetching_data_daily.py:111} INFO -   SNPS: +1 rows → 2515 total in MinIO
[2026-06-13T20:36:38.277+0000] {minio_fetching_data_daily.py:111} INFO -   SYY: +1 rows → 2515 total in MinIO
[2026-06-13T20:36:38.384+0000] {minio_fetching_data_daily.py:111} INFO -   TMUS: +1 rows → 2515 total in MinIO
[2026-06-13T20:36:38.431+0000] {minio_fetching_data_daily.py:111} INFO -   TROW: +1 rows → 2515 total in MinIO
[2026-06-13T20:36:38.483+0000] {minio_fetching_data_daily.py:111} INFO -   TTWO: +1 rows → 2515 total in MinIO
[2026-06-13T20:36:38.531+0000] {minio_fetching_data_daily.py:111} INFO -   TPR: +1 rows → 2515 total in MinIO
[2026-06-13T20:36:38.586+0000] {minio_fetching_data_daily.py:111} INFO -   TRGP: +1 rows → 2515 total in MinIO
[2026-06-13T20:36:38.626+0000] {minio_fetching_data_daily.py:111} INFO -   TGT: +1 rows → 2515 total in MinIO
[2026-06-13T20:36:38.669+0000] {minio_fetching_data_daily.py:111} INFO -   TEL: +1 rows → 2515 total in MinIO
[2026-06-13T20:36:38.714+0000] {minio_fetching_data_daily.py:111} INFO -   TDY: +1 rows → 2515 total in MinIO
[2026-06-13T20:36:38.759+0000] {minio_fetching_data_daily.py:111} INFO -   TER: +1 rows → 2515 total in MinIO
[2026-06-13T20:36:38.807+0000] {minio_fetching_data_daily.py:111} INFO -   TSLA: +1 rows → 2515 total in MinIO
[2026-06-13T20:36:38.855+0000] {minio_fetching_data_daily.py:111} INFO -   TXN: +1 rows → 2515 total in MinIO
[2026-06-13T20:36:38.906+0000] {minio_fetching_data_daily.py:111} INFO -   TPL: +1 rows → 2515 total in MinIO
[2026-06-13T20:36:38.956+0000] {minio_fetching_data_daily.py:111} INFO -   TXT: +1 rows → 2515 total in MinIO
[2026-06-13T20:36:39.001+0000] {minio_fetching_data_daily.py:111} INFO -   TMO: +1 rows → 2515 total in MinIO
[2026-06-13T20:36:39.046+0000] {minio_fetching_data_daily.py:111} INFO -   TJX: +1 rows → 2515 total in MinIO
[2026-06-13T20:36:39.087+0000] {minio_fetching_data_daily.py:111} INFO -   TKO: +1 rows → 2515 total in MinIO
[2026-06-13T20:36:39.132+0000] {minio_fetching_data_daily.py:111} INFO -   TTD: +1 rows → 2445 total in MinIO
[2026-06-13T20:36:39.174+0000] {minio_fetching_data_daily.py:111} INFO -   TSCO: +1 rows → 2515 total in MinIO
[2026-06-13T20:36:39.219+0000] {minio_fetching_data_daily.py:111} INFO -   TT: +1 rows → 2515 total in MinIO
[2026-06-13T20:36:39.267+0000] {minio_fetching_data_daily.py:111} INFO -   TDG: +1 rows → 2515 total in MinIO
[2026-06-13T20:36:39.311+0000] {minio_fetching_data_daily.py:111} INFO -   TRV: +1 rows → 2515 total in MinIO
[2026-06-13T20:36:41.349+0000] {minio_fetching_data_daily.py:160} INFO - Batch 10 | start=2026-06-13 | 50 tickers
[2026-06-13T20:36:43.730+0000] {minio_fetching_data_daily.py:111} INFO -   TRMB: +1 rows → 2515 total in MinIO
[2026-06-13T20:36:43.775+0000] {minio_fetching_data_daily.py:111} INFO -   TFC: +1 rows → 2515 total in MinIO
[2026-06-13T20:36:43.820+0000] {minio_fetching_data_daily.py:111} INFO -   TYL: +1 rows → 2515 total in MinIO
[2026-06-13T20:36:43.863+0000] {minio_fetching_data_daily.py:111} INFO -   TSN: +1 rows → 2515 total in MinIO
[2026-06-13T20:36:43.903+0000] {minio_fetching_data_daily.py:111} INFO -   USB: +1 rows → 2515 total in MinIO
[2026-06-13T20:36:43.945+0000] {minio_fetching_data_daily.py:111} INFO -   UBER: +1 rows → 1783 total in MinIO
[2026-06-13T20:36:43.985+0000] {minio_fetching_data_daily.py:111} INFO -   UDR: +1 rows → 2515 total in MinIO
[2026-06-13T20:36:44.035+0000] {minio_fetching_data_daily.py:111} INFO -   ULTA: +1 rows → 2515 total in MinIO
[2026-06-13T20:36:44.089+0000] {minio_fetching_data_daily.py:111} INFO -   UNP: +1 rows → 2515 total in MinIO
[2026-06-13T20:36:44.147+0000] {minio_fetching_data_daily.py:111} INFO -   UAL: +1 rows → 2515 total in MinIO
[2026-06-13T20:36:44.191+0000] {minio_fetching_data_daily.py:111} INFO -   UPS: +1 rows → 2515 total in MinIO
[2026-06-13T20:36:44.233+0000] {minio_fetching_data_daily.py:111} INFO -   URI: +1 rows → 2515 total in MinIO
[2026-06-13T20:36:44.313+0000] {minio_fetching_data_daily.py:111} INFO -   UNH: +1 rows → 2515 total in MinIO
[2026-06-13T20:36:44.389+0000] {minio_fetching_data_daily.py:111} INFO -   UHS: +1 rows → 2515 total in MinIO
[2026-06-13T20:36:44.464+0000] {minio_fetching_data_daily.py:111} INFO -   VLO: +1 rows → 2515 total in MinIO
[2026-06-13T20:36:44.509+0000] {minio_fetching_data_daily.py:111} INFO -   VEEV: +1 rows → 2515 total in MinIO
[2026-06-13T20:36:44.555+0000] {minio_fetching_data_daily.py:111} INFO -   VTR: +1 rows → 2515 total in MinIO
[2026-06-13T20:36:44.594+0000] {minio_fetching_data_daily.py:111} INFO -   VLTO: +1 rows → 675 total in MinIO
[2026-06-13T20:36:44.627+0000] {minio_fetching_data_daily.py:111} INFO -   VRSN: +1 rows → 2515 total in MinIO
[2026-06-13T20:36:44.676+0000] {minio_fetching_data_daily.py:111} INFO -   VRSK: +1 rows → 2515 total in MinIO
[2026-06-13T20:36:44.720+0000] {minio_fetching_data_daily.py:111} INFO -   VZ: +1 rows → 2515 total in MinIO
[2026-06-13T20:36:44.766+0000] {minio_fetching_data_daily.py:111} INFO -   VRTX: +1 rows → 2515 total in MinIO
[2026-06-13T20:36:44.806+0000] {minio_fetching_data_daily.py:111} INFO -   VRT: +1 rows → 1976 total in MinIO
[2026-06-13T20:36:44.850+0000] {minio_fetching_data_daily.py:111} INFO -   VTRS: +1 rows → 2515 total in MinIO
[2026-06-13T20:36:44.902+0000] {minio_fetching_data_daily.py:111} INFO -   VICI: +1 rows → 2123 total in MinIO
[2026-06-13T20:36:44.948+0000] {minio_fetching_data_daily.py:111} INFO -   V: +1 rows → 2515 total in MinIO
[2026-06-13T20:36:44.996+0000] {minio_fetching_data_daily.py:111} INFO -   VST: +1 rows → 2435 total in MinIO
[2026-06-13T20:36:45.066+0000] {minio_fetching_data_daily.py:111} INFO -   VMC: +1 rows → 2515 total in MinIO
[2026-06-13T20:36:45.116+0000] {minio_fetching_data_daily.py:111} INFO -   WRB: +1 rows → 2515 total in MinIO
[2026-06-13T20:36:45.170+0000] {minio_fetching_data_daily.py:111} INFO -   GWW: +1 rows → 2515 total in MinIO
[2026-06-13T20:36:45.219+0000] {minio_fetching_data_daily.py:111} INFO -   WAB: +1 rows → 2515 total in MinIO
[2026-06-13T20:36:45.262+0000] {minio_fetching_data_daily.py:111} INFO -   WMT: +1 rows → 2515 total in MinIO
[2026-06-13T20:36:45.310+0000] {minio_fetching_data_daily.py:111} INFO -   DIS: +1 rows → 2515 total in MinIO
[2026-06-13T20:36:45.365+0000] {minio_fetching_data_daily.py:111} INFO -   WBD: +1 rows → 2515 total in MinIO
[2026-06-13T20:36:45.437+0000] {minio_fetching_data_daily.py:111} INFO -   WM: +1 rows → 2515 total in MinIO
[2026-06-13T20:36:45.487+0000] {minio_fetching_data_daily.py:111} INFO -   WAT: +1 rows → 2515 total in MinIO
[2026-06-13T20:36:45.534+0000] {minio_fetching_data_daily.py:111} INFO -   WEC: +1 rows → 2515 total in MinIO
[2026-06-13T20:36:45.613+0000] {minio_fetching_data_daily.py:111} INFO -   WFC: +1 rows → 2515 total in MinIO
[2026-06-13T20:36:45.657+0000] {minio_fetching_data_daily.py:111} INFO -   WELL: +1 rows → 2515 total in MinIO
[2026-06-13T20:36:45.711+0000] {minio_fetching_data_daily.py:111} INFO -   WST: +1 rows → 2515 total in MinIO
[2026-06-13T20:36:45.835+0000] {minio_fetching_data_daily.py:111} INFO -   WDC: +1 rows → 2515 total in MinIO
[2026-06-13T20:36:45.879+0000] {minio_fetching_data_daily.py:111} INFO -   WY: +1 rows → 2515 total in MinIO
[2026-06-13T20:36:45.930+0000] {minio_fetching_data_daily.py:111} INFO -   WSM: +1 rows → 2515 total in MinIO
[2026-06-13T20:36:45.981+0000] {minio_fetching_data_daily.py:111} INFO -   WMB: +1 rows → 2515 total in MinIO
[2026-06-13T20:36:46.059+0000] {minio_fetching_data_daily.py:111} INFO -   WTW: +1 rows → 2515 total in MinIO
[2026-06-13T20:36:46.138+0000] {minio_fetching_data_daily.py:111} INFO -   WDAY: +1 rows → 2515 total in MinIO
[2026-06-13T20:36:46.185+0000] {minio_fetching_data_daily.py:111} INFO -   WYNN: +1 rows → 2515 total in MinIO
[2026-06-13T20:36:46.297+0000] {minio_fetching_data_daily.py:111} INFO -   XEL: +1 rows → 2515 total in MinIO
[2026-06-13T20:36:46.343+0000] {minio_fetching_data_daily.py:111} INFO -   XYL: +1 rows → 2515 total in MinIO
[2026-06-13T20:36:46.400+0000] {minio_fetching_data_daily.py:111} INFO -   YUM: +1 rows → 2515 total in MinIO
[2026-06-13T20:36:48.515+0000] {minio_fetching_data_daily.py:160} INFO - Batch 11 | start=2026-06-13 | 3 tickers
[2026-06-13T20:36:48.924+0000] {minio_fetching_data_daily.py:111} INFO -   ZBRA: +1 rows → 2515 total in MinIO
[2026-06-13T20:36:48.976+0000] {minio_fetching_data_daily.py:111} INFO -   ZBH: +1 rows → 2515 total in MinIO
[2026-06-13T20:36:49.027+0000] {minio_fetching_data_daily.py:111} INFO -   ZTS: +1 rows → 2515 total in MinIO
[2026-06-13T20:36:51.062+0000] {minio_fetching_data_daily.py:165} INFO - ==================================================
[2026-06-13T20:36:51.064+0000] {minio_fetching_data_daily.py:166} INFO - Done. Check your MinIO console at http://localhost:9001
[2026-06-13T20:36:51.065+0000] {python.py:237} INFO - Done. Returned value was: None
[2026-06-13T20:36:51.066+0000] {taskinstance.py:441} INFO - ::group::Post task execution logs
[2026-06-13T20:36:51.075+0000] {taskinstance.py:1206} INFO - Marking task as SUCCESS. dag_id=sp500_master_ingestion_pipeline, task_id=extract_daily_data, run_id=scheduled__2026-06-12T20:30:00+00:00, execution_date=20260612T203000, start_date=20260613T203526, end_date=20260613T203651
[2026-06-13T20:36:51.107+0000] {local_task_job_runner.py:240} INFO - Task exited with return code 0
[2026-06-13T20:36:51.124+0000] {taskinstance.py:3498} INFO - 1 downstream tasks scheduled from follow-on schedule check
[2026-06-13T20:36:51.128+0000] {local_task_job_runner.py:222} INFO - ::endgroup::
