[2026-06-11T02:50:07.909+0000] {local_task_job_runner.py:120} INFO - ::group::Pre task execution logs
[2026-06-11T02:50:07.961+0000] {taskinstance.py:2076} INFO - Dependencies all met for dep_context=non-requeueable deps ti=<TaskInstance: sp500_master_ingestion_pipeline.extract_hourly_data scheduled__2026-06-09T20:30:00+00:00 [queued]>
[2026-06-11T02:50:07.973+0000] {taskinstance.py:2076} INFO - Dependencies all met for dep_context=requeueable deps ti=<TaskInstance: sp500_master_ingestion_pipeline.extract_hourly_data scheduled__2026-06-09T20:30:00+00:00 [queued]>
[2026-06-11T02:50:07.975+0000] {taskinstance.py:2306} INFO - Starting attempt 1 of 3
[2026-06-11T02:50:07.993+0000] {taskinstance.py:2330} INFO - Executing <Task(PythonOperator): extract_hourly_data> on 2026-06-09 20:30:00+00:00
[2026-06-11T02:50:08.006+0000] {standard_task_runner.py:90} INFO - Running: ['***', 'tasks', 'run', 'sp500_master_ingestion_pipeline', 'extract_hourly_data', 'scheduled__2026-06-09T20:30:00+00:00', '--job-id', '4', '--raw', '--subdir', 'DAGS_FOLDER/sp500_master_ingestion_dag.py', '--cfg-path', '/tmp/tmprkek38py']
[2026-06-11T02:50:08.011+0000] {logging_mixin.py:188} WARNING - /home/***/.local/lib/python3.12/site-packages/***/task/task_runner/standard_task_runner.py:61 DeprecationWarning: This process (pid=2256) is multi-threaded, use of fork() may lead to deadlocks in the child.
[2026-06-11T02:50:08.024+0000] {standard_task_runner.py:91} INFO - Job 4: Subtask extract_hourly_data
[2026-06-11T02:50:08.025+0000] {standard_task_runner.py:63} INFO - Started process 2327 to run task
[2026-06-11T02:50:08.081+0000] {task_command.py:426} INFO - Running <TaskInstance: sp500_master_ingestion_pipeline.extract_hourly_data scheduled__2026-06-09T20:30:00+00:00 [running]> on host ea2d499810bc
[2026-06-11T02:50:08.152+0000] {taskinstance.py:2648} INFO - Exporting env vars: AIRFLOW_CTX_DAG_OWNER='data_engineering_team' AIRFLOW_CTX_DAG_ID='sp500_master_ingestion_pipeline' AIRFLOW_CTX_TASK_ID='extract_hourly_data' AIRFLOW_CTX_EXECUTION_DATE='2026-06-09T20:30:00+00:00' AIRFLOW_CTX_TRY_NUMBER='1' AIRFLOW_CTX_DAG_RUN_ID='scheduled__2026-06-09T20:30:00+00:00'
[2026-06-11T02:50:08.153+0000] {taskinstance.py:430} INFO - ::endgroup::
[2026-06-11T02:50:08.166+0000] {minio_fetching_data_hourly.py:51} INFO - Fetching S&P 500 tickers from Wikipedia ...
[2026-06-11T02:50:08.576+0000] {minio_fetching_data_hourly.py:60} INFO - Found 503 tickers.
[2026-06-11T02:50:23.931+0000] {minio_fetching_data_hourly.py:175} INFO - New tickers: 0 | To update: 503 | End date: 2026-06-11
[2026-06-11T02:50:23.932+0000] {minio_fetching_data_hourly.py:181} INFO - Batch 1 | start=2026-06-08 | 50 tickers
[2026-06-11T02:50:26.084+0000] {minio_fetching_data_hourly.py:132} INFO -   MMM: +21 rows -> 3714 total in MinIO
[2026-06-11T02:50:26.169+0000] {minio_fetching_data_hourly.py:132} INFO -   AOS: +21 rows -> 3714 total in MinIO
[2026-06-11T02:50:26.246+0000] {minio_fetching_data_hourly.py:132} INFO -   ABT: +21 rows -> 3714 total in MinIO
[2026-06-11T02:50:26.321+0000] {minio_fetching_data_hourly.py:132} INFO -   ABBV: +21 rows -> 3714 total in MinIO
[2026-06-11T02:50:26.387+0000] {minio_fetching_data_hourly.py:132} INFO -   ACN: +21 rows -> 3714 total in MinIO
[2026-06-11T02:50:26.453+0000] {minio_fetching_data_hourly.py:132} INFO -   ADBE: +21 rows -> 3714 total in MinIO
[2026-06-11T02:50:26.521+0000] {minio_fetching_data_hourly.py:132} INFO -   AMD: +21 rows -> 3714 total in MinIO
[2026-06-11T02:50:26.590+0000] {minio_fetching_data_hourly.py:132} INFO -   AES: +21 rows -> 3714 total in MinIO
[2026-06-11T02:50:26.656+0000] {minio_fetching_data_hourly.py:132} INFO -   AFL: +21 rows -> 3714 total in MinIO
[2026-06-11T02:50:26.720+0000] {minio_fetching_data_hourly.py:132} INFO -   A: +21 rows -> 3714 total in MinIO
[2026-06-11T02:50:26.784+0000] {minio_fetching_data_hourly.py:132} INFO -   APD: +21 rows -> 3714 total in MinIO
[2026-06-11T02:50:26.848+0000] {minio_fetching_data_hourly.py:132} INFO -   ABNB: +21 rows -> 3714 total in MinIO
[2026-06-11T02:50:26.911+0000] {minio_fetching_data_hourly.py:132} INFO -   AKAM: +21 rows -> 3714 total in MinIO
[2026-06-11T02:50:26.974+0000] {minio_fetching_data_hourly.py:132} INFO -   ALB: +21 rows -> 3714 total in MinIO
[2026-06-11T02:50:27.038+0000] {minio_fetching_data_hourly.py:132} INFO -   ARE: +21 rows -> 3714 total in MinIO
[2026-06-11T02:50:27.102+0000] {minio_fetching_data_hourly.py:132} INFO -   ALGN: +21 rows -> 3714 total in MinIO
[2026-06-11T02:50:27.163+0000] {minio_fetching_data_hourly.py:132} INFO -   ALLE: +21 rows -> 3714 total in MinIO
[2026-06-11T02:50:27.228+0000] {minio_fetching_data_hourly.py:132} INFO -   LNT: +21 rows -> 3714 total in MinIO
[2026-06-11T02:50:27.292+0000] {minio_fetching_data_hourly.py:132} INFO -   ALL: +21 rows -> 3714 total in MinIO
[2026-06-11T02:50:27.356+0000] {minio_fetching_data_hourly.py:132} INFO -   GOOGL: +21 rows -> 3714 total in MinIO
[2026-06-11T02:50:27.419+0000] {minio_fetching_data_hourly.py:132} INFO -   GOOG: +21 rows -> 3714 total in MinIO
[2026-06-11T02:50:27.486+0000] {minio_fetching_data_hourly.py:132} INFO -   MO: +21 rows -> 3714 total in MinIO
[2026-06-11T02:50:27.549+0000] {minio_fetching_data_hourly.py:132} INFO -   AMZN: +21 rows -> 3714 total in MinIO
[2026-06-11T02:50:27.618+0000] {minio_fetching_data_hourly.py:132} INFO -   AMCR: +21 rows -> 3714 total in MinIO
[2026-06-11T02:50:27.683+0000] {minio_fetching_data_hourly.py:132} INFO -   AEE: +21 rows -> 3714 total in MinIO
[2026-06-11T02:50:27.747+0000] {minio_fetching_data_hourly.py:132} INFO -   AEP: +21 rows -> 3714 total in MinIO
[2026-06-11T02:50:27.812+0000] {minio_fetching_data_hourly.py:132} INFO -   AXP: +21 rows -> 3714 total in MinIO
[2026-06-11T02:50:27.874+0000] {minio_fetching_data_hourly.py:132} INFO -   AIG: +21 rows -> 3714 total in MinIO
[2026-06-11T02:50:27.937+0000] {minio_fetching_data_hourly.py:132} INFO -   AMT: +21 rows -> 3714 total in MinIO
[2026-06-11T02:50:28.001+0000] {minio_fetching_data_hourly.py:132} INFO -   AWK: +21 rows -> 3714 total in MinIO
[2026-06-11T02:50:28.064+0000] {minio_fetching_data_hourly.py:132} INFO -   AMP: +21 rows -> 3714 total in MinIO
[2026-06-11T02:50:28.127+0000] {minio_fetching_data_hourly.py:132} INFO -   AME: +21 rows -> 3714 total in MinIO
[2026-06-11T02:50:28.194+0000] {minio_fetching_data_hourly.py:132} INFO -   AMGN: +21 rows -> 3714 total in MinIO
[2026-06-11T02:50:28.261+0000] {minio_fetching_data_hourly.py:132} INFO -   APH: +21 rows -> 3714 total in MinIO
[2026-06-11T02:50:28.325+0000] {minio_fetching_data_hourly.py:132} INFO -   ADI: +21 rows -> 3714 total in MinIO
[2026-06-11T02:50:28.389+0000] {minio_fetching_data_hourly.py:132} INFO -   AON: +21 rows -> 3714 total in MinIO
[2026-06-11T02:50:28.456+0000] {minio_fetching_data_hourly.py:132} INFO -   APA: +21 rows -> 3714 total in MinIO
[2026-06-11T02:50:28.521+0000] {minio_fetching_data_hourly.py:132} INFO -   APO: +21 rows -> 3718 total in MinIO
[2026-06-11T02:50:28.584+0000] {minio_fetching_data_hourly.py:132} INFO -   AAPL: +21 rows -> 3714 total in MinIO
[2026-06-11T02:50:28.654+0000] {minio_fetching_data_hourly.py:132} INFO -   AMAT: +21 rows -> 3714 total in MinIO
[2026-06-11T02:50:28.721+0000] {minio_fetching_data_hourly.py:132} INFO -   APP: +21 rows -> 3714 total in MinIO
[2026-06-11T02:50:28.891+0000] {minio_fetching_data_hourly.py:132} INFO -   APTV: +21 rows -> 3714 total in MinIO
[2026-06-11T02:50:28.955+0000] {minio_fetching_data_hourly.py:132} INFO -   ACGL: +21 rows -> 3714 total in MinIO
[2026-06-11T02:50:29.024+0000] {minio_fetching_data_hourly.py:132} INFO -   ADM: +20 rows -> 3713 total in MinIO
[2026-06-11T02:50:29.087+0000] {minio_fetching_data_hourly.py:132} INFO -   ARES: +21 rows -> 3714 total in MinIO
[2026-06-11T02:50:29.151+0000] {minio_fetching_data_hourly.py:132} INFO -   ANET: +21 rows -> 3714 total in MinIO
[2026-06-11T02:50:29.215+0000] {minio_fetching_data_hourly.py:132} INFO -   AJG: +21 rows -> 3714 total in MinIO
[2026-06-11T02:50:29.279+0000] {minio_fetching_data_hourly.py:132} INFO -   AIZ: +21 rows -> 3714 total in MinIO
[2026-06-11T02:50:29.346+0000] {minio_fetching_data_hourly.py:132} INFO -   T: +21 rows -> 3714 total in MinIO
[2026-06-11T02:50:29.407+0000] {minio_fetching_data_hourly.py:132} INFO -   ATO: +21 rows -> 3714 total in MinIO
[2026-06-11T02:50:31.447+0000] {minio_fetching_data_hourly.py:181} INFO - Batch 2 | start=2026-06-08 | 50 tickers
[2026-06-11T02:50:33.073+0000] {minio_fetching_data_hourly.py:132} INFO -   ADSK: +21 rows -> 3714 total in MinIO
[2026-06-11T02:50:33.145+0000] {minio_fetching_data_hourly.py:132} INFO -   ADP: +20 rows -> 3713 total in MinIO
[2026-06-11T02:50:33.216+0000] {minio_fetching_data_hourly.py:132} INFO -   AZO: +21 rows -> 3709 total in MinIO
[2026-06-11T02:50:33.280+0000] {minio_fetching_data_hourly.py:132} INFO -   AVB: +21 rows -> 3714 total in MinIO
[2026-06-11T02:50:33.343+0000] {minio_fetching_data_hourly.py:132} INFO -   AVY: +21 rows -> 3714 total in MinIO
[2026-06-11T02:50:33.411+0000] {minio_fetching_data_hourly.py:132} INFO -   AXON: +21 rows -> 3714 total in MinIO
[2026-06-11T02:50:33.475+0000] {minio_fetching_data_hourly.py:132} INFO -   BKR: +21 rows -> 3714 total in MinIO
[2026-06-11T02:50:33.538+0000] {minio_fetching_data_hourly.py:132} INFO -   BALL: +21 rows -> 3714 total in MinIO
[2026-06-11T02:50:33.601+0000] {minio_fetching_data_hourly.py:132} INFO -   BAC: +21 rows -> 3714 total in MinIO
[2026-06-11T02:50:33.666+0000] {minio_fetching_data_hourly.py:132} INFO -   BAX: +21 rows -> 3714 total in MinIO
[2026-06-11T02:50:33.729+0000] {minio_fetching_data_hourly.py:132} INFO -   BDX: +21 rows -> 3714 total in MinIO
[2026-06-11T02:50:33.792+0000] {minio_fetching_data_hourly.py:132} INFO -   BRK-B: +21 rows -> 3714 total in MinIO
[2026-06-11T02:50:33.858+0000] {minio_fetching_data_hourly.py:132} INFO -   BBY: +21 rows -> 3714 total in MinIO
[2026-06-11T02:50:33.921+0000] {minio_fetching_data_hourly.py:132} INFO -   TECH: +21 rows -> 3714 total in MinIO
[2026-06-11T02:50:33.986+0000] {minio_fetching_data_hourly.py:132} INFO -   BIIB: +21 rows -> 3714 total in MinIO
[2026-06-11T02:50:34.050+0000] {minio_fetching_data_hourly.py:132} INFO -   BLK: +21 rows -> 3714 total in MinIO
[2026-06-11T02:50:34.115+0000] {minio_fetching_data_hourly.py:132} INFO -   BX: +21 rows -> 3714 total in MinIO
[2026-06-11T02:50:34.169+0000] {minio_fetching_data_hourly.py:132} INFO -   XYZ: +21 rows -> 2431 total in MinIO
[2026-06-11T02:50:34.230+0000] {minio_fetching_data_hourly.py:132} INFO -   BNY: +21 rows -> 2902 total in MinIO
[2026-06-11T02:50:34.292+0000] {minio_fetching_data_hourly.py:132} INFO -   BA: +21 rows -> 3714 total in MinIO
[2026-06-11T02:50:34.357+0000] {minio_fetching_data_hourly.py:132} INFO -   BKNG: +21 rows -> 3711 total in MinIO
[2026-06-11T02:50:34.422+0000] {minio_fetching_data_hourly.py:132} INFO -   BSX: +21 rows -> 3714 total in MinIO
[2026-06-11T02:50:34.491+0000] {minio_fetching_data_hourly.py:132} INFO -   BMY: +21 rows -> 3714 total in MinIO
[2026-06-11T02:50:34.556+0000] {minio_fetching_data_hourly.py:132} INFO -   AVGO: +21 rows -> 3714 total in MinIO
[2026-06-11T02:50:34.621+0000] {minio_fetching_data_hourly.py:132} INFO -   BR: +21 rows -> 3714 total in MinIO
[2026-06-11T02:50:34.687+0000] {minio_fetching_data_hourly.py:132} INFO -   BRO: +21 rows -> 3714 total in MinIO
[2026-06-11T02:50:34.756+0000] {minio_fetching_data_hourly.py:132} INFO -   BF-B: +21 rows -> 3714 total in MinIO
[2026-06-11T02:50:34.823+0000] {minio_fetching_data_hourly.py:132} INFO -   BLDR: +21 rows -> 3714 total in MinIO
[2026-06-11T02:50:34.888+0000] {minio_fetching_data_hourly.py:132} INFO -   BG: +21 rows -> 3714 total in MinIO
[2026-06-11T02:50:34.956+0000] {minio_fetching_data_hourly.py:132} INFO -   BXP: +21 rows -> 3714 total in MinIO
[2026-06-11T02:50:35.019+0000] {minio_fetching_data_hourly.py:132} INFO -   CHRW: +21 rows -> 3714 total in MinIO
[2026-06-11T02:50:35.086+0000] {minio_fetching_data_hourly.py:132} INFO -   CDNS: +21 rows -> 3714 total in MinIO
[2026-06-11T02:50:35.158+0000] {minio_fetching_data_hourly.py:132} INFO -   CPT: +21 rows -> 3714 total in MinIO
[2026-06-11T02:50:35.227+0000] {minio_fetching_data_hourly.py:132} INFO -   CPB: +21 rows -> 3715 total in MinIO
[2026-06-11T02:50:35.293+0000] {minio_fetching_data_hourly.py:132} INFO -   COF: +21 rows -> 3714 total in MinIO
[2026-06-11T02:50:35.363+0000] {minio_fetching_data_hourly.py:132} INFO -   CAH: +21 rows -> 3714 total in MinIO
[2026-06-11T02:50:35.427+0000] {minio_fetching_data_hourly.py:132} INFO -   CCL: +21 rows -> 3714 total in MinIO
[2026-06-11T02:50:35.492+0000] {minio_fetching_data_hourly.py:132} INFO -   CARR: +21 rows -> 3714 total in MinIO
[2026-06-11T02:50:35.556+0000] {minio_fetching_data_hourly.py:132} INFO -   CVNA: +21 rows -> 3714 total in MinIO
[2026-06-11T02:50:35.624+0000] {minio_fetching_data_hourly.py:132} INFO -   CASY: +21 rows -> 3713 total in MinIO
[2026-06-11T02:50:35.690+0000] {minio_fetching_data_hourly.py:132} INFO -   CAT: +21 rows -> 3714 total in MinIO
[2026-06-11T02:50:35.753+0000] {minio_fetching_data_hourly.py:132} INFO -   CBOE: +21 rows -> 3714 total in MinIO
[2026-06-11T02:50:35.818+0000] {minio_fetching_data_hourly.py:132} INFO -   CBRE: +21 rows -> 3714 total in MinIO
[2026-06-11T02:50:35.882+0000] {minio_fetching_data_hourly.py:132} INFO -   CDW: +21 rows -> 3714 total in MinIO
[2026-06-11T02:50:35.944+0000] {minio_fetching_data_hourly.py:132} INFO -   COR: +21 rows -> 3714 total in MinIO
[2026-06-11T02:50:36.009+0000] {minio_fetching_data_hourly.py:132} INFO -   CNC: +21 rows -> 3714 total in MinIO
[2026-06-11T02:50:36.080+0000] {minio_fetching_data_hourly.py:132} INFO -   CNP: +20 rows -> 3713 total in MinIO
[2026-06-11T02:50:36.144+0000] {minio_fetching_data_hourly.py:132} INFO -   CF: +21 rows -> 3714 total in MinIO
[2026-06-11T02:50:36.208+0000] {minio_fetching_data_hourly.py:132} INFO -   CRL: +21 rows -> 3714 total in MinIO
[2026-06-11T02:50:36.275+0000] {minio_fetching_data_hourly.py:132} INFO -   SCHW: +21 rows -> 3714 total in MinIO
[2026-06-11T02:50:38.310+0000] {minio_fetching_data_hourly.py:181} INFO - Batch 3 | start=2026-06-08 | 50 tickers
[2026-06-11T02:50:40.279+0000] {minio_fetching_data_hourly.py:132} INFO -   CHTR: +21 rows -> 3714 total in MinIO
[2026-06-11T02:50:40.349+0000] {minio_fetching_data_hourly.py:132} INFO -   CVX: +21 rows -> 3714 total in MinIO
[2026-06-11T02:50:40.419+0000] {minio_fetching_data_hourly.py:132} INFO -   CMG: +21 rows -> 3714 total in MinIO
[2026-06-11T02:50:40.488+0000] {minio_fetching_data_hourly.py:132} INFO -   CB: +21 rows -> 3714 total in MinIO
[2026-06-11T02:50:40.560+0000] {minio_fetching_data_hourly.py:132} INFO -   CHD: +21 rows -> 3714 total in MinIO
[2026-06-11T02:50:40.637+0000] {minio_fetching_data_hourly.py:132} INFO -   CIEN: +21 rows -> 3714 total in MinIO
[2026-06-11T02:50:40.715+0000] {minio_fetching_data_hourly.py:132} INFO -   CI: +21 rows -> 3714 total in MinIO
[2026-06-11T02:50:40.793+0000] {minio_fetching_data_hourly.py:132} INFO -   CINF: +21 rows -> 3713 total in MinIO
[2026-06-11T02:50:40.865+0000] {minio_fetching_data_hourly.py:132} INFO -   CTAS: +21 rows -> 3714 total in MinIO
[2026-06-11T02:50:40.938+0000] {minio_fetching_data_hourly.py:132} INFO -   CSCO: +21 rows -> 3714 total in MinIO
[2026-06-11T02:50:41.017+0000] {minio_fetching_data_hourly.py:132} INFO -   C: +21 rows -> 3714 total in MinIO
[2026-06-11T02:50:41.090+0000] {minio_fetching_data_hourly.py:132} INFO -   CFG: +21 rows -> 3714 total in MinIO
[2026-06-11T02:50:41.160+0000] {minio_fetching_data_hourly.py:132} INFO -   CLX: +21 rows -> 3714 total in MinIO
[2026-06-11T02:50:41.336+0000] {minio_fetching_data_hourly.py:132} INFO -   CME: +21 rows -> 3714 total in MinIO
[2026-06-11T02:50:41.409+0000] {minio_fetching_data_hourly.py:132} INFO -   CMS: +21 rows -> 3714 total in MinIO
[2026-06-11T02:50:41.484+0000] {minio_fetching_data_hourly.py:132} INFO -   KO: +21 rows -> 3714 total in MinIO
[2026-06-11T02:50:41.553+0000] {minio_fetching_data_hourly.py:132} INFO -   CTSH: +21 rows -> 3714 total in MinIO
[2026-06-11T02:50:41.629+0000] {minio_fetching_data_hourly.py:132} INFO -   COHR: +21 rows -> 3714 total in MinIO
[2026-06-11T02:50:41.701+0000] {minio_fetching_data_hourly.py:132} INFO -   COIN: +21 rows -> 3714 total in MinIO
[2026-06-11T02:50:41.770+0000] {minio_fetching_data_hourly.py:132} INFO -   CL: +21 rows -> 3714 total in MinIO
[2026-06-11T02:50:41.838+0000] {minio_fetching_data_hourly.py:132} INFO -   CMCSA: +21 rows -> 3714 total in MinIO
[2026-06-11T02:50:41.906+0000] {minio_fetching_data_hourly.py:132} INFO -   FIX: +21 rows -> 3714 total in MinIO
[2026-06-11T02:50:41.978+0000] {minio_fetching_data_hourly.py:132} INFO -   CAG: +21 rows -> 3714 total in MinIO
[2026-06-11T02:50:42.047+0000] {minio_fetching_data_hourly.py:132} INFO -   COP: +21 rows -> 3714 total in MinIO
[2026-06-11T02:50:42.113+0000] {minio_fetching_data_hourly.py:132} INFO -   ED: +21 rows -> 3714 total in MinIO
[2026-06-11T02:50:42.184+0000] {minio_fetching_data_hourly.py:132} INFO -   STZ: +21 rows -> 3714 total in MinIO
[2026-06-11T02:50:42.252+0000] {minio_fetching_data_hourly.py:132} INFO -   CEG: +21 rows -> 3714 total in MinIO
[2026-06-11T02:50:42.321+0000] {minio_fetching_data_hourly.py:132} INFO -   COO: +21 rows -> 3714 total in MinIO
[2026-06-11T02:50:42.386+0000] {minio_fetching_data_hourly.py:132} INFO -   CPRT: +21 rows -> 3705 total in MinIO
[2026-06-11T02:50:42.458+0000] {minio_fetching_data_hourly.py:132} INFO -   GLW: +21 rows -> 3714 total in MinIO
[2026-06-11T02:50:42.524+0000] {minio_fetching_data_hourly.py:132} INFO -   CPAY: +21 rows -> 3714 total in MinIO
[2026-06-11T02:50:42.592+0000] {minio_fetching_data_hourly.py:132} INFO -   CTVA: +21 rows -> 3714 total in MinIO
[2026-06-11T02:50:42.668+0000] {minio_fetching_data_hourly.py:132} INFO -   CSGP: +21 rows -> 3714 total in MinIO
[2026-06-11T02:50:42.735+0000] {minio_fetching_data_hourly.py:132} INFO -   COST: +21 rows -> 3714 total in MinIO
[2026-06-11T02:50:42.803+0000] {minio_fetching_data_hourly.py:132} INFO -   CRH: +21 rows -> 3714 total in MinIO
[2026-06-11T02:50:42.870+0000] {minio_fetching_data_hourly.py:132} INFO -   CRWD: +21 rows -> 3714 total in MinIO
[2026-06-11T02:50:42.944+0000] {minio_fetching_data_hourly.py:132} INFO -   CCI: +21 rows -> 3714 total in MinIO
[2026-06-11T02:50:43.013+0000] {minio_fetching_data_hourly.py:132} INFO -   CSX: +21 rows -> 3714 total in MinIO
[2026-06-11T02:50:43.078+0000] {minio_fetching_data_hourly.py:132} INFO -   CMI: +21 rows -> 3714 total in MinIO
[2026-06-11T02:50:43.153+0000] {minio_fetching_data_hourly.py:132} INFO -   CVS: +21 rows -> 3714 total in MinIO
[2026-06-11T02:50:43.221+0000] {minio_fetching_data_hourly.py:132} INFO -   DHR: +21 rows -> 3714 total in MinIO
[2026-06-11T02:50:43.289+0000] {minio_fetching_data_hourly.py:132} INFO -   DRI: +21 rows -> 3704 total in MinIO
[2026-06-11T02:50:43.372+0000] {minio_fetching_data_hourly.py:132} INFO -   DDOG: +21 rows -> 3714 total in MinIO
[2026-06-11T02:50:43.445+0000] {minio_fetching_data_hourly.py:132} INFO -   DVA: +21 rows -> 3714 total in MinIO
[2026-06-11T02:50:43.512+0000] {minio_fetching_data_hourly.py:132} INFO -   DECK: +21 rows -> 3714 total in MinIO
[2026-06-11T02:50:43.589+0000] {minio_fetching_data_hourly.py:132} INFO -   DE: +21 rows -> 3714 total in MinIO
[2026-06-11T02:50:43.658+0000] {minio_fetching_data_hourly.py:132} INFO -   DELL: +21 rows -> 3714 total in MinIO
[2026-06-11T02:50:43.725+0000] {minio_fetching_data_hourly.py:132} INFO -   DAL: +21 rows -> 3714 total in MinIO
[2026-06-11T02:50:43.803+0000] {minio_fetching_data_hourly.py:132} INFO -   DVN: +21 rows -> 3714 total in MinIO
[2026-06-11T02:50:43.882+0000] {minio_fetching_data_hourly.py:132} INFO -   DXCM: +21 rows -> 3714 total in MinIO
[2026-06-11T02:50:45.924+0000] {minio_fetching_data_hourly.py:181} INFO - Batch 4 | start=2026-06-08 | 50 tickers
[2026-06-11T02:50:47.550+0000] {minio_fetching_data_hourly.py:132} INFO -   FANG: +21 rows -> 3714 total in MinIO
[2026-06-11T02:50:47.622+0000] {minio_fetching_data_hourly.py:132} INFO -   DLR: +21 rows -> 3714 total in MinIO
[2026-06-11T02:50:47.699+0000] {minio_fetching_data_hourly.py:132} INFO -   DG: +21 rows -> 3714 total in MinIO
[2026-06-11T02:50:47.769+0000] {minio_fetching_data_hourly.py:132} INFO -   DLTR: +21 rows -> 3714 total in MinIO
[2026-06-11T02:50:47.841+0000] {minio_fetching_data_hourly.py:132} INFO -   D: +21 rows -> 3714 total in MinIO
[2026-06-11T02:50:47.924+0000] {minio_fetching_data_hourly.py:132} INFO -   DPZ: +21 rows -> 3714 total in MinIO
[2026-06-11T02:50:47.997+0000] {minio_fetching_data_hourly.py:132} INFO -   DASH: +21 rows -> 3714 total in MinIO
[2026-06-11T02:50:48.077+0000] {minio_fetching_data_hourly.py:132} INFO -   DOV: +21 rows -> 3714 total in MinIO
[2026-06-11T02:50:48.158+0000] {minio_fetching_data_hourly.py:132} INFO -   DOW: +21 rows -> 3714 total in MinIO
[2026-06-11T02:50:48.231+0000] {minio_fetching_data_hourly.py:132} INFO -   DHI: +21 rows -> 3714 total in MinIO
[2026-06-11T02:50:48.318+0000] {minio_fetching_data_hourly.py:132} INFO -   DTE: +21 rows -> 3714 total in MinIO
[2026-06-11T02:50:48.390+0000] {minio_fetching_data_hourly.py:132} INFO -   DUK: +21 rows -> 3714 total in MinIO
[2026-06-11T02:50:48.466+0000] {minio_fetching_data_hourly.py:132} INFO -   DD: +21 rows -> 3714 total in MinIO
[2026-06-11T02:50:48.539+0000] {minio_fetching_data_hourly.py:132} INFO -   ETN: +21 rows -> 3714 total in MinIO
[2026-06-11T02:50:48.614+0000] {minio_fetching_data_hourly.py:132} INFO -   EBAY: +21 rows -> 3714 total in MinIO
[2026-06-11T02:50:48.692+0000] {minio_fetching_data_hourly.py:132} INFO -   SATS: +21 rows -> 3714 total in MinIO
[2026-06-11T02:50:48.763+0000] {minio_fetching_data_hourly.py:132} INFO -   ECL: +21 rows -> 3714 total in MinIO
[2026-06-11T02:50:48.838+0000] {minio_fetching_data_hourly.py:132} INFO -   EIX: +21 rows -> 3714 total in MinIO
[2026-06-11T02:50:48.917+0000] {minio_fetching_data_hourly.py:132} INFO -   EW: +21 rows -> 3714 total in MinIO
[2026-06-11T02:50:48.990+0000] {minio_fetching_data_hourly.py:132} INFO -   EA: +21 rows -> 3714 total in MinIO
[2026-06-11T02:50:49.067+0000] {minio_fetching_data_hourly.py:132} INFO -   ELV: +21 rows -> 3714 total in MinIO
[2026-06-11T02:50:49.143+0000] {minio_fetching_data_hourly.py:132} INFO -   EME: +21 rows -> 3714 total in MinIO
[2026-06-11T02:50:49.210+0000] {minio_fetching_data_hourly.py:132} INFO -   EMR: +21 rows -> 3714 total in MinIO
[2026-06-11T02:50:49.285+0000] {minio_fetching_data_hourly.py:132} INFO -   ETR: +21 rows -> 3714 total in MinIO
[2026-06-11T02:50:49.360+0000] {minio_fetching_data_hourly.py:132} INFO -   EOG: +20 rows -> 3713 total in MinIO
[2026-06-11T02:50:49.430+0000] {minio_fetching_data_hourly.py:132} INFO -   EQT: +21 rows -> 3714 total in MinIO
[2026-06-11T02:50:49.498+0000] {minio_fetching_data_hourly.py:132} INFO -   EFX: +21 rows -> 3714 total in MinIO
[2026-06-11T02:50:49.566+0000] {minio_fetching_data_hourly.py:132} INFO -   EQIX: +21 rows -> 3713 total in MinIO
[2026-06-11T02:50:49.636+0000] {minio_fetching_data_hourly.py:132} INFO -   EQR: +21 rows -> 3714 total in MinIO
[2026-06-11T02:50:49.707+0000] {minio_fetching_data_hourly.py:132} INFO -   ERIE: +21 rows -> 3693 total in MinIO
[2026-06-11T02:50:49.779+0000] {minio_fetching_data_hourly.py:132} INFO -   ESS: +21 rows -> 3714 total in MinIO
[2026-06-11T02:50:49.844+0000] {minio_fetching_data_hourly.py:132} INFO -   EL: +21 rows -> 3704 total in MinIO
[2026-06-11T02:50:49.910+0000] {minio_fetching_data_hourly.py:132} INFO -   EG: +21 rows -> 3714 total in MinIO
[2026-06-11T02:50:49.979+0000] {minio_fetching_data_hourly.py:132} INFO -   EVRG: +21 rows -> 3714 total in MinIO
[2026-06-11T02:50:50.046+0000] {minio_fetching_data_hourly.py:132} INFO -   ES: +21 rows -> 3714 total in MinIO
[2026-06-11T02:50:50.118+0000] {minio_fetching_data_hourly.py:132} INFO -   EXC: +21 rows -> 3718 total in MinIO
[2026-06-11T02:50:50.190+0000] {minio_fetching_data_hourly.py:132} INFO -   EXE: +21 rows -> 2941 total in MinIO
[2026-06-11T02:50:50.259+0000] {minio_fetching_data_hourly.py:132} INFO -   EXPE: +21 rows -> 3714 total in MinIO
[2026-06-11T02:50:50.330+0000] {minio_fetching_data_hourly.py:132} INFO -   EXPD: +21 rows -> 3714 total in MinIO
[2026-06-11T02:50:50.408+0000] {minio_fetching_data_hourly.py:132} INFO -   EXR: +21 rows -> 3714 total in MinIO
[2026-06-11T02:50:50.486+0000] {minio_fetching_data_hourly.py:132} INFO -   XOM: +21 rows -> 3714 total in MinIO
[2026-06-11T02:50:50.556+0000] {minio_fetching_data_hourly.py:132} INFO -   FFIV: +21 rows -> 3714 total in MinIO
[2026-06-11T02:50:50.625+0000] {minio_fetching_data_hourly.py:132} INFO -   FDS: +21 rows -> 3714 total in MinIO
[2026-06-11T02:50:50.697+0000] {minio_fetching_data_hourly.py:132} INFO -   FICO: +21 rows -> 3713 total in MinIO
[2026-06-11T02:50:50.870+0000] {minio_fetching_data_hourly.py:132} INFO -   FAST: +21 rows -> 3714 total in MinIO
[2026-06-11T02:50:50.947+0000] {minio_fetching_data_hourly.py:132} INFO -   FRT: +21 rows -> 3714 total in MinIO
[2026-06-11T02:50:51.019+0000] {minio_fetching_data_hourly.py:132} INFO -   FDX: +21 rows -> 3714 total in MinIO
[2026-06-11T02:50:51.073+0000] {minio_fetching_data_hourly.py:132} INFO -   FDXF: +21 rows -> 56 total in MinIO
[2026-06-11T02:50:51.124+0000] {minio_fetching_data_hourly.py:132} INFO -   FIS: +21 rows -> 3714 total in MinIO
[2026-06-11T02:50:51.197+0000] {minio_fetching_data_hourly.py:132} INFO -   FITB: +21 rows -> 3714 total in MinIO
[2026-06-11T02:50:53.237+0000] {minio_fetching_data_hourly.py:181} INFO - Batch 5 | start=2026-06-08 | 50 tickers
[2026-06-11T02:50:54.831+0000] {minio_fetching_data_hourly.py:132} INFO -   FSLR: +21 rows -> 3714 total in MinIO
[2026-06-11T02:50:54.906+0000] {minio_fetching_data_hourly.py:132} INFO -   FE: +21 rows -> 3714 total in MinIO
[2026-06-11T02:50:54.957+0000] {minio_fetching_data_hourly.py:132} INFO -   FISV: +21 rows -> 1007 total in MinIO
[2026-06-11T02:50:55.014+0000] {minio_fetching_data_hourly.py:132} INFO -   F: +21 rows -> 3714 total in MinIO
[2026-06-11T02:50:55.087+0000] {minio_fetching_data_hourly.py:132} INFO -   FTNT: +21 rows -> 3714 total in MinIO
[2026-06-11T02:50:55.158+0000] {minio_fetching_data_hourly.py:132} INFO -   FTV: +21 rows -> 3714 total in MinIO
[2026-06-11T02:50:55.230+0000] {minio_fetching_data_hourly.py:132} INFO -   FOXA: +21 rows -> 3714 total in MinIO
[2026-06-11T02:50:55.296+0000] {minio_fetching_data_hourly.py:132} INFO -   FOX: +21 rows -> 3714 total in MinIO
[2026-06-11T02:50:55.364+0000] {minio_fetching_data_hourly.py:132} INFO -   BEN: +21 rows -> 3714 total in MinIO
[2026-06-11T02:50:55.435+0000] {minio_fetching_data_hourly.py:132} INFO -   FCX: +21 rows -> 3714 total in MinIO
[2026-06-11T02:50:55.508+0000] {minio_fetching_data_hourly.py:132} INFO -   GRMN: +21 rows -> 3714 total in MinIO
[2026-06-11T02:50:55.577+0000] {minio_fetching_data_hourly.py:132} INFO -   IT: +21 rows -> 3714 total in MinIO
[2026-06-11T02:50:55.648+0000] {minio_fetching_data_hourly.py:132} INFO -   GE: +21 rows -> 3714 total in MinIO
[2026-06-11T02:50:55.715+0000] {minio_fetching_data_hourly.py:132} INFO -   GEHC: +21 rows -> 3714 total in MinIO
[2026-06-11T02:50:55.786+0000] {minio_fetching_data_hourly.py:132} INFO -   GEV: +21 rows -> 3714 total in MinIO
[2026-06-11T02:50:55.855+0000] {minio_fetching_data_hourly.py:132} INFO -   GEN: +21 rows -> 3714 total in MinIO
[2026-06-11T02:50:55.930+0000] {minio_fetching_data_hourly.py:132} INFO -   GNRC: +21 rows -> 3714 total in MinIO
[2026-06-11T02:50:56.000+0000] {minio_fetching_data_hourly.py:132} INFO -   GD: +21 rows -> 3714 total in MinIO
[2026-06-11T02:50:56.081+0000] {minio_fetching_data_hourly.py:132} INFO -   GIS: +21 rows -> 3714 total in MinIO
[2026-06-11T02:50:56.158+0000] {minio_fetching_data_hourly.py:132} INFO -   GM: +21 rows -> 3714 total in MinIO
[2026-06-11T02:50:56.231+0000] {minio_fetching_data_hourly.py:132} INFO -   GPC: +21 rows -> 3714 total in MinIO
[2026-06-11T02:50:56.298+0000] {minio_fetching_data_hourly.py:132} INFO -   GILD: +21 rows -> 3714 total in MinIO
[2026-06-11T02:50:56.376+0000] {minio_fetching_data_hourly.py:132} INFO -   GPN: +21 rows -> 3714 total in MinIO
[2026-06-11T02:50:56.450+0000] {minio_fetching_data_hourly.py:132} INFO -   GL: +21 rows -> 3714 total in MinIO
[2026-06-11T02:50:56.543+0000] {minio_fetching_data_hourly.py:132} INFO -   GDDY: +21 rows -> 3714 total in MinIO
[2026-06-11T02:50:56.619+0000] {minio_fetching_data_hourly.py:132} INFO -   GS: +21 rows -> 3714 total in MinIO
[2026-06-11T02:50:56.694+0000] {minio_fetching_data_hourly.py:132} INFO -   HAL: +21 rows -> 3714 total in MinIO
[2026-06-11T02:50:56.768+0000] {minio_fetching_data_hourly.py:132} INFO -   HIG: +21 rows -> 3714 total in MinIO
[2026-06-11T02:50:56.843+0000] {minio_fetching_data_hourly.py:132} INFO -   HAS: +21 rows -> 3714 total in MinIO
[2026-06-11T02:50:56.921+0000] {minio_fetching_data_hourly.py:132} INFO -   HCA: +21 rows -> 3714 total in MinIO
[2026-06-11T02:50:57.045+0000] {minio_fetching_data_hourly.py:132} INFO -   DOC: +21 rows -> 3714 total in MinIO
[2026-06-11T02:50:57.156+0000] {minio_fetching_data_hourly.py:132} INFO -   HSIC: +21 rows -> 3714 total in MinIO
[2026-06-11T02:50:57.245+0000] {minio_fetching_data_hourly.py:132} INFO -   HSY: +21 rows -> 3714 total in MinIO
[2026-06-11T02:50:57.343+0000] {minio_fetching_data_hourly.py:132} INFO -   HPE: +21 rows -> 3714 total in MinIO
[2026-06-11T02:50:57.495+0000] {minio_fetching_data_hourly.py:132} INFO -   HLT: +21 rows -> 3714 total in MinIO
[2026-06-11T02:50:57.576+0000] {minio_fetching_data_hourly.py:132} INFO -   HD: +21 rows -> 3714 total in MinIO
[2026-06-11T02:50:57.659+0000] {minio_fetching_data_hourly.py:132} INFO -   HON: +21 rows -> 3714 total in MinIO
[2026-06-11T02:50:57.734+0000] {minio_fetching_data_hourly.py:132} INFO -   HRL: +21 rows -> 3714 total in MinIO
[2026-06-11T02:50:57.818+0000] {minio_fetching_data_hourly.py:132} INFO -   HST: +21 rows -> 3714 total in MinIO
[2026-06-11T02:50:57.888+0000] {minio_fetching_data_hourly.py:132} INFO -   HWM: +21 rows -> 3714 total in MinIO
[2026-06-11T02:50:57.964+0000] {minio_fetching_data_hourly.py:132} INFO -   HPQ: +21 rows -> 3714 total in MinIO
[2026-06-11T02:50:58.038+0000] {minio_fetching_data_hourly.py:132} INFO -   HUBB: +21 rows -> 3714 total in MinIO
[2026-06-11T02:50:58.114+0000] {minio_fetching_data_hourly.py:132} INFO -   HUM: +21 rows -> 3714 total in MinIO
[2026-06-11T02:50:58.196+0000] {minio_fetching_data_hourly.py:132} INFO -   HBAN: +21 rows -> 3714 total in MinIO
[2026-06-11T02:50:58.275+0000] {minio_fetching_data_hourly.py:132} INFO -   HII: +21 rows -> 3714 total in MinIO
[2026-06-11T02:50:58.353+0000] {minio_fetching_data_hourly.py:132} INFO -   IBM: +21 rows -> 3714 total in MinIO
[2026-06-11T02:50:58.433+0000] {minio_fetching_data_hourly.py:132} INFO -   IEX: +21 rows -> 3714 total in MinIO
[2026-06-11T02:50:58.542+0000] {minio_fetching_data_hourly.py:132} INFO -   IDXX: +21 rows -> 3714 total in MinIO
[2026-06-11T02:50:58.627+0000] {minio_fetching_data_hourly.py:132} INFO -   ITW: +21 rows -> 3714 total in MinIO
[2026-06-11T02:50:58.698+0000] {minio_fetching_data_hourly.py:132} INFO -   INCY: +21 rows -> 3714 total in MinIO
[2026-06-11T02:51:00.742+0000] {minio_fetching_data_hourly.py:181} INFO - Batch 6 | start=2026-06-08 | 50 tickers
[2026-06-11T02:51:02.485+0000] {minio_fetching_data_hourly.py:132} INFO -   IR: +21 rows -> 3714 total in MinIO
[2026-06-11T02:51:02.563+0000] {minio_fetching_data_hourly.py:132} INFO -   PODD: +21 rows -> 3713 total in MinIO
[2026-06-11T02:51:02.641+0000] {minio_fetching_data_hourly.py:132} INFO -   INTC: +21 rows -> 3714 total in MinIO
[2026-06-11T02:51:02.739+0000] {minio_fetching_data_hourly.py:132} INFO -   IBKR: +21 rows -> 3714 total in MinIO
[2026-06-11T02:51:02.826+0000] {minio_fetching_data_hourly.py:132} INFO -   ICE: +21 rows -> 3714 total in MinIO
[2026-06-11T02:51:02.905+0000] {minio_fetching_data_hourly.py:132} INFO -   IFF: +21 rows -> 3714 total in MinIO
[2026-06-11T02:51:02.975+0000] {minio_fetching_data_hourly.py:132} INFO -   IP: +21 rows -> 3714 total in MinIO
[2026-06-11T02:51:03.047+0000] {minio_fetching_data_hourly.py:132} INFO -   INTU: +21 rows -> 3714 total in MinIO
[2026-06-11T02:51:03.148+0000] {minio_fetching_data_hourly.py:132} INFO -   ISRG: +21 rows -> 3714 total in MinIO
[2026-06-11T02:51:03.243+0000] {minio_fetching_data_hourly.py:132} INFO -   IVZ: +21 rows -> 3714 total in MinIO
[2026-06-11T02:51:03.311+0000] {minio_fetching_data_hourly.py:132} INFO -   INVH: +21 rows -> 3714 total in MinIO
[2026-06-11T02:51:03.380+0000] {minio_fetching_data_hourly.py:132} INFO -   IQV: +21 rows -> 3714 total in MinIO
[2026-06-11T02:51:03.453+0000] {minio_fetching_data_hourly.py:132} INFO -   IRM: +21 rows -> 3714 total in MinIO
[2026-06-11T02:51:03.620+0000] {minio_fetching_data_hourly.py:132} INFO -   JBHT: +21 rows -> 3714 total in MinIO
[2026-06-11T02:51:03.696+0000] {minio_fetching_data_hourly.py:132} INFO -   JBL: +21 rows -> 3714 total in MinIO
[2026-06-11T02:51:03.767+0000] {minio_fetching_data_hourly.py:132} INFO -   JKHY: +21 rows -> 3714 total in MinIO
[2026-06-11T02:51:03.838+0000] {minio_fetching_data_hourly.py:132} INFO -   J: +21 rows -> 3714 total in MinIO
[2026-06-11T02:51:03.915+0000] {minio_fetching_data_hourly.py:132} INFO -   JNJ: +21 rows -> 3714 total in MinIO
[2026-06-11T02:51:03.986+0000] {minio_fetching_data_hourly.py:132} INFO -   JCI: +21 rows -> 3714 total in MinIO
[2026-06-11T02:51:04.060+0000] {minio_fetching_data_hourly.py:132} INFO -   JPM: +21 rows -> 3714 total in MinIO
[2026-06-11T02:51:04.130+0000] {minio_fetching_data_hourly.py:132} INFO -   KVUE: +21 rows -> 3714 total in MinIO
[2026-06-11T02:51:04.204+0000] {minio_fetching_data_hourly.py:132} INFO -   KDP: +21 rows -> 3714 total in MinIO
[2026-06-11T02:51:04.282+0000] {minio_fetching_data_hourly.py:132} INFO -   KEY: +21 rows -> 3714 total in MinIO
[2026-06-11T02:51:04.357+0000] {minio_fetching_data_hourly.py:132} INFO -   KEYS: +21 rows -> 3714 total in MinIO
[2026-06-11T02:51:04.429+0000] {minio_fetching_data_hourly.py:132} INFO -   KMB: +21 rows -> 3714 total in MinIO
[2026-06-11T02:51:04.502+0000] {minio_fetching_data_hourly.py:132} INFO -   KIM: +21 rows -> 3714 total in MinIO
[2026-06-11T02:51:04.576+0000] {minio_fetching_data_hourly.py:132} INFO -   KMI: +21 rows -> 3714 total in MinIO
[2026-06-11T02:51:04.654+0000] {minio_fetching_data_hourly.py:132} INFO -   KKR: +21 rows -> 3714 total in MinIO
[2026-06-11T02:51:04.736+0000] {minio_fetching_data_hourly.py:132} INFO -   KLAC: +21 rows -> 3714 total in MinIO
[2026-06-11T02:51:04.807+0000] {minio_fetching_data_hourly.py:132} INFO -   KHC: +21 rows -> 3714 total in MinIO
[2026-06-11T02:51:04.876+0000] {minio_fetching_data_hourly.py:132} INFO -   KR: +21 rows -> 3714 total in MinIO
[2026-06-11T02:51:04.946+0000] {minio_fetching_data_hourly.py:132} INFO -   LHX: +21 rows -> 3714 total in MinIO
[2026-06-11T02:51:05.023+0000] {minio_fetching_data_hourly.py:132} INFO -   LH: +21 rows -> 3714 total in MinIO
[2026-06-11T02:51:05.092+0000] {minio_fetching_data_hourly.py:132} INFO -   LRCX: +21 rows -> 3714 total in MinIO
[2026-06-11T02:51:05.161+0000] {minio_fetching_data_hourly.py:132} INFO -   LVS: +21 rows -> 3714 total in MinIO
[2026-06-11T02:51:05.234+0000] {minio_fetching_data_hourly.py:132} INFO -   LDOS: +21 rows -> 3714 total in MinIO
[2026-06-11T02:51:05.314+0000] {minio_fetching_data_hourly.py:132} INFO -   LEN: +21 rows -> 3714 total in MinIO
[2026-06-11T02:51:05.390+0000] {minio_fetching_data_hourly.py:132} INFO -   LII: +21 rows -> 3714 total in MinIO
[2026-06-11T02:51:05.466+0000] {minio_fetching_data_hourly.py:132} INFO -   LLY: +21 rows -> 3714 total in MinIO
[2026-06-11T02:51:05.539+0000] {minio_fetching_data_hourly.py:132} INFO -   LIN: +21 rows -> 3714 total in MinIO
[2026-06-11T02:51:05.612+0000] {minio_fetching_data_hourly.py:132} INFO -   LYV: +21 rows -> 3714 total in MinIO
[2026-06-11T02:51:05.686+0000] {minio_fetching_data_hourly.py:132} INFO -   LMT: +21 rows -> 3714 total in MinIO
[2026-06-11T02:51:05.770+0000] {minio_fetching_data_hourly.py:132} INFO -   L: +21 rows -> 3714 total in MinIO
[2026-06-11T02:51:05.861+0000] {minio_fetching_data_hourly.py:132} INFO -   LOW: +21 rows -> 3714 total in MinIO
[2026-06-11T02:51:05.934+0000] {minio_fetching_data_hourly.py:132} INFO -   LULU: +21 rows -> 3714 total in MinIO
[2026-06-11T02:51:06.007+0000] {minio_fetching_data_hourly.py:132} INFO -   LITE: +21 rows -> 3714 total in MinIO
[2026-06-11T02:51:06.078+0000] {minio_fetching_data_hourly.py:132} INFO -   LYB: +21 rows -> 3714 total in MinIO
[2026-06-11T02:51:06.148+0000] {minio_fetching_data_hourly.py:132} INFO -   MTB: +21 rows -> 3714 total in MinIO
[2026-06-11T02:51:06.221+0000] {minio_fetching_data_hourly.py:132} INFO -   MPC: +21 rows -> 3714 total in MinIO
[2026-06-11T02:51:06.290+0000] {minio_fetching_data_hourly.py:132} INFO -   MAR: +21 rows -> 3714 total in MinIO
[2026-06-11T02:51:08.327+0000] {minio_fetching_data_hourly.py:181} INFO - Batch 7 | start=2026-06-08 | 50 tickers
[2026-06-11T02:51:09.869+0000] {minio_fetching_data_hourly.py:132} INFO -   MRSH: +21 rows -> 704 total in MinIO
[2026-06-11T02:51:09.919+0000] {minio_fetching_data_hourly.py:132} INFO -   MLM: +21 rows -> 3714 total in MinIO
[2026-06-11T02:51:09.985+0000] {minio_fetching_data_hourly.py:132} INFO -   MAS: +21 rows -> 3714 total in MinIO
[2026-06-11T02:51:10.051+0000] {minio_fetching_data_hourly.py:132} INFO -   MA: +21 rows -> 3714 total in MinIO
[2026-06-11T02:51:10.120+0000] {minio_fetching_data_hourly.py:132} INFO -   MKC: +21 rows -> 3714 total in MinIO
[2026-06-11T02:51:10.190+0000] {minio_fetching_data_hourly.py:132} INFO -   MCD: +21 rows -> 3714 total in MinIO
[2026-06-11T02:51:10.257+0000] {minio_fetching_data_hourly.py:132} INFO -   MCK: +21 rows -> 3714 total in MinIO
[2026-06-11T02:51:10.326+0000] {minio_fetching_data_hourly.py:132} INFO -   MDT: +21 rows -> 3714 total in MinIO
[2026-06-11T02:51:10.401+0000] {minio_fetching_data_hourly.py:132} INFO -   MRK: +21 rows -> 3714 total in MinIO
[2026-06-11T02:51:10.473+0000] {minio_fetching_data_hourly.py:132} INFO -   META: +21 rows -> 3714 total in MinIO
[2026-06-11T02:51:10.544+0000] {minio_fetching_data_hourly.py:132} INFO -   MET: +21 rows -> 3714 total in MinIO
[2026-06-11T02:51:10.612+0000] {minio_fetching_data_hourly.py:132} INFO -   MTD: +21 rows -> 3710 total in MinIO
[2026-06-11T02:51:10.681+0000] {minio_fetching_data_hourly.py:132} INFO -   MGM: +21 rows -> 3714 total in MinIO
[2026-06-11T02:51:10.752+0000] {minio_fetching_data_hourly.py:132} INFO -   MCHP: +21 rows -> 3714 total in MinIO
[2026-06-11T02:51:10.823+0000] {minio_fetching_data_hourly.py:132} INFO -   MU: +21 rows -> 3714 total in MinIO
[2026-06-11T02:51:10.890+0000] {minio_fetching_data_hourly.py:132} INFO -   MSFT: +21 rows -> 3714 total in MinIO
[2026-06-11T02:51:10.958+0000] {minio_fetching_data_hourly.py:132} INFO -   MAA: +21 rows -> 3714 total in MinIO
[2026-06-11T02:51:11.031+0000] {minio_fetching_data_hourly.py:132} INFO -   MRNA: +21 rows -> 3714 total in MinIO
[2026-06-11T02:51:11.108+0000] {minio_fetching_data_hourly.py:132} INFO -   TAP: +21 rows -> 3714 total in MinIO
[2026-06-11T02:51:11.178+0000] {minio_fetching_data_hourly.py:132} INFO -   MDLZ: +21 rows -> 3714 total in MinIO
[2026-06-11T02:51:11.244+0000] {minio_fetching_data_hourly.py:132} INFO -   MPWR: +21 rows -> 3714 total in MinIO
[2026-06-11T02:51:11.313+0000] {minio_fetching_data_hourly.py:132} INFO -   MNST: +21 rows -> 3714 total in MinIO
[2026-06-11T02:51:11.382+0000] {minio_fetching_data_hourly.py:132} INFO -   MCO: +21 rows -> 3714 total in MinIO
[2026-06-11T02:51:11.449+0000] {minio_fetching_data_hourly.py:132} INFO -   MS: +21 rows -> 3714 total in MinIO
[2026-06-11T02:51:11.519+0000] {minio_fetching_data_hourly.py:132} INFO -   MOS: +21 rows -> 3714 total in MinIO
[2026-06-11T02:51:11.600+0000] {minio_fetching_data_hourly.py:132} INFO -   MSI: +21 rows -> 3714 total in MinIO
[2026-06-11T02:51:11.675+0000] {minio_fetching_data_hourly.py:132} INFO -   MSCI: +21 rows -> 3714 total in MinIO
[2026-06-11T02:51:11.744+0000] {minio_fetching_data_hourly.py:132} INFO -   NDAQ: +21 rows -> 3714 total in MinIO
[2026-06-11T02:51:11.816+0000] {minio_fetching_data_hourly.py:132} INFO -   NTAP: +21 rows -> 3714 total in MinIO
[2026-06-11T02:51:11.886+0000] {minio_fetching_data_hourly.py:132} INFO -   NFLX: +21 rows -> 3714 total in MinIO
[2026-06-11T02:51:11.957+0000] {minio_fetching_data_hourly.py:132} INFO -   NEM: +21 rows -> 3714 total in MinIO
[2026-06-11T02:51:12.028+0000] {minio_fetching_data_hourly.py:132} INFO -   NWSA: +21 rows -> 3714 total in MinIO
[2026-06-11T02:51:12.096+0000] {minio_fetching_data_hourly.py:132} INFO -   NWS: +21 rows -> 3714 total in MinIO
[2026-06-11T02:51:12.168+0000] {minio_fetching_data_hourly.py:132} INFO -   NEE: +21 rows -> 3714 total in MinIO
[2026-06-11T02:51:12.242+0000] {minio_fetching_data_hourly.py:132} INFO -   NKE: +21 rows -> 3714 total in MinIO
[2026-06-11T02:51:12.312+0000] {minio_fetching_data_hourly.py:132} INFO -   NI: +21 rows -> 3714 total in MinIO
[2026-06-11T02:51:12.382+0000] {minio_fetching_data_hourly.py:132} INFO -   NDSN: +21 rows -> 3713 total in MinIO
[2026-06-11T02:51:12.455+0000] {minio_fetching_data_hourly.py:132} INFO -   NSC: +21 rows -> 3714 total in MinIO
[2026-06-11T02:51:12.535+0000] {minio_fetching_data_hourly.py:132} INFO -   NTRS: +21 rows -> 3714 total in MinIO
[2026-06-11T02:51:12.609+0000] {minio_fetching_data_hourly.py:132} INFO -   NOC: +21 rows -> 3714 total in MinIO
[2026-06-11T02:51:12.679+0000] {minio_fetching_data_hourly.py:132} INFO -   NCLH: +21 rows -> 3714 total in MinIO
[2026-06-11T02:51:12.757+0000] {minio_fetching_data_hourly.py:132} INFO -   NRG: +21 rows -> 3714 total in MinIO
[2026-06-11T02:51:12.833+0000] {minio_fetching_data_hourly.py:132} INFO -   NUE: +21 rows -> 3714 total in MinIO
[2026-06-11T02:51:12.908+0000] {minio_fetching_data_hourly.py:132} INFO -   NVDA: +21 rows -> 3714 total in MinIO
[2026-06-11T02:51:13.076+0000] {minio_fetching_data_hourly.py:132} INFO -   NVR: +21 rows -> 3714 total in MinIO
[2026-06-11T02:51:13.155+0000] {minio_fetching_data_hourly.py:132} INFO -   NXPI: +21 rows -> 3714 total in MinIO
[2026-06-11T02:51:13.228+0000] {minio_fetching_data_hourly.py:132} INFO -   ORLY: +21 rows -> 3714 total in MinIO
[2026-06-11T02:51:13.300+0000] {minio_fetching_data_hourly.py:132} INFO -   OXY: +21 rows -> 3704 total in MinIO
[2026-06-11T02:51:13.369+0000] {minio_fetching_data_hourly.py:132} INFO -   ODFL: +21 rows -> 3714 total in MinIO
[2026-06-11T02:51:13.452+0000] {minio_fetching_data_hourly.py:132} INFO -   OMC: +21 rows -> 3714 total in MinIO
[2026-06-11T02:51:15.497+0000] {minio_fetching_data_hourly.py:181} INFO - Batch 8 | start=2026-06-08 | 50 tickers
[2026-06-11T02:51:17.060+0000] {minio_fetching_data_hourly.py:132} INFO -   ON: +21 rows -> 3714 total in MinIO
[2026-06-11T02:51:17.135+0000] {minio_fetching_data_hourly.py:132} INFO -   OKE: +21 rows -> 3714 total in MinIO
[2026-06-11T02:51:17.204+0000] {minio_fetching_data_hourly.py:132} INFO -   ORCL: +21 rows -> 3714 total in MinIO
[2026-06-11T02:51:17.274+0000] {minio_fetching_data_hourly.py:132} INFO -   OTIS: +21 rows -> 3714 total in MinIO
[2026-06-11T02:51:17.342+0000] {minio_fetching_data_hourly.py:132} INFO -   PCAR: +21 rows -> 3714 total in MinIO
[2026-06-11T02:51:17.409+0000] {minio_fetching_data_hourly.py:132} INFO -   PKG: +21 rows -> 3714 total in MinIO
[2026-06-11T02:51:17.477+0000] {minio_fetching_data_hourly.py:132} INFO -   PLTR: +21 rows -> 3714 total in MinIO
[2026-06-11T02:51:17.547+0000] {minio_fetching_data_hourly.py:132} INFO -   PANW: +21 rows -> 3714 total in MinIO
[2026-06-11T02:51:17.606+0000] {minio_fetching_data_hourly.py:132} INFO -   PSKY: +21 rows -> 1476 total in MinIO
[2026-06-11T02:51:17.663+0000] {minio_fetching_data_hourly.py:132} INFO -   PH: +21 rows -> 3714 total in MinIO
[2026-06-11T02:51:17.738+0000] {minio_fetching_data_hourly.py:132} INFO -   PAYX: +21 rows -> 3714 total in MinIO
[2026-06-11T02:51:17.805+0000] {minio_fetching_data_hourly.py:132} INFO -   PYPL: +21 rows -> 3714 total in MinIO
[2026-06-11T02:51:17.878+0000] {minio_fetching_data_hourly.py:132} INFO -   PNR: +21 rows -> 3714 total in MinIO
[2026-06-11T02:51:17.947+0000] {minio_fetching_data_hourly.py:132} INFO -   PEP: +21 rows -> 3714 total in MinIO
[2026-06-11T02:51:18.016+0000] {minio_fetching_data_hourly.py:132} INFO -   PFE: +21 rows -> 3714 total in MinIO
[2026-06-11T02:51:18.090+0000] {minio_fetching_data_hourly.py:132} INFO -   PCG: +21 rows -> 3714 total in MinIO
[2026-06-11T02:51:18.157+0000] {minio_fetching_data_hourly.py:132} INFO -   PM: +21 rows -> 3714 total in MinIO
[2026-06-11T02:51:18.232+0000] {minio_fetching_data_hourly.py:132} INFO -   PSX: +21 rows -> 3714 total in MinIO
[2026-06-11T02:51:18.307+0000] {minio_fetching_data_hourly.py:132} INFO -   PNW: +21 rows -> 3714 total in MinIO
[2026-06-11T02:51:18.381+0000] {minio_fetching_data_hourly.py:132} INFO -   PNC: +21 rows -> 3714 total in MinIO
[2026-06-11T02:51:18.450+0000] {minio_fetching_data_hourly.py:132} INFO -   POOL: +21 rows -> 3714 total in MinIO
[2026-06-11T02:51:18.524+0000] {minio_fetching_data_hourly.py:132} INFO -   PPG: +21 rows -> 3714 total in MinIO
[2026-06-11T02:51:18.599+0000] {minio_fetching_data_hourly.py:132} INFO -   PPL: +21 rows -> 3714 total in MinIO
[2026-06-11T02:51:18.673+0000] {minio_fetching_data_hourly.py:132} INFO -   PFG: +21 rows -> 3714 total in MinIO
[2026-06-11T02:51:18.740+0000] {minio_fetching_data_hourly.py:132} INFO -   PG: +21 rows -> 3714 total in MinIO
[2026-06-11T02:51:18.814+0000] {minio_fetching_data_hourly.py:132} INFO -   PGR: +21 rows -> 3718 total in MinIO
[2026-06-11T02:51:18.892+0000] {minio_fetching_data_hourly.py:132} INFO -   PLD: +21 rows -> 3714 total in MinIO
[2026-06-11T02:51:18.963+0000] {minio_fetching_data_hourly.py:132} INFO -   PRU: +21 rows -> 3714 total in MinIO
[2026-06-11T02:51:19.038+0000] {minio_fetching_data_hourly.py:132} INFO -   PEG: +21 rows -> 3714 total in MinIO
[2026-06-11T02:51:19.110+0000] {minio_fetching_data_hourly.py:132} INFO -   PTC: +21 rows -> 3714 total in MinIO
[2026-06-11T02:51:19.180+0000] {minio_fetching_data_hourly.py:132} INFO -   PSA: +21 rows -> 3714 total in MinIO
[2026-06-11T02:51:19.256+0000] {minio_fetching_data_hourly.py:132} INFO -   PHM: +21 rows -> 3714 total in MinIO
[2026-06-11T02:51:19.330+0000] {minio_fetching_data_hourly.py:132} INFO -   PWR: +21 rows -> 3714 total in MinIO
[2026-06-11T02:51:19.400+0000] {minio_fetching_data_hourly.py:132} INFO -   QCOM: +21 rows -> 3714 total in MinIO
[2026-06-11T02:51:19.469+0000] {minio_fetching_data_hourly.py:132} INFO -   DGX: +21 rows -> 3714 total in MinIO
[2026-06-11T02:51:19.523+0000] {minio_fetching_data_hourly.py:132} INFO -   Q: +21 rows -> 1049 total in MinIO
[2026-06-11T02:51:19.573+0000] {minio_fetching_data_hourly.py:132} INFO -   RL: +21 rows -> 3714 total in MinIO
[2026-06-11T02:51:19.641+0000] {minio_fetching_data_hourly.py:132} INFO -   RJF: +21 rows -> 3714 total in MinIO
[2026-06-11T02:51:19.704+0000] {minio_fetching_data_hourly.py:132} INFO -   RTX: +21 rows -> 3714 total in MinIO
[2026-06-11T02:51:19.771+0000] {minio_fetching_data_hourly.py:132} INFO -   O: +21 rows -> 3714 total in MinIO
[2026-06-11T02:51:19.844+0000] {minio_fetching_data_hourly.py:132} INFO -   REG: +21 rows -> 3714 total in MinIO
[2026-06-11T02:51:19.911+0000] {minio_fetching_data_hourly.py:132} INFO -   REGN: +21 rows -> 3713 total in MinIO
[2026-06-11T02:51:19.977+0000] {minio_fetching_data_hourly.py:132} INFO -   RF: +21 rows -> 3714 total in MinIO
[2026-06-11T02:51:20.040+0000] {minio_fetching_data_hourly.py:132} INFO -   RSG: +21 rows -> 3714 total in MinIO
[2026-06-11T02:51:20.104+0000] {minio_fetching_data_hourly.py:132} INFO -   RMD: +21 rows -> 3714 total in MinIO
[2026-06-11T02:51:20.180+0000] {minio_fetching_data_hourly.py:132} INFO -   RVTY: +21 rows -> 3714 total in MinIO
[2026-06-11T02:51:20.249+0000] {minio_fetching_data_hourly.py:132} INFO -   HOOD: +21 rows -> 3714 total in MinIO
[2026-06-11T02:51:20.320+0000] {minio_fetching_data_hourly.py:132} INFO -   ROK: +21 rows -> 3714 total in MinIO
[2026-06-11T02:51:20.386+0000] {minio_fetching_data_hourly.py:132} INFO -   ROL: +21 rows -> 3714 total in MinIO
[2026-06-11T02:51:20.450+0000] {minio_fetching_data_hourly.py:132} INFO -   ROP: +21 rows -> 3714 total in MinIO
[2026-06-11T02:51:22.484+0000] {minio_fetching_data_hourly.py:181} INFO - Batch 9 | start=2026-06-08 | 50 tickers
[2026-06-11T02:51:24.037+0000] {minio_fetching_data_hourly.py:132} INFO -   ROST: +21 rows -> 3714 total in MinIO
[2026-06-11T02:51:24.101+0000] {minio_fetching_data_hourly.py:132} INFO -   RCL: +21 rows -> 3718 total in MinIO
[2026-06-11T02:51:24.162+0000] {minio_fetching_data_hourly.py:132} INFO -   SPGI: +21 rows -> 3714 total in MinIO
[2026-06-11T02:51:24.224+0000] {minio_fetching_data_hourly.py:132} INFO -   CRM: +21 rows -> 3714 total in MinIO
[2026-06-11T02:51:24.285+0000] {minio_fetching_data_hourly.py:132} INFO -   SNDK: +21 rows -> 2270 total in MinIO
[2026-06-11T02:51:24.342+0000] {minio_fetching_data_hourly.py:132} INFO -   SBAC: +21 rows -> 3714 total in MinIO
[2026-06-11T02:51:24.408+0000] {minio_fetching_data_hourly.py:132} INFO -   SLB: +21 rows -> 3714 total in MinIO
[2026-06-11T02:51:24.473+0000] {minio_fetching_data_hourly.py:132} INFO -   STX: +20 rows -> 3713 total in MinIO
[2026-06-11T02:51:24.536+0000] {minio_fetching_data_hourly.py:132} INFO -   SRE: +21 rows -> 3714 total in MinIO
[2026-06-11T02:51:24.598+0000] {minio_fetching_data_hourly.py:132} INFO -   NOW: +21 rows -> 3714 total in MinIO
[2026-06-11T02:51:24.666+0000] {minio_fetching_data_hourly.py:132} INFO -   SHW: +21 rows -> 3714 total in MinIO
[2026-06-11T02:51:24.834+0000] {minio_fetching_data_hourly.py:132} INFO -   SPG: +21 rows -> 3714 total in MinIO
[2026-06-11T02:51:24.899+0000] {minio_fetching_data_hourly.py:132} INFO -   SWKS: +21 rows -> 3714 total in MinIO
[2026-06-11T02:51:24.965+0000] {minio_fetching_data_hourly.py:132} INFO -   SJM: +21 rows -> 3714 total in MinIO
[2026-06-11T02:51:25.030+0000] {minio_fetching_data_hourly.py:132} INFO -   SW: +21 rows -> 3368 total in MinIO
[2026-06-11T02:51:25.092+0000] {minio_fetching_data_hourly.py:132} INFO -   SNA: +21 rows -> 3714 total in MinIO
[2026-06-11T02:51:25.159+0000] {minio_fetching_data_hourly.py:132} INFO -   SOLV: +21 rows -> 3714 total in MinIO
[2026-06-11T02:51:25.228+0000] {minio_fetching_data_hourly.py:132} INFO -   SO: +21 rows -> 3714 total in MinIO
[2026-06-11T02:51:25.299+0000] {minio_fetching_data_hourly.py:132} INFO -   LUV: +21 rows -> 3714 total in MinIO
[2026-06-11T02:51:25.376+0000] {minio_fetching_data_hourly.py:132} INFO -   SWK: +21 rows -> 3714 total in MinIO
[2026-06-11T02:51:25.446+0000] {minio_fetching_data_hourly.py:132} INFO -   SBUX: +21 rows -> 3714 total in MinIO
[2026-06-11T02:51:25.515+0000] {minio_fetching_data_hourly.py:132} INFO -   STT: +20 rows -> 3713 total in MinIO
[2026-06-11T02:51:25.583+0000] {minio_fetching_data_hourly.py:132} INFO -   STLD: +21 rows -> 3714 total in MinIO
[2026-06-11T02:51:25.648+0000] {minio_fetching_data_hourly.py:132} INFO -   STE: +21 rows -> 3714 total in MinIO
[2026-06-11T02:51:25.718+0000] {minio_fetching_data_hourly.py:132} INFO -   SYK: +21 rows -> 3714 total in MinIO
[2026-06-11T02:51:25.787+0000] {minio_fetching_data_hourly.py:132} INFO -   SMCI: +21 rows -> 3714 total in MinIO
[2026-06-11T02:51:25.859+0000] {minio_fetching_data_hourly.py:132} INFO -   SYF: +21 rows -> 3714 total in MinIO
[2026-06-11T02:51:25.940+0000] {minio_fetching_data_hourly.py:132} INFO -   SNPS: +21 rows -> 3714 total in MinIO
[2026-06-11T02:51:26.008+0000] {minio_fetching_data_hourly.py:132} INFO -   SYY: +21 rows -> 3714 total in MinIO
[2026-06-11T02:51:26.086+0000] {minio_fetching_data_hourly.py:132} INFO -   TMUS: +21 rows -> 3714 total in MinIO
[2026-06-11T02:51:26.157+0000] {minio_fetching_data_hourly.py:132} INFO -   TROW: +21 rows -> 3714 total in MinIO
[2026-06-11T02:51:26.233+0000] {minio_fetching_data_hourly.py:132} INFO -   TTWO: +21 rows -> 3714 total in MinIO
[2026-06-11T02:51:26.308+0000] {minio_fetching_data_hourly.py:132} INFO -   TPR: +21 rows -> 3714 total in MinIO
[2026-06-11T02:51:26.382+0000] {minio_fetching_data_hourly.py:132} INFO -   TRGP: +21 rows -> 3704 total in MinIO
[2026-06-11T02:51:26.452+0000] {minio_fetching_data_hourly.py:132} INFO -   TGT: +21 rows -> 3714 total in MinIO
[2026-06-11T02:51:26.524+0000] {minio_fetching_data_hourly.py:132} INFO -   TEL: +21 rows -> 3714 total in MinIO
[2026-06-11T02:51:26.590+0000] {minio_fetching_data_hourly.py:132} INFO -   TDY: +21 rows -> 3490 total in MinIO
[2026-06-11T02:51:26.656+0000] {minio_fetching_data_hourly.py:132} INFO -   TER: +21 rows -> 3714 total in MinIO
[2026-06-11T02:51:26.735+0000] {minio_fetching_data_hourly.py:132} INFO -   TSLA: +21 rows -> 3714 total in MinIO
[2026-06-11T02:51:26.802+0000] {minio_fetching_data_hourly.py:132} INFO -   TXN: +21 rows -> 3714 total in MinIO
[2026-06-11T02:51:26.875+0000] {minio_fetching_data_hourly.py:132} INFO -   TPL: +21 rows -> 3711 total in MinIO
[2026-06-11T02:51:26.939+0000] {minio_fetching_data_hourly.py:132} INFO -   TXT: +21 rows -> 3714 total in MinIO
[2026-06-11T02:51:27.009+0000] {minio_fetching_data_hourly.py:132} INFO -   TMO: +20 rows -> 3713 total in MinIO
[2026-06-11T02:51:27.078+0000] {minio_fetching_data_hourly.py:132} INFO -   TJX: +21 rows -> 3714 total in MinIO
[2026-06-11T02:51:27.142+0000] {minio_fetching_data_hourly.py:132} INFO -   TKO: +21 rows -> 3714 total in MinIO
[2026-06-11T02:51:27.209+0000] {minio_fetching_data_hourly.py:132} INFO -   TTD: +21 rows -> 3714 total in MinIO
[2026-06-11T02:51:27.277+0000] {minio_fetching_data_hourly.py:132} INFO -   TSCO: +21 rows -> 3714 total in MinIO
[2026-06-11T02:51:27.343+0000] {minio_fetching_data_hourly.py:132} INFO -   TT: +21 rows -> 3714 total in MinIO
[2026-06-11T02:51:27.407+0000] {minio_fetching_data_hourly.py:132} INFO -   TDG: +21 rows -> 3714 total in MinIO
[2026-06-11T02:51:27.485+0000] {minio_fetching_data_hourly.py:132} INFO -   TRV: +21 rows -> 3714 total in MinIO
[2026-06-11T02:51:29.522+0000] {minio_fetching_data_hourly.py:181} INFO - Batch 10 | start=2026-06-08 | 50 tickers
[2026-06-11T02:51:31.124+0000] {minio_fetching_data_hourly.py:132} INFO -   TRMB: +21 rows -> 3714 total in MinIO
[2026-06-11T02:51:31.206+0000] {minio_fetching_data_hourly.py:132} INFO -   TFC: +21 rows -> 3714 total in MinIO
[2026-06-11T02:51:31.274+0000] {minio_fetching_data_hourly.py:132} INFO -   TYL: +21 rows -> 3714 total in MinIO
[2026-06-11T02:51:31.336+0000] {minio_fetching_data_hourly.py:132} INFO -   TSN: +21 rows -> 3714 total in MinIO
[2026-06-11T02:51:31.402+0000] {minio_fetching_data_hourly.py:132} INFO -   USB: +21 rows -> 3714 total in MinIO
[2026-06-11T02:51:31.466+0000] {minio_fetching_data_hourly.py:132} INFO -   UBER: +21 rows -> 3714 total in MinIO
[2026-06-11T02:51:31.533+0000] {minio_fetching_data_hourly.py:132} INFO -   UDR: +21 rows -> 3714 total in MinIO
[2026-06-11T02:51:31.597+0000] {minio_fetching_data_hourly.py:132} INFO -   ULTA: +21 rows -> 3714 total in MinIO
[2026-06-11T02:51:31.664+0000] {minio_fetching_data_hourly.py:132} INFO -   UNP: +21 rows -> 3714 total in MinIO
[2026-06-11T02:51:31.731+0000] {minio_fetching_data_hourly.py:132} INFO -   UAL: +21 rows -> 3714 total in MinIO
[2026-06-11T02:51:31.800+0000] {minio_fetching_data_hourly.py:132} INFO -   UPS: +21 rows -> 3714 total in MinIO
[2026-06-11T02:51:31.866+0000] {minio_fetching_data_hourly.py:132} INFO -   URI: +21 rows -> 3714 total in MinIO
[2026-06-11T02:51:31.932+0000] {minio_fetching_data_hourly.py:132} INFO -   UNH: +21 rows -> 3714 total in MinIO
[2026-06-11T02:51:31.996+0000] {minio_fetching_data_hourly.py:132} INFO -   UHS: +21 rows -> 3714 total in MinIO
[2026-06-11T02:51:32.063+0000] {minio_fetching_data_hourly.py:132} INFO -   VLO: +21 rows -> 3704 total in MinIO
[2026-06-11T02:51:32.126+0000] {minio_fetching_data_hourly.py:132} INFO -   VEEV: +21 rows -> 3490 total in MinIO
[2026-06-11T02:51:32.189+0000] {minio_fetching_data_hourly.py:132} INFO -   VTR: +21 rows -> 3714 total in MinIO
[2026-06-11T02:51:32.254+0000] {minio_fetching_data_hourly.py:132} INFO -   VLTO: +21 rows -> 3714 total in MinIO
[2026-06-11T02:51:32.319+0000] {minio_fetching_data_hourly.py:132} INFO -   VRSN: +21 rows -> 3713 total in MinIO
[2026-06-11T02:51:32.385+0000] {minio_fetching_data_hourly.py:132} INFO -   VRSK: +21 rows -> 3714 total in MinIO
[2026-06-11T02:51:32.449+0000] {minio_fetching_data_hourly.py:132} INFO -   VZ: +21 rows -> 3714 total in MinIO
[2026-06-11T02:51:32.515+0000] {minio_fetching_data_hourly.py:132} INFO -   VRTX: +21 rows -> 3714 total in MinIO
[2026-06-11T02:51:32.579+0000] {minio_fetching_data_hourly.py:132} INFO -   VRT: +21 rows -> 3714 total in MinIO
[2026-06-11T02:51:32.647+0000] {minio_fetching_data_hourly.py:132} INFO -   VTRS: +21 rows -> 3714 total in MinIO
[2026-06-11T02:51:32.712+0000] {minio_fetching_data_hourly.py:132} INFO -   VICI: +21 rows -> 3714 total in MinIO
[2026-06-11T02:51:32.779+0000] {minio_fetching_data_hourly.py:132} INFO -   V: +21 rows -> 3714 total in MinIO
[2026-06-11T02:51:32.845+0000] {minio_fetching_data_hourly.py:132} INFO -   VST: +21 rows -> 3704 total in MinIO
[2026-06-11T02:51:32.910+0000] {minio_fetching_data_hourly.py:132} INFO -   VMC: +21 rows -> 3714 total in MinIO
[2026-06-11T02:51:32.974+0000] {minio_fetching_data_hourly.py:132} INFO -   WRB: +21 rows -> 3714 total in MinIO
[2026-06-11T02:51:33.037+0000] {minio_fetching_data_hourly.py:132} INFO -   GWW: +21 rows -> 3714 total in MinIO
[2026-06-11T02:51:33.105+0000] {minio_fetching_data_hourly.py:132} INFO -   WAB: +21 rows -> 3714 total in MinIO
[2026-06-11T02:51:33.169+0000] {minio_fetching_data_hourly.py:132} INFO -   WMT: +21 rows -> 3714 total in MinIO
[2026-06-11T02:51:33.238+0000] {minio_fetching_data_hourly.py:132} INFO -   DIS: +21 rows -> 3714 total in MinIO
[2026-06-11T02:51:33.309+0000] {minio_fetching_data_hourly.py:132} INFO -   WBD: +21 rows -> 3714 total in MinIO
[2026-06-11T02:51:33.373+0000] {minio_fetching_data_hourly.py:132} INFO -   WM: +21 rows -> 3714 total in MinIO
[2026-06-11T02:51:33.439+0000] {minio_fetching_data_hourly.py:132} INFO -   WAT: +21 rows -> 3714 total in MinIO
[2026-06-11T02:51:33.501+0000] {minio_fetching_data_hourly.py:132} INFO -   WEC: +21 rows -> 3714 total in MinIO
[2026-06-11T02:51:33.565+0000] {minio_fetching_data_hourly.py:132} INFO -   WFC: +21 rows -> 3714 total in MinIO
[2026-06-11T02:51:33.630+0000] {minio_fetching_data_hourly.py:132} INFO -   WELL: +21 rows -> 3714 total in MinIO
[2026-06-11T02:51:33.695+0000] {minio_fetching_data_hourly.py:132} INFO -   WST: +21 rows -> 3714 total in MinIO
[2026-06-11T02:51:33.760+0000] {minio_fetching_data_hourly.py:132} INFO -   WDC: +21 rows -> 3714 total in MinIO
[2026-06-11T02:51:33.921+0000] {minio_fetching_data_hourly.py:132} INFO -   WY: +21 rows -> 3714 total in MinIO
[2026-06-11T02:51:33.992+0000] {minio_fetching_data_hourly.py:132} INFO -   WSM: +20 rows -> 3713 total in MinIO
[2026-06-11T02:51:34.061+0000] {minio_fetching_data_hourly.py:132} INFO -   WMB: +21 rows -> 3714 total in MinIO
[2026-06-11T02:51:34.138+0000] {minio_fetching_data_hourly.py:132} INFO -   WTW: +21 rows -> 3714 total in MinIO
[2026-06-11T02:51:34.216+0000] {minio_fetching_data_hourly.py:132} INFO -   WDAY: +21 rows -> 3714 total in MinIO
[2026-06-11T02:51:34.300+0000] {minio_fetching_data_hourly.py:132} INFO -   WYNN: +21 rows -> 3714 total in MinIO
[2026-06-11T02:51:34.376+0000] {minio_fetching_data_hourly.py:132} INFO -   XEL: +21 rows -> 3714 total in MinIO
[2026-06-11T02:51:34.445+0000] {minio_fetching_data_hourly.py:132} INFO -   XYL: +21 rows -> 3714 total in MinIO
[2026-06-11T02:51:34.519+0000] {minio_fetching_data_hourly.py:132} INFO -   YUM: +21 rows -> 3714 total in MinIO
[2026-06-11T02:51:36.559+0000] {minio_fetching_data_hourly.py:181} INFO - Batch 11 | start=2026-06-08 | 3 tickers
[2026-06-11T02:51:37.047+0000] {minio_fetching_data_hourly.py:132} INFO -   ZBRA: +21 rows -> 3714 total in MinIO
[2026-06-11T02:51:37.119+0000] {minio_fetching_data_hourly.py:132} INFO -   ZBH: +21 rows -> 3714 total in MinIO
[2026-06-11T02:51:37.188+0000] {minio_fetching_data_hourly.py:132} INFO -   ZTS: +21 rows -> 3716 total in MinIO
[2026-06-11T02:51:39.228+0000] {minio_fetching_data_hourly.py:186} INFO - ==================================================
[2026-06-11T02:51:39.229+0000] {minio_fetching_data_hourly.py:187} INFO - Done. Check your MinIO console at http://localhost:9001
[2026-06-11T02:51:39.230+0000] {python.py:237} INFO - Done. Returned value was: None
[2026-06-11T02:51:39.231+0000] {taskinstance.py:441} INFO - ::group::Post task execution logs
[2026-06-11T02:51:39.238+0000] {taskinstance.py:1206} INFO - Marking task as SUCCESS. dag_id=sp500_master_ingestion_pipeline, task_id=extract_hourly_data, run_id=scheduled__2026-06-09T20:30:00+00:00, execution_date=20260609T203000, start_date=20260611T025007, end_date=20260611T025139
[2026-06-11T02:51:39.280+0000] {local_task_job_runner.py:240} INFO - Task exited with return code 0
[2026-06-11T02:51:39.291+0000] {taskinstance.py:3498} INFO - 0 downstream tasks scheduled from follow-on schedule check
[2026-06-11T02:51:39.296+0000] {local_task_job_runner.py:222} INFO - ::endgroup::
