[2026-06-14T20:30:01.467+0000] {local_task_job_runner.py:120} INFO - ::group::Pre task execution logs
[2026-06-14T20:30:01.511+0000] {taskinstance.py:2076} INFO - Dependencies all met for dep_context=non-requeueable deps ti=<TaskInstance: sp500_master_ingestion_pipeline.extract_daily_data scheduled__2026-06-13T20:30:00+00:00 [queued]>
[2026-06-14T20:30:01.519+0000] {taskinstance.py:2076} INFO - Dependencies all met for dep_context=requeueable deps ti=<TaskInstance: sp500_master_ingestion_pipeline.extract_daily_data scheduled__2026-06-13T20:30:00+00:00 [queued]>
[2026-06-14T20:30:01.520+0000] {taskinstance.py:2306} INFO - Starting attempt 1 of 3
[2026-06-14T20:30:01.532+0000] {taskinstance.py:2330} INFO - Executing <Task(PythonOperator): extract_daily_data> on 2026-06-13 20:30:00+00:00
[2026-06-14T20:30:01.543+0000] {standard_task_runner.py:90} INFO - Running: ['***', 'tasks', 'run', 'sp500_master_ingestion_pipeline', 'extract_daily_data', 'scheduled__2026-06-13T20:30:00+00:00', '--job-id', '17', '--raw', '--subdir', 'DAGS_FOLDER/sp500_master_ingestion_dag.py', '--cfg-path', '/tmp/tmpijf3ph55']
[2026-06-14T20:30:01.549+0000] {logging_mixin.py:188} WARNING - /home/***/.local/lib/python3.12/site-packages/***/task/task_runner/standard_task_runner.py:61 DeprecationWarning: This process (pid=6015) is multi-threaded, use of fork() may lead to deadlocks in the child.
[2026-06-14T20:30:01.549+0000] {standard_task_runner.py:91} INFO - Job 17: Subtask extract_daily_data
[2026-06-14T20:30:01.550+0000] {standard_task_runner.py:63} INFO - Started process 6017 to run task
[2026-06-14T20:30:01.608+0000] {task_command.py:426} INFO - Running <TaskInstance: sp500_master_ingestion_pipeline.extract_daily_data scheduled__2026-06-13T20:30:00+00:00 [running]> on host 867f0ef9fb51
[2026-06-14T20:30:01.688+0000] {taskinstance.py:2648} INFO - Exporting env vars: AIRFLOW_CTX_DAG_OWNER='data_engineering_team' AIRFLOW_CTX_DAG_ID='sp500_master_ingestion_pipeline' AIRFLOW_CTX_TASK_ID='extract_daily_data' AIRFLOW_CTX_EXECUTION_DATE='2026-06-13T20:30:00+00:00' AIRFLOW_CTX_TRY_NUMBER='1' AIRFLOW_CTX_DAG_RUN_ID='scheduled__2026-06-13T20:30:00+00:00'
[2026-06-14T20:30:01.690+0000] {taskinstance.py:430} INFO - ::endgroup::
[2026-06-14T20:30:01.722+0000] {minio_fetching_data_daily.py:43} INFO - Fetching S&P 500 tickers from Wikipedia …
[2026-06-14T20:30:02.414+0000] {minio_fetching_data_daily.py:52} INFO - Found 503 tickers.
[2026-06-14T20:30:07.610+0000] {minio_fetching_data_daily.py:154} INFO - New tickers: 0 | To update: 503 | End date: 2026-06-14
[2026-06-14T20:30:07.612+0000] {minio_fetching_data_daily.py:160} INFO - Batch 1 | start=2026-06-13 | 50 tickers
[2026-06-14T20:30:07.623+0000] {cache.py:132} INFO - Failed to create TzCache, reason: Error creating TzCache folder: '/home/***/.cache/py-yfinance' reason: [Errno 17] File exists: '/home/***/.cache/py-yfinance'. TzCache will not be used. Tip: You can direct cache to use a different location with 'set_tz_cache_location(mylocation)'
[2026-06-14T20:30:07.622+0000] {cache.py:132} INFO - Failed to create TzCache, reason: Error creating TzCache folder: '/home/***/.cache/py-yfinance' reason: [Errno 17] File exists: '/home/***/.cache/py-yfinance'. TzCache will not be used. Tip: You can direct cache to use a different location with 'set_tz_cache_location(mylocation)'
[2026-06-14T20:30:07.625+0000] {cache.py:132} INFO - Failed to create TzCache, reason: Error creating TzCache folder: '/home/***/.cache/py-yfinance' reason: [Errno 17] File exists: '/home/***/.cache/py-yfinance'. TzCache will not be used. Tip: You can direct cache to use a different location with 'set_tz_cache_location(mylocation)'
[2026-06-14T20:30:07.626+0000] {cache.py:132} INFO - Failed to create TzCache, reason: Error creating TzCache folder: '/home/***/.cache/py-yfinance' reason: [Errno 17] File exists: '/home/***/.cache/py-yfinance'. TzCache will not be used. Tip: You can direct cache to use a different location with 'set_tz_cache_location(mylocation)'
[2026-06-14T20:30:10.200+0000] {minio_fetching_data_daily.py:111} INFO -   MMM: +1 rows → 2515 total in MinIO
[2026-06-14T20:30:10.260+0000] {minio_fetching_data_daily.py:111} INFO -   AOS: +1 rows → 2515 total in MinIO
[2026-06-14T20:30:10.298+0000] {minio_fetching_data_daily.py:111} INFO -   ABT: +1 rows → 2515 total in MinIO
[2026-06-14T20:30:10.336+0000] {minio_fetching_data_daily.py:111} INFO -   ABBV: +1 rows → 2515 total in MinIO
[2026-06-14T20:30:10.381+0000] {minio_fetching_data_daily.py:111} INFO -   ACN: +1 rows → 2515 total in MinIO
[2026-06-14T20:30:10.417+0000] {minio_fetching_data_daily.py:111} INFO -   ADBE: +1 rows → 2515 total in MinIO
[2026-06-14T20:30:10.455+0000] {minio_fetching_data_daily.py:111} INFO -   AMD: +1 rows → 2515 total in MinIO
[2026-06-14T20:30:10.492+0000] {minio_fetching_data_daily.py:111} INFO -   AES: +1 rows → 2515 total in MinIO
[2026-06-14T20:30:10.531+0000] {minio_fetching_data_daily.py:111} INFO -   AFL: +1 rows → 2515 total in MinIO
[2026-06-14T20:30:10.569+0000] {minio_fetching_data_daily.py:111} INFO -   A: +1 rows → 2515 total in MinIO
[2026-06-14T20:30:10.607+0000] {minio_fetching_data_daily.py:111} INFO -   APD: +1 rows → 2515 total in MinIO
[2026-06-14T20:30:10.642+0000] {minio_fetching_data_daily.py:111} INFO -   ABNB: +1 rows → 1382 total in MinIO
[2026-06-14T20:30:10.672+0000] {minio_fetching_data_daily.py:111} INFO -   AKAM: +1 rows → 2515 total in MinIO
[2026-06-14T20:30:10.711+0000] {minio_fetching_data_daily.py:111} INFO -   ALB: +1 rows → 2515 total in MinIO
[2026-06-14T20:30:10.755+0000] {minio_fetching_data_daily.py:111} INFO -   ARE: +1 rows → 2515 total in MinIO
[2026-06-14T20:30:10.792+0000] {minio_fetching_data_daily.py:111} INFO -   ALGN: +1 rows → 2515 total in MinIO
[2026-06-14T20:30:10.831+0000] {minio_fetching_data_daily.py:111} INFO -   ALLE: +1 rows → 2515 total in MinIO
[2026-06-14T20:30:10.869+0000] {minio_fetching_data_daily.py:111} INFO -   LNT: +1 rows → 2515 total in MinIO
[2026-06-14T20:30:10.908+0000] {minio_fetching_data_daily.py:111} INFO -   ALL: +1 rows → 2515 total in MinIO
[2026-06-14T20:30:10.947+0000] {minio_fetching_data_daily.py:111} INFO -   GOOGL: +1 rows → 2515 total in MinIO
[2026-06-14T20:30:10.985+0000] {minio_fetching_data_daily.py:111} INFO -   GOOG: +1 rows → 2515 total in MinIO
[2026-06-14T20:30:11.025+0000] {minio_fetching_data_daily.py:111} INFO -   MO: +1 rows → 2515 total in MinIO
[2026-06-14T20:30:11.062+0000] {minio_fetching_data_daily.py:111} INFO -   AMZN: +1 rows → 2515 total in MinIO
[2026-06-14T20:30:11.103+0000] {minio_fetching_data_daily.py:111} INFO -   AMCR: +1 rows → 2515 total in MinIO
[2026-06-14T20:30:11.139+0000] {minio_fetching_data_daily.py:111} INFO -   AEE: +1 rows → 2515 total in MinIO
[2026-06-14T20:30:11.176+0000] {minio_fetching_data_daily.py:111} INFO -   AEP: +1 rows → 2515 total in MinIO
[2026-06-14T20:30:11.214+0000] {minio_fetching_data_daily.py:111} INFO -   AXP: +1 rows → 2515 total in MinIO
[2026-06-14T20:30:11.252+0000] {minio_fetching_data_daily.py:111} INFO -   AIG: +1 rows → 2515 total in MinIO
[2026-06-14T20:30:11.290+0000] {minio_fetching_data_daily.py:111} INFO -   AMT: +1 rows → 2515 total in MinIO
[2026-06-14T20:30:11.327+0000] {minio_fetching_data_daily.py:111} INFO -   AWK: +1 rows → 2515 total in MinIO
[2026-06-14T20:30:11.366+0000] {minio_fetching_data_daily.py:111} INFO -   AMP: +1 rows → 2515 total in MinIO
[2026-06-14T20:30:11.406+0000] {minio_fetching_data_daily.py:111} INFO -   AME: +1 rows → 2515 total in MinIO
[2026-06-14T20:30:11.444+0000] {minio_fetching_data_daily.py:111} INFO -   AMGN: +1 rows → 2515 total in MinIO
[2026-06-14T20:30:11.482+0000] {minio_fetching_data_daily.py:111} INFO -   APH: +1 rows → 2515 total in MinIO
[2026-06-14T20:30:11.519+0000] {minio_fetching_data_daily.py:111} INFO -   ADI: +1 rows → 2515 total in MinIO
[2026-06-14T20:30:11.555+0000] {minio_fetching_data_daily.py:111} INFO -   AON: +1 rows → 2515 total in MinIO
[2026-06-14T20:30:11.592+0000] {minio_fetching_data_daily.py:111} INFO -   APA: +1 rows → 2515 total in MinIO
[2026-06-14T20:30:11.628+0000] {minio_fetching_data_daily.py:111} INFO -   APO: +1 rows → 2515 total in MinIO
[2026-06-14T20:30:11.667+0000] {minio_fetching_data_daily.py:111} INFO -   AAPL: +1 rows → 2515 total in MinIO
[2026-06-14T20:30:11.706+0000] {minio_fetching_data_daily.py:111} INFO -   AMAT: +1 rows → 2515 total in MinIO
[2026-06-14T20:30:11.741+0000] {minio_fetching_data_daily.py:111} INFO -   APP: +1 rows → 1297 total in MinIO
[2026-06-14T20:30:11.770+0000] {minio_fetching_data_daily.py:111} INFO -   APTV: +1 rows → 2515 total in MinIO
[2026-06-14T20:30:11.809+0000] {minio_fetching_data_daily.py:111} INFO -   ACGL: +1 rows → 2515 total in MinIO
[2026-06-14T20:30:11.847+0000] {minio_fetching_data_daily.py:111} INFO -   ADM: +1 rows → 2515 total in MinIO
[2026-06-14T20:30:11.886+0000] {minio_fetching_data_daily.py:111} INFO -   ARES: +1 rows → 2515 total in MinIO
[2026-06-14T20:30:11.926+0000] {minio_fetching_data_daily.py:111} INFO -   ANET: +1 rows → 2515 total in MinIO
[2026-06-14T20:30:11.967+0000] {minio_fetching_data_daily.py:111} INFO -   AJG: +1 rows → 2515 total in MinIO
[2026-06-14T20:30:12.004+0000] {minio_fetching_data_daily.py:111} INFO -   AIZ: +1 rows → 2515 total in MinIO
[2026-06-14T20:30:12.043+0000] {minio_fetching_data_daily.py:111} INFO -   T: +1 rows → 2515 total in MinIO
[2026-06-14T20:30:12.084+0000] {minio_fetching_data_daily.py:111} INFO -   ATO: +1 rows → 2515 total in MinIO
[2026-06-14T20:30:14.111+0000] {minio_fetching_data_daily.py:160} INFO - Batch 2 | start=2026-06-13 | 50 tickers
[2026-06-14T20:30:15.861+0000] {minio_fetching_data_daily.py:111} INFO -   ADSK: +1 rows → 2515 total in MinIO
[2026-06-14T20:30:15.901+0000] {minio_fetching_data_daily.py:111} INFO -   ADP: +1 rows → 2515 total in MinIO
[2026-06-14T20:30:15.941+0000] {minio_fetching_data_daily.py:111} INFO -   AZO: +1 rows → 2515 total in MinIO
[2026-06-14T20:30:15.976+0000] {minio_fetching_data_daily.py:111} INFO -   AVB: +1 rows → 2515 total in MinIO
[2026-06-14T20:30:16.016+0000] {minio_fetching_data_daily.py:111} INFO -   AVY: +1 rows → 2515 total in MinIO
[2026-06-14T20:30:16.052+0000] {minio_fetching_data_daily.py:111} INFO -   AXON: +1 rows → 2515 total in MinIO
[2026-06-14T20:30:16.088+0000] {minio_fetching_data_daily.py:111} INFO -   BKR: +1 rows → 2515 total in MinIO
[2026-06-14T20:30:16.125+0000] {minio_fetching_data_daily.py:111} INFO -   BALL: +1 rows → 2515 total in MinIO
[2026-06-14T20:30:16.161+0000] {minio_fetching_data_daily.py:111} INFO -   BAC: +1 rows → 2515 total in MinIO
[2026-06-14T20:30:16.204+0000] {minio_fetching_data_daily.py:111} INFO -   BAX: +1 rows → 2515 total in MinIO
[2026-06-14T20:30:16.247+0000] {minio_fetching_data_daily.py:111} INFO -   BDX: +1 rows → 2515 total in MinIO
[2026-06-14T20:30:16.289+0000] {minio_fetching_data_daily.py:111} INFO -   BRK-B: +1 rows → 2515 total in MinIO
[2026-06-14T20:30:16.332+0000] {minio_fetching_data_daily.py:111} INFO -   BBY: +1 rows → 2515 total in MinIO
[2026-06-14T20:30:16.369+0000] {minio_fetching_data_daily.py:111} INFO -   TECH: +1 rows → 2515 total in MinIO
[2026-06-14T20:30:16.408+0000] {minio_fetching_data_daily.py:111} INFO -   BIIB: +1 rows → 2515 total in MinIO
[2026-06-14T20:30:16.447+0000] {minio_fetching_data_daily.py:111} INFO -   BLK: +1 rows → 2515 total in MinIO
[2026-06-14T20:30:16.484+0000] {minio_fetching_data_daily.py:111} INFO -   BX: +1 rows → 2515 total in MinIO
[2026-06-14T20:30:16.526+0000] {minio_fetching_data_daily.py:111} INFO -   XYZ: +1 rows → 2515 total in MinIO
[2026-06-14T20:30:16.564+0000] {minio_fetching_data_daily.py:111} INFO -   BNY: +1 rows → 2515 total in MinIO
[2026-06-14T20:30:16.605+0000] {minio_fetching_data_daily.py:111} INFO -   BA: +1 rows → 2515 total in MinIO
[2026-06-14T20:30:16.642+0000] {minio_fetching_data_daily.py:111} INFO -   BKNG: +1 rows → 2515 total in MinIO
[2026-06-14T20:30:16.682+0000] {minio_fetching_data_daily.py:111} INFO -   BSX: +1 rows → 2515 total in MinIO
[2026-06-14T20:30:16.719+0000] {minio_fetching_data_daily.py:111} INFO -   BMY: +1 rows → 2515 total in MinIO
[2026-06-14T20:30:16.757+0000] {minio_fetching_data_daily.py:111} INFO -   AVGO: +1 rows → 2515 total in MinIO
[2026-06-14T20:30:16.793+0000] {minio_fetching_data_daily.py:111} INFO -   BR: +1 rows → 2515 total in MinIO
[2026-06-14T20:30:16.830+0000] {minio_fetching_data_daily.py:111} INFO -   BRO: +1 rows → 2515 total in MinIO
[2026-06-14T20:30:16.868+0000] {minio_fetching_data_daily.py:111} INFO -   BF-B: +1 rows → 2515 total in MinIO
[2026-06-14T20:30:16.906+0000] {minio_fetching_data_daily.py:111} INFO -   BLDR: +1 rows → 2515 total in MinIO
[2026-06-14T20:30:16.945+0000] {minio_fetching_data_daily.py:111} INFO -   BG: +1 rows → 2515 total in MinIO
[2026-06-14T20:30:16.981+0000] {minio_fetching_data_daily.py:111} INFO -   BXP: +1 rows → 2515 total in MinIO
[2026-06-14T20:30:17.022+0000] {minio_fetching_data_daily.py:111} INFO -   CHRW: +1 rows → 2515 total in MinIO
[2026-06-14T20:30:17.062+0000] {minio_fetching_data_daily.py:111} INFO -   CDNS: +1 rows → 2515 total in MinIO
[2026-06-14T20:30:17.104+0000] {minio_fetching_data_daily.py:111} INFO -   CPT: +1 rows → 2515 total in MinIO
[2026-06-14T20:30:17.151+0000] {minio_fetching_data_daily.py:111} INFO -   CPB: +1 rows → 2515 total in MinIO
[2026-06-14T20:30:17.192+0000] {minio_fetching_data_daily.py:111} INFO -   COF: +1 rows → 2515 total in MinIO
[2026-06-14T20:30:17.232+0000] {minio_fetching_data_daily.py:111} INFO -   CAH: +1 rows → 2515 total in MinIO
[2026-06-14T20:30:17.268+0000] {minio_fetching_data_daily.py:111} INFO -   CCL: +1 rows → 2515 total in MinIO
[2026-06-14T20:30:17.303+0000] {minio_fetching_data_daily.py:111} INFO -   CARR: +1 rows → 1567 total in MinIO
[2026-06-14T20:30:17.337+0000] {minio_fetching_data_daily.py:111} INFO -   CVNA: +1 rows → 2294 total in MinIO
[2026-06-14T20:30:17.373+0000] {minio_fetching_data_daily.py:111} INFO -   CASY: +1 rows → 2515 total in MinIO
[2026-06-14T20:30:17.410+0000] {minio_fetching_data_daily.py:111} INFO -   CAT: +1 rows → 2515 total in MinIO
[2026-06-14T20:30:17.448+0000] {minio_fetching_data_daily.py:111} INFO -   CBOE: +1 rows → 2515 total in MinIO
[2026-06-14T20:30:17.485+0000] {minio_fetching_data_daily.py:111} INFO -   CBRE: +1 rows → 2515 total in MinIO
[2026-06-14T20:30:17.521+0000] {minio_fetching_data_daily.py:111} INFO -   CDW: +1 rows → 2515 total in MinIO
[2026-06-14T20:30:17.558+0000] {minio_fetching_data_daily.py:111} INFO -   COR: +1 rows → 2515 total in MinIO
[2026-06-14T20:30:17.595+0000] {minio_fetching_data_daily.py:111} INFO -   CNC: +1 rows → 2515 total in MinIO
[2026-06-14T20:30:17.636+0000] {minio_fetching_data_daily.py:111} INFO -   CNP: +1 rows → 2515 total in MinIO
[2026-06-14T20:30:17.675+0000] {minio_fetching_data_daily.py:111} INFO -   CF: +1 rows → 2515 total in MinIO
[2026-06-14T20:30:17.714+0000] {minio_fetching_data_daily.py:111} INFO -   CRL: +1 rows → 2515 total in MinIO
[2026-06-14T20:30:17.751+0000] {minio_fetching_data_daily.py:111} INFO -   SCHW: +1 rows → 2515 total in MinIO
[2026-06-14T20:30:19.780+0000] {minio_fetching_data_daily.py:160} INFO - Batch 3 | start=2026-06-13 | 50 tickers
[2026-06-14T20:30:21.576+0000] {minio_fetching_data_daily.py:111} INFO -   CHTR: +1 rows → 2515 total in MinIO
[2026-06-14T20:30:21.613+0000] {minio_fetching_data_daily.py:111} INFO -   CVX: +1 rows → 2515 total in MinIO
[2026-06-14T20:30:21.650+0000] {minio_fetching_data_daily.py:111} INFO -   CMG: +1 rows → 2515 total in MinIO
[2026-06-14T20:30:21.687+0000] {minio_fetching_data_daily.py:111} INFO -   CB: +1 rows → 2515 total in MinIO
[2026-06-14T20:30:21.724+0000] {minio_fetching_data_daily.py:111} INFO -   CHD: +1 rows → 2515 total in MinIO
[2026-06-14T20:30:21.764+0000] {minio_fetching_data_daily.py:111} INFO -   CIEN: +1 rows → 2515 total in MinIO
[2026-06-14T20:30:21.806+0000] {minio_fetching_data_daily.py:111} INFO -   CI: +1 rows → 2515 total in MinIO
[2026-06-14T20:30:21.842+0000] {minio_fetching_data_daily.py:111} INFO -   CINF: +1 rows → 2515 total in MinIO
[2026-06-14T20:30:21.880+0000] {minio_fetching_data_daily.py:111} INFO -   CTAS: +1 rows → 2515 total in MinIO
[2026-06-14T20:30:21.919+0000] {minio_fetching_data_daily.py:111} INFO -   CSCO: +1 rows → 2515 total in MinIO
[2026-06-14T20:30:21.956+0000] {minio_fetching_data_daily.py:111} INFO -   C: +1 rows → 2515 total in MinIO
[2026-06-14T20:30:21.994+0000] {minio_fetching_data_daily.py:111} INFO -   CFG: +1 rows → 2515 total in MinIO
[2026-06-14T20:30:22.031+0000] {minio_fetching_data_daily.py:111} INFO -   CLX: +1 rows → 2515 total in MinIO
[2026-06-14T20:30:22.068+0000] {minio_fetching_data_daily.py:111} INFO -   CME: +1 rows → 2515 total in MinIO
[2026-06-14T20:30:22.106+0000] {minio_fetching_data_daily.py:111} INFO -   CMS: +1 rows → 2515 total in MinIO
[2026-06-14T20:30:22.144+0000] {minio_fetching_data_daily.py:111} INFO -   KO: +1 rows → 2515 total in MinIO
[2026-06-14T20:30:22.179+0000] {minio_fetching_data_daily.py:111} INFO -   CTSH: +1 rows → 2515 total in MinIO
[2026-06-14T20:30:22.215+0000] {minio_fetching_data_daily.py:111} INFO -   COHR: +1 rows → 2515 total in MinIO
[2026-06-14T20:30:22.248+0000] {minio_fetching_data_daily.py:111} INFO -   COIN: +1 rows → 1298 total in MinIO
[2026-06-14T20:30:22.275+0000] {minio_fetching_data_daily.py:111} INFO -   CL: +1 rows → 2515 total in MinIO
[2026-06-14T20:30:22.312+0000] {minio_fetching_data_daily.py:111} INFO -   CMCSA: +1 rows → 2515 total in MinIO
[2026-06-14T20:30:22.352+0000] {minio_fetching_data_daily.py:111} INFO -   FIX: +1 rows → 2515 total in MinIO
[2026-06-14T20:30:22.389+0000] {minio_fetching_data_daily.py:111} INFO -   CAG: +1 rows → 2515 total in MinIO
[2026-06-14T20:30:22.425+0000] {minio_fetching_data_daily.py:111} INFO -   COP: +1 rows → 2515 total in MinIO
[2026-06-14T20:30:22.462+0000] {minio_fetching_data_daily.py:111} INFO -   ED: +1 rows → 2515 total in MinIO
[2026-06-14T20:30:22.506+0000] {minio_fetching_data_daily.py:111} INFO -   STZ: +1 rows → 2515 total in MinIO
[2026-06-14T20:30:22.548+0000] {minio_fetching_data_daily.py:111} INFO -   CEG: +1 rows → 1104 total in MinIO
[2026-06-14T20:30:22.582+0000] {minio_fetching_data_daily.py:111} INFO -   COO: +1 rows → 2515 total in MinIO
[2026-06-14T20:30:22.624+0000] {minio_fetching_data_daily.py:111} INFO -   CPRT: +1 rows → 2515 total in MinIO
[2026-06-14T20:30:22.664+0000] {minio_fetching_data_daily.py:111} INFO -   GLW: +1 rows → 2515 total in MinIO
[2026-06-14T20:30:22.701+0000] {minio_fetching_data_daily.py:111} INFO -   CPAY: +1 rows → 2515 total in MinIO
[2026-06-14T20:30:22.736+0000] {minio_fetching_data_daily.py:111} INFO -   CTVA: +1 rows → 1773 total in MinIO
[2026-06-14T20:30:22.769+0000] {minio_fetching_data_daily.py:111} INFO -   CSGP: +1 rows → 2515 total in MinIO
[2026-06-14T20:30:22.805+0000] {minio_fetching_data_daily.py:111} INFO -   COST: +1 rows → 2515 total in MinIO
[2026-06-14T20:30:22.843+0000] {minio_fetching_data_daily.py:111} INFO -   CRH: +1 rows → 2515 total in MinIO
[2026-06-14T20:30:22.879+0000] {minio_fetching_data_daily.py:111} INFO -   CRWD: +1 rows → 1761 total in MinIO
[2026-06-14T20:30:22.913+0000] {minio_fetching_data_daily.py:111} INFO -   CCI: +1 rows → 2515 total in MinIO
[2026-06-14T20:30:22.949+0000] {minio_fetching_data_daily.py:111} INFO -   CSX: +1 rows → 2515 total in MinIO
[2026-06-14T20:30:22.987+0000] {minio_fetching_data_daily.py:111} INFO -   CMI: +1 rows → 2515 total in MinIO
[2026-06-14T20:30:23.027+0000] {minio_fetching_data_daily.py:111} INFO -   CVS: +1 rows → 2515 total in MinIO
[2026-06-14T20:30:23.065+0000] {minio_fetching_data_daily.py:111} INFO -   DHR: +1 rows → 2515 total in MinIO
[2026-06-14T20:30:23.103+0000] {minio_fetching_data_daily.py:111} INFO -   DRI: +1 rows → 2515 total in MinIO
[2026-06-14T20:30:23.142+0000] {minio_fetching_data_daily.py:111} INFO -   DDOG: +1 rows → 1692 total in MinIO
[2026-06-14T20:30:23.177+0000] {minio_fetching_data_daily.py:111} INFO -   DVA: +1 rows → 2515 total in MinIO
[2026-06-14T20:30:23.213+0000] {minio_fetching_data_daily.py:111} INFO -   DECK: +1 rows → 2515 total in MinIO
[2026-06-14T20:30:23.250+0000] {minio_fetching_data_daily.py:111} INFO -   DE: +1 rows → 2515 total in MinIO
[2026-06-14T20:30:23.288+0000] {minio_fetching_data_daily.py:111} INFO -   DELL: +1 rows → 2469 total in MinIO
[2026-06-14T20:30:23.326+0000] {minio_fetching_data_daily.py:111} INFO -   DAL: +1 rows → 2515 total in MinIO
[2026-06-14T20:30:23.365+0000] {minio_fetching_data_daily.py:111} INFO -   DVN: +1 rows → 2515 total in MinIO
[2026-06-14T20:30:23.404+0000] {minio_fetching_data_daily.py:111} INFO -   DXCM: +1 rows → 2515 total in MinIO
[2026-06-14T20:30:25.438+0000] {minio_fetching_data_daily.py:160} INFO - Batch 4 | start=2026-06-13 | 50 tickers
[2026-06-14T20:30:27.222+0000] {minio_fetching_data_daily.py:111} INFO -   FANG: +1 rows → 2515 total in MinIO
[2026-06-14T20:30:27.259+0000] {minio_fetching_data_daily.py:111} INFO -   DLR: +1 rows → 2515 total in MinIO
[2026-06-14T20:30:27.295+0000] {minio_fetching_data_daily.py:111} INFO -   DG: +1 rows → 2515 total in MinIO
[2026-06-14T20:30:27.332+0000] {minio_fetching_data_daily.py:111} INFO -   DLTR: +1 rows → 2515 total in MinIO
[2026-06-14T20:30:27.368+0000] {minio_fetching_data_daily.py:111} INFO -   D: +1 rows → 2515 total in MinIO
[2026-06-14T20:30:27.405+0000] {minio_fetching_data_daily.py:111} INFO -   DPZ: +1 rows → 2515 total in MinIO
[2026-06-14T20:30:27.447+0000] {minio_fetching_data_daily.py:111} INFO -   DASH: +1 rows → 1383 total in MinIO
[2026-06-14T20:30:27.475+0000] {minio_fetching_data_daily.py:111} INFO -   DOV: +1 rows → 2515 total in MinIO
[2026-06-14T20:30:27.511+0000] {minio_fetching_data_daily.py:111} INFO -   DOW: +1 rows → 1819 total in MinIO
[2026-06-14T20:30:27.545+0000] {minio_fetching_data_daily.py:111} INFO -   DHI: +1 rows → 2515 total in MinIO
[2026-06-14T20:30:27.581+0000] {minio_fetching_data_daily.py:111} INFO -   DTE: +1 rows → 2515 total in MinIO
[2026-06-14T20:30:27.617+0000] {minio_fetching_data_daily.py:111} INFO -   DUK: +1 rows → 2515 total in MinIO
[2026-06-14T20:30:27.653+0000] {minio_fetching_data_daily.py:111} INFO -   DD: +1 rows → 2515 total in MinIO
[2026-06-14T20:30:27.688+0000] {minio_fetching_data_daily.py:111} INFO -   ETN: +1 rows → 2515 total in MinIO
[2026-06-14T20:30:27.726+0000] {minio_fetching_data_daily.py:111} INFO -   EBAY: +1 rows → 2515 total in MinIO
[2026-06-14T20:30:27.764+0000] {minio_fetching_data_daily.py:111} INFO -   SATS: +1 rows → 2515 total in MinIO
[2026-06-14T20:30:27.800+0000] {minio_fetching_data_daily.py:111} INFO -   ECL: +1 rows → 2515 total in MinIO
[2026-06-14T20:30:27.837+0000] {minio_fetching_data_daily.py:111} INFO -   EIX: +1 rows → 2515 total in MinIO
[2026-06-14T20:30:27.872+0000] {minio_fetching_data_daily.py:111} INFO -   EW: +1 rows → 2515 total in MinIO
[2026-06-14T20:30:27.907+0000] {minio_fetching_data_daily.py:111} INFO -   EA: +1 rows → 2515 total in MinIO
[2026-06-14T20:30:27.945+0000] {minio_fetching_data_daily.py:111} INFO -   ELV: +1 rows → 2515 total in MinIO
[2026-06-14T20:30:27.982+0000] {minio_fetching_data_daily.py:111} INFO -   EME: +1 rows → 2515 total in MinIO
[2026-06-14T20:30:28.020+0000] {minio_fetching_data_daily.py:111} INFO -   EMR: +1 rows → 2515 total in MinIO
[2026-06-14T20:30:28.062+0000] {minio_fetching_data_daily.py:111} INFO -   ETR: +1 rows → 2515 total in MinIO
[2026-06-14T20:30:28.100+0000] {minio_fetching_data_daily.py:111} INFO -   EOG: +1 rows → 2515 total in MinIO
[2026-06-14T20:30:28.135+0000] {minio_fetching_data_daily.py:111} INFO -   EQT: +1 rows → 2515 total in MinIO
[2026-06-14T20:30:28.171+0000] {minio_fetching_data_daily.py:111} INFO -   EFX: +1 rows → 2515 total in MinIO
[2026-06-14T20:30:28.208+0000] {minio_fetching_data_daily.py:111} INFO -   EQIX: +1 rows → 2515 total in MinIO
[2026-06-14T20:30:28.245+0000] {minio_fetching_data_daily.py:111} INFO -   EQR: +1 rows → 2515 total in MinIO
[2026-06-14T20:30:28.281+0000] {minio_fetching_data_daily.py:111} INFO -   ERIE: +1 rows → 2515 total in MinIO
[2026-06-14T20:30:28.317+0000] {minio_fetching_data_daily.py:111} INFO -   ESS: +1 rows → 2515 total in MinIO
[2026-06-14T20:30:28.355+0000] {minio_fetching_data_daily.py:111} INFO -   EL: +1 rows → 2515 total in MinIO
[2026-06-14T20:30:28.391+0000] {minio_fetching_data_daily.py:111} INFO -   EG: +1 rows → 2515 total in MinIO
[2026-06-14T20:30:28.428+0000] {minio_fetching_data_daily.py:111} INFO -   EVRG: +1 rows → 2515 total in MinIO
[2026-06-14T20:30:28.464+0000] {minio_fetching_data_daily.py:111} INFO -   ES: +1 rows → 2515 total in MinIO
[2026-06-14T20:30:28.499+0000] {minio_fetching_data_daily.py:111} INFO -   EXC: +1 rows → 2515 total in MinIO
[2026-06-14T20:30:28.533+0000] {minio_fetching_data_daily.py:111} INFO -   EXE: +1 rows → 1341 total in MinIO
[2026-06-14T20:30:28.567+0000] {minio_fetching_data_daily.py:111} INFO -   EXPE: +1 rows → 2515 total in MinIO
[2026-06-14T20:30:28.604+0000] {minio_fetching_data_daily.py:111} INFO -   EXPD: +1 rows → 2515 total in MinIO
[2026-06-14T20:30:28.641+0000] {minio_fetching_data_daily.py:111} INFO -   EXR: +1 rows → 2515 total in MinIO
[2026-06-14T20:30:28.682+0000] {minio_fetching_data_daily.py:111} INFO -   XOM: +1 rows → 2515 total in MinIO
[2026-06-14T20:30:28.720+0000] {minio_fetching_data_daily.py:111} INFO -   FFIV: +1 rows → 2515 total in MinIO
[2026-06-14T20:30:28.758+0000] {minio_fetching_data_daily.py:111} INFO -   FDS: +1 rows → 2515 total in MinIO
[2026-06-14T20:30:28.796+0000] {minio_fetching_data_daily.py:111} INFO -   FICO: +1 rows → 2515 total in MinIO
[2026-06-14T20:30:28.833+0000] {minio_fetching_data_daily.py:111} INFO -   FAST: +1 rows → 2515 total in MinIO
[2026-06-14T20:30:28.870+0000] {minio_fetching_data_daily.py:111} INFO -   FRT: +1 rows → 2515 total in MinIO
[2026-06-14T20:30:28.906+0000] {minio_fetching_data_daily.py:111} INFO -   FDX: +1 rows → 2515 total in MinIO
[2026-06-14T20:30:28.941+0000] {minio_fetching_data_daily.py:111} INFO -   FDXF: +1 rows → 13 total in MinIO
[2026-06-14T20:30:28.968+0000] {minio_fetching_data_daily.py:111} INFO -   FIS: +1 rows → 2515 total in MinIO
[2026-06-14T20:30:29.007+0000] {minio_fetching_data_daily.py:111} INFO -   FITB: +1 rows → 2515 total in MinIO
[2026-06-14T20:30:31.037+0000] {minio_fetching_data_daily.py:160} INFO - Batch 5 | start=2026-06-13 | 50 tickers
[2026-06-14T20:30:32.754+0000] {minio_fetching_data_daily.py:111} INFO -   FSLR: +1 rows → 2515 total in MinIO
[2026-06-14T20:30:32.796+0000] {minio_fetching_data_daily.py:111} INFO -   FE: +1 rows → 2515 total in MinIO
[2026-06-14T20:30:32.835+0000] {minio_fetching_data_daily.py:111} INFO -   FISV: +1 rows → 2514 total in MinIO
[2026-06-14T20:30:32.875+0000] {minio_fetching_data_daily.py:111} INFO -   F: +1 rows → 2515 total in MinIO
[2026-06-14T20:30:32.914+0000] {minio_fetching_data_daily.py:111} INFO -   FTNT: +1 rows → 2515 total in MinIO
[2026-06-14T20:30:32.951+0000] {minio_fetching_data_daily.py:111} INFO -   FTV: +1 rows → 2500 total in MinIO
[2026-06-14T20:30:32.989+0000] {minio_fetching_data_daily.py:111} INFO -   FOXA: +1 rows → 1825 total in MinIO
[2026-06-14T20:30:33.022+0000] {minio_fetching_data_daily.py:111} INFO -   FOX: +1 rows → 1824 total in MinIO
[2026-06-14T20:30:33.058+0000] {minio_fetching_data_daily.py:111} INFO -   BEN: +1 rows → 2515 total in MinIO
[2026-06-14T20:30:33.094+0000] {minio_fetching_data_daily.py:111} INFO -   FCX: +1 rows → 2515 total in MinIO
[2026-06-14T20:30:33.131+0000] {minio_fetching_data_daily.py:111} INFO -   GRMN: +1 rows → 2515 total in MinIO
[2026-06-14T20:30:33.169+0000] {minio_fetching_data_daily.py:111} INFO -   IT: +1 rows → 2515 total in MinIO
[2026-06-14T20:30:33.206+0000] {minio_fetching_data_daily.py:111} INFO -   GE: +1 rows → 2515 total in MinIO
[2026-06-14T20:30:33.241+0000] {minio_fetching_data_daily.py:111} INFO -   GEHC: +1 rows → 875 total in MinIO
[2026-06-14T20:30:33.265+0000] {minio_fetching_data_daily.py:111} INFO -   GEV: +1 rows → 555 total in MinIO
[2026-06-14T20:30:33.289+0000] {minio_fetching_data_daily.py:111} INFO -   GEN: +1 rows → 2515 total in MinIO
[2026-06-14T20:30:33.330+0000] {minio_fetching_data_daily.py:111} INFO -   GNRC: +1 rows → 2515 total in MinIO
[2026-06-14T20:30:33.370+0000] {minio_fetching_data_daily.py:111} INFO -   GD: +1 rows → 2515 total in MinIO
[2026-06-14T20:30:33.409+0000] {minio_fetching_data_daily.py:111} INFO -   GIS: +1 rows → 2515 total in MinIO
[2026-06-14T20:30:33.446+0000] {minio_fetching_data_daily.py:111} INFO -   GM: +1 rows → 2515 total in MinIO
[2026-06-14T20:30:33.485+0000] {minio_fetching_data_daily.py:111} INFO -   GPC: +1 rows → 2515 total in MinIO
[2026-06-14T20:30:33.522+0000] {minio_fetching_data_daily.py:111} INFO -   GILD: +1 rows → 2515 total in MinIO
[2026-06-14T20:30:33.560+0000] {minio_fetching_data_daily.py:111} INFO -   GPN: +1 rows → 2515 total in MinIO
[2026-06-14T20:30:33.599+0000] {minio_fetching_data_daily.py:111} INFO -   GL: +1 rows → 2515 total in MinIO
[2026-06-14T20:30:33.637+0000] {minio_fetching_data_daily.py:111} INFO -   GDDY: +1 rows → 2515 total in MinIO
[2026-06-14T20:30:33.674+0000] {minio_fetching_data_daily.py:111} INFO -   GS: +1 rows → 2515 total in MinIO
[2026-06-14T20:30:33.717+0000] {minio_fetching_data_daily.py:111} INFO -   HAL: +1 rows → 2515 total in MinIO
[2026-06-14T20:30:33.755+0000] {minio_fetching_data_daily.py:111} INFO -   HIG: +1 rows → 2515 total in MinIO
[2026-06-14T20:30:33.797+0000] {minio_fetching_data_daily.py:111} INFO -   HAS: +1 rows → 2515 total in MinIO
[2026-06-14T20:30:33.846+0000] {minio_fetching_data_daily.py:111} INFO -   HCA: +1 rows → 2515 total in MinIO
[2026-06-14T20:30:33.900+0000] {minio_fetching_data_daily.py:111} INFO -   DOC: +1 rows → 2515 total in MinIO
[2026-06-14T20:30:33.941+0000] {minio_fetching_data_daily.py:111} INFO -   HSIC: +1 rows → 2515 total in MinIO
[2026-06-14T20:30:33.987+0000] {minio_fetching_data_daily.py:111} INFO -   HSY: +1 rows → 2515 total in MinIO
[2026-06-14T20:30:34.033+0000] {minio_fetching_data_daily.py:111} INFO -   HPE: +1 rows → 2515 total in MinIO
[2026-06-14T20:30:34.071+0000] {minio_fetching_data_daily.py:111} INFO -   HLT: +1 rows → 2515 total in MinIO
[2026-06-14T20:30:34.110+0000] {minio_fetching_data_daily.py:111} INFO -   HD: +1 rows → 2515 total in MinIO
[2026-06-14T20:30:34.157+0000] {minio_fetching_data_daily.py:111} INFO -   HON: +1 rows → 2515 total in MinIO
[2026-06-14T20:30:34.198+0000] {minio_fetching_data_daily.py:111} INFO -   HRL: +1 rows → 2515 total in MinIO
[2026-06-14T20:30:34.238+0000] {minio_fetching_data_daily.py:111} INFO -   HST: +1 rows → 2515 total in MinIO
[2026-06-14T20:30:34.278+0000] {minio_fetching_data_daily.py:111} INFO -   HWM: +1 rows → 2416 total in MinIO
[2026-06-14T20:30:34.317+0000] {minio_fetching_data_daily.py:111} INFO -   HPQ: +1 rows → 2515 total in MinIO
[2026-06-14T20:30:34.353+0000] {minio_fetching_data_daily.py:111} INFO -   HUBB: +1 rows → 2515 total in MinIO
[2026-06-14T20:30:34.391+0000] {minio_fetching_data_daily.py:111} INFO -   HUM: +1 rows → 2515 total in MinIO
[2026-06-14T20:30:34.429+0000] {minio_fetching_data_daily.py:111} INFO -   HBAN: +1 rows → 2515 total in MinIO
[2026-06-14T20:30:34.469+0000] {minio_fetching_data_daily.py:111} INFO -   HII: +1 rows → 2515 total in MinIO
[2026-06-14T20:30:34.510+0000] {minio_fetching_data_daily.py:111} INFO -   IBM: +1 rows → 2515 total in MinIO
[2026-06-14T20:30:34.551+0000] {minio_fetching_data_daily.py:111} INFO -   IEX: +1 rows → 2515 total in MinIO
[2026-06-14T20:30:34.586+0000] {minio_fetching_data_daily.py:111} INFO -   IDXX: +1 rows → 2515 total in MinIO
[2026-06-14T20:30:34.624+0000] {minio_fetching_data_daily.py:111} INFO -   ITW: +1 rows → 2515 total in MinIO
[2026-06-14T20:30:34.662+0000] {minio_fetching_data_daily.py:111} INFO -   INCY: +1 rows → 2515 total in MinIO
[2026-06-14T20:30:36.691+0000] {minio_fetching_data_daily.py:160} INFO - Batch 6 | start=2026-06-13 | 50 tickers
[2026-06-14T20:30:38.387+0000] {minio_fetching_data_daily.py:111} INFO -   IR: +1 rows → 2284 total in MinIO
[2026-06-14T20:30:38.437+0000] {minio_fetching_data_daily.py:111} INFO -   PODD: +1 rows → 2515 total in MinIO
[2026-06-14T20:30:38.490+0000] {minio_fetching_data_daily.py:111} INFO -   INTC: +1 rows → 2515 total in MinIO
[2026-06-14T20:30:38.545+0000] {minio_fetching_data_daily.py:111} INFO -   IBKR: +1 rows → 2515 total in MinIO
[2026-06-14T20:30:38.590+0000] {minio_fetching_data_daily.py:111} INFO -   ICE: +1 rows → 2515 total in MinIO
[2026-06-14T20:30:38.645+0000] {minio_fetching_data_daily.py:111} INFO -   IFF: +1 rows → 2515 total in MinIO
[2026-06-14T20:30:38.685+0000] {minio_fetching_data_daily.py:111} INFO -   IP: +1 rows → 2515 total in MinIO
[2026-06-14T20:30:38.727+0000] {minio_fetching_data_daily.py:111} INFO -   INTU: +1 rows → 2515 total in MinIO
[2026-06-14T20:30:38.774+0000] {minio_fetching_data_daily.py:111} INFO -   ISRG: +1 rows → 2515 total in MinIO
[2026-06-14T20:30:38.820+0000] {minio_fetching_data_daily.py:111} INFO -   IVZ: +1 rows → 2515 total in MinIO
[2026-06-14T20:30:38.863+0000] {minio_fetching_data_daily.py:111} INFO -   INVH: +1 rows → 2354 total in MinIO
[2026-06-14T20:30:38.900+0000] {minio_fetching_data_daily.py:111} INFO -   IQV: +1 rows → 2515 total in MinIO
[2026-06-14T20:30:38.945+0000] {minio_fetching_data_daily.py:111} INFO -   IRM: +1 rows → 2515 total in MinIO
[2026-06-14T20:30:38.988+0000] {minio_fetching_data_daily.py:111} INFO -   JBHT: +1 rows → 2515 total in MinIO
[2026-06-14T20:30:39.030+0000] {minio_fetching_data_daily.py:111} INFO -   JBL: +1 rows → 2515 total in MinIO
[2026-06-14T20:30:39.087+0000] {minio_fetching_data_daily.py:111} INFO -   JKHY: +1 rows → 2515 total in MinIO
[2026-06-14T20:30:39.137+0000] {minio_fetching_data_daily.py:111} INFO -   J: +1 rows → 2515 total in MinIO
[2026-06-14T20:30:39.190+0000] {minio_fetching_data_daily.py:111} INFO -   JNJ: +1 rows → 2515 total in MinIO
[2026-06-14T20:30:39.228+0000] {minio_fetching_data_daily.py:111} INFO -   JCI: +1 rows → 2515 total in MinIO
[2026-06-14T20:30:39.268+0000] {minio_fetching_data_daily.py:111} INFO -   JPM: +1 rows → 2515 total in MinIO
[2026-06-14T20:30:39.310+0000] {minio_fetching_data_daily.py:111} INFO -   KVUE: +1 rows → 780 total in MinIO
[2026-06-14T20:30:39.336+0000] {minio_fetching_data_daily.py:111} INFO -   KDP: +1 rows → 2515 total in MinIO
[2026-06-14T20:30:39.385+0000] {minio_fetching_data_daily.py:111} INFO -   KEY: +1 rows → 2515 total in MinIO
[2026-06-14T20:30:39.435+0000] {minio_fetching_data_daily.py:111} INFO -   KEYS: +1 rows → 2515 total in MinIO
[2026-06-14T20:30:39.472+0000] {minio_fetching_data_daily.py:111} INFO -   KMB: +1 rows → 2515 total in MinIO
[2026-06-14T20:30:39.513+0000] {minio_fetching_data_daily.py:111} INFO -   KIM: +1 rows → 2515 total in MinIO
[2026-06-14T20:30:39.555+0000] {minio_fetching_data_daily.py:111} INFO -   KMI: +1 rows → 2515 total in MinIO
[2026-06-14T20:30:39.606+0000] {minio_fetching_data_daily.py:111} INFO -   KKR: +1 rows → 2515 total in MinIO
[2026-06-14T20:30:39.650+0000] {minio_fetching_data_daily.py:111} INFO -   KLAC: +1 rows → 2515 total in MinIO
[2026-06-14T20:30:39.703+0000] {minio_fetching_data_daily.py:111} INFO -   KHC: +1 rows → 2515 total in MinIO
[2026-06-14T20:30:39.745+0000] {minio_fetching_data_daily.py:111} INFO -   KR: +1 rows → 2515 total in MinIO
[2026-06-14T20:30:39.790+0000] {minio_fetching_data_daily.py:111} INFO -   LHX: +1 rows → 2515 total in MinIO
[2026-06-14T20:30:39.843+0000] {minio_fetching_data_daily.py:111} INFO -   LH: +1 rows → 2515 total in MinIO
[2026-06-14T20:30:39.881+0000] {minio_fetching_data_daily.py:111} INFO -   LRCX: +1 rows → 2515 total in MinIO
[2026-06-14T20:30:39.919+0000] {minio_fetching_data_daily.py:111} INFO -   LVS: +1 rows → 2515 total in MinIO
[2026-06-14T20:30:39.960+0000] {minio_fetching_data_daily.py:111} INFO -   LDOS: +1 rows → 2515 total in MinIO
[2026-06-14T20:30:39.999+0000] {minio_fetching_data_daily.py:111} INFO -   LEN: +1 rows → 2515 total in MinIO
[2026-06-14T20:30:40.054+0000] {minio_fetching_data_daily.py:111} INFO -   LII: +1 rows → 2515 total in MinIO
[2026-06-14T20:30:40.101+0000] {minio_fetching_data_daily.py:111} INFO -   LLY: +1 rows → 2515 total in MinIO
[2026-06-14T20:30:40.150+0000] {minio_fetching_data_daily.py:111} INFO -   LIN: +1 rows → 2515 total in MinIO
[2026-06-14T20:30:40.196+0000] {minio_fetching_data_daily.py:111} INFO -   LYV: +1 rows → 2515 total in MinIO
[2026-06-14T20:30:40.234+0000] {minio_fetching_data_daily.py:111} INFO -   LMT: +1 rows → 2515 total in MinIO
[2026-06-14T20:30:40.274+0000] {minio_fetching_data_daily.py:111} INFO -   L: +1 rows → 2515 total in MinIO
[2026-06-14T20:30:40.318+0000] {minio_fetching_data_daily.py:111} INFO -   LOW: +1 rows → 2515 total in MinIO
[2026-06-14T20:30:40.375+0000] {minio_fetching_data_daily.py:111} INFO -   LULU: +1 rows → 2515 total in MinIO
[2026-06-14T20:30:40.418+0000] {minio_fetching_data_daily.py:111} INFO -   LITE: +1 rows → 2515 total in MinIO
[2026-06-14T20:30:40.457+0000] {minio_fetching_data_daily.py:111} INFO -   LYB: +1 rows → 2515 total in MinIO
[2026-06-14T20:30:40.512+0000] {minio_fetching_data_daily.py:111} INFO -   MTB: +1 rows → 2515 total in MinIO
[2026-06-14T20:30:40.576+0000] {minio_fetching_data_daily.py:111} INFO -   MPC: +1 rows → 2515 total in MinIO
[2026-06-14T20:30:40.630+0000] {minio_fetching_data_daily.py:111} INFO -   MAR: +1 rows → 2515 total in MinIO
[2026-06-14T20:30:42.662+0000] {minio_fetching_data_daily.py:160} INFO - Batch 7 | start=2026-06-13 | 50 tickers
[2026-06-14T20:30:44.670+0000] {minio_fetching_data_daily.py:111} INFO -   MRSH: +1 rows → 2515 total in MinIO
[2026-06-14T20:30:44.732+0000] {minio_fetching_data_daily.py:111} INFO -   MLM: +1 rows → 2515 total in MinIO
[2026-06-14T20:30:44.790+0000] {minio_fetching_data_daily.py:111} INFO -   MAS: +1 rows → 2515 total in MinIO
[2026-06-14T20:30:44.831+0000] {minio_fetching_data_daily.py:111} INFO -   MA: +1 rows → 2515 total in MinIO
[2026-06-14T20:30:44.876+0000] {minio_fetching_data_daily.py:111} INFO -   MKC: +1 rows → 2515 total in MinIO
[2026-06-14T20:30:44.924+0000] {minio_fetching_data_daily.py:111} INFO -   MCD: +1 rows → 2515 total in MinIO
[2026-06-14T20:30:44.982+0000] {minio_fetching_data_daily.py:111} INFO -   MCK: +1 rows → 2515 total in MinIO
[2026-06-14T20:30:45.027+0000] {minio_fetching_data_daily.py:111} INFO -   MDT: +1 rows → 2515 total in MinIO
[2026-06-14T20:30:45.080+0000] {minio_fetching_data_daily.py:111} INFO -   MRK: +1 rows → 2515 total in MinIO
[2026-06-14T20:30:45.135+0000] {minio_fetching_data_daily.py:111} INFO -   META: +1 rows → 2515 total in MinIO
[2026-06-14T20:30:45.179+0000] {minio_fetching_data_daily.py:111} INFO -   MET: +1 rows → 2515 total in MinIO
[2026-06-14T20:30:45.223+0000] {minio_fetching_data_daily.py:111} INFO -   MTD: +1 rows → 2515 total in MinIO
[2026-06-14T20:30:45.267+0000] {minio_fetching_data_daily.py:111} INFO -   MGM: +1 rows → 2515 total in MinIO
[2026-06-14T20:30:45.314+0000] {minio_fetching_data_daily.py:111} INFO -   MCHP: +1 rows → 2515 total in MinIO
[2026-06-14T20:30:45.371+0000] {minio_fetching_data_daily.py:111} INFO -   MU: +1 rows → 2515 total in MinIO
[2026-06-14T20:30:45.421+0000] {minio_fetching_data_daily.py:111} INFO -   MSFT: +1 rows → 2515 total in MinIO
[2026-06-14T20:30:45.465+0000] {minio_fetching_data_daily.py:111} INFO -   MAA: +1 rows → 2515 total in MinIO
[2026-06-14T20:30:45.511+0000] {minio_fetching_data_daily.py:111} INFO -   MRNA: +1 rows → 1888 total in MinIO
[2026-06-14T20:30:45.552+0000] {minio_fetching_data_daily.py:111} INFO -   TAP: +1 rows → 2515 total in MinIO
[2026-06-14T20:30:45.622+0000] {minio_fetching_data_daily.py:111} INFO -   MDLZ: +1 rows → 2515 total in MinIO
[2026-06-14T20:30:45.666+0000] {minio_fetching_data_daily.py:111} INFO -   MPWR: +1 rows → 2515 total in MinIO
[2026-06-14T20:30:45.715+0000] {minio_fetching_data_daily.py:111} INFO -   MNST: +1 rows → 2515 total in MinIO
[2026-06-14T20:30:45.752+0000] {minio_fetching_data_daily.py:111} INFO -   MCO: +1 rows → 2515 total in MinIO
[2026-06-14T20:30:45.831+0000] {minio_fetching_data_daily.py:111} INFO -   MS: +1 rows → 2515 total in MinIO
[2026-06-14T20:30:45.894+0000] {minio_fetching_data_daily.py:111} INFO -   MOS: +1 rows → 2515 total in MinIO
[2026-06-14T20:30:45.951+0000] {minio_fetching_data_daily.py:111} INFO -   MSI: +1 rows → 2515 total in MinIO
[2026-06-14T20:30:46.002+0000] {minio_fetching_data_daily.py:111} INFO -   MSCI: +1 rows → 2515 total in MinIO
[2026-06-14T20:30:46.051+0000] {minio_fetching_data_daily.py:111} INFO -   NDAQ: +1 rows → 2515 total in MinIO
[2026-06-14T20:30:46.110+0000] {minio_fetching_data_daily.py:111} INFO -   NTAP: +1 rows → 2515 total in MinIO
[2026-06-14T20:30:46.215+0000] {minio_fetching_data_daily.py:111} INFO -   NFLX: +1 rows → 2515 total in MinIO
[2026-06-14T20:30:46.262+0000] {minio_fetching_data_daily.py:111} INFO -   NEM: +1 rows → 2515 total in MinIO
[2026-06-14T20:30:46.308+0000] {minio_fetching_data_daily.py:111} INFO -   NWSA: +1 rows → 2515 total in MinIO
[2026-06-14T20:30:46.350+0000] {minio_fetching_data_daily.py:111} INFO -   NWS: +1 rows → 2515 total in MinIO
[2026-06-14T20:30:46.401+0000] {minio_fetching_data_daily.py:111} INFO -   NEE: +1 rows → 2515 total in MinIO
[2026-06-14T20:30:46.462+0000] {minio_fetching_data_daily.py:111} INFO -   NKE: +1 rows → 2515 total in MinIO
[2026-06-14T20:30:46.507+0000] {minio_fetching_data_daily.py:111} INFO -   NI: +1 rows → 2515 total in MinIO
[2026-06-14T20:30:46.559+0000] {minio_fetching_data_daily.py:111} INFO -   NDSN: +1 rows → 2515 total in MinIO
[2026-06-14T20:30:46.606+0000] {minio_fetching_data_daily.py:111} INFO -   NSC: +1 rows → 2515 total in MinIO
[2026-06-14T20:30:46.658+0000] {minio_fetching_data_daily.py:111} INFO -   NTRS: +1 rows → 2515 total in MinIO
[2026-06-14T20:30:46.717+0000] {minio_fetching_data_daily.py:111} INFO -   NOC: +1 rows → 2515 total in MinIO
[2026-06-14T20:30:46.785+0000] {minio_fetching_data_daily.py:111} INFO -   NCLH: +1 rows → 2515 total in MinIO
[2026-06-14T20:30:46.837+0000] {minio_fetching_data_daily.py:111} INFO -   NRG: +1 rows → 2515 total in MinIO
[2026-06-14T20:30:46.880+0000] {minio_fetching_data_daily.py:111} INFO -   NUE: +1 rows → 2515 total in MinIO
[2026-06-14T20:30:46.928+0000] {minio_fetching_data_daily.py:111} INFO -   NVDA: +1 rows → 2515 total in MinIO
[2026-06-14T20:30:46.985+0000] {minio_fetching_data_daily.py:111} INFO -   NVR: +1 rows → 2515 total in MinIO
[2026-06-14T20:30:47.032+0000] {minio_fetching_data_daily.py:111} INFO -   NXPI: +1 rows → 2515 total in MinIO
[2026-06-14T20:30:47.078+0000] {minio_fetching_data_daily.py:111} INFO -   ORLY: +1 rows → 2515 total in MinIO
[2026-06-14T20:30:47.119+0000] {minio_fetching_data_daily.py:111} INFO -   OXY: +1 rows → 2515 total in MinIO
[2026-06-14T20:30:47.177+0000] {minio_fetching_data_daily.py:111} INFO -   ODFL: +1 rows → 2515 total in MinIO
[2026-06-14T20:30:47.227+0000] {minio_fetching_data_daily.py:111} INFO -   OMC: +1 rows → 2515 total in MinIO
[2026-06-14T20:30:49.260+0000] {minio_fetching_data_daily.py:160} INFO - Batch 8 | start=2026-06-13 | 50 tickers
[2026-06-14T20:30:51.168+0000] {minio_fetching_data_daily.py:111} INFO -   ON: +1 rows → 2515 total in MinIO
[2026-06-14T20:30:51.210+0000] {minio_fetching_data_daily.py:111} INFO -   OKE: +1 rows → 2515 total in MinIO
[2026-06-14T20:30:51.270+0000] {minio_fetching_data_daily.py:111} INFO -   ORCL: +1 rows → 2515 total in MinIO
[2026-06-14T20:30:51.334+0000] {minio_fetching_data_daily.py:111} INFO -   OTIS: +1 rows → 1567 total in MinIO
[2026-06-14T20:30:51.373+0000] {minio_fetching_data_daily.py:111} INFO -   PCAR: +1 rows → 2515 total in MinIO
[2026-06-14T20:30:51.447+0000] {minio_fetching_data_daily.py:111} INFO -   PKG: +1 rows → 2515 total in MinIO
[2026-06-14T20:30:51.515+0000] {minio_fetching_data_daily.py:111} INFO -   PLTR: +1 rows → 1432 total in MinIO
[2026-06-14T20:30:51.561+0000] {minio_fetching_data_daily.py:111} INFO -   PANW: +1 rows → 2515 total in MinIO
[2026-06-14T20:30:51.685+0000] {minio_fetching_data_daily.py:111} INFO -   PSKY: +1 rows → 2515 total in MinIO
[2026-06-14T20:30:51.729+0000] {minio_fetching_data_daily.py:111} INFO -   PH: +1 rows → 2515 total in MinIO
[2026-06-14T20:30:51.805+0000] {minio_fetching_data_daily.py:111} INFO -   PAYX: +1 rows → 2515 total in MinIO
[2026-06-14T20:30:51.890+0000] {minio_fetching_data_daily.py:111} INFO -   PYPL: +1 rows → 2515 total in MinIO
[2026-06-14T20:30:51.959+0000] {minio_fetching_data_daily.py:111} INFO -   PNR: +1 rows → 2515 total in MinIO
[2026-06-14T20:30:52.006+0000] {minio_fetching_data_daily.py:111} INFO -   PEP: +1 rows → 2515 total in MinIO
[2026-06-14T20:30:52.096+0000] {minio_fetching_data_daily.py:111} INFO -   PFE: +1 rows → 2515 total in MinIO
[2026-06-14T20:30:52.140+0000] {minio_fetching_data_daily.py:111} INFO -   PCG: +1 rows → 2515 total in MinIO
[2026-06-14T20:30:52.207+0000] {minio_fetching_data_daily.py:111} INFO -   PM: +1 rows → 2515 total in MinIO
[2026-06-14T20:30:52.258+0000] {minio_fetching_data_daily.py:111} INFO -   PSX: +1 rows → 2515 total in MinIO
[2026-06-14T20:30:52.311+0000] {minio_fetching_data_daily.py:111} INFO -   PNW: +1 rows → 2515 total in MinIO
[2026-06-14T20:30:52.353+0000] {minio_fetching_data_daily.py:111} INFO -   PNC: +1 rows → 2515 total in MinIO
[2026-06-14T20:30:52.397+0000] {minio_fetching_data_daily.py:111} INFO -   POOL: +1 rows → 2515 total in MinIO
[2026-06-14T20:30:52.456+0000] {minio_fetching_data_daily.py:111} INFO -   PPG: +1 rows → 2515 total in MinIO
[2026-06-14T20:30:52.525+0000] {minio_fetching_data_daily.py:111} INFO -   PPL: +1 rows → 2515 total in MinIO
[2026-06-14T20:30:52.636+0000] {minio_fetching_data_daily.py:111} INFO -   PFG: +1 rows → 2515 total in MinIO
[2026-06-14T20:30:52.684+0000] {minio_fetching_data_daily.py:111} INFO -   PG: +1 rows → 2515 total in MinIO
[2026-06-14T20:30:52.722+0000] {minio_fetching_data_daily.py:111} INFO -   PGR: +1 rows → 2515 total in MinIO
[2026-06-14T20:30:52.765+0000] {minio_fetching_data_daily.py:111} INFO -   PLD: +1 rows → 2515 total in MinIO
[2026-06-14T20:30:52.806+0000] {minio_fetching_data_daily.py:111} INFO -   PRU: +1 rows → 2515 total in MinIO
[2026-06-14T20:30:52.853+0000] {minio_fetching_data_daily.py:111} INFO -   PEG: +1 rows → 2515 total in MinIO
[2026-06-14T20:30:52.901+0000] {minio_fetching_data_daily.py:111} INFO -   PTC: +1 rows → 2515 total in MinIO
[2026-06-14T20:30:52.951+0000] {minio_fetching_data_daily.py:111} INFO -   PSA: +1 rows → 2515 total in MinIO
[2026-06-14T20:30:52.995+0000] {minio_fetching_data_daily.py:111} INFO -   PHM: +1 rows → 2515 total in MinIO
[2026-06-14T20:30:53.034+0000] {minio_fetching_data_daily.py:111} INFO -   PWR: +1 rows → 2515 total in MinIO
[2026-06-14T20:30:53.083+0000] {minio_fetching_data_daily.py:111} INFO -   QCOM: +1 rows → 2515 total in MinIO
[2026-06-14T20:30:53.130+0000] {minio_fetching_data_daily.py:111} INFO -   DGX: +1 rows → 2515 total in MinIO
[2026-06-14T20:30:53.227+0000] {minio_fetching_data_daily.py:111} INFO -   Q: +1 rows → 158 total in MinIO
[2026-06-14T20:30:53.255+0000] {minio_fetching_data_daily.py:111} INFO -   RL: +1 rows → 2515 total in MinIO
[2026-06-14T20:30:53.297+0000] {minio_fetching_data_daily.py:111} INFO -   RJF: +1 rows → 2515 total in MinIO
[2026-06-14T20:30:53.342+0000] {minio_fetching_data_daily.py:111} INFO -   RTX: +1 rows → 2515 total in MinIO
[2026-06-14T20:30:53.391+0000] {minio_fetching_data_daily.py:111} INFO -   O: +1 rows → 2515 total in MinIO
[2026-06-14T20:30:53.438+0000] {minio_fetching_data_daily.py:111} INFO -   REG: +1 rows → 2515 total in MinIO
[2026-06-14T20:30:53.477+0000] {minio_fetching_data_daily.py:111} INFO -   REGN: +1 rows → 2515 total in MinIO
[2026-06-14T20:30:53.521+0000] {minio_fetching_data_daily.py:111} INFO -   RF: +1 rows → 2515 total in MinIO
[2026-06-14T20:30:53.588+0000] {minio_fetching_data_daily.py:111} INFO -   RSG: +1 rows → 2515 total in MinIO
[2026-06-14T20:30:53.649+0000] {minio_fetching_data_daily.py:111} INFO -   RMD: +1 rows → 2515 total in MinIO
[2026-06-14T20:30:53.708+0000] {minio_fetching_data_daily.py:111} INFO -   RVTY: +1 rows → 2515 total in MinIO
[2026-06-14T20:30:53.746+0000] {minio_fetching_data_daily.py:111} INFO -   HOOD: +1 rows → 1224 total in MinIO
[2026-06-14T20:30:53.776+0000] {minio_fetching_data_daily.py:111} INFO -   ROK: +1 rows → 2515 total in MinIO
[2026-06-14T20:30:53.837+0000] {minio_fetching_data_daily.py:111} INFO -   ROL: +1 rows → 2515 total in MinIO
[2026-06-14T20:30:53.885+0000] {minio_fetching_data_daily.py:111} INFO -   ROP: +1 rows → 2515 total in MinIO
[2026-06-14T20:30:55.914+0000] {minio_fetching_data_daily.py:160} INFO - Batch 9 | start=2026-06-13 | 50 tickers
[2026-06-14T20:30:57.798+0000] {minio_fetching_data_daily.py:111} INFO -   ROST: +1 rows → 2515 total in MinIO
[2026-06-14T20:30:57.845+0000] {minio_fetching_data_daily.py:111} INFO -   RCL: +1 rows → 2515 total in MinIO
[2026-06-14T20:30:57.887+0000] {minio_fetching_data_daily.py:111} INFO -   SPGI: +1 rows → 2515 total in MinIO
[2026-06-14T20:30:57.930+0000] {minio_fetching_data_daily.py:111} INFO -   CRM: +1 rows → 2515 total in MinIO
[2026-06-14T20:30:57.970+0000] {minio_fetching_data_daily.py:111} INFO -   SNDK: +1 rows → 334 total in MinIO
[2026-06-14T20:30:57.997+0000] {minio_fetching_data_daily.py:111} INFO -   SBAC: +1 rows → 2515 total in MinIO
[2026-06-14T20:30:58.065+0000] {minio_fetching_data_daily.py:111} INFO -   SLB: +1 rows → 2515 total in MinIO
[2026-06-14T20:30:58.105+0000] {minio_fetching_data_daily.py:111} INFO -   STX: +1 rows → 2515 total in MinIO
[2026-06-14T20:30:58.146+0000] {minio_fetching_data_daily.py:111} INFO -   SRE: +1 rows → 2515 total in MinIO
[2026-06-14T20:30:58.185+0000] {minio_fetching_data_daily.py:111} INFO -   NOW: +1 rows → 2515 total in MinIO
[2026-06-14T20:30:58.232+0000] {minio_fetching_data_daily.py:111} INFO -   SHW: +1 rows → 2515 total in MinIO
[2026-06-14T20:30:58.281+0000] {minio_fetching_data_daily.py:111} INFO -   SPG: +1 rows → 2515 total in MinIO
[2026-06-14T20:30:58.330+0000] {minio_fetching_data_daily.py:111} INFO -   SWKS: +1 rows → 2515 total in MinIO
[2026-06-14T20:30:58.373+0000] {minio_fetching_data_daily.py:111} INFO -   SJM: +1 rows → 2515 total in MinIO
[2026-06-14T20:30:58.415+0000] {minio_fetching_data_daily.py:111} INFO -   SW: +1 rows → 2515 total in MinIO
[2026-06-14T20:30:58.453+0000] {minio_fetching_data_daily.py:111} INFO -   SNA: +1 rows → 2515 total in MinIO
[2026-06-14T20:30:58.497+0000] {minio_fetching_data_daily.py:111} INFO -   SOLV: +1 rows → 556 total in MinIO
[2026-06-14T20:30:58.524+0000] {minio_fetching_data_daily.py:111} INFO -   SO: +1 rows → 2515 total in MinIO
[2026-06-14T20:30:58.563+0000] {minio_fetching_data_daily.py:111} INFO -   LUV: +1 rows → 2515 total in MinIO
[2026-06-14T20:30:58.602+0000] {minio_fetching_data_daily.py:111} INFO -   SWK: +1 rows → 2515 total in MinIO
[2026-06-14T20:30:58.646+0000] {minio_fetching_data_daily.py:111} INFO -   SBUX: +1 rows → 2515 total in MinIO
[2026-06-14T20:30:58.689+0000] {minio_fetching_data_daily.py:111} INFO -   STT: +1 rows → 2515 total in MinIO
[2026-06-14T20:30:58.740+0000] {minio_fetching_data_daily.py:111} INFO -   STLD: +1 rows → 2515 total in MinIO
[2026-06-14T20:30:58.786+0000] {minio_fetching_data_daily.py:111} INFO -   STE: +1 rows → 2515 total in MinIO
[2026-06-14T20:30:58.835+0000] {minio_fetching_data_daily.py:111} INFO -   SYK: +1 rows → 2515 total in MinIO
[2026-06-14T20:30:58.876+0000] {minio_fetching_data_daily.py:111} INFO -   SMCI: +1 rows → 2515 total in MinIO
[2026-06-14T20:30:58.918+0000] {minio_fetching_data_daily.py:111} INFO -   SYF: +1 rows → 2515 total in MinIO
[2026-06-14T20:30:58.970+0000] {minio_fetching_data_daily.py:111} INFO -   SNPS: +1 rows → 2515 total in MinIO
[2026-06-14T20:30:59.008+0000] {minio_fetching_data_daily.py:111} INFO -   SYY: +1 rows → 2515 total in MinIO
[2026-06-14T20:30:59.048+0000] {minio_fetching_data_daily.py:111} INFO -   TMUS: +1 rows → 2515 total in MinIO
[2026-06-14T20:30:59.097+0000] {minio_fetching_data_daily.py:111} INFO -   TROW: +1 rows → 2515 total in MinIO
[2026-06-14T20:30:59.135+0000] {minio_fetching_data_daily.py:111} INFO -   TTWO: +1 rows → 2515 total in MinIO
[2026-06-14T20:30:59.171+0000] {minio_fetching_data_daily.py:111} INFO -   TPR: +1 rows → 2515 total in MinIO
[2026-06-14T20:30:59.208+0000] {minio_fetching_data_daily.py:111} INFO -   TRGP: +1 rows → 2515 total in MinIO
[2026-06-14T20:30:59.247+0000] {minio_fetching_data_daily.py:111} INFO -   TGT: +1 rows → 2515 total in MinIO
[2026-06-14T20:30:59.287+0000] {minio_fetching_data_daily.py:111} INFO -   TEL: +1 rows → 2515 total in MinIO
[2026-06-14T20:30:59.330+0000] {minio_fetching_data_daily.py:111} INFO -   TDY: +1 rows → 2515 total in MinIO
[2026-06-14T20:30:59.371+0000] {minio_fetching_data_daily.py:111} INFO -   TER: +1 rows → 2515 total in MinIO
[2026-06-14T20:30:59.412+0000] {minio_fetching_data_daily.py:111} INFO -   TSLA: +1 rows → 2515 total in MinIO
[2026-06-14T20:30:59.451+0000] {minio_fetching_data_daily.py:111} INFO -   TXN: +1 rows → 2515 total in MinIO
[2026-06-14T20:30:59.494+0000] {minio_fetching_data_daily.py:111} INFO -   TPL: +1 rows → 2515 total in MinIO
[2026-06-14T20:30:59.542+0000] {minio_fetching_data_daily.py:111} INFO -   TXT: +1 rows → 2515 total in MinIO
[2026-06-14T20:30:59.585+0000] {minio_fetching_data_daily.py:111} INFO -   TMO: +1 rows → 2515 total in MinIO
[2026-06-14T20:30:59.628+0000] {minio_fetching_data_daily.py:111} INFO -   TJX: +1 rows → 2515 total in MinIO
[2026-06-14T20:30:59.665+0000] {minio_fetching_data_daily.py:111} INFO -   TKO: +1 rows → 2515 total in MinIO
[2026-06-14T20:30:59.707+0000] {minio_fetching_data_daily.py:111} INFO -   TTD: +1 rows → 2445 total in MinIO
[2026-06-14T20:30:59.746+0000] {minio_fetching_data_daily.py:111} INFO -   TSCO: +1 rows → 2515 total in MinIO
[2026-06-14T20:30:59.786+0000] {minio_fetching_data_daily.py:111} INFO -   TT: +1 rows → 2515 total in MinIO
[2026-06-14T20:30:59.823+0000] {minio_fetching_data_daily.py:111} INFO -   TDG: +1 rows → 2515 total in MinIO
[2026-06-14T20:30:59.862+0000] {minio_fetching_data_daily.py:111} INFO -   TRV: +1 rows → 2515 total in MinIO
[2026-06-14T20:31:01.896+0000] {minio_fetching_data_daily.py:160} INFO - Batch 10 | start=2026-06-13 | 50 tickers
[2026-06-14T20:31:03.619+0000] {minio_fetching_data_daily.py:111} INFO -   TRMB: +1 rows → 2515 total in MinIO
[2026-06-14T20:31:03.659+0000] {minio_fetching_data_daily.py:111} INFO -   TFC: +1 rows → 2515 total in MinIO
[2026-06-14T20:31:03.704+0000] {minio_fetching_data_daily.py:111} INFO -   TYL: +1 rows → 2515 total in MinIO
[2026-06-14T20:31:03.744+0000] {minio_fetching_data_daily.py:111} INFO -   TSN: +1 rows → 2515 total in MinIO
[2026-06-14T20:31:03.783+0000] {minio_fetching_data_daily.py:111} INFO -   USB: +1 rows → 2515 total in MinIO
[2026-06-14T20:31:03.820+0000] {minio_fetching_data_daily.py:111} INFO -   UBER: +1 rows → 1783 total in MinIO
[2026-06-14T20:31:03.868+0000] {minio_fetching_data_daily.py:111} INFO -   UDR: +1 rows → 2515 total in MinIO
[2026-06-14T20:31:03.908+0000] {minio_fetching_data_daily.py:111} INFO -   ULTA: +1 rows → 2515 total in MinIO
[2026-06-14T20:31:03.950+0000] {minio_fetching_data_daily.py:111} INFO -   UNP: +1 rows → 2515 total in MinIO
[2026-06-14T20:31:04.008+0000] {minio_fetching_data_daily.py:111} INFO -   UAL: +1 rows → 2515 total in MinIO
[2026-06-14T20:31:04.060+0000] {minio_fetching_data_daily.py:111} INFO -   UPS: +1 rows → 2515 total in MinIO
[2026-06-14T20:31:04.109+0000] {minio_fetching_data_daily.py:111} INFO -   URI: +1 rows → 2515 total in MinIO
[2026-06-14T20:31:04.156+0000] {minio_fetching_data_daily.py:111} INFO -   UNH: +1 rows → 2515 total in MinIO
[2026-06-14T20:31:04.205+0000] {minio_fetching_data_daily.py:111} INFO -   UHS: +1 rows → 2515 total in MinIO
[2026-06-14T20:31:04.254+0000] {minio_fetching_data_daily.py:111} INFO -   VLO: +1 rows → 2515 total in MinIO
[2026-06-14T20:31:04.297+0000] {minio_fetching_data_daily.py:111} INFO -   VEEV: +1 rows → 2515 total in MinIO
[2026-06-14T20:31:04.347+0000] {minio_fetching_data_daily.py:111} INFO -   VTR: +1 rows → 2515 total in MinIO
[2026-06-14T20:31:04.387+0000] {minio_fetching_data_daily.py:111} INFO -   VLTO: +1 rows → 675 total in MinIO
[2026-06-14T20:31:04.414+0000] {minio_fetching_data_daily.py:111} INFO -   VRSN: +1 rows → 2515 total in MinIO
[2026-06-14T20:31:04.453+0000] {minio_fetching_data_daily.py:111} INFO -   VRSK: +1 rows → 2515 total in MinIO
[2026-06-14T20:31:04.513+0000] {minio_fetching_data_daily.py:111} INFO -   VZ: +1 rows → 2515 total in MinIO
[2026-06-14T20:31:04.551+0000] {minio_fetching_data_daily.py:111} INFO -   VRTX: +1 rows → 2515 total in MinIO
[2026-06-14T20:31:04.591+0000] {minio_fetching_data_daily.py:111} INFO -   VRT: +1 rows → 1976 total in MinIO
[2026-06-14T20:31:04.628+0000] {minio_fetching_data_daily.py:111} INFO -   VTRS: +1 rows → 2515 total in MinIO
[2026-06-14T20:31:04.668+0000] {minio_fetching_data_daily.py:111} INFO -   VICI: +1 rows → 2123 total in MinIO
[2026-06-14T20:31:04.707+0000] {minio_fetching_data_daily.py:111} INFO -   V: +1 rows → 2515 total in MinIO
[2026-06-14T20:31:04.746+0000] {minio_fetching_data_daily.py:111} INFO -   VST: +1 rows → 2435 total in MinIO
[2026-06-14T20:31:04.785+0000] {minio_fetching_data_daily.py:111} INFO -   VMC: +1 rows → 2515 total in MinIO
[2026-06-14T20:31:04.829+0000] {minio_fetching_data_daily.py:111} INFO -   WRB: +1 rows → 2515 total in MinIO
[2026-06-14T20:31:04.877+0000] {minio_fetching_data_daily.py:111} INFO -   GWW: +1 rows → 2515 total in MinIO
[2026-06-14T20:31:04.926+0000] {minio_fetching_data_daily.py:111} INFO -   WAB: +1 rows → 2515 total in MinIO
[2026-06-14T20:31:04.972+0000] {minio_fetching_data_daily.py:111} INFO -   WMT: +1 rows → 2515 total in MinIO
[2026-06-14T20:31:05.024+0000] {minio_fetching_data_daily.py:111} INFO -   DIS: +1 rows → 2515 total in MinIO
[2026-06-14T20:31:05.064+0000] {minio_fetching_data_daily.py:111} INFO -   WBD: +1 rows → 2515 total in MinIO
[2026-06-14T20:31:05.106+0000] {minio_fetching_data_daily.py:111} INFO -   WM: +1 rows → 2515 total in MinIO
[2026-06-14T20:31:05.149+0000] {minio_fetching_data_daily.py:111} INFO -   WAT: +1 rows → 2515 total in MinIO
[2026-06-14T20:31:05.188+0000] {minio_fetching_data_daily.py:111} INFO -   WEC: +1 rows → 2515 total in MinIO
[2026-06-14T20:31:05.229+0000] {minio_fetching_data_daily.py:111} INFO -   WFC: +1 rows → 2515 total in MinIO
[2026-06-14T20:31:05.270+0000] {minio_fetching_data_daily.py:111} INFO -   WELL: +1 rows → 2515 total in MinIO
[2026-06-14T20:31:05.309+0000] {minio_fetching_data_daily.py:111} INFO -   WST: +1 rows → 2515 total in MinIO
[2026-06-14T20:31:05.350+0000] {minio_fetching_data_daily.py:111} INFO -   WDC: +1 rows → 2515 total in MinIO
[2026-06-14T20:31:05.390+0000] {minio_fetching_data_daily.py:111} INFO -   WY: +1 rows → 2515 total in MinIO
[2026-06-14T20:31:05.433+0000] {minio_fetching_data_daily.py:111} INFO -   WSM: +1 rows → 2515 total in MinIO
[2026-06-14T20:31:05.471+0000] {minio_fetching_data_daily.py:111} INFO -   WMB: +1 rows → 2515 total in MinIO
[2026-06-14T20:31:05.512+0000] {minio_fetching_data_daily.py:111} INFO -   WTW: +1 rows → 2515 total in MinIO
[2026-06-14T20:31:05.551+0000] {minio_fetching_data_daily.py:111} INFO -   WDAY: +1 rows → 2515 total in MinIO
[2026-06-14T20:31:05.593+0000] {minio_fetching_data_daily.py:111} INFO -   WYNN: +1 rows → 2515 total in MinIO
[2026-06-14T20:31:05.629+0000] {minio_fetching_data_daily.py:111} INFO -   XEL: +1 rows → 2515 total in MinIO
[2026-06-14T20:31:05.665+0000] {minio_fetching_data_daily.py:111} INFO -   XYL: +1 rows → 2515 total in MinIO
[2026-06-14T20:31:05.701+0000] {minio_fetching_data_daily.py:111} INFO -   YUM: +1 rows → 2515 total in MinIO
[2026-06-14T20:31:07.730+0000] {minio_fetching_data_daily.py:160} INFO - Batch 11 | start=2026-06-13 | 3 tickers
[2026-06-14T20:31:08.133+0000] {minio_fetching_data_daily.py:111} INFO -   ZBRA: +1 rows → 2515 total in MinIO
[2026-06-14T20:31:08.171+0000] {minio_fetching_data_daily.py:111} INFO -   ZBH: +1 rows → 2515 total in MinIO
[2026-06-14T20:31:08.209+0000] {minio_fetching_data_daily.py:111} INFO -   ZTS: +1 rows → 2515 total in MinIO
[2026-06-14T20:31:10.236+0000] {minio_fetching_data_daily.py:165} INFO - ==================================================
[2026-06-14T20:31:10.237+0000] {minio_fetching_data_daily.py:166} INFO - Done. Check your MinIO console at http://localhost:9001
[2026-06-14T20:31:10.240+0000] {python.py:237} INFO - Done. Returned value was: None
[2026-06-14T20:31:10.247+0000] {taskinstance.py:441} INFO - ::group::Post task execution logs
[2026-06-14T20:31:10.283+0000] {taskinstance.py:1206} INFO - Marking task as SUCCESS. dag_id=sp500_master_ingestion_pipeline, task_id=extract_daily_data, run_id=scheduled__2026-06-13T20:30:00+00:00, execution_date=20260613T203000, start_date=20260614T203001, end_date=20260614T203110
[2026-06-14T20:31:10.332+0000] {local_task_job_runner.py:240} INFO - Task exited with return code 0
[2026-06-14T20:31:10.377+0000] {taskinstance.py:3498} INFO - 1 downstream tasks scheduled from follow-on schedule check
[2026-06-14T20:31:10.383+0000] {local_task_job_runner.py:222} INFO - ::endgroup::
