[2026-06-11T02:28:55.315+0000] {manager.py:470} INFO - Processing files using up to 2 processes at a time 
[2026-06-11T02:28:55.317+0000] {manager.py:471} INFO - Process each file at most once every 30 seconds
[2026-06-11T02:28:55.319+0000] {manager.py:472} INFO - Checking for new files in /opt/airflow/dags every 300 seconds
[2026-06-11T02:28:55.321+0000] {manager.py:737} INFO - Searching for files in /opt/airflow/dags
[2026-06-11T02:28:55.366+0000] {manager.py:740} INFO - There are 1 files in /opt/airflow/dags
[2026-06-11T02:28:55.463+0000] {manager.py:878} INFO - 
================================================================================
DAG File Processing Stats

File Path                                          PID  Runtime      # DAGs    # Errors  Last Runtime    Last Run
-----------------------------------------------  -----  ---------  --------  ----------  --------------  ----------
/opt/airflow/dags/sp500_master_ingestion_dag.py    189  0.04s             0           0
================================================================================
[2026-06-11T02:29:25.586+0000] {manager.py:878} INFO - 
================================================================================
DAG File Processing Stats

File Path                                        PID    Runtime      # DAGs    # Errors  Last Runtime    Last Run
-----------------------------------------------  -----  ---------  --------  ----------  --------------  -------------------
/opt/airflow/dags/sp500_master_ingestion_dag.py                           0           1  2.03s           2026-06-11T02:28:57
================================================================================
[2026-06-11T02:29:55.746+0000] {manager.py:878} INFO - 
================================================================================
DAG File Processing Stats

File Path                                        PID    Runtime      # DAGs    # Errors  Last Runtime    Last Run
-----------------------------------------------  -----  ---------  --------  ----------  --------------  -------------------
/opt/airflow/dags/sp500_master_ingestion_dag.py                           0           1  0.81s           2026-06-11T02:29:28
================================================================================
[2026-06-11T02:30:25.898+0000] {manager.py:878} INFO - 
================================================================================
DAG File Processing Stats

File Path                                        PID    Runtime      # DAGs    # Errors  Last Runtime    Last Run
-----------------------------------------------  -----  ---------  --------  ----------  --------------  -------------------
/opt/airflow/dags/sp500_master_ingestion_dag.py                           0           1  0.81s           2026-06-11T02:29:59
================================================================================
[2026-06-11T02:30:56.052+0000] {manager.py:878} INFO - 
================================================================================
DAG File Processing Stats

File Path                                        PID    Runtime      # DAGs    # Errors  Last Runtime    Last Run
-----------------------------------------------  -----  ---------  --------  ----------  --------------  -------------------
/opt/airflow/dags/sp500_master_ingestion_dag.py                           0           1  0.84s           2026-06-11T02:30:30
================================================================================
[2026-06-11T02:31:26.204+0000] {manager.py:878} INFO - 
================================================================================
DAG File Processing Stats

File Path                                        PID    Runtime      # DAGs    # Errors  Last Runtime    Last Run
-----------------------------------------------  -----  ---------  --------  ----------  --------------  -------------------
/opt/airflow/dags/sp500_master_ingestion_dag.py                           0           1  0.87s           2026-06-11T02:31:01
================================================================================
[2026-06-11T02:31:56.362+0000] {manager.py:878} INFO - 
================================================================================
DAG File Processing Stats

File Path                                        PID    Runtime      # DAGs    # Errors  Last Runtime    Last Run
-----------------------------------------------  -----  ---------  --------  ----------  --------------  -------------------
/opt/airflow/dags/sp500_master_ingestion_dag.py                           0           1  0.88s           2026-06-11T02:31:32
================================================================================
[2026-06-11T02:32:26.510+0000] {manager.py:878} INFO - 
================================================================================
DAG File Processing Stats

File Path                                        PID    Runtime      # DAGs    # Errors  Last Runtime    Last Run
-----------------------------------------------  -----  ---------  --------  ----------  --------------  -------------------
/opt/airflow/dags/sp500_master_ingestion_dag.py                           0           1  0.75s           2026-06-11T02:32:03
================================================================================
[2026-06-11T02:32:56.905+0000] {manager.py:878} INFO - 
================================================================================
DAG File Processing Stats

File Path                                        PID    Runtime      # DAGs    # Errors  Last Runtime    Last Run
-----------------------------------------------  -----  ---------  --------  ----------  --------------  -------------------
/opt/airflow/dags/sp500_master_ingestion_dag.py                           0           1  0.80s           2026-06-11T02:32:34
================================================================================
[2026-06-11T02:33:27.067+0000] {manager.py:878} INFO - 
================================================================================
DAG File Processing Stats

File Path                                        PID    Runtime      # DAGs    # Errors  Last Runtime    Last Run
-----------------------------------------------  -----  ---------  --------  ----------  --------------  -------------------
/opt/airflow/dags/sp500_master_ingestion_dag.py                           0           1  0.77s           2026-06-11T02:33:05
================================================================================
[2026-06-11T02:33:55.394+0000] {manager.py:737} INFO - Searching for files in /opt/airflow/dags
[2026-06-11T02:33:55.425+0000] {manager.py:740} INFO - There are 1 files in /opt/airflow/dags
[2026-06-11T02:33:57.236+0000] {manager.py:878} INFO - 
================================================================================
DAG File Processing Stats

File Path                                        PID    Runtime      # DAGs    # Errors  Last Runtime    Last Run
-----------------------------------------------  -----  ---------  --------  ----------  --------------  -------------------
/opt/airflow/dags/sp500_master_ingestion_dag.py                           0           1  0.84s           2026-06-11T02:33:36
================================================================================
[2026-06-11T02:34:27.406+0000] {manager.py:878} INFO - 
================================================================================
DAG File Processing Stats

File Path                                        PID    Runtime      # DAGs    # Errors  Last Runtime    Last Run
-----------------------------------------------  -----  ---------  --------  ----------  --------------  -------------------
/opt/airflow/dags/sp500_master_ingestion_dag.py                           0           1  0.87s           2026-06-11T02:34:07
================================================================================
[2026-06-11T02:34:57.593+0000] {manager.py:878} INFO - 
================================================================================
DAG File Processing Stats

File Path                                        PID    Runtime      # DAGs    # Errors  Last Runtime    Last Run
-----------------------------------------------  -----  ---------  --------  ----------  --------------  -------------------
/opt/airflow/dags/sp500_master_ingestion_dag.py                           0           1  0.77s           2026-06-11T02:34:38
================================================================================
[2026-06-11T02:35:27.736+0000] {manager.py:878} INFO - 
================================================================================
DAG File Processing Stats

File Path                                        PID    Runtime      # DAGs    # Errors  Last Runtime    Last Run
-----------------------------------------------  -----  ---------  --------  ----------  --------------  -------------------
/opt/airflow/dags/sp500_master_ingestion_dag.py                           0           1  0.75s           2026-06-11T02:35:09
================================================================================
[2026-06-11T02:35:57.890+0000] {manager.py:878} INFO - 
================================================================================
DAG File Processing Stats

File Path                                        PID    Runtime      # DAGs    # Errors  Last Runtime    Last Run
-----------------------------------------------  -----  ---------  --------  ----------  --------------  -------------------
/opt/airflow/dags/sp500_master_ingestion_dag.py                           0           1  0.81s           2026-06-11T02:35:40
================================================================================
[2026-06-11T02:36:28.045+0000] {manager.py:878} INFO - 
================================================================================
DAG File Processing Stats

File Path                                        PID    Runtime      # DAGs    # Errors  Last Runtime    Last Run
-----------------------------------------------  -----  ---------  --------  ----------  --------------  -------------------
/opt/airflow/dags/sp500_master_ingestion_dag.py                           1           0  0.98s           2026-06-11T02:36:11
================================================================================
[2026-06-11T02:36:58.214+0000] {manager.py:878} INFO - 
================================================================================
DAG File Processing Stats

File Path                                        PID    Runtime      # DAGs    # Errors  Last Runtime    Last Run
-----------------------------------------------  -----  ---------  --------  ----------  --------------  -------------------
/opt/airflow/dags/sp500_master_ingestion_dag.py                           1           0  0.94s           2026-06-11T02:36:42
================================================================================
[2026-06-11T02:37:28.382+0000] {manager.py:878} INFO - 
================================================================================
DAG File Processing Stats

File Path                                        PID    Runtime      # DAGs    # Errors  Last Runtime    Last Run
-----------------------------------------------  -----  ---------  --------  ----------  --------------  -------------------
/opt/airflow/dags/sp500_master_ingestion_dag.py                           1           0  0.87s           2026-06-11T02:37:13
================================================================================
[2026-06-11T02:37:58.435+0000] {manager.py:878} INFO - 
================================================================================
DAG File Processing Stats

File Path                                        PID    Runtime      # DAGs    # Errors  Last Runtime    Last Run
-----------------------------------------------  -----  ---------  --------  ----------  --------------  -------------------
/opt/airflow/dags/sp500_master_ingestion_dag.py                           1           0  0.87s           2026-06-11T02:37:44
================================================================================
[2026-06-11T02:38:28.726+0000] {manager.py:878} INFO - 
================================================================================
DAG File Processing Stats

File Path                                        PID    Runtime      # DAGs    # Errors  Last Runtime    Last Run
-----------------------------------------------  -----  ---------  --------  ----------  --------------  -------------------
/opt/airflow/dags/sp500_master_ingestion_dag.py                           1           0  0.77s           2026-06-11T02:38:15
================================================================================
[2026-06-11T02:38:55.861+0000] {manager.py:737} INFO - Searching for files in /opt/airflow/dags
[2026-06-11T02:38:55.900+0000] {manager.py:740} INFO - There are 1 files in /opt/airflow/dags
[2026-06-11T02:38:58.934+0000] {manager.py:878} INFO - 
================================================================================
DAG File Processing Stats

File Path                                        PID    Runtime      # DAGs    # Errors  Last Runtime    Last Run
-----------------------------------------------  -----  ---------  --------  ----------  --------------  -------------------
/opt/airflow/dags/sp500_master_ingestion_dag.py                           1           0  0.84s           2026-06-11T02:38:46
================================================================================
[2026-06-11T02:39:28.960+0000] {manager.py:878} INFO - 
================================================================================
DAG File Processing Stats

File Path                                        PID    Runtime      # DAGs    # Errors  Last Runtime    Last Run
-----------------------------------------------  -----  ---------  --------  ----------  --------------  -------------------
/opt/airflow/dags/sp500_master_ingestion_dag.py                           1           0  1.42s           2026-06-11T02:39:17
================================================================================
[2026-06-11T02:39:59.693+0000] {manager.py:878} INFO - 
================================================================================
DAG File Processing Stats

File Path                                        PID    Runtime      # DAGs    # Errors  Last Runtime    Last Run
-----------------------------------------------  -----  ---------  --------  ----------  --------------  -------------------
/opt/airflow/dags/sp500_master_ingestion_dag.py                           1           0  0.83s           2026-06-11T02:39:48
================================================================================
[2026-06-11T02:40:29.844+0000] {manager.py:878} INFO - 
================================================================================
DAG File Processing Stats

File Path                                        PID    Runtime      # DAGs    # Errors  Last Runtime    Last Run
-----------------------------------------------  -----  ---------  --------  ----------  --------------  -------------------
/opt/airflow/dags/sp500_master_ingestion_dag.py                           1           0  0.84s           2026-06-11T02:40:19
================================================================================
[2026-06-11T02:41:00.076+0000] {manager.py:878} INFO - 
================================================================================
DAG File Processing Stats

File Path                                        PID    Runtime      # DAGs    # Errors  Last Runtime    Last Run
-----------------------------------------------  -----  ---------  --------  ----------  --------------  -------------------
/opt/airflow/dags/sp500_master_ingestion_dag.py                           1           0  0.80s           2026-06-11T02:40:50
================================================================================
[2026-06-11T02:41:30.229+0000] {manager.py:878} INFO - 
================================================================================
DAG File Processing Stats

File Path                                        PID    Runtime      # DAGs    # Errors  Last Runtime    Last Run
-----------------------------------------------  -----  ---------  --------  ----------  --------------  -------------------
/opt/airflow/dags/sp500_master_ingestion_dag.py                           1           0  0.75s           2026-06-11T02:41:21
================================================================================
[2026-06-11T02:42:00.387+0000] {manager.py:878} INFO - 
================================================================================
DAG File Processing Stats

File Path                                        PID    Runtime      # DAGs    # Errors  Last Runtime    Last Run
-----------------------------------------------  -----  ---------  --------  ----------  --------------  -------------------
/opt/airflow/dags/sp500_master_ingestion_dag.py                           1           0  0.81s           2026-06-11T02:41:52
================================================================================
[2026-06-11T02:42:30.547+0000] {manager.py:878} INFO - 
================================================================================
DAG File Processing Stats

File Path                                        PID    Runtime      # DAGs    # Errors  Last Runtime    Last Run
-----------------------------------------------  -----  ---------  --------  ----------  --------------  -------------------
/opt/airflow/dags/sp500_master_ingestion_dag.py                           1           0  0.85s           2026-06-11T02:42:23
================================================================================
[2026-06-11T02:43:00.708+0000] {manager.py:878} INFO - 
================================================================================
DAG File Processing Stats

File Path                                        PID    Runtime      # DAGs    # Errors  Last Runtime    Last Run
-----------------------------------------------  -----  ---------  --------  ----------  --------------  -------------------
/opt/airflow/dags/sp500_master_ingestion_dag.py                           1           0  0.88s           2026-06-11T02:42:54
================================================================================
[2026-06-11T02:43:30.878+0000] {manager.py:878} INFO - 
================================================================================
DAG File Processing Stats

File Path                                        PID    Runtime      # DAGs    # Errors  Last Runtime    Last Run
-----------------------------------------------  -----  ---------  --------  ----------  --------------  -------------------
/opt/airflow/dags/sp500_master_ingestion_dag.py                           1           0  0.80s           2026-06-11T02:43:25
================================================================================
[2026-06-11T02:43:56.000+0000] {manager.py:737} INFO - Searching for files in /opt/airflow/dags
[2026-06-11T02:43:56.043+0000] {manager.py:740} INFO - There are 1 files in /opt/airflow/dags
[2026-06-11T02:44:01.087+0000] {manager.py:878} INFO - 
================================================================================
DAG File Processing Stats

File Path                                        PID    Runtime      # DAGs    # Errors  Last Runtime    Last Run
-----------------------------------------------  -----  ---------  --------  ----------  --------------  -------------------
/opt/airflow/dags/sp500_master_ingestion_dag.py                           1           0  0.86s           2026-06-11T02:43:56
================================================================================
[2026-06-11T02:44:31.238+0000] {manager.py:878} INFO - 
================================================================================
DAG File Processing Stats

File Path                                        PID    Runtime      # DAGs    # Errors  Last Runtime    Last Run
-----------------------------------------------  -----  ---------  --------  ----------  --------------  -------------------
/opt/airflow/dags/sp500_master_ingestion_dag.py                           1           0  0.93s           2026-06-11T02:44:27
================================================================================
[2026-06-11T02:45:01.404+0000] {manager.py:878} INFO - 
================================================================================
DAG File Processing Stats

File Path                                        PID    Runtime      # DAGs    # Errors  Last Runtime    Last Run
-----------------------------------------------  -----  ---------  --------  ----------  --------------  -------------------
/opt/airflow/dags/sp500_master_ingestion_dag.py                           1           0  0.78s           2026-06-11T02:44:58
================================================================================
[2026-06-11T02:45:31.570+0000] {manager.py:878} INFO - 
================================================================================
DAG File Processing Stats

File Path                                        PID    Runtime      # DAGs    # Errors  Last Runtime    Last Run
-----------------------------------------------  -----  ---------  --------  ----------  --------------  -------------------
/opt/airflow/dags/sp500_master_ingestion_dag.py                           1           0  0.90s           2026-06-11T02:45:29
================================================================================
[2026-06-11T02:46:01.735+0000] {manager.py:878} INFO - 
================================================================================
DAG File Processing Stats

File Path                                        PID    Runtime      # DAGs    # Errors  Last Runtime    Last Run
-----------------------------------------------  -----  ---------  --------  ----------  --------------  -------------------
/opt/airflow/dags/sp500_master_ingestion_dag.py                           1           0  0.86s           2026-06-11T02:46:00
================================================================================
[2026-06-11T02:46:31.975+0000] {manager.py:878} INFO - 
================================================================================
DAG File Processing Stats

File Path                                        PID    Runtime      # DAGs    # Errors  Last Runtime    Last Run
-----------------------------------------------  -----  ---------  --------  ----------  --------------  -------------------
/opt/airflow/dags/sp500_master_ingestion_dag.py                           1           0  0.79s           2026-06-11T02:46:31
================================================================================
[2026-06-11T02:47:02.136+0000] {manager.py:878} INFO - 
================================================================================
DAG File Processing Stats

File Path                                          PID  Runtime      # DAGs    # Errors  Last Runtime    Last Run
-----------------------------------------------  -----  ---------  --------  ----------  --------------  -------------------
/opt/airflow/dags/sp500_master_ingestion_dag.py    399  0.27s             1           0  0.79s           2026-06-11T02:46:31
================================================================================
[2026-06-11T02:47:32.287+0000] {manager.py:878} INFO - 
================================================================================
DAG File Processing Stats

File Path                                        PID    Runtime      # DAGs    # Errors  Last Runtime    Last Run
-----------------------------------------------  -----  ---------  --------  ----------  --------------  -------------------
/opt/airflow/dags/sp500_master_ingestion_dag.py                           1           0  0.86s           2026-06-11T02:47:02
================================================================================
[2026-06-11T02:48:02.446+0000] {manager.py:878} INFO - 
================================================================================
DAG File Processing Stats

File Path                                        PID    Runtime      # DAGs    # Errors  Last Runtime    Last Run
-----------------------------------------------  -----  ---------  --------  ----------  --------------  -------------------
/opt/airflow/dags/sp500_master_ingestion_dag.py                           1           0  0.78s           2026-06-11T02:47:33
================================================================================
[2026-06-11T02:48:32.607+0000] {manager.py:878} INFO - 
================================================================================
DAG File Processing Stats

File Path                                        PID    Runtime      # DAGs    # Errors  Last Runtime    Last Run
-----------------------------------------------  -----  ---------  --------  ----------  --------------  -------------------
/opt/airflow/dags/sp500_master_ingestion_dag.py                           1           0  0.87s           2026-06-11T02:48:04
================================================================================
[2026-06-11T02:48:56.738+0000] {manager.py:737} INFO - Searching for files in /opt/airflow/dags
[2026-06-11T02:48:56.759+0000] {manager.py:740} INFO - There are 1 files in /opt/airflow/dags
[2026-06-11T02:49:02.807+0000] {manager.py:878} INFO - 
================================================================================
DAG File Processing Stats

File Path                                        PID    Runtime      # DAGs    # Errors  Last Runtime    Last Run
-----------------------------------------------  -----  ---------  --------  ----------  --------------  -------------------
/opt/airflow/dags/sp500_master_ingestion_dag.py                           1           0  0.84s           2026-06-11T02:48:35
================================================================================
[2026-06-11T02:49:32.854+0000] {manager.py:878} INFO - 
================================================================================
DAG File Processing Stats

File Path                                        PID    Runtime      # DAGs    # Errors  Last Runtime    Last Run
-----------------------------------------------  -----  ---------  --------  ----------  --------------  -------------------
/opt/airflow/dags/sp500_master_ingestion_dag.py                           1           0  0.88s           2026-06-11T02:49:06
================================================================================
[2026-06-11T02:50:02.868+0000] {manager.py:878} INFO - 
================================================================================
DAG File Processing Stats

File Path                                        PID    Runtime      # DAGs    # Errors  Last Runtime    Last Run
-----------------------------------------------  -----  ---------  --------  ----------  --------------  -------------------
/opt/airflow/dags/sp500_master_ingestion_dag.py                           1           0  0.86s           2026-06-11T02:49:37
================================================================================
[2026-06-11T02:50:32.979+0000] {manager.py:878} INFO - 
================================================================================
DAG File Processing Stats

File Path                                        PID    Runtime      # DAGs    # Errors  Last Runtime    Last Run
-----------------------------------------------  -----  ---------  --------  ----------  --------------  -------------------
/opt/airflow/dags/sp500_master_ingestion_dag.py                           1           0  0.94s           2026-06-11T02:50:08
================================================================================
[2026-06-11T02:51:03.117+0000] {manager.py:878} INFO - 
================================================================================
DAG File Processing Stats

File Path                                        PID    Runtime      # DAGs    # Errors  Last Runtime    Last Run
-----------------------------------------------  -----  ---------  --------  ----------  --------------  -------------------
/opt/airflow/dags/sp500_master_ingestion_dag.py                           1           0  0.97s           2026-06-11T02:50:39
================================================================================
[2026-06-11T02:51:33.200+0000] {manager.py:878} INFO - 
================================================================================
DAG File Processing Stats

File Path                                        PID    Runtime      # DAGs    # Errors  Last Runtime    Last Run
-----------------------------------------------  -----  ---------  --------  ----------  --------------  -------------------
/opt/airflow/dags/sp500_master_ingestion_dag.py                           1           0  0.91s           2026-06-11T02:51:11
================================================================================
[2026-06-11T02:52:03.266+0000] {manager.py:878} INFO - 
================================================================================
DAG File Processing Stats

File Path                                        PID    Runtime      # DAGs    # Errors  Last Runtime    Last Run
-----------------------------------------------  -----  ---------  --------  ----------  --------------  -------------------
/opt/airflow/dags/sp500_master_ingestion_dag.py                           1           0  0.89s           2026-06-11T02:51:42
================================================================================
[2026-06-11T02:52:33.839+0000] {manager.py:878} INFO - 
================================================================================
DAG File Processing Stats

File Path                                        PID    Runtime      # DAGs    # Errors  Last Runtime    Last Run
-----------------------------------------------  -----  ---------  --------  ----------  --------------  -------------------
/opt/airflow/dags/sp500_master_ingestion_dag.py                           1           0  0.72s           2026-06-11T02:52:13
================================================================================
[2026-06-11T02:53:04.035+0000] {manager.py:878} INFO - 
================================================================================
DAG File Processing Stats

File Path                                        PID    Runtime      # DAGs    # Errors  Last Runtime    Last Run
-----------------------------------------------  -----  ---------  --------  ----------  --------------  -------------------
/opt/airflow/dags/sp500_master_ingestion_dag.py                           1           0  0.79s           2026-06-11T02:52:44
================================================================================
[2026-06-11T02:53:34.072+0000] {manager.py:878} INFO - 
================================================================================
DAG File Processing Stats

File Path                                        PID    Runtime      # DAGs    # Errors  Last Runtime    Last Run
-----------------------------------------------  -----  ---------  --------  ----------  --------------  -------------------
/opt/airflow/dags/sp500_master_ingestion_dag.py                           1           0  0.85s           2026-06-11T02:53:14
================================================================================
[2026-06-11T02:53:57.022+0000] {manager.py:737} INFO - Searching for files in /opt/airflow/dags
[2026-06-11T02:53:57.040+0000] {manager.py:740} INFO - There are 1 files in /opt/airflow/dags
[2026-06-11T02:54:04.094+0000] {manager.py:878} INFO - 
================================================================================
DAG File Processing Stats

File Path                                        PID    Runtime      # DAGs    # Errors  Last Runtime    Last Run
-----------------------------------------------  -----  ---------  --------  ----------  --------------  -------------------
/opt/airflow/dags/sp500_master_ingestion_dag.py                           1           0  0.81s           2026-06-11T02:53:45
================================================================================
[2026-06-11T02:54:34.569+0000] {manager.py:878} INFO - 
================================================================================
DAG File Processing Stats

File Path                                        PID    Runtime      # DAGs    # Errors  Last Runtime    Last Run
-----------------------------------------------  -----  ---------  --------  ----------  --------------  -------------------
/opt/airflow/dags/sp500_master_ingestion_dag.py                           1           0  0.83s           2026-06-11T02:54:16
================================================================================
[2026-06-11T02:55:04.730+0000] {manager.py:878} INFO - 
================================================================================
DAG File Processing Stats

File Path                                        PID    Runtime      # DAGs    # Errors  Last Runtime    Last Run
-----------------------------------------------  -----  ---------  --------  ----------  --------------  -------------------
/opt/airflow/dags/sp500_master_ingestion_dag.py                           1           0  0.73s           2026-06-11T02:54:47
================================================================================
[2026-06-11T02:55:34.890+0000] {manager.py:878} INFO - 
================================================================================
DAG File Processing Stats

File Path                                        PID    Runtime      # DAGs    # Errors  Last Runtime    Last Run
-----------------------------------------------  -----  ---------  --------  ----------  --------------  -------------------
/opt/airflow/dags/sp500_master_ingestion_dag.py                           1           0  0.76s           2026-06-11T02:55:18
================================================================================
[2026-06-11T02:56:05.283+0000] {manager.py:878} INFO - 
================================================================================
DAG File Processing Stats

File Path                                        PID    Runtime      # DAGs    # Errors  Last Runtime    Last Run
-----------------------------------------------  -----  ---------  --------  ----------  --------------  -------------------
/opt/airflow/dags/sp500_master_ingestion_dag.py                           1           0  0.74s           2026-06-11T02:55:49
================================================================================
[2026-06-11T02:56:35.444+0000] {manager.py:878} INFO - 
================================================================================
DAG File Processing Stats

File Path                                        PID    Runtime      # DAGs    # Errors  Last Runtime    Last Run
-----------------------------------------------  -----  ---------  --------  ----------  --------------  -------------------
/opt/airflow/dags/sp500_master_ingestion_dag.py                           1           0  0.80s           2026-06-11T02:56:20
================================================================================
[2026-06-11T02:57:05.616+0000] {manager.py:878} INFO - 
================================================================================
DAG File Processing Stats

File Path                                        PID    Runtime      # DAGs    # Errors  Last Runtime    Last Run
-----------------------------------------------  -----  ---------  --------  ----------  --------------  -------------------
/opt/airflow/dags/sp500_master_ingestion_dag.py                           1           0  0.75s           2026-06-11T02:56:51
================================================================================
[2026-06-11T02:57:35.828+0000] {manager.py:878} INFO - 
================================================================================
DAG File Processing Stats

File Path                                        PID    Runtime      # DAGs    # Errors  Last Runtime    Last Run
-----------------------------------------------  -----  ---------  --------  ----------  --------------  -------------------
/opt/airflow/dags/sp500_master_ingestion_dag.py                           1           0  0.76s           2026-06-11T02:57:22
================================================================================
[2026-06-11T02:58:05.992+0000] {manager.py:878} INFO - 
================================================================================
DAG File Processing Stats

File Path                                        PID    Runtime      # DAGs    # Errors  Last Runtime    Last Run
-----------------------------------------------  -----  ---------  --------  ----------  --------------  -------------------
/opt/airflow/dags/sp500_master_ingestion_dag.py                           1           0  0.72s           2026-06-11T02:57:53
================================================================================
[2026-06-11T02:58:36.154+0000] {manager.py:878} INFO - 
================================================================================
DAG File Processing Stats

File Path                                        PID    Runtime      # DAGs    # Errors  Last Runtime    Last Run
-----------------------------------------------  -----  ---------  --------  ----------  --------------  -------------------
/opt/airflow/dags/sp500_master_ingestion_dag.py                           1           0  0.76s           2026-06-11T02:58:24
================================================================================
[2026-06-11T02:58:57.241+0000] {manager.py:737} INFO - Searching for files in /opt/airflow/dags
[2026-06-11T02:58:57.281+0000] {manager.py:740} INFO - There are 1 files in /opt/airflow/dags
[2026-06-11T02:59:06.345+0000] {manager.py:878} INFO - 
================================================================================
DAG File Processing Stats

File Path                                        PID    Runtime      # DAGs    # Errors  Last Runtime    Last Run
-----------------------------------------------  -----  ---------  --------  ----------  --------------  -------------------
/opt/airflow/dags/sp500_master_ingestion_dag.py                           1           0  0.76s           2026-06-11T02:58:55
================================================================================
[2026-06-11T02:59:36.359+0000] {manager.py:878} INFO - 
================================================================================
DAG File Processing Stats

File Path                                        PID    Runtime      # DAGs    # Errors  Last Runtime    Last Run
-----------------------------------------------  -----  ---------  --------  ----------  --------------  -------------------
/opt/airflow/dags/sp500_master_ingestion_dag.py                           1           0  0.84s           2026-06-11T02:59:26
================================================================================
[2026-06-11T03:00:06.405+0000] {manager.py:878} INFO - 
================================================================================
DAG File Processing Stats

File Path                                        PID    Runtime      # DAGs    # Errors  Last Runtime    Last Run
-----------------------------------------------  -----  ---------  --------  ----------  --------------  -------------------
/opt/airflow/dags/sp500_master_ingestion_dag.py                           1           0  0.88s           2026-06-11T02:59:57
================================================================================
[2026-06-11T03:00:36.971+0000] {manager.py:878} INFO - 
================================================================================
DAG File Processing Stats

File Path                                        PID    Runtime      # DAGs    # Errors  Last Runtime    Last Run
-----------------------------------------------  -----  ---------  --------  ----------  --------------  -------------------
/opt/airflow/dags/sp500_master_ingestion_dag.py                           1           0  0.75s           2026-06-11T03:00:28
================================================================================
[2026-06-11T03:01:07.145+0000] {manager.py:878} INFO - 
================================================================================
DAG File Processing Stats

File Path                                        PID    Runtime      # DAGs    # Errors  Last Runtime    Last Run
-----------------------------------------------  -----  ---------  --------  ----------  --------------  -------------------
/opt/airflow/dags/sp500_master_ingestion_dag.py                           1           0  0.85s           2026-06-11T03:00:59
================================================================================
[2026-06-11T03:01:37.491+0000] {manager.py:878} INFO - 
================================================================================
DAG File Processing Stats

File Path                                        PID    Runtime      # DAGs    # Errors  Last Runtime    Last Run
-----------------------------------------------  -----  ---------  --------  ----------  --------------  -------------------
/opt/airflow/dags/sp500_master_ingestion_dag.py                           1           0  1.20s           2026-06-11T03:01:30
================================================================================
[2026-06-11T03:02:07.667+0000] {manager.py:878} INFO - 
================================================================================
DAG File Processing Stats

File Path                                        PID    Runtime      # DAGs    # Errors  Last Runtime    Last Run
-----------------------------------------------  -----  ---------  --------  ----------  --------------  -------------------
/opt/airflow/dags/sp500_master_ingestion_dag.py                           1           0  0.93s           2026-06-11T03:02:01
================================================================================
[2026-06-11T03:02:37.910+0000] {manager.py:878} INFO - 
================================================================================
DAG File Processing Stats

File Path                                        PID    Runtime      # DAGs    # Errors  Last Runtime    Last Run
-----------------------------------------------  -----  ---------  --------  ----------  --------------  -------------------
/opt/airflow/dags/sp500_master_ingestion_dag.py                           1           0  0.77s           2026-06-11T03:02:32
================================================================================
[2026-06-11T03:03:08.059+0000] {manager.py:878} INFO - 
================================================================================
DAG File Processing Stats

File Path                                        PID    Runtime      # DAGs    # Errors  Last Runtime    Last Run
-----------------------------------------------  -----  ---------  --------  ----------  --------------  -------------------
/opt/airflow/dags/sp500_master_ingestion_dag.py                           1           0  0.89s           2026-06-11T03:03:03
================================================================================
[2026-06-11T03:03:38.209+0000] {manager.py:878} INFO - 
================================================================================
DAG File Processing Stats

File Path                                        PID    Runtime      # DAGs    # Errors  Last Runtime    Last Run
-----------------------------------------------  -----  ---------  --------  ----------  --------------  -------------------
/opt/airflow/dags/sp500_master_ingestion_dag.py                           1           0  0.88s           2026-06-11T03:03:34
================================================================================
[2026-06-11T03:03:57.306+0000] {manager.py:737} INFO - Searching for files in /opt/airflow/dags
[2026-06-11T03:03:57.327+0000] {manager.py:740} INFO - There are 1 files in /opt/airflow/dags
[2026-06-11T03:04:08.394+0000] {manager.py:878} INFO - 
================================================================================
DAG File Processing Stats

File Path                                        PID    Runtime      # DAGs    # Errors  Last Runtime    Last Run
-----------------------------------------------  -----  ---------  --------  ----------  --------------  -------------------
/opt/airflow/dags/sp500_master_ingestion_dag.py                           1           0  0.78s           2026-06-11T03:04:05
================================================================================
[2026-06-11T03:04:38.557+0000] {manager.py:878} INFO - 
================================================================================
DAG File Processing Stats

File Path                                        PID    Runtime      # DAGs    # Errors  Last Runtime    Last Run
-----------------------------------------------  -----  ---------  --------  ----------  --------------  -------------------
/opt/airflow/dags/sp500_master_ingestion_dag.py                           1           0  0.89s           2026-06-11T03:04:36
================================================================================
[2026-06-11T03:05:08.573+0000] {manager.py:878} INFO - 
================================================================================
DAG File Processing Stats

File Path                                        PID    Runtime      # DAGs    # Errors  Last Runtime    Last Run
-----------------------------------------------  -----  ---------  --------  ----------  --------------  -------------------
/opt/airflow/dags/sp500_master_ingestion_dag.py                           1           0  0.84s           2026-06-11T03:05:07
================================================================================
[2026-06-11T03:05:38.992+0000] {manager.py:878} INFO - 
================================================================================
DAG File Processing Stats

File Path                                        PID    Runtime      # DAGs    # Errors  Last Runtime    Last Run
-----------------------------------------------  -----  ---------  --------  ----------  --------------  -------------------
/opt/airflow/dags/sp500_master_ingestion_dag.py                           1           0  0.80s           2026-06-11T03:05:38
================================================================================
[2026-06-11T03:06:09.149+0000] {manager.py:878} INFO - 
================================================================================
DAG File Processing Stats

File Path                                          PID  Runtime      # DAGs    # Errors  Last Runtime    Last Run
-----------------------------------------------  -----  ---------  --------  ----------  --------------  -------------------
/opt/airflow/dags/sp500_master_ingestion_dag.py   4669  0.45s             1           0  0.80s           2026-06-11T03:05:38
================================================================================
[2026-06-11T03:06:39.311+0000] {manager.py:878} INFO - 
================================================================================
DAG File Processing Stats

File Path                                        PID    Runtime      # DAGs    # Errors  Last Runtime    Last Run
-----------------------------------------------  -----  ---------  --------  ----------  --------------  -------------------
/opt/airflow/dags/sp500_master_ingestion_dag.py                           1           0  0.77s           2026-06-11T03:06:09
================================================================================
[2026-06-11T03:07:09.824+0000] {manager.py:878} INFO - 
================================================================================
DAG File Processing Stats

File Path                                          PID  Runtime      # DAGs    # Errors  Last Runtime    Last Run
-----------------------------------------------  -----  ---------  --------  ----------  --------------  -------------------
/opt/airflow/dags/sp500_master_ingestion_dag.py   4680  0.00s             0           1  0.08s           2026-06-11T03:06:39
================================================================================
[2026-06-11T03:07:40.030+0000] {manager.py:878} INFO - 
================================================================================
DAG File Processing Stats

File Path                                          PID  Runtime      # DAGs    # Errors  Last Runtime    Last Run
-----------------------------------------------  -----  ---------  --------  ----------  --------------  -------------------
/opt/airflow/dags/sp500_master_ingestion_dag.py   4685  0.00s             0           1  0.09s           2026-06-11T03:07:09
================================================================================
[2026-06-11T03:08:10.236+0000] {manager.py:878} INFO - 
================================================================================
DAG File Processing Stats

File Path                                          PID  Runtime      # DAGs    # Errors  Last Runtime    Last Run
-----------------------------------------------  -----  ---------  --------  ----------  --------------  -------------------
/opt/airflow/dags/sp500_master_ingestion_dag.py   4690  0.00s             0           1  0.10s           2026-06-11T03:07:40
================================================================================
[2026-06-11T03:08:40.439+0000] {manager.py:878} INFO - 
================================================================================
DAG File Processing Stats

File Path                                          PID  Runtime      # DAGs    # Errors  Last Runtime    Last Run
-----------------------------------------------  -----  ---------  --------  ----------  --------------  -------------------
/opt/airflow/dags/sp500_master_ingestion_dag.py   4695  0.00s             0           1  0.09s           2026-06-11T03:08:10
================================================================================
[2026-06-11T03:08:57.623+0000] {manager.py:737} INFO - Searching for files in /opt/airflow/dags
[2026-06-11T03:08:57.651+0000] {manager.py:740} INFO - There are 1 files in /opt/airflow/dags
[2026-06-11T03:09:10.860+0000] {manager.py:878} INFO - 
================================================================================
DAG File Processing Stats

File Path                                        PID    Runtime      # DAGs    # Errors  Last Runtime    Last Run
-----------------------------------------------  -----  ---------  --------  ----------  --------------  -------------------
/opt/airflow/dags/sp500_master_ingestion_dag.py                           0           1  0.12s           2026-06-11T03:09:03
================================================================================
[2026-06-11T03:09:12.470+0000] {manager.py:452} INFO - Exiting gracefully upon receiving signal 15
[2026-06-11T03:10:15.242+0000] {manager.py:470} INFO - Processing files using up to 2 processes at a time 
[2026-06-11T03:10:15.245+0000] {manager.py:471} INFO - Process each file at most once every 30 seconds
[2026-06-11T03:10:15.248+0000] {manager.py:472} INFO - Checking for new files in /opt/airflow/dags every 300 seconds
[2026-06-11T03:10:15.250+0000] {manager.py:737} INFO - Searching for files in /opt/airflow/dags
[2026-06-11T03:10:15.292+0000] {manager.py:740} INFO - There are 1 files in /opt/airflow/dags
[2026-06-11T03:10:15.394+0000] {manager.py:878} INFO - 
================================================================================
DAG File Processing Stats

File Path                                          PID  Runtime      # DAGs    # Errors  Last Runtime    Last Run
-----------------------------------------------  -----  ---------  --------  ----------  --------------  ----------
/opt/airflow/dags/sp500_master_ingestion_dag.py    195  0.04s             0           0
================================================================================
[2026-06-11T03:10:45.559+0000] {manager.py:878} INFO - 
================================================================================
DAG File Processing Stats

File Path                                        PID    Runtime      # DAGs    # Errors  Last Runtime    Last Run
-----------------------------------------------  -----  ---------  --------  ----------  --------------  -------------------
/opt/airflow/dags/sp500_master_ingestion_dag.py                           1           0  2.35s           2026-06-11T03:10:17
================================================================================
[2026-06-11T03:11:15.723+0000] {manager.py:878} INFO - 
================================================================================
DAG File Processing Stats

File Path                                        PID    Runtime      # DAGs    # Errors  Last Runtime    Last Run
-----------------------------------------------  -----  ---------  --------  ----------  --------------  -------------------
/opt/airflow/dags/sp500_master_ingestion_dag.py                           1           0  0.95s           2026-06-11T03:10:48
================================================================================
[2026-06-11T03:11:45.881+0000] {manager.py:878} INFO - 
================================================================================
DAG File Processing Stats

File Path                                        PID    Runtime      # DAGs    # Errors  Last Runtime    Last Run
-----------------------------------------------  -----  ---------  --------  ----------  --------------  -------------------
/opt/airflow/dags/sp500_master_ingestion_dag.py                           1           0  0.86s           2026-06-11T03:11:19
================================================================================
[2026-06-11T03:12:08.511+0000] {manager.py:452} INFO - Exiting gracefully upon receiving signal 15
