[2026-06-11T02:49:05.242+0000] {local_task_job_runner.py:120} INFO - ::group::Pre task execution logs
[2026-06-11T02:49:05.277+0000] {taskinstance.py:2076} INFO - Dependencies all met for dep_context=non-requeueable deps ti=<TaskInstance: sp500_master_ingestion_pipeline.extract_daily_data scheduled__2026-06-09T20:30:00+00:00 [queued]>
[2026-06-11T02:49:05.284+0000] {taskinstance.py:2076} INFO - Dependencies all met for dep_context=requeueable deps ti=<TaskInstance: sp500_master_ingestion_pipeline.extract_daily_data scheduled__2026-06-09T20:30:00+00:00 [queued]>
[2026-06-11T02:49:05.285+0000] {taskinstance.py:2306} INFO - Starting attempt 1 of 3
[2026-06-11T02:49:05.297+0000] {taskinstance.py:2330} INFO - Executing <Task(PythonOperator): extract_daily_data> on 2026-06-09 20:30:00+00:00
[2026-06-11T02:49:05.304+0000] {standard_task_runner.py:90} INFO - Running: ['***', 'tasks', 'run', 'sp500_master_ingestion_pipeline', 'extract_daily_data', 'scheduled__2026-06-09T20:30:00+00:00', '--job-id', '2', '--raw', '--subdir', 'DAGS_FOLDER/sp500_master_ingestion_dag.py', '--cfg-path', '/tmp/tmpj5ny41zi']
[2026-06-11T02:49:05.308+0000] {standard_task_runner.py:91} INFO - Job 2: Subtask extract_daily_data
[2026-06-11T02:49:05.308+0000] {logging_mixin.py:188} WARNING - /home/***/.local/lib/python3.12/site-packages/***/task/task_runner/standard_task_runner.py:61 DeprecationWarning: This process (pid=423) is multi-threaded, use of fork() may lead to deadlocks in the child.
[2026-06-11T02:49:05.311+0000] {standard_task_runner.py:63} INFO - Started process 425 to run task
[2026-06-11T02:49:05.366+0000] {task_command.py:426} INFO - Running <TaskInstance: sp500_master_ingestion_pipeline.extract_daily_data scheduled__2026-06-09T20:30:00+00:00 [running]> on host ea2d499810bc
[2026-06-11T02:49:05.438+0000] {taskinstance.py:2648} INFO - Exporting env vars: AIRFLOW_CTX_DAG_OWNER='data_engineering_team' AIRFLOW_CTX_DAG_ID='sp500_master_ingestion_pipeline' AIRFLOW_CTX_TASK_ID='extract_daily_data' AIRFLOW_CTX_EXECUTION_DATE='2026-06-09T20:30:00+00:00' AIRFLOW_CTX_TRY_NUMBER='1' AIRFLOW_CTX_DAG_RUN_ID='scheduled__2026-06-09T20:30:00+00:00'
[2026-06-11T02:49:05.440+0000] {taskinstance.py:430} INFO - ::endgroup::
[2026-06-11T02:49:05.470+0000] {minio_fetching_data_daily.py:43} INFO - Fetching S&P 500 tickers from Wikipedia …
[2026-06-11T02:49:05.969+0000] {minio_fetching_data_daily.py:52} INFO - Found 503 tickers.
[2026-06-11T02:49:11.309+0000] {minio_fetching_data_daily.py:154} INFO - New tickers: 0 | To update: 503 | End date: 2026-06-11
[2026-06-11T02:49:11.310+0000] {minio_fetching_data_daily.py:160} INFO - Batch 1 | start=2026-06-09 | 50 tickers
[2026-06-11T02:49:11.315+0000] {cache.py:132} INFO - Failed to create TzCache, reason: Error creating TzCache folder: '/home/***/.cache/py-yfinance' reason: [Errno 17] File exists: '/home/***/.cache/py-yfinance'. TzCache will not be used. Tip: You can direct cache to use a different location with 'set_tz_cache_location(mylocation)'
[2026-06-11T02:49:11.317+0000] {cache.py:132} INFO - Failed to create TzCache, reason: Error creating TzCache folder: '/home/***/.cache/py-yfinance' reason: [Errno 17] File exists: '/home/***/.cache/py-yfinance'. TzCache will not be used. Tip: You can direct cache to use a different location with 'set_tz_cache_location(mylocation)'
[2026-06-11T02:49:14.355+0000] {minio_fetching_data_daily.py:111} INFO -   MMM: +2 rows → 2513 total in MinIO
[2026-06-11T02:49:14.391+0000] {minio_fetching_data_daily.py:111} INFO -   AOS: +2 rows → 2513 total in MinIO
[2026-06-11T02:49:14.419+0000] {minio_fetching_data_daily.py:111} INFO -   ABT: +2 rows → 2513 total in MinIO
[2026-06-11T02:49:14.447+0000] {minio_fetching_data_daily.py:111} INFO -   ABBV: +2 rows → 2513 total in MinIO
[2026-06-11T02:49:14.474+0000] {minio_fetching_data_daily.py:111} INFO -   ACN: +2 rows → 2513 total in MinIO
[2026-06-11T02:49:14.501+0000] {minio_fetching_data_daily.py:111} INFO -   ADBE: +2 rows → 2513 total in MinIO
[2026-06-11T02:49:14.528+0000] {minio_fetching_data_daily.py:111} INFO -   AMD: +2 rows → 2513 total in MinIO
[2026-06-11T02:49:14.555+0000] {minio_fetching_data_daily.py:111} INFO -   AES: +2 rows → 2513 total in MinIO
[2026-06-11T02:49:14.582+0000] {minio_fetching_data_daily.py:111} INFO -   AFL: +2 rows → 2513 total in MinIO
[2026-06-11T02:49:14.611+0000] {minio_fetching_data_daily.py:111} INFO -   A: +2 rows → 2513 total in MinIO
[2026-06-11T02:49:14.639+0000] {minio_fetching_data_daily.py:111} INFO -   APD: +2 rows → 2513 total in MinIO
[2026-06-11T02:49:14.664+0000] {minio_fetching_data_daily.py:111} INFO -   ABNB: +2 rows → 1380 total in MinIO
[2026-06-11T02:49:14.686+0000] {minio_fetching_data_daily.py:111} INFO -   AKAM: +2 rows → 2513 total in MinIO
[2026-06-11T02:49:14.712+0000] {minio_fetching_data_daily.py:111} INFO -   ALB: +2 rows → 2513 total in MinIO
[2026-06-11T02:49:14.741+0000] {minio_fetching_data_daily.py:111} INFO -   ARE: +2 rows → 2513 total in MinIO
[2026-06-11T02:49:14.767+0000] {minio_fetching_data_daily.py:111} INFO -   ALGN: +2 rows → 2513 total in MinIO
[2026-06-11T02:49:14.793+0000] {minio_fetching_data_daily.py:111} INFO -   ALLE: +2 rows → 2513 total in MinIO
[2026-06-11T02:49:14.822+0000] {minio_fetching_data_daily.py:111} INFO -   LNT: +2 rows → 2513 total in MinIO
[2026-06-11T02:49:14.851+0000] {minio_fetching_data_daily.py:111} INFO -   ALL: +2 rows → 2513 total in MinIO
[2026-06-11T02:49:14.879+0000] {minio_fetching_data_daily.py:111} INFO -   GOOGL: +2 rows → 2513 total in MinIO
[2026-06-11T02:49:14.908+0000] {minio_fetching_data_daily.py:111} INFO -   GOOG: +2 rows → 2513 total in MinIO
[2026-06-11T02:49:14.935+0000] {minio_fetching_data_daily.py:111} INFO -   MO: +2 rows → 2513 total in MinIO
[2026-06-11T02:49:14.963+0000] {minio_fetching_data_daily.py:111} INFO -   AMZN: +2 rows → 2513 total in MinIO
[2026-06-11T02:49:14.990+0000] {minio_fetching_data_daily.py:111} INFO -   AMCR: +2 rows → 2513 total in MinIO
[2026-06-11T02:49:15.016+0000] {minio_fetching_data_daily.py:111} INFO -   AEE: +2 rows → 2513 total in MinIO
[2026-06-11T02:49:15.045+0000] {minio_fetching_data_daily.py:111} INFO -   AEP: +2 rows → 2513 total in MinIO
[2026-06-11T02:49:15.074+0000] {minio_fetching_data_daily.py:111} INFO -   AXP: +2 rows → 2513 total in MinIO
[2026-06-11T02:49:15.104+0000] {minio_fetching_data_daily.py:111} INFO -   AIG: +2 rows → 2513 total in MinIO
[2026-06-11T02:49:15.133+0000] {minio_fetching_data_daily.py:111} INFO -   AMT: +2 rows → 2513 total in MinIO
[2026-06-11T02:49:15.161+0000] {minio_fetching_data_daily.py:111} INFO -   AWK: +2 rows → 2513 total in MinIO
[2026-06-11T02:49:15.189+0000] {minio_fetching_data_daily.py:111} INFO -   AMP: +2 rows → 2513 total in MinIO
[2026-06-11T02:49:15.217+0000] {minio_fetching_data_daily.py:111} INFO -   AME: +2 rows → 2513 total in MinIO
[2026-06-11T02:49:15.248+0000] {minio_fetching_data_daily.py:111} INFO -   AMGN: +2 rows → 2513 total in MinIO
[2026-06-11T02:49:15.277+0000] {minio_fetching_data_daily.py:111} INFO -   APH: +2 rows → 2513 total in MinIO
[2026-06-11T02:49:15.304+0000] {minio_fetching_data_daily.py:111} INFO -   ADI: +2 rows → 2513 total in MinIO
[2026-06-11T02:49:15.330+0000] {minio_fetching_data_daily.py:111} INFO -   AON: +2 rows → 2513 total in MinIO
[2026-06-11T02:49:15.358+0000] {minio_fetching_data_daily.py:111} INFO -   APA: +2 rows → 2513 total in MinIO
[2026-06-11T02:49:15.383+0000] {minio_fetching_data_daily.py:111} INFO -   APO: +2 rows → 2513 total in MinIO
[2026-06-11T02:49:15.410+0000] {minio_fetching_data_daily.py:111} INFO -   AAPL: +2 rows → 2513 total in MinIO
[2026-06-11T02:49:15.438+0000] {minio_fetching_data_daily.py:111} INFO -   AMAT: +2 rows → 2513 total in MinIO
[2026-06-11T02:49:15.463+0000] {minio_fetching_data_daily.py:111} INFO -   APP: +2 rows → 1295 total in MinIO
[2026-06-11T02:49:15.485+0000] {minio_fetching_data_daily.py:111} INFO -   APTV: +2 rows → 2513 total in MinIO
[2026-06-11T02:49:15.514+0000] {minio_fetching_data_daily.py:111} INFO -   ACGL: +2 rows → 2513 total in MinIO
[2026-06-11T02:49:15.541+0000] {minio_fetching_data_daily.py:111} INFO -   ADM: +2 rows → 2513 total in MinIO
[2026-06-11T02:49:15.568+0000] {minio_fetching_data_daily.py:111} INFO -   ARES: +2 rows → 2513 total in MinIO
[2026-06-11T02:49:15.594+0000] {minio_fetching_data_daily.py:111} INFO -   ANET: +2 rows → 2513 total in MinIO
[2026-06-11T02:49:15.622+0000] {minio_fetching_data_daily.py:111} INFO -   AJG: +2 rows → 2513 total in MinIO
[2026-06-11T02:49:15.649+0000] {minio_fetching_data_daily.py:111} INFO -   AIZ: +2 rows → 2513 total in MinIO
[2026-06-11T02:49:15.676+0000] {minio_fetching_data_daily.py:111} INFO -   T: +2 rows → 2513 total in MinIO
[2026-06-11T02:49:15.703+0000] {minio_fetching_data_daily.py:111} INFO -   ATO: +2 rows → 2513 total in MinIO
[2026-06-11T02:49:17.722+0000] {minio_fetching_data_daily.py:160} INFO - Batch 2 | start=2026-06-09 | 50 tickers
[2026-06-11T02:49:19.414+0000] {minio_fetching_data_daily.py:111} INFO -   ADSK: +2 rows → 2513 total in MinIO
[2026-06-11T02:49:19.441+0000] {minio_fetching_data_daily.py:111} INFO -   ADP: +2 rows → 2513 total in MinIO
[2026-06-11T02:49:19.469+0000] {minio_fetching_data_daily.py:111} INFO -   AZO: +2 rows → 2513 total in MinIO
[2026-06-11T02:49:19.497+0000] {minio_fetching_data_daily.py:111} INFO -   AVB: +2 rows → 2513 total in MinIO
[2026-06-11T02:49:19.524+0000] {minio_fetching_data_daily.py:111} INFO -   AVY: +2 rows → 2513 total in MinIO
[2026-06-11T02:49:19.552+0000] {minio_fetching_data_daily.py:111} INFO -   AXON: +2 rows → 2513 total in MinIO
[2026-06-11T02:49:19.578+0000] {minio_fetching_data_daily.py:111} INFO -   BKR: +2 rows → 2513 total in MinIO
[2026-06-11T02:49:19.606+0000] {minio_fetching_data_daily.py:111} INFO -   BALL: +2 rows → 2513 total in MinIO
[2026-06-11T02:49:19.633+0000] {minio_fetching_data_daily.py:111} INFO -   BAC: +2 rows → 2513 total in MinIO
[2026-06-11T02:49:19.660+0000] {minio_fetching_data_daily.py:111} INFO -   BAX: +2 rows → 2513 total in MinIO
[2026-06-11T02:49:19.687+0000] {minio_fetching_data_daily.py:111} INFO -   BDX: +2 rows → 2513 total in MinIO
[2026-06-11T02:49:19.714+0000] {minio_fetching_data_daily.py:111} INFO -   BRK-B: +2 rows → 2513 total in MinIO
[2026-06-11T02:49:19.741+0000] {minio_fetching_data_daily.py:111} INFO -   BBY: +2 rows → 2513 total in MinIO
[2026-06-11T02:49:19.768+0000] {minio_fetching_data_daily.py:111} INFO -   TECH: +2 rows → 2513 total in MinIO
[2026-06-11T02:49:19.802+0000] {minio_fetching_data_daily.py:111} INFO -   BIIB: +2 rows → 2513 total in MinIO
[2026-06-11T02:49:19.829+0000] {minio_fetching_data_daily.py:111} INFO -   BLK: +2 rows → 2513 total in MinIO
[2026-06-11T02:49:19.855+0000] {minio_fetching_data_daily.py:111} INFO -   BX: +2 rows → 2513 total in MinIO
[2026-06-11T02:49:19.884+0000] {minio_fetching_data_daily.py:111} INFO -   XYZ: +2 rows → 2513 total in MinIO
[2026-06-11T02:49:19.912+0000] {minio_fetching_data_daily.py:111} INFO -   BNY: +2 rows → 2513 total in MinIO
[2026-06-11T02:49:19.940+0000] {minio_fetching_data_daily.py:111} INFO -   BA: +2 rows → 2513 total in MinIO
[2026-06-11T02:49:19.968+0000] {minio_fetching_data_daily.py:111} INFO -   BKNG: +2 rows → 2513 total in MinIO
[2026-06-11T02:49:20.002+0000] {minio_fetching_data_daily.py:111} INFO -   BSX: +2 rows → 2513 total in MinIO
[2026-06-11T02:49:20.030+0000] {minio_fetching_data_daily.py:111} INFO -   BMY: +2 rows → 2513 total in MinIO
[2026-06-11T02:49:20.058+0000] {minio_fetching_data_daily.py:111} INFO -   AVGO: +2 rows → 2513 total in MinIO
[2026-06-11T02:49:20.090+0000] {minio_fetching_data_daily.py:111} INFO -   BR: +2 rows → 2513 total in MinIO
[2026-06-11T02:49:20.119+0000] {minio_fetching_data_daily.py:111} INFO -   BRO: +2 rows → 2513 total in MinIO
[2026-06-11T02:49:20.147+0000] {minio_fetching_data_daily.py:111} INFO -   BF-B: +2 rows → 2513 total in MinIO
[2026-06-11T02:49:20.173+0000] {minio_fetching_data_daily.py:111} INFO -   BLDR: +2 rows → 2513 total in MinIO
[2026-06-11T02:49:20.200+0000] {minio_fetching_data_daily.py:111} INFO -   BG: +2 rows → 2513 total in MinIO
[2026-06-11T02:49:20.227+0000] {minio_fetching_data_daily.py:111} INFO -   BXP: +2 rows → 2513 total in MinIO
[2026-06-11T02:49:20.254+0000] {minio_fetching_data_daily.py:111} INFO -   CHRW: +2 rows → 2513 total in MinIO
[2026-06-11T02:49:20.281+0000] {minio_fetching_data_daily.py:111} INFO -   CDNS: +2 rows → 2513 total in MinIO
[2026-06-11T02:49:20.308+0000] {minio_fetching_data_daily.py:111} INFO -   CPT: +2 rows → 2513 total in MinIO
[2026-06-11T02:49:20.334+0000] {minio_fetching_data_daily.py:111} INFO -   CPB: +2 rows → 2513 total in MinIO
[2026-06-11T02:49:20.361+0000] {minio_fetching_data_daily.py:111} INFO -   COF: +2 rows → 2513 total in MinIO
[2026-06-11T02:49:20.391+0000] {minio_fetching_data_daily.py:111} INFO -   CAH: +2 rows → 2513 total in MinIO
[2026-06-11T02:49:20.423+0000] {minio_fetching_data_daily.py:111} INFO -   CCL: +2 rows → 2513 total in MinIO
[2026-06-11T02:49:20.455+0000] {minio_fetching_data_daily.py:111} INFO -   CARR: +2 rows → 1565 total in MinIO
[2026-06-11T02:49:20.482+0000] {minio_fetching_data_daily.py:111} INFO -   CVNA: +2 rows → 2292 total in MinIO
[2026-06-11T02:49:20.515+0000] {minio_fetching_data_daily.py:111} INFO -   CASY: +2 rows → 2513 total in MinIO
[2026-06-11T02:49:20.544+0000] {minio_fetching_data_daily.py:111} INFO -   CAT: +2 rows → 2513 total in MinIO
[2026-06-11T02:49:20.571+0000] {minio_fetching_data_daily.py:111} INFO -   CBOE: +2 rows → 2513 total in MinIO
[2026-06-11T02:49:20.598+0000] {minio_fetching_data_daily.py:111} INFO -   CBRE: +2 rows → 2513 total in MinIO
[2026-06-11T02:49:20.629+0000] {minio_fetching_data_daily.py:111} INFO -   CDW: +2 rows → 2513 total in MinIO
[2026-06-11T02:49:20.658+0000] {minio_fetching_data_daily.py:111} INFO -   COR: +2 rows → 2513 total in MinIO
[2026-06-11T02:49:20.687+0000] {minio_fetching_data_daily.py:111} INFO -   CNC: +2 rows → 2513 total in MinIO
[2026-06-11T02:49:20.714+0000] {minio_fetching_data_daily.py:111} INFO -   CNP: +2 rows → 2513 total in MinIO
[2026-06-11T02:49:20.741+0000] {minio_fetching_data_daily.py:111} INFO -   CF: +2 rows → 2513 total in MinIO
[2026-06-11T02:49:20.769+0000] {minio_fetching_data_daily.py:111} INFO -   CRL: +2 rows → 2513 total in MinIO
[2026-06-11T02:49:20.796+0000] {minio_fetching_data_daily.py:111} INFO -   SCHW: +2 rows → 2513 total in MinIO
[2026-06-11T02:49:22.816+0000] {minio_fetching_data_daily.py:160} INFO - Batch 3 | start=2026-06-09 | 50 tickers
[2026-06-11T02:49:24.558+0000] {minio_fetching_data_daily.py:111} INFO -   CHTR: +2 rows → 2513 total in MinIO
[2026-06-11T02:49:24.587+0000] {minio_fetching_data_daily.py:111} INFO -   CVX: +2 rows → 2513 total in MinIO
[2026-06-11T02:49:24.621+0000] {minio_fetching_data_daily.py:111} INFO -   CMG: +2 rows → 2513 total in MinIO
[2026-06-11T02:49:24.652+0000] {minio_fetching_data_daily.py:111} INFO -   CB: +2 rows → 2513 total in MinIO
[2026-06-11T02:49:24.685+0000] {minio_fetching_data_daily.py:111} INFO -   CHD: +2 rows → 2513 total in MinIO
[2026-06-11T02:49:24.713+0000] {minio_fetching_data_daily.py:111} INFO -   CIEN: +2 rows → 2513 total in MinIO
[2026-06-11T02:49:24.742+0000] {minio_fetching_data_daily.py:111} INFO -   CI: +2 rows → 2513 total in MinIO
[2026-06-11T02:49:24.773+0000] {minio_fetching_data_daily.py:111} INFO -   CINF: +2 rows → 2513 total in MinIO
[2026-06-11T02:49:24.802+0000] {minio_fetching_data_daily.py:111} INFO -   CTAS: +2 rows → 2513 total in MinIO
[2026-06-11T02:49:24.837+0000] {minio_fetching_data_daily.py:111} INFO -   CSCO: +2 rows → 2513 total in MinIO
[2026-06-11T02:49:24.869+0000] {minio_fetching_data_daily.py:111} INFO -   C: +2 rows → 2513 total in MinIO
[2026-06-11T02:49:24.896+0000] {minio_fetching_data_daily.py:111} INFO -   CFG: +2 rows → 2513 total in MinIO
[2026-06-11T02:49:24.927+0000] {minio_fetching_data_daily.py:111} INFO -   CLX: +2 rows → 2513 total in MinIO
[2026-06-11T02:49:24.962+0000] {minio_fetching_data_daily.py:111} INFO -   CME: +2 rows → 2513 total in MinIO
[2026-06-11T02:49:24.993+0000] {minio_fetching_data_daily.py:111} INFO -   CMS: +2 rows → 2513 total in MinIO
[2026-06-11T02:49:25.024+0000] {minio_fetching_data_daily.py:111} INFO -   KO: +2 rows → 2513 total in MinIO
[2026-06-11T02:49:25.055+0000] {minio_fetching_data_daily.py:111} INFO -   CTSH: +2 rows → 2513 total in MinIO
[2026-06-11T02:49:25.085+0000] {minio_fetching_data_daily.py:111} INFO -   COHR: +2 rows → 2513 total in MinIO
[2026-06-11T02:49:25.115+0000] {minio_fetching_data_daily.py:111} INFO -   COIN: +2 rows → 1296 total in MinIO
[2026-06-11T02:49:25.139+0000] {minio_fetching_data_daily.py:111} INFO -   CL: +2 rows → 2513 total in MinIO
[2026-06-11T02:49:25.167+0000] {minio_fetching_data_daily.py:111} INFO -   CMCSA: +2 rows → 2513 total in MinIO
[2026-06-11T02:49:25.199+0000] {minio_fetching_data_daily.py:111} INFO -   FIX: +2 rows → 2513 total in MinIO
[2026-06-11T02:49:25.229+0000] {minio_fetching_data_daily.py:111} INFO -   CAG: +2 rows → 2513 total in MinIO
[2026-06-11T02:49:25.261+0000] {minio_fetching_data_daily.py:111} INFO -   COP: +2 rows → 2513 total in MinIO
[2026-06-11T02:49:25.291+0000] {minio_fetching_data_daily.py:111} INFO -   ED: +2 rows → 2513 total in MinIO
[2026-06-11T02:49:25.318+0000] {minio_fetching_data_daily.py:111} INFO -   STZ: +2 rows → 2513 total in MinIO
[2026-06-11T02:49:25.344+0000] {minio_fetching_data_daily.py:111} INFO -   CEG: +2 rows → 1102 total in MinIO
[2026-06-11T02:49:25.367+0000] {minio_fetching_data_daily.py:111} INFO -   COO: +2 rows → 2513 total in MinIO
[2026-06-11T02:49:25.396+0000] {minio_fetching_data_daily.py:111} INFO -   CPRT: +2 rows → 2513 total in MinIO
[2026-06-11T02:49:25.425+0000] {minio_fetching_data_daily.py:111} INFO -   GLW: +2 rows → 2513 total in MinIO
[2026-06-11T02:49:25.453+0000] {minio_fetching_data_daily.py:111} INFO -   CPAY: +2 rows → 2513 total in MinIO
[2026-06-11T02:49:25.483+0000] {minio_fetching_data_daily.py:111} INFO -   CTVA: +2 rows → 1771 total in MinIO
[2026-06-11T02:49:25.511+0000] {minio_fetching_data_daily.py:111} INFO -   CSGP: +2 rows → 2513 total in MinIO
[2026-06-11T02:49:25.543+0000] {minio_fetching_data_daily.py:111} INFO -   COST: +2 rows → 2513 total in MinIO
[2026-06-11T02:49:25.576+0000] {minio_fetching_data_daily.py:111} INFO -   CRH: +2 rows → 2513 total in MinIO
[2026-06-11T02:49:25.604+0000] {minio_fetching_data_daily.py:111} INFO -   CRWD: +2 rows → 1759 total in MinIO
[2026-06-11T02:49:25.630+0000] {minio_fetching_data_daily.py:111} INFO -   CCI: +2 rows → 2513 total in MinIO
[2026-06-11T02:49:25.659+0000] {minio_fetching_data_daily.py:111} INFO -   CSX: +2 rows → 2513 total in MinIO
[2026-06-11T02:49:25.689+0000] {minio_fetching_data_daily.py:111} INFO -   CMI: +2 rows → 2513 total in MinIO
[2026-06-11T02:49:25.720+0000] {minio_fetching_data_daily.py:111} INFO -   CVS: +2 rows → 2513 total in MinIO
[2026-06-11T02:49:25.749+0000] {minio_fetching_data_daily.py:111} INFO -   DHR: +2 rows → 2513 total in MinIO
[2026-06-11T02:49:25.781+0000] {minio_fetching_data_daily.py:111} INFO -   DRI: +2 rows → 2513 total in MinIO
[2026-06-11T02:49:25.807+0000] {minio_fetching_data_daily.py:111} INFO -   DDOG: +2 rows → 1690 total in MinIO
[2026-06-11T02:49:25.842+0000] {minio_fetching_data_daily.py:111} INFO -   DVA: +2 rows → 2513 total in MinIO
[2026-06-11T02:49:25.873+0000] {minio_fetching_data_daily.py:111} INFO -   DECK: +2 rows → 2513 total in MinIO
[2026-06-11T02:49:25.905+0000] {minio_fetching_data_daily.py:111} INFO -   DE: +2 rows → 2513 total in MinIO
[2026-06-11T02:49:25.938+0000] {minio_fetching_data_daily.py:111} INFO -   DELL: +2 rows → 2467 total in MinIO
[2026-06-11T02:49:25.969+0000] {minio_fetching_data_daily.py:111} INFO -   DAL: +2 rows → 2513 total in MinIO
[2026-06-11T02:49:25.998+0000] {minio_fetching_data_daily.py:111} INFO -   DVN: +2 rows → 2513 total in MinIO
[2026-06-11T02:49:26.027+0000] {minio_fetching_data_daily.py:111} INFO -   DXCM: +2 rows → 2513 total in MinIO
[2026-06-11T02:49:28.053+0000] {minio_fetching_data_daily.py:160} INFO - Batch 4 | start=2026-06-09 | 50 tickers
[2026-06-11T02:49:29.683+0000] {minio_fetching_data_daily.py:111} INFO -   FANG: +2 rows → 2513 total in MinIO
[2026-06-11T02:49:29.714+0000] {minio_fetching_data_daily.py:111} INFO -   DLR: +2 rows → 2513 total in MinIO
[2026-06-11T02:49:29.741+0000] {minio_fetching_data_daily.py:111} INFO -   DG: +2 rows → 2513 total in MinIO
[2026-06-11T02:49:29.769+0000] {minio_fetching_data_daily.py:111} INFO -   DLTR: +2 rows → 2513 total in MinIO
[2026-06-11T02:49:29.798+0000] {minio_fetching_data_daily.py:111} INFO -   D: +2 rows → 2513 total in MinIO
[2026-06-11T02:49:29.826+0000] {minio_fetching_data_daily.py:111} INFO -   DPZ: +2 rows → 2513 total in MinIO
[2026-06-11T02:49:29.853+0000] {minio_fetching_data_daily.py:111} INFO -   DASH: +2 rows → 1381 total in MinIO
[2026-06-11T02:49:29.876+0000] {minio_fetching_data_daily.py:111} INFO -   DOV: +2 rows → 2513 total in MinIO
[2026-06-11T02:49:29.901+0000] {minio_fetching_data_daily.py:111} INFO -   DOW: +2 rows → 1817 total in MinIO
[2026-06-11T02:49:29.929+0000] {minio_fetching_data_daily.py:111} INFO -   DHI: +2 rows → 2513 total in MinIO
[2026-06-11T02:49:29.962+0000] {minio_fetching_data_daily.py:111} INFO -   DTE: +2 rows → 2513 total in MinIO
[2026-06-11T02:49:29.997+0000] {minio_fetching_data_daily.py:111} INFO -   DUK: +2 rows → 2513 total in MinIO
[2026-06-11T02:49:30.026+0000] {minio_fetching_data_daily.py:111} INFO -   DD: +2 rows → 2513 total in MinIO
[2026-06-11T02:49:30.055+0000] {minio_fetching_data_daily.py:111} INFO -   ETN: +2 rows → 2513 total in MinIO
[2026-06-11T02:49:30.086+0000] {minio_fetching_data_daily.py:111} INFO -   EBAY: +2 rows → 2513 total in MinIO
[2026-06-11T02:49:30.114+0000] {minio_fetching_data_daily.py:111} INFO -   SATS: +2 rows → 2513 total in MinIO
[2026-06-11T02:49:30.145+0000] {minio_fetching_data_daily.py:111} INFO -   ECL: +2 rows → 2513 total in MinIO
[2026-06-11T02:49:30.176+0000] {minio_fetching_data_daily.py:111} INFO -   EIX: +2 rows → 2513 total in MinIO
[2026-06-11T02:49:30.204+0000] {minio_fetching_data_daily.py:111} INFO -   EW: +2 rows → 2513 total in MinIO
[2026-06-11T02:49:30.233+0000] {minio_fetching_data_daily.py:111} INFO -   EA: +2 rows → 2513 total in MinIO
[2026-06-11T02:49:30.265+0000] {minio_fetching_data_daily.py:111} INFO -   ELV: +2 rows → 2513 total in MinIO
[2026-06-11T02:49:30.294+0000] {minio_fetching_data_daily.py:111} INFO -   EME: +2 rows → 2513 total in MinIO
[2026-06-11T02:49:30.323+0000] {minio_fetching_data_daily.py:111} INFO -   EMR: +2 rows → 2513 total in MinIO
[2026-06-11T02:49:30.353+0000] {minio_fetching_data_daily.py:111} INFO -   ETR: +2 rows → 2513 total in MinIO
[2026-06-11T02:49:30.382+0000] {minio_fetching_data_daily.py:111} INFO -   EOG: +2 rows → 2513 total in MinIO
[2026-06-11T02:49:30.409+0000] {minio_fetching_data_daily.py:111} INFO -   EQT: +2 rows → 2513 total in MinIO
[2026-06-11T02:49:30.439+0000] {minio_fetching_data_daily.py:111} INFO -   EFX: +2 rows → 2513 total in MinIO
[2026-06-11T02:49:30.468+0000] {minio_fetching_data_daily.py:111} INFO -   EQIX: +2 rows → 2513 total in MinIO
[2026-06-11T02:49:30.499+0000] {minio_fetching_data_daily.py:111} INFO -   EQR: +2 rows → 2513 total in MinIO
[2026-06-11T02:49:30.533+0000] {minio_fetching_data_daily.py:111} INFO -   ERIE: +2 rows → 2513 total in MinIO
[2026-06-11T02:49:30.564+0000] {minio_fetching_data_daily.py:111} INFO -   ESS: +2 rows → 2513 total in MinIO
[2026-06-11T02:49:30.592+0000] {minio_fetching_data_daily.py:111} INFO -   EL: +2 rows → 2513 total in MinIO
[2026-06-11T02:49:30.623+0000] {minio_fetching_data_daily.py:111} INFO -   EG: +2 rows → 2513 total in MinIO
[2026-06-11T02:49:30.653+0000] {minio_fetching_data_daily.py:111} INFO -   EVRG: +2 rows → 2513 total in MinIO
[2026-06-11T02:49:30.681+0000] {minio_fetching_data_daily.py:111} INFO -   ES: +2 rows → 2513 total in MinIO
[2026-06-11T02:49:30.711+0000] {minio_fetching_data_daily.py:111} INFO -   EXC: +2 rows → 2513 total in MinIO
[2026-06-11T02:49:30.739+0000] {minio_fetching_data_daily.py:111} INFO -   EXE: +2 rows → 1339 total in MinIO
[2026-06-11T02:49:30.762+0000] {minio_fetching_data_daily.py:111} INFO -   EXPE: +2 rows → 2513 total in MinIO
[2026-06-11T02:49:30.792+0000] {minio_fetching_data_daily.py:111} INFO -   EXPD: +2 rows → 2513 total in MinIO
[2026-06-11T02:49:30.819+0000] {minio_fetching_data_daily.py:111} INFO -   EXR: +2 rows → 2513 total in MinIO
[2026-06-11T02:49:30.848+0000] {minio_fetching_data_daily.py:111} INFO -   XOM: +2 rows → 2513 total in MinIO
[2026-06-11T02:49:30.877+0000] {minio_fetching_data_daily.py:111} INFO -   FFIV: +2 rows → 2513 total in MinIO
[2026-06-11T02:49:30.905+0000] {minio_fetching_data_daily.py:111} INFO -   FDS: +2 rows → 2513 total in MinIO
[2026-06-11T02:49:30.936+0000] {minio_fetching_data_daily.py:111} INFO -   FICO: +2 rows → 2513 total in MinIO
[2026-06-11T02:49:30.963+0000] {minio_fetching_data_daily.py:111} INFO -   FAST: +2 rows → 2513 total in MinIO
[2026-06-11T02:49:30.998+0000] {minio_fetching_data_daily.py:111} INFO -   FRT: +2 rows → 2513 total in MinIO
[2026-06-11T02:49:31.029+0000] {minio_fetching_data_daily.py:111} INFO -   FDX: +2 rows → 2513 total in MinIO
[2026-06-11T02:49:31.057+0000] {minio_fetching_data_daily.py:111} INFO -   FDXF: +2 rows → 11 total in MinIO
[2026-06-11T02:49:31.076+0000] {minio_fetching_data_daily.py:111} INFO -   FIS: +2 rows → 2513 total in MinIO
[2026-06-11T02:49:31.104+0000] {minio_fetching_data_daily.py:111} INFO -   FITB: +2 rows → 2513 total in MinIO
[2026-06-11T02:49:33.127+0000] {minio_fetching_data_daily.py:160} INFO - Batch 5 | start=2026-06-09 | 50 tickers
[2026-06-11T02:49:34.825+0000] {minio_fetching_data_daily.py:111} INFO -   FSLR: +2 rows → 2513 total in MinIO
[2026-06-11T02:49:34.854+0000] {minio_fetching_data_daily.py:111} INFO -   FE: +2 rows → 2513 total in MinIO
[2026-06-11T02:49:34.883+0000] {minio_fetching_data_daily.py:111} INFO -   FISV: +2 rows → 2512 total in MinIO
[2026-06-11T02:49:34.911+0000] {minio_fetching_data_daily.py:111} INFO -   F: +2 rows → 2513 total in MinIO
[2026-06-11T02:49:34.939+0000] {minio_fetching_data_daily.py:111} INFO -   FTNT: +2 rows → 2513 total in MinIO
[2026-06-11T02:49:34.967+0000] {minio_fetching_data_daily.py:111} INFO -   FTV: +2 rows → 2498 total in MinIO
[2026-06-11T02:49:34.994+0000] {minio_fetching_data_daily.py:111} INFO -   FOXA: +2 rows → 1823 total in MinIO
[2026-06-11T02:49:35.019+0000] {minio_fetching_data_daily.py:111} INFO -   FOX: +2 rows → 1822 total in MinIO
[2026-06-11T02:49:35.045+0000] {minio_fetching_data_daily.py:111} INFO -   BEN: +2 rows → 2513 total in MinIO
[2026-06-11T02:49:35.075+0000] {minio_fetching_data_daily.py:111} INFO -   FCX: +2 rows → 2513 total in MinIO
[2026-06-11T02:49:35.103+0000] {minio_fetching_data_daily.py:111} INFO -   GRMN: +2 rows → 2513 total in MinIO
[2026-06-11T02:49:35.132+0000] {minio_fetching_data_daily.py:111} INFO -   IT: +2 rows → 2513 total in MinIO
[2026-06-11T02:49:35.160+0000] {minio_fetching_data_daily.py:111} INFO -   GE: +2 rows → 2513 total in MinIO
[2026-06-11T02:49:35.190+0000] {minio_fetching_data_daily.py:111} INFO -   GEHC: +2 rows → 873 total in MinIO
[2026-06-11T02:49:35.208+0000] {minio_fetching_data_daily.py:111} INFO -   GEV: +2 rows → 553 total in MinIO
[2026-06-11T02:49:35.227+0000] {minio_fetching_data_daily.py:111} INFO -   GEN: +2 rows → 2513 total in MinIO
[2026-06-11T02:49:35.259+0000] {minio_fetching_data_daily.py:111} INFO -   GNRC: +2 rows → 2513 total in MinIO
[2026-06-11T02:49:35.287+0000] {minio_fetching_data_daily.py:111} INFO -   GD: +2 rows → 2513 total in MinIO
[2026-06-11T02:49:35.322+0000] {minio_fetching_data_daily.py:111} INFO -   GIS: +2 rows → 2513 total in MinIO
[2026-06-11T02:49:35.351+0000] {minio_fetching_data_daily.py:111} INFO -   GM: +2 rows → 2513 total in MinIO
[2026-06-11T02:49:35.382+0000] {minio_fetching_data_daily.py:111} INFO -   GPC: +2 rows → 2513 total in MinIO
[2026-06-11T02:49:35.413+0000] {minio_fetching_data_daily.py:111} INFO -   GILD: +2 rows → 2513 total in MinIO
[2026-06-11T02:49:35.449+0000] {minio_fetching_data_daily.py:111} INFO -   GPN: +2 rows → 2513 total in MinIO
[2026-06-11T02:49:35.478+0000] {minio_fetching_data_daily.py:111} INFO -   GL: +2 rows → 2513 total in MinIO
[2026-06-11T02:49:35.507+0000] {minio_fetching_data_daily.py:111} INFO -   GDDY: +2 rows → 2513 total in MinIO
[2026-06-11T02:49:35.538+0000] {minio_fetching_data_daily.py:111} INFO -   GS: +2 rows → 2513 total in MinIO
[2026-06-11T02:49:35.565+0000] {minio_fetching_data_daily.py:111} INFO -   HAL: +2 rows → 2513 total in MinIO
[2026-06-11T02:49:35.594+0000] {minio_fetching_data_daily.py:111} INFO -   HIG: +2 rows → 2513 total in MinIO
[2026-06-11T02:49:35.624+0000] {minio_fetching_data_daily.py:111} INFO -   HAS: +2 rows → 2513 total in MinIO
[2026-06-11T02:49:35.655+0000] {minio_fetching_data_daily.py:111} INFO -   HCA: +2 rows → 2513 total in MinIO
[2026-06-11T02:49:35.682+0000] {minio_fetching_data_daily.py:111} INFO -   DOC: +2 rows → 2513 total in MinIO
[2026-06-11T02:49:35.709+0000] {minio_fetching_data_daily.py:111} INFO -   HSIC: +2 rows → 2513 total in MinIO
[2026-06-11T02:49:35.739+0000] {minio_fetching_data_daily.py:111} INFO -   HSY: +2 rows → 2513 total in MinIO
[2026-06-11T02:49:35.767+0000] {minio_fetching_data_daily.py:111} INFO -   HPE: +2 rows → 2513 total in MinIO
[2026-06-11T02:49:35.795+0000] {minio_fetching_data_daily.py:111} INFO -   HLT: +2 rows → 2513 total in MinIO
[2026-06-11T02:49:35.821+0000] {minio_fetching_data_daily.py:111} INFO -   HD: +2 rows → 2513 total in MinIO
[2026-06-11T02:49:35.850+0000] {minio_fetching_data_daily.py:111} INFO -   HON: +2 rows → 2513 total in MinIO
[2026-06-11T02:49:35.879+0000] {minio_fetching_data_daily.py:111} INFO -   HRL: +2 rows → 2513 total in MinIO
[2026-06-11T02:49:35.906+0000] {minio_fetching_data_daily.py:111} INFO -   HST: +2 rows → 2513 total in MinIO
[2026-06-11T02:49:35.933+0000] {minio_fetching_data_daily.py:111} INFO -   HWM: +2 rows → 2414 total in MinIO
[2026-06-11T02:49:35.965+0000] {minio_fetching_data_daily.py:111} INFO -   HPQ: +2 rows → 2513 total in MinIO
[2026-06-11T02:49:35.994+0000] {minio_fetching_data_daily.py:111} INFO -   HUBB: +2 rows → 2513 total in MinIO
[2026-06-11T02:49:36.022+0000] {minio_fetching_data_daily.py:111} INFO -   HUM: +2 rows → 2513 total in MinIO
[2026-06-11T02:49:36.055+0000] {minio_fetching_data_daily.py:111} INFO -   HBAN: +2 rows → 2513 total in MinIO
[2026-06-11T02:49:36.082+0000] {minio_fetching_data_daily.py:111} INFO -   HII: +2 rows → 2513 total in MinIO
[2026-06-11T02:49:36.111+0000] {minio_fetching_data_daily.py:111} INFO -   IBM: +2 rows → 2513 total in MinIO
[2026-06-11T02:49:36.139+0000] {minio_fetching_data_daily.py:111} INFO -   IEX: +2 rows → 2513 total in MinIO
[2026-06-11T02:49:36.170+0000] {minio_fetching_data_daily.py:111} INFO -   IDXX: +2 rows → 2513 total in MinIO
[2026-06-11T02:49:36.199+0000] {minio_fetching_data_daily.py:111} INFO -   ITW: +2 rows → 2513 total in MinIO
[2026-06-11T02:49:36.230+0000] {minio_fetching_data_daily.py:111} INFO -   INCY: +2 rows → 2513 total in MinIO
[2026-06-11T02:49:38.253+0000] {minio_fetching_data_daily.py:160} INFO - Batch 6 | start=2026-06-09 | 50 tickers
[2026-06-11T02:49:39.860+0000] {minio_fetching_data_daily.py:111} INFO -   IR: +2 rows → 2282 total in MinIO
[2026-06-11T02:49:39.888+0000] {minio_fetching_data_daily.py:111} INFO -   PODD: +2 rows → 2513 total in MinIO
[2026-06-11T02:49:39.916+0000] {minio_fetching_data_daily.py:111} INFO -   INTC: +2 rows → 2513 total in MinIO
[2026-06-11T02:49:39.945+0000] {minio_fetching_data_daily.py:111} INFO -   IBKR: +2 rows → 2513 total in MinIO
[2026-06-11T02:49:39.973+0000] {minio_fetching_data_daily.py:111} INFO -   ICE: +2 rows → 2513 total in MinIO
[2026-06-11T02:49:40.001+0000] {minio_fetching_data_daily.py:111} INFO -   IFF: +2 rows → 2513 total in MinIO
[2026-06-11T02:49:40.028+0000] {minio_fetching_data_daily.py:111} INFO -   IP: +2 rows → 2513 total in MinIO
[2026-06-11T02:49:40.057+0000] {minio_fetching_data_daily.py:111} INFO -   INTU: +2 rows → 2513 total in MinIO
[2026-06-11T02:49:40.086+0000] {minio_fetching_data_daily.py:111} INFO -   ISRG: +2 rows → 2513 total in MinIO
[2026-06-11T02:49:40.115+0000] {minio_fetching_data_daily.py:111} INFO -   IVZ: +2 rows → 2513 total in MinIO
[2026-06-11T02:49:40.144+0000] {minio_fetching_data_daily.py:111} INFO -   INVH: +2 rows → 2352 total in MinIO
[2026-06-11T02:49:40.175+0000] {minio_fetching_data_daily.py:111} INFO -   IQV: +2 rows → 2513 total in MinIO
[2026-06-11T02:49:40.203+0000] {minio_fetching_data_daily.py:111} INFO -   IRM: +2 rows → 2513 total in MinIO
[2026-06-11T02:49:40.233+0000] {minio_fetching_data_daily.py:111} INFO -   JBHT: +2 rows → 2513 total in MinIO
[2026-06-11T02:49:40.260+0000] {minio_fetching_data_daily.py:111} INFO -   JBL: +2 rows → 2513 total in MinIO
[2026-06-11T02:49:40.289+0000] {minio_fetching_data_daily.py:111} INFO -   JKHY: +2 rows → 2513 total in MinIO
[2026-06-11T02:49:40.317+0000] {minio_fetching_data_daily.py:111} INFO -   J: +2 rows → 2513 total in MinIO
[2026-06-11T02:49:40.345+0000] {minio_fetching_data_daily.py:111} INFO -   JNJ: +2 rows → 2513 total in MinIO
[2026-06-11T02:49:40.373+0000] {minio_fetching_data_daily.py:111} INFO -   JCI: +2 rows → 2513 total in MinIO
[2026-06-11T02:49:40.403+0000] {minio_fetching_data_daily.py:111} INFO -   JPM: +2 rows → 2513 total in MinIO
[2026-06-11T02:49:40.432+0000] {minio_fetching_data_daily.py:111} INFO -   KVUE: +2 rows → 778 total in MinIO
[2026-06-11T02:49:40.452+0000] {minio_fetching_data_daily.py:111} INFO -   KDP: +2 rows → 2513 total in MinIO
[2026-06-11T02:49:40.481+0000] {minio_fetching_data_daily.py:111} INFO -   KEY: +2 rows → 2513 total in MinIO
[2026-06-11T02:49:40.512+0000] {minio_fetching_data_daily.py:111} INFO -   KEYS: +2 rows → 2513 total in MinIO
[2026-06-11T02:49:40.541+0000] {minio_fetching_data_daily.py:111} INFO -   KMB: +2 rows → 2513 total in MinIO
[2026-06-11T02:49:40.569+0000] {minio_fetching_data_daily.py:111} INFO -   KIM: +2 rows → 2513 total in MinIO
[2026-06-11T02:49:40.599+0000] {minio_fetching_data_daily.py:111} INFO -   KMI: +2 rows → 2513 total in MinIO
[2026-06-11T02:49:40.629+0000] {minio_fetching_data_daily.py:111} INFO -   KKR: +2 rows → 2513 total in MinIO
[2026-06-11T02:49:40.657+0000] {minio_fetching_data_daily.py:111} INFO -   KLAC: +2 rows → 2513 total in MinIO
[2026-06-11T02:49:40.686+0000] {minio_fetching_data_daily.py:111} INFO -   KHC: +2 rows → 2513 total in MinIO
[2026-06-11T02:49:40.714+0000] {minio_fetching_data_daily.py:111} INFO -   KR: +2 rows → 2513 total in MinIO
[2026-06-11T02:49:40.743+0000] {minio_fetching_data_daily.py:111} INFO -   LHX: +2 rows → 2513 total in MinIO
[2026-06-11T02:49:40.771+0000] {minio_fetching_data_daily.py:111} INFO -   LH: +2 rows → 2513 total in MinIO
[2026-06-11T02:49:40.799+0000] {minio_fetching_data_daily.py:111} INFO -   LRCX: +2 rows → 2513 total in MinIO
[2026-06-11T02:49:40.827+0000] {minio_fetching_data_daily.py:111} INFO -   LVS: +2 rows → 2513 total in MinIO
[2026-06-11T02:49:40.856+0000] {minio_fetching_data_daily.py:111} INFO -   LDOS: +2 rows → 2513 total in MinIO
[2026-06-11T02:49:40.884+0000] {minio_fetching_data_daily.py:111} INFO -   LEN: +2 rows → 2513 total in MinIO
[2026-06-11T02:49:40.913+0000] {minio_fetching_data_daily.py:111} INFO -   LII: +2 rows → 2513 total in MinIO
[2026-06-11T02:49:40.942+0000] {minio_fetching_data_daily.py:111} INFO -   LLY: +2 rows → 2513 total in MinIO
[2026-06-11T02:49:40.972+0000] {minio_fetching_data_daily.py:111} INFO -   LIN: +2 rows → 2513 total in MinIO
[2026-06-11T02:49:41.005+0000] {minio_fetching_data_daily.py:111} INFO -   LYV: +2 rows → 2513 total in MinIO
[2026-06-11T02:49:41.040+0000] {minio_fetching_data_daily.py:111} INFO -   LMT: +2 rows → 2513 total in MinIO
[2026-06-11T02:49:41.075+0000] {minio_fetching_data_daily.py:111} INFO -   L: +2 rows → 2513 total in MinIO
[2026-06-11T02:49:41.103+0000] {minio_fetching_data_daily.py:111} INFO -   LOW: +2 rows → 2513 total in MinIO
[2026-06-11T02:49:41.130+0000] {minio_fetching_data_daily.py:111} INFO -   LULU: +2 rows → 2513 total in MinIO
[2026-06-11T02:49:41.156+0000] {minio_fetching_data_daily.py:111} INFO -   LITE: +2 rows → 2513 total in MinIO
[2026-06-11T02:49:41.182+0000] {minio_fetching_data_daily.py:111} INFO -   LYB: +2 rows → 2513 total in MinIO
[2026-06-11T02:49:41.212+0000] {minio_fetching_data_daily.py:111} INFO -   MTB: +2 rows → 2513 total in MinIO
[2026-06-11T02:49:41.239+0000] {minio_fetching_data_daily.py:111} INFO -   MPC: +2 rows → 2513 total in MinIO
[2026-06-11T02:49:41.267+0000] {minio_fetching_data_daily.py:111} INFO -   MAR: +2 rows → 2513 total in MinIO
[2026-06-11T02:49:43.287+0000] {minio_fetching_data_daily.py:160} INFO - Batch 7 | start=2026-06-09 | 50 tickers
[2026-06-11T02:49:44.961+0000] {minio_fetching_data_daily.py:111} INFO -   MRSH: +2 rows → 2513 total in MinIO
[2026-06-11T02:49:44.989+0000] {minio_fetching_data_daily.py:111} INFO -   MLM: +2 rows → 2513 total in MinIO
[2026-06-11T02:49:45.021+0000] {minio_fetching_data_daily.py:111} INFO -   MAS: +2 rows → 2513 total in MinIO
[2026-06-11T02:49:45.050+0000] {minio_fetching_data_daily.py:111} INFO -   MA: +2 rows → 2513 total in MinIO
[2026-06-11T02:49:45.079+0000] {minio_fetching_data_daily.py:111} INFO -   MKC: +2 rows → 2513 total in MinIO
[2026-06-11T02:49:45.107+0000] {minio_fetching_data_daily.py:111} INFO -   MCD: +2 rows → 2513 total in MinIO
[2026-06-11T02:49:45.134+0000] {minio_fetching_data_daily.py:111} INFO -   MCK: +2 rows → 2513 total in MinIO
[2026-06-11T02:49:45.166+0000] {minio_fetching_data_daily.py:111} INFO -   MDT: +2 rows → 2513 total in MinIO
[2026-06-11T02:49:45.194+0000] {minio_fetching_data_daily.py:111} INFO -   MRK: +2 rows → 2513 total in MinIO
[2026-06-11T02:49:45.224+0000] {minio_fetching_data_daily.py:111} INFO -   META: +2 rows → 2513 total in MinIO
[2026-06-11T02:49:45.251+0000] {minio_fetching_data_daily.py:111} INFO -   MET: +2 rows → 2513 total in MinIO
[2026-06-11T02:49:45.281+0000] {minio_fetching_data_daily.py:111} INFO -   MTD: +2 rows → 2513 total in MinIO
[2026-06-11T02:49:45.309+0000] {minio_fetching_data_daily.py:111} INFO -   MGM: +2 rows → 2513 total in MinIO
[2026-06-11T02:49:45.336+0000] {minio_fetching_data_daily.py:111} INFO -   MCHP: +2 rows → 2513 total in MinIO
[2026-06-11T02:49:45.366+0000] {minio_fetching_data_daily.py:111} INFO -   MU: +2 rows → 2513 total in MinIO
[2026-06-11T02:49:45.393+0000] {minio_fetching_data_daily.py:111} INFO -   MSFT: +2 rows → 2513 total in MinIO
[2026-06-11T02:49:45.421+0000] {minio_fetching_data_daily.py:111} INFO -   MAA: +2 rows → 2513 total in MinIO
[2026-06-11T02:49:45.450+0000] {minio_fetching_data_daily.py:111} INFO -   MRNA: +2 rows → 1886 total in MinIO
[2026-06-11T02:49:45.477+0000] {minio_fetching_data_daily.py:111} INFO -   TAP: +2 rows → 2513 total in MinIO
[2026-06-11T02:49:45.505+0000] {minio_fetching_data_daily.py:111} INFO -   MDLZ: +2 rows → 2513 total in MinIO
[2026-06-11T02:49:45.544+0000] {minio_fetching_data_daily.py:111} INFO -   MPWR: +2 rows → 2513 total in MinIO
[2026-06-11T02:49:45.573+0000] {minio_fetching_data_daily.py:111} INFO -   MNST: +2 rows → 2513 total in MinIO
[2026-06-11T02:49:45.602+0000] {minio_fetching_data_daily.py:111} INFO -   MCO: +2 rows → 2513 total in MinIO
[2026-06-11T02:49:45.634+0000] {minio_fetching_data_daily.py:111} INFO -   MS: +2 rows → 2513 total in MinIO
[2026-06-11T02:49:45.664+0000] {minio_fetching_data_daily.py:111} INFO -   MOS: +2 rows → 2513 total in MinIO
[2026-06-11T02:49:45.695+0000] {minio_fetching_data_daily.py:111} INFO -   MSI: +2 rows → 2513 total in MinIO
[2026-06-11T02:49:45.726+0000] {minio_fetching_data_daily.py:111} INFO -   MSCI: +2 rows → 2513 total in MinIO
[2026-06-11T02:49:45.755+0000] {minio_fetching_data_daily.py:111} INFO -   NDAQ: +2 rows → 2513 total in MinIO
[2026-06-11T02:49:45.786+0000] {minio_fetching_data_daily.py:111} INFO -   NTAP: +2 rows → 2513 total in MinIO
[2026-06-11T02:49:45.814+0000] {minio_fetching_data_daily.py:111} INFO -   NFLX: +2 rows → 2513 total in MinIO
[2026-06-11T02:49:45.843+0000] {minio_fetching_data_daily.py:111} INFO -   NEM: +2 rows → 2513 total in MinIO
[2026-06-11T02:49:45.873+0000] {minio_fetching_data_daily.py:111} INFO -   NWSA: +2 rows → 2513 total in MinIO
[2026-06-11T02:49:45.902+0000] {minio_fetching_data_daily.py:111} INFO -   NWS: +2 rows → 2513 total in MinIO
[2026-06-11T02:49:45.932+0000] {minio_fetching_data_daily.py:111} INFO -   NEE: +2 rows → 2513 total in MinIO
[2026-06-11T02:49:45.961+0000] {minio_fetching_data_daily.py:111} INFO -   NKE: +2 rows → 2513 total in MinIO
[2026-06-11T02:49:45.991+0000] {minio_fetching_data_daily.py:111} INFO -   NI: +2 rows → 2513 total in MinIO
[2026-06-11T02:49:46.022+0000] {minio_fetching_data_daily.py:111} INFO -   NDSN: +2 rows → 2513 total in MinIO
[2026-06-11T02:49:46.050+0000] {minio_fetching_data_daily.py:111} INFO -   NSC: +2 rows → 2513 total in MinIO
[2026-06-11T02:49:46.079+0000] {minio_fetching_data_daily.py:111} INFO -   NTRS: +2 rows → 2513 total in MinIO
[2026-06-11T02:49:46.106+0000] {minio_fetching_data_daily.py:111} INFO -   NOC: +2 rows → 2513 total in MinIO
[2026-06-11T02:49:46.136+0000] {minio_fetching_data_daily.py:111} INFO -   NCLH: +2 rows → 2513 total in MinIO
[2026-06-11T02:49:46.163+0000] {minio_fetching_data_daily.py:111} INFO -   NRG: +2 rows → 2513 total in MinIO
[2026-06-11T02:49:46.191+0000] {minio_fetching_data_daily.py:111} INFO -   NUE: +2 rows → 2513 total in MinIO
[2026-06-11T02:49:46.219+0000] {minio_fetching_data_daily.py:111} INFO -   NVDA: +2 rows → 2513 total in MinIO
[2026-06-11T02:49:46.248+0000] {minio_fetching_data_daily.py:111} INFO -   NVR: +2 rows → 2513 total in MinIO
[2026-06-11T02:49:46.276+0000] {minio_fetching_data_daily.py:111} INFO -   NXPI: +2 rows → 2513 total in MinIO
[2026-06-11T02:49:46.309+0000] {minio_fetching_data_daily.py:111} INFO -   ORLY: +2 rows → 2513 total in MinIO
[2026-06-11T02:49:46.338+0000] {minio_fetching_data_daily.py:111} INFO -   OXY: +2 rows → 2513 total in MinIO
[2026-06-11T02:49:46.367+0000] {minio_fetching_data_daily.py:111} INFO -   ODFL: +2 rows → 2513 total in MinIO
[2026-06-11T02:49:46.397+0000] {minio_fetching_data_daily.py:111} INFO -   OMC: +2 rows → 2513 total in MinIO
[2026-06-11T02:49:48.420+0000] {minio_fetching_data_daily.py:160} INFO - Batch 8 | start=2026-06-09 | 50 tickers
[2026-06-11T02:49:50.082+0000] {minio_fetching_data_daily.py:111} INFO -   ON: +2 rows → 2513 total in MinIO
[2026-06-11T02:49:50.109+0000] {minio_fetching_data_daily.py:111} INFO -   OKE: +2 rows → 2513 total in MinIO
[2026-06-11T02:49:50.138+0000] {minio_fetching_data_daily.py:111} INFO -   ORCL: +2 rows → 2513 total in MinIO
[2026-06-11T02:49:50.166+0000] {minio_fetching_data_daily.py:111} INFO -   OTIS: +2 rows → 1565 total in MinIO
[2026-06-11T02:49:50.191+0000] {minio_fetching_data_daily.py:111} INFO -   PCAR: +2 rows → 2513 total in MinIO
[2026-06-11T02:49:50.223+0000] {minio_fetching_data_daily.py:111} INFO -   PKG: +2 rows → 2513 total in MinIO
[2026-06-11T02:49:50.258+0000] {minio_fetching_data_daily.py:111} INFO -   PLTR: +2 rows → 1430 total in MinIO
[2026-06-11T02:49:50.282+0000] {minio_fetching_data_daily.py:111} INFO -   PANW: +2 rows → 2513 total in MinIO
[2026-06-11T02:49:50.311+0000] {minio_fetching_data_daily.py:111} INFO -   PSKY: +2 rows → 2513 total in MinIO
[2026-06-11T02:49:50.340+0000] {minio_fetching_data_daily.py:111} INFO -   PH: +2 rows → 2513 total in MinIO
[2026-06-11T02:49:50.367+0000] {minio_fetching_data_daily.py:111} INFO -   PAYX: +2 rows → 2513 total in MinIO
[2026-06-11T02:49:50.396+0000] {minio_fetching_data_daily.py:111} INFO -   PYPL: +2 rows → 2513 total in MinIO
[2026-06-11T02:49:50.423+0000] {minio_fetching_data_daily.py:111} INFO -   PNR: +2 rows → 2513 total in MinIO
[2026-06-11T02:49:50.451+0000] {minio_fetching_data_daily.py:111} INFO -   PEP: +2 rows → 2513 total in MinIO
[2026-06-11T02:49:50.480+0000] {minio_fetching_data_daily.py:111} INFO -   PFE: +2 rows → 2513 total in MinIO
[2026-06-11T02:49:50.510+0000] {minio_fetching_data_daily.py:111} INFO -   PCG: +2 rows → 2513 total in MinIO
[2026-06-11T02:49:50.537+0000] {minio_fetching_data_daily.py:111} INFO -   PM: +2 rows → 2513 total in MinIO
[2026-06-11T02:49:50.568+0000] {minio_fetching_data_daily.py:111} INFO -   PSX: +2 rows → 2513 total in MinIO
[2026-06-11T02:49:50.598+0000] {minio_fetching_data_daily.py:111} INFO -   PNW: +2 rows → 2513 total in MinIO
[2026-06-11T02:49:50.627+0000] {minio_fetching_data_daily.py:111} INFO -   PNC: +2 rows → 2513 total in MinIO
[2026-06-11T02:49:50.655+0000] {minio_fetching_data_daily.py:111} INFO -   POOL: +2 rows → 2513 total in MinIO
[2026-06-11T02:49:50.686+0000] {minio_fetching_data_daily.py:111} INFO -   PPG: +2 rows → 2513 total in MinIO
[2026-06-11T02:49:50.714+0000] {minio_fetching_data_daily.py:111} INFO -   PPL: +2 rows → 2513 total in MinIO
[2026-06-11T02:49:50.741+0000] {minio_fetching_data_daily.py:111} INFO -   PFG: +2 rows → 2513 total in MinIO
[2026-06-11T02:49:50.772+0000] {minio_fetching_data_daily.py:111} INFO -   PG: +2 rows → 2513 total in MinIO
[2026-06-11T02:49:50.799+0000] {minio_fetching_data_daily.py:111} INFO -   PGR: +2 rows → 2513 total in MinIO
[2026-06-11T02:49:50.828+0000] {minio_fetching_data_daily.py:111} INFO -   PLD: +2 rows → 2513 total in MinIO
[2026-06-11T02:49:50.857+0000] {minio_fetching_data_daily.py:111} INFO -   PRU: +2 rows → 2513 total in MinIO
[2026-06-11T02:49:50.884+0000] {minio_fetching_data_daily.py:111} INFO -   PEG: +2 rows → 2513 total in MinIO
[2026-06-11T02:49:50.911+0000] {minio_fetching_data_daily.py:111} INFO -   PTC: +2 rows → 2513 total in MinIO
[2026-06-11T02:49:50.940+0000] {minio_fetching_data_daily.py:111} INFO -   PSA: +2 rows → 2513 total in MinIO
[2026-06-11T02:49:50.967+0000] {minio_fetching_data_daily.py:111} INFO -   PHM: +2 rows → 2513 total in MinIO
[2026-06-11T02:49:50.999+0000] {minio_fetching_data_daily.py:111} INFO -   PWR: +2 rows → 2513 total in MinIO
[2026-06-11T02:49:51.035+0000] {minio_fetching_data_daily.py:111} INFO -   QCOM: +2 rows → 2513 total in MinIO
[2026-06-11T02:49:51.078+0000] {minio_fetching_data_daily.py:111} INFO -   DGX: +2 rows → 2513 total in MinIO
[2026-06-11T02:49:51.106+0000] {minio_fetching_data_daily.py:111} INFO -   Q: +2 rows → 156 total in MinIO
[2026-06-11T02:49:51.123+0000] {minio_fetching_data_daily.py:111} INFO -   RL: +2 rows → 2513 total in MinIO
[2026-06-11T02:49:51.150+0000] {minio_fetching_data_daily.py:111} INFO -   RJF: +2 rows → 2513 total in MinIO
[2026-06-11T02:49:51.177+0000] {minio_fetching_data_daily.py:111} INFO -   RTX: +2 rows → 2513 total in MinIO
[2026-06-11T02:49:51.204+0000] {minio_fetching_data_daily.py:111} INFO -   O: +2 rows → 2513 total in MinIO
[2026-06-11T02:49:51.235+0000] {minio_fetching_data_daily.py:111} INFO -   REG: +2 rows → 2513 total in MinIO
[2026-06-11T02:49:51.261+0000] {minio_fetching_data_daily.py:111} INFO -   REGN: +2 rows → 2513 total in MinIO
[2026-06-11T02:49:51.293+0000] {minio_fetching_data_daily.py:111} INFO -   RF: +2 rows → 2513 total in MinIO
[2026-06-11T02:49:51.320+0000] {minio_fetching_data_daily.py:111} INFO -   RSG: +2 rows → 2513 total in MinIO
[2026-06-11T02:49:51.349+0000] {minio_fetching_data_daily.py:111} INFO -   RMD: +2 rows → 2513 total in MinIO
[2026-06-11T02:49:51.376+0000] {minio_fetching_data_daily.py:111} INFO -   RVTY: +2 rows → 2513 total in MinIO
[2026-06-11T02:49:51.401+0000] {minio_fetching_data_daily.py:111} INFO -   HOOD: +2 rows → 1222 total in MinIO
[2026-06-11T02:49:51.422+0000] {minio_fetching_data_daily.py:111} INFO -   ROK: +2 rows → 2513 total in MinIO
[2026-06-11T02:49:51.451+0000] {minio_fetching_data_daily.py:111} INFO -   ROL: +2 rows → 2513 total in MinIO
[2026-06-11T02:49:51.478+0000] {minio_fetching_data_daily.py:111} INFO -   ROP: +2 rows → 2513 total in MinIO
[2026-06-11T02:49:53.498+0000] {minio_fetching_data_daily.py:160} INFO - Batch 9 | start=2026-06-09 | 50 tickers
[2026-06-11T02:49:55.371+0000] {minio_fetching_data_daily.py:111} INFO -   ROST: +2 rows → 2513 total in MinIO
[2026-06-11T02:49:55.401+0000] {minio_fetching_data_daily.py:111} INFO -   RCL: +2 rows → 2513 total in MinIO
[2026-06-11T02:49:55.433+0000] {minio_fetching_data_daily.py:111} INFO -   SPGI: +2 rows → 2513 total in MinIO
[2026-06-11T02:49:55.461+0000] {minio_fetching_data_daily.py:111} INFO -   CRM: +2 rows → 2513 total in MinIO
[2026-06-11T02:49:55.486+0000] {minio_fetching_data_daily.py:111} INFO -   SNDK: +2 rows → 332 total in MinIO
[2026-06-11T02:49:55.505+0000] {minio_fetching_data_daily.py:111} INFO -   SBAC: +2 rows → 2513 total in MinIO
[2026-06-11T02:49:55.536+0000] {minio_fetching_data_daily.py:111} INFO -   SLB: +2 rows → 2513 total in MinIO
[2026-06-11T02:49:55.565+0000] {minio_fetching_data_daily.py:111} INFO -   STX: +2 rows → 2513 total in MinIO
[2026-06-11T02:49:55.598+0000] {minio_fetching_data_daily.py:111} INFO -   SRE: +2 rows → 2513 total in MinIO
[2026-06-11T02:49:55.628+0000] {minio_fetching_data_daily.py:111} INFO -   NOW: +2 rows → 2513 total in MinIO
[2026-06-11T02:49:55.656+0000] {minio_fetching_data_daily.py:111} INFO -   SHW: +2 rows → 2513 total in MinIO
[2026-06-11T02:49:55.687+0000] {minio_fetching_data_daily.py:111} INFO -   SPG: +2 rows → 2513 total in MinIO
[2026-06-11T02:49:55.721+0000] {minio_fetching_data_daily.py:111} INFO -   SWKS: +2 rows → 2513 total in MinIO
[2026-06-11T02:49:55.761+0000] {minio_fetching_data_daily.py:111} INFO -   SJM: +2 rows → 2513 total in MinIO
[2026-06-11T02:49:55.796+0000] {minio_fetching_data_daily.py:111} INFO -   SW: +2 rows → 2513 total in MinIO
[2026-06-11T02:49:55.840+0000] {minio_fetching_data_daily.py:111} INFO -   SNA: +2 rows → 2513 total in MinIO
[2026-06-11T02:49:55.873+0000] {minio_fetching_data_daily.py:111} INFO -   SOLV: +2 rows → 554 total in MinIO
[2026-06-11T02:49:55.892+0000] {minio_fetching_data_daily.py:111} INFO -   SO: +2 rows → 2513 total in MinIO
[2026-06-11T02:49:55.925+0000] {minio_fetching_data_daily.py:111} INFO -   LUV: +2 rows → 2513 total in MinIO
[2026-06-11T02:49:55.957+0000] {minio_fetching_data_daily.py:111} INFO -   SWK: +2 rows → 2513 total in MinIO
[2026-06-11T02:49:55.986+0000] {minio_fetching_data_daily.py:111} INFO -   SBUX: +2 rows → 2513 total in MinIO
[2026-06-11T02:49:56.016+0000] {minio_fetching_data_daily.py:111} INFO -   STT: +2 rows → 2513 total in MinIO
[2026-06-11T02:49:56.046+0000] {minio_fetching_data_daily.py:111} INFO -   STLD: +2 rows → 2513 total in MinIO
[2026-06-11T02:49:56.086+0000] {minio_fetching_data_daily.py:111} INFO -   STE: +2 rows → 2513 total in MinIO
[2026-06-11T02:49:56.125+0000] {minio_fetching_data_daily.py:111} INFO -   SYK: +2 rows → 2513 total in MinIO
[2026-06-11T02:49:56.155+0000] {minio_fetching_data_daily.py:111} INFO -   SMCI: +2 rows → 2513 total in MinIO
[2026-06-11T02:49:56.188+0000] {minio_fetching_data_daily.py:111} INFO -   SYF: +2 rows → 2513 total in MinIO
[2026-06-11T02:49:56.220+0000] {minio_fetching_data_daily.py:111} INFO -   SNPS: +2 rows → 2513 total in MinIO
[2026-06-11T02:49:56.247+0000] {minio_fetching_data_daily.py:111} INFO -   SYY: +2 rows → 2513 total in MinIO
[2026-06-11T02:49:56.285+0000] {minio_fetching_data_daily.py:111} INFO -   TMUS: +2 rows → 2513 total in MinIO
[2026-06-11T02:49:56.316+0000] {minio_fetching_data_daily.py:111} INFO -   TROW: +2 rows → 2513 total in MinIO
[2026-06-11T02:49:56.349+0000] {minio_fetching_data_daily.py:111} INFO -   TTWO: +2 rows → 2513 total in MinIO
[2026-06-11T02:49:56.382+0000] {minio_fetching_data_daily.py:111} INFO -   TPR: +2 rows → 2513 total in MinIO
[2026-06-11T02:49:56.412+0000] {minio_fetching_data_daily.py:111} INFO -   TRGP: +2 rows → 2513 total in MinIO
[2026-06-11T02:49:56.439+0000] {minio_fetching_data_daily.py:111} INFO -   TGT: +2 rows → 2513 total in MinIO
[2026-06-11T02:49:56.468+0000] {minio_fetching_data_daily.py:111} INFO -   TEL: +2 rows → 2513 total in MinIO
[2026-06-11T02:49:56.499+0000] {minio_fetching_data_daily.py:111} INFO -   TDY: +2 rows → 2513 total in MinIO
[2026-06-11T02:49:56.530+0000] {minio_fetching_data_daily.py:111} INFO -   TER: +2 rows → 2513 total in MinIO
[2026-06-11T02:49:56.562+0000] {minio_fetching_data_daily.py:111} INFO -   TSLA: +2 rows → 2513 total in MinIO
[2026-06-11T02:49:56.595+0000] {minio_fetching_data_daily.py:111} INFO -   TXN: +2 rows → 2513 total in MinIO
[2026-06-11T02:49:56.628+0000] {minio_fetching_data_daily.py:111} INFO -   TPL: +2 rows → 2513 total in MinIO
[2026-06-11T02:49:56.656+0000] {minio_fetching_data_daily.py:111} INFO -   TXT: +2 rows → 2513 total in MinIO
[2026-06-11T02:49:56.683+0000] {minio_fetching_data_daily.py:111} INFO -   TMO: +2 rows → 2513 total in MinIO
[2026-06-11T02:49:56.713+0000] {minio_fetching_data_daily.py:111} INFO -   TJX: +2 rows → 2513 total in MinIO
[2026-06-11T02:49:56.749+0000] {minio_fetching_data_daily.py:111} INFO -   TKO: +2 rows → 2513 total in MinIO
[2026-06-11T02:49:56.786+0000] {minio_fetching_data_daily.py:111} INFO -   TTD: +2 rows → 2443 total in MinIO
[2026-06-11T02:49:56.821+0000] {minio_fetching_data_daily.py:111} INFO -   TSCO: +2 rows → 2513 total in MinIO
[2026-06-11T02:49:56.856+0000] {minio_fetching_data_daily.py:111} INFO -   TT: +2 rows → 2513 total in MinIO
[2026-06-11T02:49:56.889+0000] {minio_fetching_data_daily.py:111} INFO -   TDG: +2 rows → 2513 total in MinIO
[2026-06-11T02:49:56.917+0000] {minio_fetching_data_daily.py:111} INFO -   TRV: +2 rows → 2513 total in MinIO
[2026-06-11T02:49:58.936+0000] {minio_fetching_data_daily.py:160} INFO - Batch 10 | start=2026-06-09 | 50 tickers
[2026-06-11T02:50:00.487+0000] {minio_fetching_data_daily.py:111} INFO -   TRMB: +2 rows → 2513 total in MinIO
[2026-06-11T02:50:00.516+0000] {minio_fetching_data_daily.py:111} INFO -   TFC: +2 rows → 2513 total in MinIO
[2026-06-11T02:50:00.545+0000] {minio_fetching_data_daily.py:111} INFO -   TYL: +2 rows → 2513 total in MinIO
[2026-06-11T02:50:00.575+0000] {minio_fetching_data_daily.py:111} INFO -   TSN: +2 rows → 2513 total in MinIO
[2026-06-11T02:50:00.604+0000] {minio_fetching_data_daily.py:111} INFO -   USB: +2 rows → 2513 total in MinIO
[2026-06-11T02:50:00.632+0000] {minio_fetching_data_daily.py:111} INFO -   UBER: +2 rows → 1781 total in MinIO
[2026-06-11T02:50:00.657+0000] {minio_fetching_data_daily.py:111} INFO -   UDR: +2 rows → 2513 total in MinIO
[2026-06-11T02:50:00.686+0000] {minio_fetching_data_daily.py:111} INFO -   ULTA: +2 rows → 2513 total in MinIO
[2026-06-11T02:50:00.716+0000] {minio_fetching_data_daily.py:111} INFO -   UNP: +2 rows → 2513 total in MinIO
[2026-06-11T02:50:00.745+0000] {minio_fetching_data_daily.py:111} INFO -   UAL: +2 rows → 2513 total in MinIO
[2026-06-11T02:50:00.776+0000] {minio_fetching_data_daily.py:111} INFO -   UPS: +2 rows → 2513 total in MinIO
[2026-06-11T02:50:00.805+0000] {minio_fetching_data_daily.py:111} INFO -   URI: +2 rows → 2513 total in MinIO
[2026-06-11T02:50:00.835+0000] {minio_fetching_data_daily.py:111} INFO -   UNH: +2 rows → 2513 total in MinIO
[2026-06-11T02:50:00.864+0000] {minio_fetching_data_daily.py:111} INFO -   UHS: +2 rows → 2513 total in MinIO
[2026-06-11T02:50:00.895+0000] {minio_fetching_data_daily.py:111} INFO -   VLO: +2 rows → 2513 total in MinIO
[2026-06-11T02:50:00.922+0000] {minio_fetching_data_daily.py:111} INFO -   VEEV: +2 rows → 2513 total in MinIO
[2026-06-11T02:50:00.951+0000] {minio_fetching_data_daily.py:111} INFO -   VTR: +2 rows → 2513 total in MinIO
[2026-06-11T02:50:00.976+0000] {minio_fetching_data_daily.py:111} INFO -   VLTO: +2 rows → 673 total in MinIO
[2026-06-11T02:50:01.001+0000] {minio_fetching_data_daily.py:111} INFO -   VRSN: +2 rows → 2513 total in MinIO
[2026-06-11T02:50:01.033+0000] {minio_fetching_data_daily.py:111} INFO -   VRSK: +2 rows → 2513 total in MinIO
[2026-06-11T02:50:01.064+0000] {minio_fetching_data_daily.py:111} INFO -   VZ: +2 rows → 2513 total in MinIO
[2026-06-11T02:50:01.093+0000] {minio_fetching_data_daily.py:111} INFO -   VRTX: +2 rows → 2513 total in MinIO
[2026-06-11T02:50:01.121+0000] {minio_fetching_data_daily.py:111} INFO -   VRT: +2 rows → 1974 total in MinIO
[2026-06-11T02:50:01.148+0000] {minio_fetching_data_daily.py:111} INFO -   VTRS: +2 rows → 2513 total in MinIO
[2026-06-11T02:50:01.179+0000] {minio_fetching_data_daily.py:111} INFO -   VICI: +2 rows → 2121 total in MinIO
[2026-06-11T02:50:01.208+0000] {minio_fetching_data_daily.py:111} INFO -   V: +2 rows → 2513 total in MinIO
[2026-06-11T02:50:01.237+0000] {minio_fetching_data_daily.py:111} INFO -   VST: +2 rows → 2433 total in MinIO
[2026-06-11T02:50:01.266+0000] {minio_fetching_data_daily.py:111} INFO -   VMC: +2 rows → 2513 total in MinIO
[2026-06-11T02:50:01.293+0000] {minio_fetching_data_daily.py:111} INFO -   WRB: +2 rows → 2513 total in MinIO
[2026-06-11T02:50:01.326+0000] {minio_fetching_data_daily.py:111} INFO -   GWW: +2 rows → 2513 total in MinIO
[2026-06-11T02:50:01.354+0000] {minio_fetching_data_daily.py:111} INFO -   WAB: +2 rows → 2513 total in MinIO
[2026-06-11T02:50:01.384+0000] {minio_fetching_data_daily.py:111} INFO -   WMT: +2 rows → 2513 total in MinIO
[2026-06-11T02:50:01.412+0000] {minio_fetching_data_daily.py:111} INFO -   DIS: +2 rows → 2513 total in MinIO
[2026-06-11T02:50:01.444+0000] {minio_fetching_data_daily.py:111} INFO -   WBD: +2 rows → 2513 total in MinIO
[2026-06-11T02:50:01.473+0000] {minio_fetching_data_daily.py:111} INFO -   WM: +2 rows → 2513 total in MinIO
[2026-06-11T02:50:01.500+0000] {minio_fetching_data_daily.py:111} INFO -   WAT: +2 rows → 2513 total in MinIO
[2026-06-11T02:50:01.529+0000] {minio_fetching_data_daily.py:111} INFO -   WEC: +2 rows → 2513 total in MinIO
[2026-06-11T02:50:01.558+0000] {minio_fetching_data_daily.py:111} INFO -   WFC: +2 rows → 2513 total in MinIO
[2026-06-11T02:50:01.595+0000] {minio_fetching_data_daily.py:111} INFO -   WELL: +2 rows → 2513 total in MinIO
[2026-06-11T02:50:01.625+0000] {minio_fetching_data_daily.py:111} INFO -   WST: +2 rows → 2513 total in MinIO
[2026-06-11T02:50:01.654+0000] {minio_fetching_data_daily.py:111} INFO -   WDC: +2 rows → 2513 total in MinIO
[2026-06-11T02:50:01.684+0000] {minio_fetching_data_daily.py:111} INFO -   WY: +2 rows → 2513 total in MinIO
[2026-06-11T02:50:01.712+0000] {minio_fetching_data_daily.py:111} INFO -   WSM: +2 rows → 2513 total in MinIO
[2026-06-11T02:50:01.740+0000] {minio_fetching_data_daily.py:111} INFO -   WMB: +2 rows → 2513 total in MinIO
[2026-06-11T02:50:01.769+0000] {minio_fetching_data_daily.py:111} INFO -   WTW: +2 rows → 2513 total in MinIO
[2026-06-11T02:50:01.797+0000] {minio_fetching_data_daily.py:111} INFO -   WDAY: +2 rows → 2513 total in MinIO
[2026-06-11T02:50:01.826+0000] {minio_fetching_data_daily.py:111} INFO -   WYNN: +2 rows → 2513 total in MinIO
[2026-06-11T02:50:01.854+0000] {minio_fetching_data_daily.py:111} INFO -   XEL: +2 rows → 2513 total in MinIO
[2026-06-11T02:50:01.883+0000] {minio_fetching_data_daily.py:111} INFO -   XYL: +2 rows → 2513 total in MinIO
[2026-06-11T02:50:01.911+0000] {minio_fetching_data_daily.py:111} INFO -   YUM: +2 rows → 2513 total in MinIO
[2026-06-11T02:50:03.932+0000] {minio_fetching_data_daily.py:160} INFO - Batch 11 | start=2026-06-09 | 3 tickers
[2026-06-11T02:50:04.334+0000] {minio_fetching_data_daily.py:111} INFO -   ZBRA: +2 rows → 2513 total in MinIO
[2026-06-11T02:50:04.362+0000] {minio_fetching_data_daily.py:111} INFO -   ZBH: +2 rows → 2513 total in MinIO
[2026-06-11T02:50:04.397+0000] {minio_fetching_data_daily.py:111} INFO -   ZTS: +2 rows → 2513 total in MinIO
[2026-06-11T02:50:06.418+0000] {minio_fetching_data_daily.py:165} INFO - ==================================================
[2026-06-11T02:50:06.419+0000] {minio_fetching_data_daily.py:166} INFO - Done. Check your MinIO console at http://localhost:9001
[2026-06-11T02:50:06.421+0000] {python.py:237} INFO - Done. Returned value was: None
[2026-06-11T02:50:06.422+0000] {taskinstance.py:441} INFO - ::group::Post task execution logs
[2026-06-11T02:50:06.429+0000] {taskinstance.py:1206} INFO - Marking task as SUCCESS. dag_id=sp500_master_ingestion_pipeline, task_id=extract_daily_data, run_id=scheduled__2026-06-09T20:30:00+00:00, execution_date=20260609T203000, start_date=20260611T024905, end_date=20260611T025006
[2026-06-11T02:50:06.472+0000] {local_task_job_runner.py:240} INFO - Task exited with return code 0
[2026-06-11T02:50:06.486+0000] {taskinstance.py:3498} INFO - 1 downstream tasks scheduled from follow-on schedule check
[2026-06-11T02:50:06.489+0000] {local_task_job_runner.py:222} INFO - ::endgroup::
