[2026-06-27T17:16:31.411+0000] {processor.py:161} INFO - Started process (PID=195) to work on /opt/airflow/dags/sp500_master_ingestion_dag.py
[2026-06-27T17:16:31.413+0000] {processor.py:830} INFO - Processing file /opt/airflow/dags/sp500_master_ingestion_dag.py for tasks to queue
[2026-06-27T17:16:31.415+0000] {logging_mixin.py:188} INFO - [2026-06-27T17:16:31.415+0000] {dagbag.py:545} INFO - Filling up the DagBag from /opt/airflow/dags/sp500_master_ingestion_dag.py
[2026-06-27T17:16:36.168+0000] {processor.py:840} INFO - DAG(s) 'sp500_master_ingestion_pipeline' retrieved from /opt/airflow/dags/sp500_master_ingestion_dag.py
[2026-06-27T17:16:36.294+0000] {logging_mixin.py:188} INFO - [2026-06-27T17:16:36.293+0000] {dag.py:3096} INFO - Sync 1 DAGs
[2026-06-27T17:16:36.339+0000] {logging_mixin.py:188} INFO - [2026-06-27T17:16:36.338+0000] {dag.py:3954} INFO - Setting next_dagrun for sp500_master_ingestion_pipeline to 2026-06-25 20:30:00+00:00, run_after=2026-06-26 20:30:00+00:00
[2026-06-27T17:16:36.371+0000] {processor.py:183} INFO - Processing /opt/airflow/dags/sp500_master_ingestion_dag.py took 4.969 seconds
[2026-06-27T17:17:06.695+0000] {processor.py:161} INFO - Started process (PID=201) to work on /opt/airflow/dags/sp500_master_ingestion_dag.py
[2026-06-27T17:17:06.696+0000] {processor.py:830} INFO - Processing file /opt/airflow/dags/sp500_master_ingestion_dag.py for tasks to queue
[2026-06-27T17:17:06.700+0000] {logging_mixin.py:188} INFO - [2026-06-27T17:17:06.699+0000] {dagbag.py:545} INFO - Filling up the DagBag from /opt/airflow/dags/sp500_master_ingestion_dag.py
[2026-06-27T17:17:07.929+0000] {processor.py:840} INFO - DAG(s) 'sp500_master_ingestion_pipeline' retrieved from /opt/airflow/dags/sp500_master_ingestion_dag.py
[2026-06-27T17:17:07.961+0000] {logging_mixin.py:188} INFO - [2026-06-27T17:17:07.961+0000] {dag.py:3096} INFO - Sync 1 DAGs
[2026-06-27T17:17:07.990+0000] {logging_mixin.py:188} INFO - [2026-06-27T17:17:07.989+0000] {dag.py:3954} INFO - Setting next_dagrun for sp500_master_ingestion_pipeline to 2026-06-25 20:30:00+00:00, run_after=2026-06-26 20:30:00+00:00
[2026-06-27T17:17:08.022+0000] {processor.py:183} INFO - Processing /opt/airflow/dags/sp500_master_ingestion_dag.py took 1.335 seconds
[2026-06-27T17:17:38.420+0000] {processor.py:161} INFO - Started process (PID=207) to work on /opt/airflow/dags/sp500_master_ingestion_dag.py
[2026-06-27T17:17:38.422+0000] {processor.py:830} INFO - Processing file /opt/airflow/dags/sp500_master_ingestion_dag.py for tasks to queue
[2026-06-27T17:17:38.425+0000] {logging_mixin.py:188} INFO - [2026-06-27T17:17:38.424+0000] {dagbag.py:545} INFO - Filling up the DagBag from /opt/airflow/dags/sp500_master_ingestion_dag.py
[2026-06-27T17:17:39.779+0000] {processor.py:840} INFO - DAG(s) 'sp500_master_ingestion_pipeline' retrieved from /opt/airflow/dags/sp500_master_ingestion_dag.py
[2026-06-27T17:17:39.829+0000] {logging_mixin.py:188} INFO - [2026-06-27T17:17:39.828+0000] {dag.py:3096} INFO - Sync 1 DAGs
[2026-06-27T17:17:39.861+0000] {logging_mixin.py:188} INFO - [2026-06-27T17:17:39.861+0000] {dag.py:3954} INFO - Setting next_dagrun for sp500_master_ingestion_pipeline to 2026-06-25 20:30:00+00:00, run_after=2026-06-26 20:30:00+00:00
[2026-06-27T17:17:39.896+0000] {processor.py:183} INFO - Processing /opt/airflow/dags/sp500_master_ingestion_dag.py took 1.485 seconds
[2026-06-27T17:18:10.277+0000] {processor.py:161} INFO - Started process (PID=213) to work on /opt/airflow/dags/sp500_master_ingestion_dag.py
[2026-06-27T17:18:10.279+0000] {processor.py:830} INFO - Processing file /opt/airflow/dags/sp500_master_ingestion_dag.py for tasks to queue
[2026-06-27T17:18:10.282+0000] {logging_mixin.py:188} INFO - [2026-06-27T17:18:10.281+0000] {dagbag.py:545} INFO - Filling up the DagBag from /opt/airflow/dags/sp500_master_ingestion_dag.py
[2026-06-27T17:18:11.568+0000] {processor.py:840} INFO - DAG(s) 'sp500_master_ingestion_pipeline' retrieved from /opt/airflow/dags/sp500_master_ingestion_dag.py
[2026-06-27T17:18:11.600+0000] {logging_mixin.py:188} INFO - [2026-06-27T17:18:11.600+0000] {dag.py:3096} INFO - Sync 1 DAGs
[2026-06-27T17:18:11.630+0000] {logging_mixin.py:188} INFO - [2026-06-27T17:18:11.630+0000] {dag.py:3954} INFO - Setting next_dagrun for sp500_master_ingestion_pipeline to 2026-06-25 20:30:00+00:00, run_after=2026-06-26 20:30:00+00:00
[2026-06-27T17:18:11.659+0000] {processor.py:183} INFO - Processing /opt/airflow/dags/sp500_master_ingestion_dag.py took 1.392 seconds
[2026-06-27T17:18:42.046+0000] {processor.py:161} INFO - Started process (PID=219) to work on /opt/airflow/dags/sp500_master_ingestion_dag.py
[2026-06-27T17:18:42.048+0000] {processor.py:830} INFO - Processing file /opt/airflow/dags/sp500_master_ingestion_dag.py for tasks to queue
[2026-06-27T17:18:42.050+0000] {logging_mixin.py:188} INFO - [2026-06-27T17:18:42.050+0000] {dagbag.py:545} INFO - Filling up the DagBag from /opt/airflow/dags/sp500_master_ingestion_dag.py
[2026-06-27T17:18:43.381+0000] {processor.py:840} INFO - DAG(s) 'sp500_master_ingestion_pipeline' retrieved from /opt/airflow/dags/sp500_master_ingestion_dag.py
[2026-06-27T17:18:43.424+0000] {logging_mixin.py:188} INFO - [2026-06-27T17:18:43.423+0000] {dag.py:3096} INFO - Sync 1 DAGs
[2026-06-27T17:18:43.461+0000] {logging_mixin.py:188} INFO - [2026-06-27T17:18:43.460+0000] {dag.py:3954} INFO - Setting next_dagrun for sp500_master_ingestion_pipeline to 2026-06-25 20:30:00+00:00, run_after=2026-06-26 20:30:00+00:00
[2026-06-27T17:18:43.500+0000] {processor.py:183} INFO - Processing /opt/airflow/dags/sp500_master_ingestion_dag.py took 1.462 seconds
[2026-06-27T17:19:13.853+0000] {processor.py:161} INFO - Started process (PID=225) to work on /opt/airflow/dags/sp500_master_ingestion_dag.py
[2026-06-27T17:19:13.855+0000] {processor.py:830} INFO - Processing file /opt/airflow/dags/sp500_master_ingestion_dag.py for tasks to queue
[2026-06-27T17:19:13.858+0000] {logging_mixin.py:188} INFO - [2026-06-27T17:19:13.857+0000] {dagbag.py:545} INFO - Filling up the DagBag from /opt/airflow/dags/sp500_master_ingestion_dag.py
[2026-06-27T17:19:15.147+0000] {processor.py:840} INFO - DAG(s) 'sp500_master_ingestion_pipeline' retrieved from /opt/airflow/dags/sp500_master_ingestion_dag.py
[2026-06-27T17:19:15.183+0000] {logging_mixin.py:188} INFO - [2026-06-27T17:19:15.182+0000] {dag.py:3096} INFO - Sync 1 DAGs
[2026-06-27T17:19:15.208+0000] {logging_mixin.py:188} INFO - [2026-06-27T17:19:15.207+0000] {dag.py:3954} INFO - Setting next_dagrun for sp500_master_ingestion_pipeline to 2026-06-25 20:30:00+00:00, run_after=2026-06-26 20:30:00+00:00
[2026-06-27T17:19:15.234+0000] {processor.py:183} INFO - Processing /opt/airflow/dags/sp500_master_ingestion_dag.py took 1.392 seconds
[2026-06-27T17:19:45.556+0000] {processor.py:161} INFO - Started process (PID=231) to work on /opt/airflow/dags/sp500_master_ingestion_dag.py
[2026-06-27T17:19:45.558+0000] {processor.py:830} INFO - Processing file /opt/airflow/dags/sp500_master_ingestion_dag.py for tasks to queue
[2026-06-27T17:19:45.560+0000] {logging_mixin.py:188} INFO - [2026-06-27T17:19:45.560+0000] {dagbag.py:545} INFO - Filling up the DagBag from /opt/airflow/dags/sp500_master_ingestion_dag.py
[2026-06-27T17:19:46.809+0000] {processor.py:840} INFO - DAG(s) 'sp500_master_ingestion_pipeline' retrieved from /opt/airflow/dags/sp500_master_ingestion_dag.py
[2026-06-27T17:19:46.838+0000] {logging_mixin.py:188} INFO - [2026-06-27T17:19:46.838+0000] {dag.py:3096} INFO - Sync 1 DAGs
[2026-06-27T17:19:46.863+0000] {logging_mixin.py:188} INFO - [2026-06-27T17:19:46.862+0000] {dag.py:3954} INFO - Setting next_dagrun for sp500_master_ingestion_pipeline to 2026-06-25 20:30:00+00:00, run_after=2026-06-26 20:30:00+00:00
[2026-06-27T17:19:46.892+0000] {processor.py:183} INFO - Processing /opt/airflow/dags/sp500_master_ingestion_dag.py took 1.347 seconds
[2026-06-27T17:20:17.200+0000] {processor.py:161} INFO - Started process (PID=237) to work on /opt/airflow/dags/sp500_master_ingestion_dag.py
[2026-06-27T17:20:17.201+0000] {processor.py:830} INFO - Processing file /opt/airflow/dags/sp500_master_ingestion_dag.py for tasks to queue
[2026-06-27T17:20:17.203+0000] {logging_mixin.py:188} INFO - [2026-06-27T17:20:17.203+0000] {dagbag.py:545} INFO - Filling up the DagBag from /opt/airflow/dags/sp500_master_ingestion_dag.py
[2026-06-27T17:20:18.438+0000] {processor.py:840} INFO - DAG(s) 'sp500_master_ingestion_pipeline' retrieved from /opt/airflow/dags/sp500_master_ingestion_dag.py
[2026-06-27T17:20:18.497+0000] {logging_mixin.py:188} INFO - [2026-06-27T17:20:18.496+0000] {dag.py:3096} INFO - Sync 1 DAGs
[2026-06-27T17:20:18.534+0000] {logging_mixin.py:188} INFO - [2026-06-27T17:20:18.534+0000] {dag.py:3954} INFO - Setting next_dagrun for sp500_master_ingestion_pipeline to 2026-06-25 20:30:00+00:00, run_after=2026-06-26 20:30:00+00:00
[2026-06-27T17:20:18.574+0000] {processor.py:183} INFO - Processing /opt/airflow/dags/sp500_master_ingestion_dag.py took 1.383 seconds
[2026-06-27T17:20:48.970+0000] {processor.py:161} INFO - Started process (PID=243) to work on /opt/airflow/dags/sp500_master_ingestion_dag.py
[2026-06-27T17:20:48.973+0000] {processor.py:830} INFO - Processing file /opt/airflow/dags/sp500_master_ingestion_dag.py for tasks to queue
[2026-06-27T17:20:48.975+0000] {logging_mixin.py:188} INFO - [2026-06-27T17:20:48.975+0000] {dagbag.py:545} INFO - Filling up the DagBag from /opt/airflow/dags/sp500_master_ingestion_dag.py
[2026-06-27T17:20:50.224+0000] {processor.py:840} INFO - DAG(s) 'sp500_master_ingestion_pipeline' retrieved from /opt/airflow/dags/sp500_master_ingestion_dag.py
[2026-06-27T17:20:50.253+0000] {logging_mixin.py:188} INFO - [2026-06-27T17:20:50.252+0000] {dag.py:3096} INFO - Sync 1 DAGs
[2026-06-27T17:20:50.273+0000] {logging_mixin.py:188} INFO - [2026-06-27T17:20:50.273+0000] {dag.py:3954} INFO - Setting next_dagrun for sp500_master_ingestion_pipeline to 2026-06-25 20:30:00+00:00, run_after=2026-06-26 20:30:00+00:00
[2026-06-27T17:20:50.308+0000] {processor.py:183} INFO - Processing /opt/airflow/dags/sp500_master_ingestion_dag.py took 1.348 seconds
[2026-06-27T17:21:20.711+0000] {processor.py:161} INFO - Started process (PID=249) to work on /opt/airflow/dags/sp500_master_ingestion_dag.py
[2026-06-27T17:21:20.714+0000] {processor.py:830} INFO - Processing file /opt/airflow/dags/sp500_master_ingestion_dag.py for tasks to queue
[2026-06-27T17:21:20.716+0000] {logging_mixin.py:188} INFO - [2026-06-27T17:21:20.715+0000] {dagbag.py:545} INFO - Filling up the DagBag from /opt/airflow/dags/sp500_master_ingestion_dag.py
[2026-06-27T17:21:22.152+0000] {processor.py:840} INFO - DAG(s) 'sp500_master_ingestion_pipeline' retrieved from /opt/airflow/dags/sp500_master_ingestion_dag.py
[2026-06-27T17:21:22.188+0000] {logging_mixin.py:188} INFO - [2026-06-27T17:21:22.187+0000] {dag.py:3096} INFO - Sync 1 DAGs
[2026-06-27T17:21:22.229+0000] {logging_mixin.py:188} INFO - [2026-06-27T17:21:22.228+0000] {dag.py:3954} INFO - Setting next_dagrun for sp500_master_ingestion_pipeline to 2026-06-25 20:30:00+00:00, run_after=2026-06-26 20:30:00+00:00
[2026-06-27T17:21:22.273+0000] {processor.py:183} INFO - Processing /opt/airflow/dags/sp500_master_ingestion_dag.py took 1.573 seconds
[2026-06-27T17:21:52.794+0000] {processor.py:161} INFO - Started process (PID=255) to work on /opt/airflow/dags/sp500_master_ingestion_dag.py
[2026-06-27T17:21:52.796+0000] {processor.py:830} INFO - Processing file /opt/airflow/dags/sp500_master_ingestion_dag.py for tasks to queue
[2026-06-27T17:21:52.799+0000] {logging_mixin.py:188} INFO - [2026-06-27T17:21:52.798+0000] {dagbag.py:545} INFO - Filling up the DagBag from /opt/airflow/dags/sp500_master_ingestion_dag.py
[2026-06-27T17:21:54.129+0000] {processor.py:840} INFO - DAG(s) 'sp500_master_ingestion_pipeline' retrieved from /opt/airflow/dags/sp500_master_ingestion_dag.py
[2026-06-27T17:21:54.160+0000] {logging_mixin.py:188} INFO - [2026-06-27T17:21:54.160+0000] {dag.py:3096} INFO - Sync 1 DAGs
[2026-06-27T17:21:54.181+0000] {logging_mixin.py:188} INFO - [2026-06-27T17:21:54.181+0000] {dag.py:3954} INFO - Setting next_dagrun for sp500_master_ingestion_pipeline to 2026-06-25 20:30:00+00:00, run_after=2026-06-26 20:30:00+00:00
[2026-06-27T17:21:54.209+0000] {processor.py:183} INFO - Processing /opt/airflow/dags/sp500_master_ingestion_dag.py took 1.428 seconds
[2026-06-27T17:22:24.601+0000] {processor.py:161} INFO - Started process (PID=261) to work on /opt/airflow/dags/sp500_master_ingestion_dag.py
[2026-06-27T17:22:24.603+0000] {processor.py:830} INFO - Processing file /opt/airflow/dags/sp500_master_ingestion_dag.py for tasks to queue
[2026-06-27T17:22:24.605+0000] {logging_mixin.py:188} INFO - [2026-06-27T17:22:24.604+0000] {dagbag.py:545} INFO - Filling up the DagBag from /opt/airflow/dags/sp500_master_ingestion_dag.py
[2026-06-27T17:22:25.732+0000] {processor.py:840} INFO - DAG(s) 'sp500_master_ingestion_pipeline' retrieved from /opt/airflow/dags/sp500_master_ingestion_dag.py
[2026-06-27T17:22:25.763+0000] {logging_mixin.py:188} INFO - [2026-06-27T17:22:25.762+0000] {dag.py:3096} INFO - Sync 1 DAGs
[2026-06-27T17:22:25.802+0000] {logging_mixin.py:188} INFO - [2026-06-27T17:22:25.801+0000] {dag.py:3954} INFO - Setting next_dagrun for sp500_master_ingestion_pipeline to 2026-06-25 20:30:00+00:00, run_after=2026-06-26 20:30:00+00:00
[2026-06-27T17:22:25.832+0000] {processor.py:183} INFO - Processing /opt/airflow/dags/sp500_master_ingestion_dag.py took 1.240 seconds
[2026-06-27T17:22:55.955+0000] {processor.py:161} INFO - Started process (PID=267) to work on /opt/airflow/dags/sp500_master_ingestion_dag.py
[2026-06-27T17:22:55.957+0000] {processor.py:830} INFO - Processing file /opt/airflow/dags/sp500_master_ingestion_dag.py for tasks to queue
[2026-06-27T17:22:55.960+0000] {logging_mixin.py:188} INFO - [2026-06-27T17:22:55.960+0000] {dagbag.py:545} INFO - Filling up the DagBag from /opt/airflow/dags/sp500_master_ingestion_dag.py
[2026-06-27T17:22:57.169+0000] {processor.py:840} INFO - DAG(s) 'sp500_master_ingestion_pipeline' retrieved from /opt/airflow/dags/sp500_master_ingestion_dag.py
[2026-06-27T17:22:57.196+0000] {logging_mixin.py:188} INFO - [2026-06-27T17:22:57.195+0000] {dag.py:3096} INFO - Sync 1 DAGs
[2026-06-27T17:22:57.217+0000] {logging_mixin.py:188} INFO - [2026-06-27T17:22:57.216+0000] {dag.py:3954} INFO - Setting next_dagrun for sp500_master_ingestion_pipeline to 2026-06-25 20:30:00+00:00, run_after=2026-06-26 20:30:00+00:00
[2026-06-27T17:22:57.248+0000] {processor.py:183} INFO - Processing /opt/airflow/dags/sp500_master_ingestion_dag.py took 1.303 seconds
[2026-06-27T17:23:27.558+0000] {processor.py:161} INFO - Started process (PID=273) to work on /opt/airflow/dags/sp500_master_ingestion_dag.py
[2026-06-27T17:23:27.560+0000] {processor.py:830} INFO - Processing file /opt/airflow/dags/sp500_master_ingestion_dag.py for tasks to queue
[2026-06-27T17:23:27.563+0000] {logging_mixin.py:188} INFO - [2026-06-27T17:23:27.562+0000] {dagbag.py:545} INFO - Filling up the DagBag from /opt/airflow/dags/sp500_master_ingestion_dag.py
[2026-06-27T17:23:28.677+0000] {processor.py:840} INFO - DAG(s) 'sp500_master_ingestion_pipeline' retrieved from /opt/airflow/dags/sp500_master_ingestion_dag.py
[2026-06-27T17:23:28.714+0000] {logging_mixin.py:188} INFO - [2026-06-27T17:23:28.713+0000] {dag.py:3096} INFO - Sync 1 DAGs
[2026-06-27T17:23:28.737+0000] {logging_mixin.py:188} INFO - [2026-06-27T17:23:28.737+0000] {dag.py:3954} INFO - Setting next_dagrun for sp500_master_ingestion_pipeline to 2026-06-25 20:30:00+00:00, run_after=2026-06-26 20:30:00+00:00
[2026-06-27T17:23:28.772+0000] {processor.py:183} INFO - Processing /opt/airflow/dags/sp500_master_ingestion_dag.py took 1.222 seconds
[2026-06-27T17:23:58.982+0000] {processor.py:161} INFO - Started process (PID=279) to work on /opt/airflow/dags/sp500_master_ingestion_dag.py
[2026-06-27T17:23:58.985+0000] {processor.py:830} INFO - Processing file /opt/airflow/dags/sp500_master_ingestion_dag.py for tasks to queue
[2026-06-27T17:23:58.989+0000] {logging_mixin.py:188} INFO - [2026-06-27T17:23:58.988+0000] {dagbag.py:545} INFO - Filling up the DagBag from /opt/airflow/dags/sp500_master_ingestion_dag.py
[2026-06-27T17:24:00.168+0000] {processor.py:840} INFO - DAG(s) 'sp500_master_ingestion_pipeline' retrieved from /opt/airflow/dags/sp500_master_ingestion_dag.py
[2026-06-27T17:24:00.197+0000] {logging_mixin.py:188} INFO - [2026-06-27T17:24:00.197+0000] {dag.py:3096} INFO - Sync 1 DAGs
[2026-06-27T17:24:00.217+0000] {logging_mixin.py:188} INFO - [2026-06-27T17:24:00.216+0000] {dag.py:3954} INFO - Setting next_dagrun for sp500_master_ingestion_pipeline to 2026-06-25 20:30:00+00:00, run_after=2026-06-26 20:30:00+00:00
[2026-06-27T17:24:00.241+0000] {processor.py:183} INFO - Processing /opt/airflow/dags/sp500_master_ingestion_dag.py took 1.272 seconds
[2026-06-27T17:24:30.364+0000] {processor.py:161} INFO - Started process (PID=285) to work on /opt/airflow/dags/sp500_master_ingestion_dag.py
[2026-06-27T17:24:30.366+0000] {processor.py:830} INFO - Processing file /opt/airflow/dags/sp500_master_ingestion_dag.py for tasks to queue
[2026-06-27T17:24:30.369+0000] {logging_mixin.py:188} INFO - [2026-06-27T17:24:30.368+0000] {dagbag.py:545} INFO - Filling up the DagBag from /opt/airflow/dags/sp500_master_ingestion_dag.py
[2026-06-27T17:24:31.503+0000] {processor.py:840} INFO - DAG(s) 'sp500_master_ingestion_pipeline' retrieved from /opt/airflow/dags/sp500_master_ingestion_dag.py
[2026-06-27T17:24:31.531+0000] {logging_mixin.py:188} INFO - [2026-06-27T17:24:31.530+0000] {dag.py:3096} INFO - Sync 1 DAGs
[2026-06-27T17:24:31.557+0000] {logging_mixin.py:188} INFO - [2026-06-27T17:24:31.557+0000] {dag.py:3954} INFO - Setting next_dagrun for sp500_master_ingestion_pipeline to 2026-06-25 20:30:00+00:00, run_after=2026-06-26 20:30:00+00:00
[2026-06-27T17:24:31.578+0000] {processor.py:183} INFO - Processing /opt/airflow/dags/sp500_master_ingestion_dag.py took 1.223 seconds
[2026-06-27T17:25:01.903+0000] {processor.py:161} INFO - Started process (PID=291) to work on /opt/airflow/dags/sp500_master_ingestion_dag.py
[2026-06-27T17:25:01.905+0000] {processor.py:830} INFO - Processing file /opt/airflow/dags/sp500_master_ingestion_dag.py for tasks to queue
[2026-06-27T17:25:01.907+0000] {logging_mixin.py:188} INFO - [2026-06-27T17:25:01.906+0000] {dagbag.py:545} INFO - Filling up the DagBag from /opt/airflow/dags/sp500_master_ingestion_dag.py
[2026-06-27T17:25:03.173+0000] {processor.py:840} INFO - DAG(s) 'sp500_master_ingestion_pipeline' retrieved from /opt/airflow/dags/sp500_master_ingestion_dag.py
[2026-06-27T17:25:03.210+0000] {logging_mixin.py:188} INFO - [2026-06-27T17:25:03.209+0000] {dag.py:3096} INFO - Sync 1 DAGs
[2026-06-27T17:25:03.236+0000] {logging_mixin.py:188} INFO - [2026-06-27T17:25:03.235+0000] {dag.py:3954} INFO - Setting next_dagrun for sp500_master_ingestion_pipeline to 2026-06-25 20:30:00+00:00, run_after=2026-06-26 20:30:00+00:00
[2026-06-27T17:25:03.272+0000] {processor.py:183} INFO - Processing /opt/airflow/dags/sp500_master_ingestion_dag.py took 1.377 seconds
[2026-06-27T17:25:33.702+0000] {processor.py:161} INFO - Started process (PID=297) to work on /opt/airflow/dags/sp500_master_ingestion_dag.py
[2026-06-27T17:25:33.704+0000] {processor.py:830} INFO - Processing file /opt/airflow/dags/sp500_master_ingestion_dag.py for tasks to queue
[2026-06-27T17:25:33.706+0000] {logging_mixin.py:188} INFO - [2026-06-27T17:25:33.706+0000] {dagbag.py:545} INFO - Filling up the DagBag from /opt/airflow/dags/sp500_master_ingestion_dag.py
[2026-06-27T17:25:34.968+0000] {processor.py:840} INFO - DAG(s) 'sp500_master_ingestion_pipeline' retrieved from /opt/airflow/dags/sp500_master_ingestion_dag.py
[2026-06-27T17:25:35.012+0000] {logging_mixin.py:188} INFO - [2026-06-27T17:25:35.011+0000] {dag.py:3096} INFO - Sync 1 DAGs
[2026-06-27T17:25:35.040+0000] {logging_mixin.py:188} INFO - [2026-06-27T17:25:35.040+0000] {dag.py:3954} INFO - Setting next_dagrun for sp500_master_ingestion_pipeline to 2026-06-25 20:30:00+00:00, run_after=2026-06-26 20:30:00+00:00
[2026-06-27T17:25:35.078+0000] {processor.py:183} INFO - Processing /opt/airflow/dags/sp500_master_ingestion_dag.py took 1.393 seconds
[2026-06-27T17:26:05.443+0000] {processor.py:161} INFO - Started process (PID=303) to work on /opt/airflow/dags/sp500_master_ingestion_dag.py
[2026-06-27T17:26:05.445+0000] {processor.py:830} INFO - Processing file /opt/airflow/dags/sp500_master_ingestion_dag.py for tasks to queue
[2026-06-27T17:26:05.448+0000] {logging_mixin.py:188} INFO - [2026-06-27T17:26:05.447+0000] {dagbag.py:545} INFO - Filling up the DagBag from /opt/airflow/dags/sp500_master_ingestion_dag.py
[2026-06-27T17:26:06.761+0000] {processor.py:840} INFO - DAG(s) 'sp500_master_ingestion_pipeline' retrieved from /opt/airflow/dags/sp500_master_ingestion_dag.py
[2026-06-27T17:26:06.812+0000] {logging_mixin.py:188} INFO - [2026-06-27T17:26:06.812+0000] {dag.py:3096} INFO - Sync 1 DAGs
[2026-06-27T17:26:06.835+0000] {logging_mixin.py:188} INFO - [2026-06-27T17:26:06.835+0000] {dag.py:3954} INFO - Setting next_dagrun for sp500_master_ingestion_pipeline to 2026-06-25 20:30:00+00:00, run_after=2026-06-26 20:30:00+00:00
[2026-06-27T17:26:06.861+0000] {processor.py:183} INFO - Processing /opt/airflow/dags/sp500_master_ingestion_dag.py took 1.427 seconds
[2026-06-27T17:26:37.268+0000] {processor.py:161} INFO - Started process (PID=309) to work on /opt/airflow/dags/sp500_master_ingestion_dag.py
[2026-06-27T17:26:37.270+0000] {processor.py:830} INFO - Processing file /opt/airflow/dags/sp500_master_ingestion_dag.py for tasks to queue
[2026-06-27T17:26:37.273+0000] {logging_mixin.py:188} INFO - [2026-06-27T17:26:37.272+0000] {dagbag.py:545} INFO - Filling up the DagBag from /opt/airflow/dags/sp500_master_ingestion_dag.py
[2026-06-27T17:26:38.538+0000] {processor.py:840} INFO - DAG(s) 'sp500_master_ingestion_pipeline' retrieved from /opt/airflow/dags/sp500_master_ingestion_dag.py
[2026-06-27T17:26:38.580+0000] {logging_mixin.py:188} INFO - [2026-06-27T17:26:38.579+0000] {dag.py:3096} INFO - Sync 1 DAGs
[2026-06-27T17:26:38.611+0000] {logging_mixin.py:188} INFO - [2026-06-27T17:26:38.611+0000] {dag.py:3954} INFO - Setting next_dagrun for sp500_master_ingestion_pipeline to 2026-06-25 20:30:00+00:00, run_after=2026-06-26 20:30:00+00:00
[2026-06-27T17:26:38.653+0000] {processor.py:183} INFO - Processing /opt/airflow/dags/sp500_master_ingestion_dag.py took 1.401 seconds
