[2026-06-11T02:49:19.333+0000] {local_task_job_runner.py:120} INFO - ::group::Pre task execution logs
[2026-06-11T02:49:19.367+0000] {taskinstance.py:2076} INFO - Dependencies all met for dep_context=non-requeueable deps ti=<TaskInstance: sp500_master_ingestion_pipeline.extract_daily_data manual__2026-06-11T02:49:17.449462+00:00 [queued]>
[2026-06-11T02:49:19.374+0000] {taskinstance.py:2076} INFO - Dependencies all met for dep_context=requeueable deps ti=<TaskInstance: sp500_master_ingestion_pipeline.extract_daily_data manual__2026-06-11T02:49:17.449462+00:00 [queued]>
[2026-06-11T02:49:19.376+0000] {taskinstance.py:2306} INFO - Starting attempt 1 of 3
[2026-06-11T02:49:19.387+0000] {taskinstance.py:2330} INFO - Executing <Task(PythonOperator): extract_daily_data> on 2026-06-11 02:49:17.449462+00:00
[2026-06-11T02:49:19.395+0000] {standard_task_runner.py:90} INFO - Running: ['***', 'tasks', 'run', 'sp500_master_ingestion_pipeline', 'extract_daily_data', 'manual__2026-06-11T02:49:17.449462+00:00', '--job-id', '3', '--raw', '--subdir', 'DAGS_FOLDER/sp500_master_ingestion_dag.py', '--cfg-path', '/tmp/tmp3wtshmyb']
[2026-06-11T02:49:19.397+0000] {logging_mixin.py:188} WARNING - /home/***/.local/lib/python3.12/site-packages/***/task/task_runner/standard_task_runner.py:61 DeprecationWarning: This process (pid=616) is multi-threaded, use of fork() may lead to deadlocks in the child.
[2026-06-11T02:49:19.398+0000] {standard_task_runner.py:91} INFO - Job 3: Subtask extract_daily_data
[2026-06-11T02:49:19.399+0000] {standard_task_runner.py:63} INFO - Started process 636 to run task
[2026-06-11T02:49:19.456+0000] {task_command.py:426} INFO - Running <TaskInstance: sp500_master_ingestion_pipeline.extract_daily_data manual__2026-06-11T02:49:17.449462+00:00 [running]> on host ea2d499810bc
[2026-06-11T02:49:19.516+0000] {taskinstance.py:2648} INFO - Exporting env vars: AIRFLOW_CTX_DAG_OWNER='data_engineering_team' AIRFLOW_CTX_DAG_ID='sp500_master_ingestion_pipeline' AIRFLOW_CTX_TASK_ID='extract_daily_data' AIRFLOW_CTX_EXECUTION_DATE='2026-06-11T02:49:17.449462+00:00' AIRFLOW_CTX_TRY_NUMBER='1' AIRFLOW_CTX_DAG_RUN_ID='manual__2026-06-11T02:49:17.449462+00:00'
[2026-06-11T02:49:19.517+0000] {taskinstance.py:430} INFO - ::endgroup::
[2026-06-11T02:49:19.529+0000] {minio_fetching_data_daily.py:43} INFO - Fetching S&P 500 tickers from Wikipedia …
[2026-06-11T02:49:19.928+0000] {minio_fetching_data_daily.py:52} INFO - Found 503 tickers.
[2026-06-11T02:49:24.173+0000] {minio_fetching_data_daily.py:154} INFO - New tickers: 0 | To update: 503 | End date: 2026-06-11
[2026-06-11T02:49:24.174+0000] {minio_fetching_data_daily.py:160} INFO - Batch 1 | start=2026-06-09 | 50 tickers
[2026-06-11T02:49:26.153+0000] {minio_fetching_data_daily.py:111} INFO -   CHTR: +2 rows → 2513 total in MinIO
[2026-06-11T02:49:26.184+0000] {minio_fetching_data_daily.py:111} INFO -   CVX: +2 rows → 2513 total in MinIO
[2026-06-11T02:49:26.212+0000] {minio_fetching_data_daily.py:111} INFO -   CMG: +2 rows → 2513 total in MinIO
[2026-06-11T02:49:26.239+0000] {minio_fetching_data_daily.py:111} INFO -   CB: +2 rows → 2513 total in MinIO
[2026-06-11T02:49:26.271+0000] {minio_fetching_data_daily.py:111} INFO -   CHD: +2 rows → 2513 total in MinIO
[2026-06-11T02:49:26.304+0000] {minio_fetching_data_daily.py:111} INFO -   CIEN: +2 rows → 2513 total in MinIO
[2026-06-11T02:49:26.331+0000] {minio_fetching_data_daily.py:111} INFO -   CI: +2 rows → 2513 total in MinIO
[2026-06-11T02:49:26.364+0000] {minio_fetching_data_daily.py:111} INFO -   CINF: +2 rows → 2513 total in MinIO
[2026-06-11T02:49:26.392+0000] {minio_fetching_data_daily.py:111} INFO -   CTAS: +2 rows → 2513 total in MinIO
[2026-06-11T02:49:26.419+0000] {minio_fetching_data_daily.py:111} INFO -   CSCO: +2 rows → 2513 total in MinIO
[2026-06-11T02:49:26.447+0000] {minio_fetching_data_daily.py:111} INFO -   C: +2 rows → 2513 total in MinIO
[2026-06-11T02:49:26.473+0000] {minio_fetching_data_daily.py:111} INFO -   CFG: +2 rows → 2513 total in MinIO
[2026-06-11T02:49:26.507+0000] {minio_fetching_data_daily.py:111} INFO -   CLX: +2 rows → 2513 total in MinIO
[2026-06-11T02:49:26.537+0000] {minio_fetching_data_daily.py:111} INFO -   CME: +2 rows → 2513 total in MinIO
[2026-06-11T02:49:26.566+0000] {minio_fetching_data_daily.py:111} INFO -   CMS: +2 rows → 2513 total in MinIO
[2026-06-11T02:49:26.593+0000] {minio_fetching_data_daily.py:111} INFO -   KO: +2 rows → 2513 total in MinIO
[2026-06-11T02:49:26.621+0000] {minio_fetching_data_daily.py:111} INFO -   CTSH: +2 rows → 2513 total in MinIO
[2026-06-11T02:49:26.650+0000] {minio_fetching_data_daily.py:111} INFO -   COHR: +2 rows → 2513 total in MinIO
[2026-06-11T02:49:26.675+0000] {minio_fetching_data_daily.py:111} INFO -   COIN: +2 rows → 1296 total in MinIO
[2026-06-11T02:49:26.697+0000] {minio_fetching_data_daily.py:111} INFO -   CL: +2 rows → 2513 total in MinIO
[2026-06-11T02:49:26.723+0000] {minio_fetching_data_daily.py:111} INFO -   CMCSA: +2 rows → 2513 total in MinIO
[2026-06-11T02:49:26.749+0000] {minio_fetching_data_daily.py:111} INFO -   FIX: +2 rows → 2513 total in MinIO
[2026-06-11T02:49:26.776+0000] {minio_fetching_data_daily.py:111} INFO -   CAG: +2 rows → 2513 total in MinIO
[2026-06-11T02:49:26.803+0000] {minio_fetching_data_daily.py:111} INFO -   COP: +2 rows → 2513 total in MinIO
[2026-06-11T02:49:26.829+0000] {minio_fetching_data_daily.py:111} INFO -   ED: +2 rows → 2513 total in MinIO
[2026-06-11T02:49:26.856+0000] {minio_fetching_data_daily.py:111} INFO -   STZ: +2 rows → 2513 total in MinIO
[2026-06-11T02:49:26.881+0000] {minio_fetching_data_daily.py:111} INFO -   CEG: +2 rows → 1102 total in MinIO
[2026-06-11T02:49:26.901+0000] {minio_fetching_data_daily.py:111} INFO -   COO: +2 rows → 2513 total in MinIO
[2026-06-11T02:49:26.929+0000] {minio_fetching_data_daily.py:111} INFO -   CPRT: +2 rows → 2513 total in MinIO
[2026-06-11T02:49:26.957+0000] {minio_fetching_data_daily.py:111} INFO -   GLW: +2 rows → 2513 total in MinIO
[2026-06-11T02:49:26.985+0000] {minio_fetching_data_daily.py:111} INFO -   CPAY: +2 rows → 2513 total in MinIO
[2026-06-11T02:49:27.010+0000] {minio_fetching_data_daily.py:111} INFO -   CTVA: +2 rows → 1771 total in MinIO
[2026-06-11T02:49:27.035+0000] {minio_fetching_data_daily.py:111} INFO -   CSGP: +2 rows → 2513 total in MinIO
[2026-06-11T02:49:27.060+0000] {minio_fetching_data_daily.py:111} INFO -   COST: +2 rows → 2513 total in MinIO
[2026-06-11T02:49:27.086+0000] {minio_fetching_data_daily.py:111} INFO -   CRH: +2 rows → 2513 total in MinIO
[2026-06-11T02:49:27.111+0000] {minio_fetching_data_daily.py:111} INFO -   CRWD: +2 rows → 1759 total in MinIO
[2026-06-11T02:49:27.137+0000] {minio_fetching_data_daily.py:111} INFO -   CCI: +2 rows → 2513 total in MinIO
[2026-06-11T02:49:27.163+0000] {minio_fetching_data_daily.py:111} INFO -   CSX: +2 rows → 2513 total in MinIO
[2026-06-11T02:49:27.190+0000] {minio_fetching_data_daily.py:111} INFO -   CMI: +2 rows → 2513 total in MinIO
[2026-06-11T02:49:27.218+0000] {minio_fetching_data_daily.py:111} INFO -   CVS: +2 rows → 2513 total in MinIO
[2026-06-11T02:49:27.245+0000] {minio_fetching_data_daily.py:111} INFO -   DHR: +2 rows → 2513 total in MinIO
[2026-06-11T02:49:27.272+0000] {minio_fetching_data_daily.py:111} INFO -   DRI: +2 rows → 2513 total in MinIO
[2026-06-11T02:49:27.297+0000] {minio_fetching_data_daily.py:111} INFO -   DDOG: +2 rows → 1690 total in MinIO
[2026-06-11T02:49:27.321+0000] {minio_fetching_data_daily.py:111} INFO -   DVA: +2 rows → 2513 total in MinIO
[2026-06-11T02:49:27.347+0000] {minio_fetching_data_daily.py:111} INFO -   DECK: +2 rows → 2513 total in MinIO
[2026-06-11T02:49:27.372+0000] {minio_fetching_data_daily.py:111} INFO -   DE: +2 rows → 2513 total in MinIO
[2026-06-11T02:49:27.398+0000] {minio_fetching_data_daily.py:111} INFO -   DELL: +2 rows → 2467 total in MinIO
[2026-06-11T02:49:27.424+0000] {minio_fetching_data_daily.py:111} INFO -   DAL: +2 rows → 2513 total in MinIO
[2026-06-11T02:49:27.450+0000] {minio_fetching_data_daily.py:111} INFO -   DVN: +2 rows → 2513 total in MinIO
[2026-06-11T02:49:27.476+0000] {minio_fetching_data_daily.py:111} INFO -   DXCM: +2 rows → 2513 total in MinIO
[2026-06-11T02:49:29.495+0000] {minio_fetching_data_daily.py:160} INFO - Batch 2 | start=2026-06-09 | 50 tickers
[2026-06-11T02:49:31.101+0000] {minio_fetching_data_daily.py:111} INFO -   FANG: +2 rows → 2513 total in MinIO
[2026-06-11T02:49:31.133+0000] {minio_fetching_data_daily.py:111} INFO -   DLR: +2 rows → 2513 total in MinIO
[2026-06-11T02:49:31.160+0000] {minio_fetching_data_daily.py:111} INFO -   DG: +2 rows → 2513 total in MinIO
[2026-06-11T02:49:31.188+0000] {minio_fetching_data_daily.py:111} INFO -   DLTR: +2 rows → 2513 total in MinIO
[2026-06-11T02:49:31.217+0000] {minio_fetching_data_daily.py:111} INFO -   D: +2 rows → 2513 total in MinIO
[2026-06-11T02:49:31.244+0000] {minio_fetching_data_daily.py:111} INFO -   DPZ: +2 rows → 2513 total in MinIO
[2026-06-11T02:49:31.270+0000] {minio_fetching_data_daily.py:111} INFO -   DASH: +2 rows → 1381 total in MinIO
[2026-06-11T02:49:31.293+0000] {minio_fetching_data_daily.py:111} INFO -   DOV: +2 rows → 2513 total in MinIO
[2026-06-11T02:49:31.319+0000] {minio_fetching_data_daily.py:111} INFO -   DOW: +2 rows → 1817 total in MinIO
[2026-06-11T02:49:31.344+0000] {minio_fetching_data_daily.py:111} INFO -   DHI: +2 rows → 2513 total in MinIO
[2026-06-11T02:49:31.372+0000] {minio_fetching_data_daily.py:111} INFO -   DTE: +2 rows → 2513 total in MinIO
[2026-06-11T02:49:31.400+0000] {minio_fetching_data_daily.py:111} INFO -   DUK: +2 rows → 2513 total in MinIO
[2026-06-11T02:49:31.429+0000] {minio_fetching_data_daily.py:111} INFO -   DD: +2 rows → 2513 total in MinIO
[2026-06-11T02:49:31.457+0000] {minio_fetching_data_daily.py:111} INFO -   ETN: +2 rows → 2513 total in MinIO
[2026-06-11T02:49:31.484+0000] {minio_fetching_data_daily.py:111} INFO -   EBAY: +2 rows → 2513 total in MinIO
[2026-06-11T02:49:31.512+0000] {minio_fetching_data_daily.py:111} INFO -   SATS: +2 rows → 2513 total in MinIO
[2026-06-11T02:49:31.540+0000] {minio_fetching_data_daily.py:111} INFO -   ECL: +2 rows → 2513 total in MinIO
[2026-06-11T02:49:31.569+0000] {minio_fetching_data_daily.py:111} INFO -   EIX: +2 rows → 2513 total in MinIO
[2026-06-11T02:49:31.596+0000] {minio_fetching_data_daily.py:111} INFO -   EW: +2 rows → 2513 total in MinIO
[2026-06-11T02:49:31.624+0000] {minio_fetching_data_daily.py:111} INFO -   EA: +2 rows → 2513 total in MinIO
[2026-06-11T02:49:31.652+0000] {minio_fetching_data_daily.py:111} INFO -   ELV: +2 rows → 2513 total in MinIO
[2026-06-11T02:49:31.681+0000] {minio_fetching_data_daily.py:111} INFO -   EME: +2 rows → 2513 total in MinIO
[2026-06-11T02:49:31.708+0000] {minio_fetching_data_daily.py:111} INFO -   EMR: +2 rows → 2513 total in MinIO
[2026-06-11T02:49:31.737+0000] {minio_fetching_data_daily.py:111} INFO -   ETR: +2 rows → 2513 total in MinIO
[2026-06-11T02:49:31.765+0000] {minio_fetching_data_daily.py:111} INFO -   EOG: +2 rows → 2513 total in MinIO
[2026-06-11T02:49:31.792+0000] {minio_fetching_data_daily.py:111} INFO -   EQT: +2 rows → 2513 total in MinIO
[2026-06-11T02:49:31.820+0000] {minio_fetching_data_daily.py:111} INFO -   EFX: +2 rows → 2513 total in MinIO
[2026-06-11T02:49:31.849+0000] {minio_fetching_data_daily.py:111} INFO -   EQIX: +2 rows → 2513 total in MinIO
[2026-06-11T02:49:31.879+0000] {minio_fetching_data_daily.py:111} INFO -   EQR: +2 rows → 2513 total in MinIO
[2026-06-11T02:49:31.907+0000] {minio_fetching_data_daily.py:111} INFO -   ERIE: +2 rows → 2513 total in MinIO
[2026-06-11T02:49:31.939+0000] {minio_fetching_data_daily.py:111} INFO -   ESS: +2 rows → 2513 total in MinIO
[2026-06-11T02:49:31.968+0000] {minio_fetching_data_daily.py:111} INFO -   EL: +2 rows → 2513 total in MinIO
[2026-06-11T02:49:31.995+0000] {minio_fetching_data_daily.py:111} INFO -   EG: +2 rows → 2513 total in MinIO
[2026-06-11T02:49:32.022+0000] {minio_fetching_data_daily.py:111} INFO -   EVRG: +2 rows → 2513 total in MinIO
[2026-06-11T02:49:32.049+0000] {minio_fetching_data_daily.py:111} INFO -   ES: +2 rows → 2513 total in MinIO
[2026-06-11T02:49:32.075+0000] {minio_fetching_data_daily.py:111} INFO -   EXC: +2 rows → 2513 total in MinIO
[2026-06-11T02:49:32.100+0000] {minio_fetching_data_daily.py:111} INFO -   EXE: +2 rows → 1339 total in MinIO
[2026-06-11T02:49:32.122+0000] {minio_fetching_data_daily.py:111} INFO -   EXPE: +2 rows → 2513 total in MinIO
[2026-06-11T02:49:32.150+0000] {minio_fetching_data_daily.py:111} INFO -   EXPD: +2 rows → 2513 total in MinIO
[2026-06-11T02:49:32.177+0000] {minio_fetching_data_daily.py:111} INFO -   EXR: +2 rows → 2513 total in MinIO
[2026-06-11T02:49:32.203+0000] {minio_fetching_data_daily.py:111} INFO -   XOM: +2 rows → 2513 total in MinIO
[2026-06-11T02:49:32.230+0000] {minio_fetching_data_daily.py:111} INFO -   FFIV: +2 rows → 2513 total in MinIO
[2026-06-11T02:49:32.256+0000] {minio_fetching_data_daily.py:111} INFO -   FDS: +2 rows → 2513 total in MinIO
[2026-06-11T02:49:32.282+0000] {minio_fetching_data_daily.py:111} INFO -   FICO: +2 rows → 2513 total in MinIO
[2026-06-11T02:49:32.309+0000] {minio_fetching_data_daily.py:111} INFO -   FAST: +2 rows → 2513 total in MinIO
[2026-06-11T02:49:32.335+0000] {minio_fetching_data_daily.py:111} INFO -   FRT: +2 rows → 2513 total in MinIO
[2026-06-11T02:49:32.361+0000] {minio_fetching_data_daily.py:111} INFO -   FDX: +2 rows → 2513 total in MinIO
[2026-06-11T02:49:32.388+0000] {minio_fetching_data_daily.py:111} INFO -   FDXF: +2 rows → 11 total in MinIO
[2026-06-11T02:49:32.403+0000] {minio_fetching_data_daily.py:111} INFO -   FIS: +2 rows → 2513 total in MinIO
[2026-06-11T02:49:32.429+0000] {minio_fetching_data_daily.py:111} INFO -   FITB: +2 rows → 2513 total in MinIO
[2026-06-11T02:49:34.448+0000] {minio_fetching_data_daily.py:160} INFO - Batch 3 | start=2026-06-09 | 50 tickers
[2026-06-11T02:49:36.134+0000] {minio_fetching_data_daily.py:111} INFO -   FSLR: +2 rows → 2513 total in MinIO
[2026-06-11T02:49:36.166+0000] {minio_fetching_data_daily.py:111} INFO -   FE: +2 rows → 2513 total in MinIO
[2026-06-11T02:49:36.198+0000] {minio_fetching_data_daily.py:111} INFO -   FISV: +2 rows → 2512 total in MinIO
[2026-06-11T02:49:36.229+0000] {minio_fetching_data_daily.py:111} INFO -   F: +2 rows → 2513 total in MinIO
[2026-06-11T02:49:36.264+0000] {minio_fetching_data_daily.py:111} INFO -   FTNT: +2 rows → 2513 total in MinIO
[2026-06-11T02:49:36.293+0000] {minio_fetching_data_daily.py:111} INFO -   FTV: +2 rows → 2498 total in MinIO
[2026-06-11T02:49:36.321+0000] {minio_fetching_data_daily.py:111} INFO -   FOXA: +2 rows → 1823 total in MinIO
[2026-06-11T02:49:36.345+0000] {minio_fetching_data_daily.py:111} INFO -   FOX: +2 rows → 1822 total in MinIO
[2026-06-11T02:49:36.372+0000] {minio_fetching_data_daily.py:111} INFO -   BEN: +2 rows → 2513 total in MinIO
[2026-06-11T02:49:36.401+0000] {minio_fetching_data_daily.py:111} INFO -   FCX: +2 rows → 2513 total in MinIO
[2026-06-11T02:49:36.429+0000] {minio_fetching_data_daily.py:111} INFO -   GRMN: +2 rows → 2513 total in MinIO
[2026-06-11T02:49:36.457+0000] {minio_fetching_data_daily.py:111} INFO -   IT: +2 rows → 2513 total in MinIO
[2026-06-11T02:49:36.484+0000] {minio_fetching_data_daily.py:111} INFO -   GE: +2 rows → 2513 total in MinIO
[2026-06-11T02:49:36.508+0000] {minio_fetching_data_daily.py:111} INFO -   GEHC: +2 rows → 873 total in MinIO
[2026-06-11T02:49:36.526+0000] {minio_fetching_data_daily.py:111} INFO -   GEV: +2 rows → 553 total in MinIO
[2026-06-11T02:49:36.544+0000] {minio_fetching_data_daily.py:111} INFO -   GEN: +2 rows → 2513 total in MinIO
[2026-06-11T02:49:36.573+0000] {minio_fetching_data_daily.py:111} INFO -   GNRC: +2 rows → 2513 total in MinIO
[2026-06-11T02:49:36.602+0000] {minio_fetching_data_daily.py:111} INFO -   GD: +2 rows → 2513 total in MinIO
[2026-06-11T02:49:36.631+0000] {minio_fetching_data_daily.py:111} INFO -   GIS: +2 rows → 2513 total in MinIO
[2026-06-11T02:49:36.658+0000] {minio_fetching_data_daily.py:111} INFO -   GM: +2 rows → 2513 total in MinIO
[2026-06-11T02:49:36.685+0000] {minio_fetching_data_daily.py:111} INFO -   GPC: +2 rows → 2513 total in MinIO
[2026-06-11T02:49:36.713+0000] {minio_fetching_data_daily.py:111} INFO -   GILD: +2 rows → 2513 total in MinIO
[2026-06-11T02:49:36.740+0000] {minio_fetching_data_daily.py:111} INFO -   GPN: +2 rows → 2513 total in MinIO
[2026-06-11T02:49:36.777+0000] {minio_fetching_data_daily.py:111} INFO -   GL: +2 rows → 2513 total in MinIO
[2026-06-11T02:49:36.805+0000] {minio_fetching_data_daily.py:111} INFO -   GDDY: +2 rows → 2513 total in MinIO
[2026-06-11T02:49:36.833+0000] {minio_fetching_data_daily.py:111} INFO -   GS: +2 rows → 2513 total in MinIO
[2026-06-11T02:49:36.862+0000] {minio_fetching_data_daily.py:111} INFO -   HAL: +2 rows → 2513 total in MinIO
[2026-06-11T02:49:36.890+0000] {minio_fetching_data_daily.py:111} INFO -   HIG: +2 rows → 2513 total in MinIO
[2026-06-11T02:49:36.918+0000] {minio_fetching_data_daily.py:111} INFO -   HAS: +2 rows → 2513 total in MinIO
[2026-06-11T02:49:36.946+0000] {minio_fetching_data_daily.py:111} INFO -   HCA: +2 rows → 2513 total in MinIO
[2026-06-11T02:49:36.973+0000] {minio_fetching_data_daily.py:111} INFO -   DOC: +2 rows → 2513 total in MinIO
[2026-06-11T02:49:37.001+0000] {minio_fetching_data_daily.py:111} INFO -   HSIC: +2 rows → 2513 total in MinIO
[2026-06-11T02:49:37.029+0000] {minio_fetching_data_daily.py:111} INFO -   HSY: +2 rows → 2513 total in MinIO
[2026-06-11T02:49:37.057+0000] {minio_fetching_data_daily.py:111} INFO -   HPE: +2 rows → 2513 total in MinIO
[2026-06-11T02:49:37.089+0000] {minio_fetching_data_daily.py:111} INFO -   HLT: +2 rows → 2513 total in MinIO
[2026-06-11T02:49:37.117+0000] {minio_fetching_data_daily.py:111} INFO -   HD: +2 rows → 2513 total in MinIO
[2026-06-11T02:49:37.145+0000] {minio_fetching_data_daily.py:111} INFO -   HON: +2 rows → 2513 total in MinIO
[2026-06-11T02:49:37.173+0000] {minio_fetching_data_daily.py:111} INFO -   HRL: +2 rows → 2513 total in MinIO
[2026-06-11T02:49:37.205+0000] {minio_fetching_data_daily.py:111} INFO -   HST: +2 rows → 2513 total in MinIO
[2026-06-11T02:49:37.233+0000] {minio_fetching_data_daily.py:111} INFO -   HWM: +2 rows → 2414 total in MinIO
[2026-06-11T02:49:37.260+0000] {minio_fetching_data_daily.py:111} INFO -   HPQ: +2 rows → 2513 total in MinIO
[2026-06-11T02:49:37.288+0000] {minio_fetching_data_daily.py:111} INFO -   HUBB: +2 rows → 2513 total in MinIO
[2026-06-11T02:49:37.316+0000] {minio_fetching_data_daily.py:111} INFO -   HUM: +2 rows → 2513 total in MinIO
[2026-06-11T02:49:37.344+0000] {minio_fetching_data_daily.py:111} INFO -   HBAN: +2 rows → 2513 total in MinIO
[2026-06-11T02:49:37.374+0000] {minio_fetching_data_daily.py:111} INFO -   HII: +2 rows → 2513 total in MinIO
[2026-06-11T02:49:37.403+0000] {minio_fetching_data_daily.py:111} INFO -   IBM: +2 rows → 2513 total in MinIO
[2026-06-11T02:49:37.431+0000] {minio_fetching_data_daily.py:111} INFO -   IEX: +2 rows → 2513 total in MinIO
[2026-06-11T02:49:37.459+0000] {minio_fetching_data_daily.py:111} INFO -   IDXX: +2 rows → 2513 total in MinIO
[2026-06-11T02:49:37.486+0000] {minio_fetching_data_daily.py:111} INFO -   ITW: +2 rows → 2513 total in MinIO
[2026-06-11T02:49:37.514+0000] {minio_fetching_data_daily.py:111} INFO -   INCY: +2 rows → 2513 total in MinIO
[2026-06-11T02:49:39.534+0000] {minio_fetching_data_daily.py:160} INFO - Batch 4 | start=2026-06-09 | 50 tickers
[2026-06-11T02:49:41.257+0000] {minio_fetching_data_daily.py:111} INFO -   IR: +2 rows → 2282 total in MinIO
[2026-06-11T02:49:41.284+0000] {minio_fetching_data_daily.py:111} INFO -   PODD: +2 rows → 2513 total in MinIO
[2026-06-11T02:49:41.311+0000] {minio_fetching_data_daily.py:111} INFO -   INTC: +2 rows → 2513 total in MinIO
[2026-06-11T02:49:41.338+0000] {minio_fetching_data_daily.py:111} INFO -   IBKR: +2 rows → 2513 total in MinIO
[2026-06-11T02:49:41.365+0000] {minio_fetching_data_daily.py:111} INFO -   ICE: +2 rows → 2513 total in MinIO
[2026-06-11T02:49:41.392+0000] {minio_fetching_data_daily.py:111} INFO -   IFF: +2 rows → 2513 total in MinIO
[2026-06-11T02:49:41.418+0000] {minio_fetching_data_daily.py:111} INFO -   IP: +2 rows → 2513 total in MinIO
[2026-06-11T02:49:41.444+0000] {minio_fetching_data_daily.py:111} INFO -   INTU: +2 rows → 2513 total in MinIO
[2026-06-11T02:49:41.472+0000] {minio_fetching_data_daily.py:111} INFO -   ISRG: +2 rows → 2513 total in MinIO
[2026-06-11T02:49:41.499+0000] {minio_fetching_data_daily.py:111} INFO -   IVZ: +2 rows → 2513 total in MinIO
[2026-06-11T02:49:41.528+0000] {minio_fetching_data_daily.py:111} INFO -   INVH: +2 rows → 2352 total in MinIO
[2026-06-11T02:49:41.555+0000] {minio_fetching_data_daily.py:111} INFO -   IQV: +2 rows → 2513 total in MinIO
[2026-06-11T02:49:41.581+0000] {minio_fetching_data_daily.py:111} INFO -   IRM: +2 rows → 2513 total in MinIO
[2026-06-11T02:49:41.609+0000] {minio_fetching_data_daily.py:111} INFO -   JBHT: +2 rows → 2513 total in MinIO
[2026-06-11T02:49:41.636+0000] {minio_fetching_data_daily.py:111} INFO -   JBL: +2 rows → 2513 total in MinIO
[2026-06-11T02:49:41.662+0000] {minio_fetching_data_daily.py:111} INFO -   JKHY: +2 rows → 2513 total in MinIO
[2026-06-11T02:49:41.690+0000] {minio_fetching_data_daily.py:111} INFO -   J: +2 rows → 2513 total in MinIO
[2026-06-11T02:49:41.717+0000] {minio_fetching_data_daily.py:111} INFO -   JNJ: +2 rows → 2513 total in MinIO
[2026-06-11T02:49:41.744+0000] {minio_fetching_data_daily.py:111} INFO -   JCI: +2 rows → 2513 total in MinIO
[2026-06-11T02:49:41.774+0000] {minio_fetching_data_daily.py:111} INFO -   JPM: +2 rows → 2513 total in MinIO
[2026-06-11T02:49:41.804+0000] {minio_fetching_data_daily.py:111} INFO -   KVUE: +2 rows → 778 total in MinIO
[2026-06-11T02:49:41.824+0000] {minio_fetching_data_daily.py:111} INFO -   KDP: +2 rows → 2513 total in MinIO
[2026-06-11T02:49:41.851+0000] {minio_fetching_data_daily.py:111} INFO -   KEY: +2 rows → 2513 total in MinIO
[2026-06-11T02:49:41.879+0000] {minio_fetching_data_daily.py:111} INFO -   KEYS: +2 rows → 2513 total in MinIO
[2026-06-11T02:49:41.906+0000] {minio_fetching_data_daily.py:111} INFO -   KMB: +2 rows → 2513 total in MinIO
[2026-06-11T02:49:41.934+0000] {minio_fetching_data_daily.py:111} INFO -   KIM: +2 rows → 2513 total in MinIO
[2026-06-11T02:49:41.974+0000] {minio_fetching_data_daily.py:111} INFO -   KMI: +2 rows → 2513 total in MinIO
[2026-06-11T02:49:42.003+0000] {minio_fetching_data_daily.py:111} INFO -   KKR: +2 rows → 2513 total in MinIO
[2026-06-11T02:49:42.030+0000] {minio_fetching_data_daily.py:111} INFO -   KLAC: +2 rows → 2513 total in MinIO
[2026-06-11T02:49:42.059+0000] {minio_fetching_data_daily.py:111} INFO -   KHC: +2 rows → 2513 total in MinIO
[2026-06-11T02:49:42.087+0000] {minio_fetching_data_daily.py:111} INFO -   KR: +2 rows → 2513 total in MinIO
[2026-06-11T02:49:42.116+0000] {minio_fetching_data_daily.py:111} INFO -   LHX: +2 rows → 2513 total in MinIO
[2026-06-11T02:49:42.144+0000] {minio_fetching_data_daily.py:111} INFO -   LH: +2 rows → 2513 total in MinIO
[2026-06-11T02:49:42.174+0000] {minio_fetching_data_daily.py:111} INFO -   LRCX: +2 rows → 2513 total in MinIO
[2026-06-11T02:49:42.202+0000] {minio_fetching_data_daily.py:111} INFO -   LVS: +2 rows → 2513 total in MinIO
[2026-06-11T02:49:42.228+0000] {minio_fetching_data_daily.py:111} INFO -   LDOS: +2 rows → 2513 total in MinIO
[2026-06-11T02:49:42.256+0000] {minio_fetching_data_daily.py:111} INFO -   LEN: +2 rows → 2513 total in MinIO
[2026-06-11T02:49:42.284+0000] {minio_fetching_data_daily.py:111} INFO -   LII: +2 rows → 2513 total in MinIO
[2026-06-11T02:49:42.312+0000] {minio_fetching_data_daily.py:111} INFO -   LLY: +2 rows → 2513 total in MinIO
[2026-06-11T02:49:42.340+0000] {minio_fetching_data_daily.py:111} INFO -   LIN: +2 rows → 2513 total in MinIO
[2026-06-11T02:49:42.368+0000] {minio_fetching_data_daily.py:111} INFO -   LYV: +2 rows → 2513 total in MinIO
[2026-06-11T02:49:42.396+0000] {minio_fetching_data_daily.py:111} INFO -   LMT: +2 rows → 2513 total in MinIO
[2026-06-11T02:49:42.423+0000] {minio_fetching_data_daily.py:111} INFO -   L: +2 rows → 2513 total in MinIO
[2026-06-11T02:49:42.451+0000] {minio_fetching_data_daily.py:111} INFO -   LOW: +2 rows → 2513 total in MinIO
[2026-06-11T02:49:42.479+0000] {minio_fetching_data_daily.py:111} INFO -   LULU: +2 rows → 2513 total in MinIO
[2026-06-11T02:49:42.506+0000] {minio_fetching_data_daily.py:111} INFO -   LITE: +2 rows → 2513 total in MinIO
[2026-06-11T02:49:42.534+0000] {minio_fetching_data_daily.py:111} INFO -   LYB: +2 rows → 2513 total in MinIO
[2026-06-11T02:49:42.563+0000] {minio_fetching_data_daily.py:111} INFO -   MTB: +2 rows → 2513 total in MinIO
[2026-06-11T02:49:42.590+0000] {minio_fetching_data_daily.py:111} INFO -   MPC: +2 rows → 2513 total in MinIO
[2026-06-11T02:49:42.619+0000] {minio_fetching_data_daily.py:111} INFO -   MAR: +2 rows → 2513 total in MinIO
[2026-06-11T02:49:44.640+0000] {minio_fetching_data_daily.py:160} INFO - Batch 5 | start=2026-06-09 | 50 tickers
[2026-06-11T02:49:46.279+0000] {minio_fetching_data_daily.py:111} INFO -   MRSH: +2 rows → 2513 total in MinIO
[2026-06-11T02:49:46.313+0000] {minio_fetching_data_daily.py:111} INFO -   MLM: +2 rows → 2513 total in MinIO
[2026-06-11T02:49:46.342+0000] {minio_fetching_data_daily.py:111} INFO -   MAS: +2 rows → 2513 total in MinIO
[2026-06-11T02:49:46.370+0000] {minio_fetching_data_daily.py:111} INFO -   MA: +2 rows → 2513 total in MinIO
[2026-06-11T02:49:46.398+0000] {minio_fetching_data_daily.py:111} INFO -   MKC: +2 rows → 2513 total in MinIO
[2026-06-11T02:49:46.431+0000] {minio_fetching_data_daily.py:111} INFO -   MCD: +2 rows → 2513 total in MinIO
[2026-06-11T02:49:46.459+0000] {minio_fetching_data_daily.py:111} INFO -   MCK: +2 rows → 2513 total in MinIO
[2026-06-11T02:49:46.486+0000] {minio_fetching_data_daily.py:111} INFO -   MDT: +2 rows → 2513 total in MinIO
[2026-06-11T02:49:46.512+0000] {minio_fetching_data_daily.py:111} INFO -   MRK: +2 rows → 2513 total in MinIO
[2026-06-11T02:49:46.540+0000] {minio_fetching_data_daily.py:111} INFO -   META: +2 rows → 2513 total in MinIO
[2026-06-11T02:49:46.569+0000] {minio_fetching_data_daily.py:111} INFO -   MET: +2 rows → 2513 total in MinIO
[2026-06-11T02:49:46.596+0000] {minio_fetching_data_daily.py:111} INFO -   MTD: +2 rows → 2513 total in MinIO
[2026-06-11T02:49:46.622+0000] {minio_fetching_data_daily.py:111} INFO -   MGM: +2 rows → 2513 total in MinIO
[2026-06-11T02:49:46.649+0000] {minio_fetching_data_daily.py:111} INFO -   MCHP: +2 rows → 2513 total in MinIO
[2026-06-11T02:49:46.677+0000] {minio_fetching_data_daily.py:111} INFO -   MU: +2 rows → 2513 total in MinIO
[2026-06-11T02:49:46.704+0000] {minio_fetching_data_daily.py:111} INFO -   MSFT: +2 rows → 2513 total in MinIO
[2026-06-11T02:49:46.731+0000] {minio_fetching_data_daily.py:111} INFO -   MAA: +2 rows → 2513 total in MinIO
[2026-06-11T02:49:46.756+0000] {minio_fetching_data_daily.py:111} INFO -   MRNA: +2 rows → 1886 total in MinIO
[2026-06-11T02:49:46.783+0000] {minio_fetching_data_daily.py:111} INFO -   TAP: +2 rows → 2513 total in MinIO
[2026-06-11T02:49:46.810+0000] {minio_fetching_data_daily.py:111} INFO -   MDLZ: +2 rows → 2513 total in MinIO
[2026-06-11T02:49:46.837+0000] {minio_fetching_data_daily.py:111} INFO -   MPWR: +2 rows → 2513 total in MinIO
[2026-06-11T02:49:46.865+0000] {minio_fetching_data_daily.py:111} INFO -   MNST: +2 rows → 2513 total in MinIO
[2026-06-11T02:49:46.892+0000] {minio_fetching_data_daily.py:111} INFO -   MCO: +2 rows → 2513 total in MinIO
[2026-06-11T02:49:46.922+0000] {minio_fetching_data_daily.py:111} INFO -   MS: +2 rows → 2513 total in MinIO
[2026-06-11T02:49:46.950+0000] {minio_fetching_data_daily.py:111} INFO -   MOS: +2 rows → 2513 total in MinIO
[2026-06-11T02:49:46.978+0000] {minio_fetching_data_daily.py:111} INFO -   MSI: +2 rows → 2513 total in MinIO
[2026-06-11T02:49:47.005+0000] {minio_fetching_data_daily.py:111} INFO -   MSCI: +2 rows → 2513 total in MinIO
[2026-06-11T02:49:47.033+0000] {minio_fetching_data_daily.py:111} INFO -   NDAQ: +2 rows → 2513 total in MinIO
[2026-06-11T02:49:47.060+0000] {minio_fetching_data_daily.py:111} INFO -   NTAP: +2 rows → 2513 total in MinIO
[2026-06-11T02:49:47.087+0000] {minio_fetching_data_daily.py:111} INFO -   NFLX: +2 rows → 2513 total in MinIO
[2026-06-11T02:49:47.113+0000] {minio_fetching_data_daily.py:111} INFO -   NEM: +2 rows → 2513 total in MinIO
[2026-06-11T02:49:47.144+0000] {minio_fetching_data_daily.py:111} INFO -   NWSA: +2 rows → 2513 total in MinIO
[2026-06-11T02:49:47.172+0000] {minio_fetching_data_daily.py:111} INFO -   NWS: +2 rows → 2513 total in MinIO
[2026-06-11T02:49:47.199+0000] {minio_fetching_data_daily.py:111} INFO -   NEE: +2 rows → 2513 total in MinIO
[2026-06-11T02:49:47.227+0000] {minio_fetching_data_daily.py:111} INFO -   NKE: +2 rows → 2513 total in MinIO
[2026-06-11T02:49:47.256+0000] {minio_fetching_data_daily.py:111} INFO -   NI: +2 rows → 2513 total in MinIO
[2026-06-11T02:49:47.283+0000] {minio_fetching_data_daily.py:111} INFO -   NDSN: +2 rows → 2513 total in MinIO
[2026-06-11T02:49:47.312+0000] {minio_fetching_data_daily.py:111} INFO -   NSC: +2 rows → 2513 total in MinIO
[2026-06-11T02:49:47.339+0000] {minio_fetching_data_daily.py:111} INFO -   NTRS: +2 rows → 2513 total in MinIO
[2026-06-11T02:49:47.365+0000] {minio_fetching_data_daily.py:111} INFO -   NOC: +2 rows → 2513 total in MinIO
[2026-06-11T02:49:47.392+0000] {minio_fetching_data_daily.py:111} INFO -   NCLH: +2 rows → 2513 total in MinIO
[2026-06-11T02:49:47.419+0000] {minio_fetching_data_daily.py:111} INFO -   NRG: +2 rows → 2513 total in MinIO
[2026-06-11T02:49:47.447+0000] {minio_fetching_data_daily.py:111} INFO -   NUE: +2 rows → 2513 total in MinIO
[2026-06-11T02:49:47.474+0000] {minio_fetching_data_daily.py:111} INFO -   NVDA: +2 rows → 2513 total in MinIO
[2026-06-11T02:49:47.498+0000] {minio_fetching_data_daily.py:111} INFO -   NVR: +2 rows → 2513 total in MinIO
[2026-06-11T02:49:47.524+0000] {minio_fetching_data_daily.py:111} INFO -   NXPI: +2 rows → 2513 total in MinIO
[2026-06-11T02:49:47.551+0000] {minio_fetching_data_daily.py:111} INFO -   ORLY: +2 rows → 2513 total in MinIO
[2026-06-11T02:49:47.582+0000] {minio_fetching_data_daily.py:111} INFO -   OXY: +2 rows → 2513 total in MinIO
[2026-06-11T02:49:47.610+0000] {minio_fetching_data_daily.py:111} INFO -   ODFL: +2 rows → 2513 total in MinIO
[2026-06-11T02:49:47.638+0000] {minio_fetching_data_daily.py:111} INFO -   OMC: +2 rows → 2513 total in MinIO
[2026-06-11T02:49:49.658+0000] {minio_fetching_data_daily.py:160} INFO - Batch 6 | start=2026-06-09 | 50 tickers
[2026-06-11T02:49:51.717+0000] {minio_fetching_data_daily.py:111} INFO -   ON: +2 rows → 2513 total in MinIO
[2026-06-11T02:49:51.745+0000] {minio_fetching_data_daily.py:111} INFO -   OKE: +2 rows → 2513 total in MinIO
[2026-06-11T02:49:51.771+0000] {minio_fetching_data_daily.py:111} INFO -   ORCL: +2 rows → 2513 total in MinIO
[2026-06-11T02:49:51.796+0000] {minio_fetching_data_daily.py:111} INFO -   OTIS: +2 rows → 1565 total in MinIO
[2026-06-11T02:49:51.819+0000] {minio_fetching_data_daily.py:111} INFO -   PCAR: +2 rows → 2513 total in MinIO
[2026-06-11T02:49:51.845+0000] {minio_fetching_data_daily.py:111} INFO -   PKG: +2 rows → 2513 total in MinIO
[2026-06-11T02:49:51.870+0000] {minio_fetching_data_daily.py:111} INFO -   PLTR: +2 rows → 1430 total in MinIO
[2026-06-11T02:49:51.892+0000] {minio_fetching_data_daily.py:111} INFO -   PANW: +2 rows → 2513 total in MinIO
[2026-06-11T02:49:51.920+0000] {minio_fetching_data_daily.py:111} INFO -   PSKY: +2 rows → 2513 total in MinIO
[2026-06-11T02:49:51.947+0000] {minio_fetching_data_daily.py:111} INFO -   PH: +2 rows → 2513 total in MinIO
[2026-06-11T02:49:51.976+0000] {minio_fetching_data_daily.py:111} INFO -   PAYX: +2 rows → 2513 total in MinIO
[2026-06-11T02:49:52.004+0000] {minio_fetching_data_daily.py:111} INFO -   PYPL: +2 rows → 2513 total in MinIO
[2026-06-11T02:49:52.032+0000] {minio_fetching_data_daily.py:111} INFO -   PNR: +2 rows → 2513 total in MinIO
[2026-06-11T02:49:52.059+0000] {minio_fetching_data_daily.py:111} INFO -   PEP: +2 rows → 2513 total in MinIO
[2026-06-11T02:49:52.086+0000] {minio_fetching_data_daily.py:111} INFO -   PFE: +2 rows → 2513 total in MinIO
[2026-06-11T02:49:52.115+0000] {minio_fetching_data_daily.py:111} INFO -   PCG: +2 rows → 2513 total in MinIO
[2026-06-11T02:49:52.143+0000] {minio_fetching_data_daily.py:111} INFO -   PM: +2 rows → 2513 total in MinIO
[2026-06-11T02:49:52.168+0000] {minio_fetching_data_daily.py:111} INFO -   PSX: +2 rows → 2513 total in MinIO
[2026-06-11T02:49:52.194+0000] {minio_fetching_data_daily.py:111} INFO -   PNW: +2 rows → 2513 total in MinIO
[2026-06-11T02:49:52.220+0000] {minio_fetching_data_daily.py:111} INFO -   PNC: +2 rows → 2513 total in MinIO
[2026-06-11T02:49:52.250+0000] {minio_fetching_data_daily.py:111} INFO -   POOL: +2 rows → 2513 total in MinIO
[2026-06-11T02:49:52.280+0000] {minio_fetching_data_daily.py:111} INFO -   PPG: +2 rows → 2513 total in MinIO
[2026-06-11T02:49:52.312+0000] {minio_fetching_data_daily.py:111} INFO -   PPL: +2 rows → 2513 total in MinIO
[2026-06-11T02:49:52.340+0000] {minio_fetching_data_daily.py:111} INFO -   PFG: +2 rows → 2513 total in MinIO
[2026-06-11T02:49:52.367+0000] {minio_fetching_data_daily.py:111} INFO -   PG: +2 rows → 2513 total in MinIO
[2026-06-11T02:49:52.395+0000] {minio_fetching_data_daily.py:111} INFO -   PGR: +2 rows → 2513 total in MinIO
[2026-06-11T02:49:52.422+0000] {minio_fetching_data_daily.py:111} INFO -   PLD: +2 rows → 2513 total in MinIO
[2026-06-11T02:49:52.448+0000] {minio_fetching_data_daily.py:111} INFO -   PRU: +2 rows → 2513 total in MinIO
[2026-06-11T02:49:52.478+0000] {minio_fetching_data_daily.py:111} INFO -   PEG: +2 rows → 2513 total in MinIO
[2026-06-11T02:49:52.504+0000] {minio_fetching_data_daily.py:111} INFO -   PTC: +2 rows → 2513 total in MinIO
[2026-06-11T02:49:52.535+0000] {minio_fetching_data_daily.py:111} INFO -   PSA: +2 rows → 2513 total in MinIO
[2026-06-11T02:49:52.562+0000] {minio_fetching_data_daily.py:111} INFO -   PHM: +2 rows → 2513 total in MinIO
[2026-06-11T02:49:52.589+0000] {minio_fetching_data_daily.py:111} INFO -   PWR: +2 rows → 2513 total in MinIO
[2026-06-11T02:49:52.616+0000] {minio_fetching_data_daily.py:111} INFO -   QCOM: +2 rows → 2513 total in MinIO
[2026-06-11T02:49:52.643+0000] {minio_fetching_data_daily.py:111} INFO -   DGX: +2 rows → 2513 total in MinIO
[2026-06-11T02:49:52.667+0000] {minio_fetching_data_daily.py:111} INFO -   Q: +2 rows → 156 total in MinIO
[2026-06-11T02:49:52.684+0000] {minio_fetching_data_daily.py:111} INFO -   RL: +2 rows → 2513 total in MinIO
[2026-06-11T02:49:52.717+0000] {minio_fetching_data_daily.py:111} INFO -   RJF: +2 rows → 2513 total in MinIO
[2026-06-11T02:49:52.743+0000] {minio_fetching_data_daily.py:111} INFO -   RTX: +2 rows → 2513 total in MinIO
[2026-06-11T02:49:52.769+0000] {minio_fetching_data_daily.py:111} INFO -   O: +2 rows → 2513 total in MinIO
[2026-06-11T02:49:52.797+0000] {minio_fetching_data_daily.py:111} INFO -   REG: +2 rows → 2513 total in MinIO
[2026-06-11T02:49:52.831+0000] {minio_fetching_data_daily.py:111} INFO -   REGN: +2 rows → 2513 total in MinIO
[2026-06-11T02:49:52.862+0000] {minio_fetching_data_daily.py:111} INFO -   RF: +2 rows → 2513 total in MinIO
[2026-06-11T02:49:52.895+0000] {minio_fetching_data_daily.py:111} INFO -   RSG: +2 rows → 2513 total in MinIO
[2026-06-11T02:49:52.928+0000] {minio_fetching_data_daily.py:111} INFO -   RMD: +2 rows → 2513 total in MinIO
[2026-06-11T02:49:52.961+0000] {minio_fetching_data_daily.py:111} INFO -   RVTY: +2 rows → 2513 total in MinIO
[2026-06-11T02:49:52.986+0000] {minio_fetching_data_daily.py:111} INFO -   HOOD: +2 rows → 1222 total in MinIO
[2026-06-11T02:49:53.007+0000] {minio_fetching_data_daily.py:111} INFO -   ROK: +2 rows → 2513 total in MinIO
[2026-06-11T02:49:53.037+0000] {minio_fetching_data_daily.py:111} INFO -   ROL: +2 rows → 2513 total in MinIO
[2026-06-11T02:49:53.064+0000] {minio_fetching_data_daily.py:111} INFO -   ROP: +2 rows → 2513 total in MinIO
[2026-06-11T02:49:55.083+0000] {minio_fetching_data_daily.py:160} INFO - Batch 7 | start=2026-06-09 | 50 tickers
[2026-06-11T02:49:56.877+0000] {minio_fetching_data_daily.py:111} INFO -   ROST: +2 rows → 2513 total in MinIO
[2026-06-11T02:49:56.904+0000] {minio_fetching_data_daily.py:111} INFO -   RCL: +2 rows → 2513 total in MinIO
[2026-06-11T02:49:56.933+0000] {minio_fetching_data_daily.py:111} INFO -   SPGI: +2 rows → 2513 total in MinIO
[2026-06-11T02:49:56.960+0000] {minio_fetching_data_daily.py:111} INFO -   CRM: +2 rows → 2513 total in MinIO
[2026-06-11T02:49:56.991+0000] {minio_fetching_data_daily.py:111} INFO -   SNDK: +2 rows → 332 total in MinIO
[2026-06-11T02:49:57.011+0000] {minio_fetching_data_daily.py:111} INFO -   SBAC: +2 rows → 2513 total in MinIO
[2026-06-11T02:49:57.040+0000] {minio_fetching_data_daily.py:111} INFO -   SLB: +2 rows → 2513 total in MinIO
[2026-06-11T02:49:57.075+0000] {minio_fetching_data_daily.py:111} INFO -   STX: +2 rows → 2513 total in MinIO
[2026-06-11T02:49:57.108+0000] {minio_fetching_data_daily.py:111} INFO -   SRE: +2 rows → 2513 total in MinIO
[2026-06-11T02:49:57.139+0000] {minio_fetching_data_daily.py:111} INFO -   NOW: +2 rows → 2513 total in MinIO
[2026-06-11T02:49:57.166+0000] {minio_fetching_data_daily.py:111} INFO -   SHW: +2 rows → 2513 total in MinIO
[2026-06-11T02:49:57.193+0000] {minio_fetching_data_daily.py:111} INFO -   SPG: +2 rows → 2513 total in MinIO
[2026-06-11T02:49:57.222+0000] {minio_fetching_data_daily.py:111} INFO -   SWKS: +2 rows → 2513 total in MinIO
[2026-06-11T02:49:57.249+0000] {minio_fetching_data_daily.py:111} INFO -   SJM: +2 rows → 2513 total in MinIO
[2026-06-11T02:49:57.276+0000] {minio_fetching_data_daily.py:111} INFO -   SW: +2 rows → 2513 total in MinIO
[2026-06-11T02:49:57.302+0000] {minio_fetching_data_daily.py:111} INFO -   SNA: +2 rows → 2513 total in MinIO
[2026-06-11T02:49:57.327+0000] {minio_fetching_data_daily.py:111} INFO -   SOLV: +2 rows → 554 total in MinIO
[2026-06-11T02:49:57.345+0000] {minio_fetching_data_daily.py:111} INFO -   SO: +2 rows → 2513 total in MinIO
[2026-06-11T02:49:57.371+0000] {minio_fetching_data_daily.py:111} INFO -   LUV: +2 rows → 2513 total in MinIO
[2026-06-11T02:49:57.403+0000] {minio_fetching_data_daily.py:111} INFO -   SWK: +2 rows → 2513 total in MinIO
[2026-06-11T02:49:57.439+0000] {minio_fetching_data_daily.py:111} INFO -   SBUX: +2 rows → 2513 total in MinIO
[2026-06-11T02:49:57.472+0000] {minio_fetching_data_daily.py:111} INFO -   STT: +2 rows → 2513 total in MinIO
[2026-06-11T02:49:57.504+0000] {minio_fetching_data_daily.py:111} INFO -   STLD: +2 rows → 2513 total in MinIO
[2026-06-11T02:49:57.536+0000] {minio_fetching_data_daily.py:111} INFO -   STE: +2 rows → 2513 total in MinIO
[2026-06-11T02:49:57.566+0000] {minio_fetching_data_daily.py:111} INFO -   SYK: +2 rows → 2513 total in MinIO
[2026-06-11T02:49:57.593+0000] {minio_fetching_data_daily.py:111} INFO -   SMCI: +2 rows → 2513 total in MinIO
[2026-06-11T02:49:57.621+0000] {minio_fetching_data_daily.py:111} INFO -   SYF: +2 rows → 2513 total in MinIO
[2026-06-11T02:49:57.646+0000] {minio_fetching_data_daily.py:111} INFO -   SNPS: +2 rows → 2513 total in MinIO
[2026-06-11T02:49:57.673+0000] {minio_fetching_data_daily.py:111} INFO -   SYY: +2 rows → 2513 total in MinIO
[2026-06-11T02:49:57.699+0000] {minio_fetching_data_daily.py:111} INFO -   TMUS: +2 rows → 2513 total in MinIO
[2026-06-11T02:49:57.726+0000] {minio_fetching_data_daily.py:111} INFO -   TROW: +2 rows → 2513 total in MinIO
[2026-06-11T02:49:57.753+0000] {minio_fetching_data_daily.py:111} INFO -   TTWO: +2 rows → 2513 total in MinIO
[2026-06-11T02:49:57.781+0000] {minio_fetching_data_daily.py:111} INFO -   TPR: +2 rows → 2513 total in MinIO
[2026-06-11T02:49:57.808+0000] {minio_fetching_data_daily.py:111} INFO -   TRGP: +2 rows → 2513 total in MinIO
[2026-06-11T02:49:57.834+0000] {minio_fetching_data_daily.py:111} INFO -   TGT: +2 rows → 2513 total in MinIO
[2026-06-11T02:49:57.860+0000] {minio_fetching_data_daily.py:111} INFO -   TEL: +2 rows → 2513 total in MinIO
[2026-06-11T02:49:57.889+0000] {minio_fetching_data_daily.py:111} INFO -   TDY: +2 rows → 2513 total in MinIO
[2026-06-11T02:49:57.916+0000] {minio_fetching_data_daily.py:111} INFO -   TER: +2 rows → 2513 total in MinIO
[2026-06-11T02:49:57.943+0000] {minio_fetching_data_daily.py:111} INFO -   TSLA: +2 rows → 2513 total in MinIO
[2026-06-11T02:49:57.970+0000] {minio_fetching_data_daily.py:111} INFO -   TXN: +2 rows → 2513 total in MinIO
[2026-06-11T02:49:57.997+0000] {minio_fetching_data_daily.py:111} INFO -   TPL: +2 rows → 2513 total in MinIO
[2026-06-11T02:49:58.024+0000] {minio_fetching_data_daily.py:111} INFO -   TXT: +2 rows → 2513 total in MinIO
[2026-06-11T02:49:58.050+0000] {minio_fetching_data_daily.py:111} INFO -   TMO: +2 rows → 2513 total in MinIO
[2026-06-11T02:49:58.076+0000] {minio_fetching_data_daily.py:111} INFO -   TJX: +2 rows → 2513 total in MinIO
[2026-06-11T02:49:58.105+0000] {minio_fetching_data_daily.py:111} INFO -   TKO: +2 rows → 2513 total in MinIO
[2026-06-11T02:49:58.132+0000] {minio_fetching_data_daily.py:111} INFO -   TTD: +2 rows → 2443 total in MinIO
[2026-06-11T02:49:58.159+0000] {minio_fetching_data_daily.py:111} INFO -   TSCO: +2 rows → 2513 total in MinIO
[2026-06-11T02:49:58.185+0000] {minio_fetching_data_daily.py:111} INFO -   TT: +2 rows → 2513 total in MinIO
[2026-06-11T02:49:58.212+0000] {minio_fetching_data_daily.py:111} INFO -   TDG: +2 rows → 2513 total in MinIO
[2026-06-11T02:49:58.239+0000] {minio_fetching_data_daily.py:111} INFO -   TRV: +2 rows → 2513 total in MinIO
[2026-06-11T02:50:00.258+0000] {minio_fetching_data_daily.py:160} INFO - Batch 8 | start=2026-06-09 | 50 tickers
[2026-06-11T02:50:01.961+0000] {minio_fetching_data_daily.py:111} INFO -   TRMB: +2 rows → 2513 total in MinIO
[2026-06-11T02:50:01.987+0000] {minio_fetching_data_daily.py:111} INFO -   TFC: +2 rows → 2513 total in MinIO
[2026-06-11T02:50:02.015+0000] {minio_fetching_data_daily.py:111} INFO -   TYL: +2 rows → 2513 total in MinIO
[2026-06-11T02:50:02.045+0000] {minio_fetching_data_daily.py:111} INFO -   TSN: +2 rows → 2513 total in MinIO
[2026-06-11T02:50:02.073+0000] {minio_fetching_data_daily.py:111} INFO -   USB: +2 rows → 2513 total in MinIO
[2026-06-11T02:50:02.099+0000] {minio_fetching_data_daily.py:111} INFO -   UBER: +2 rows → 1781 total in MinIO
[2026-06-11T02:50:02.123+0000] {minio_fetching_data_daily.py:111} INFO -   UDR: +2 rows → 2513 total in MinIO
[2026-06-11T02:50:02.155+0000] {minio_fetching_data_daily.py:111} INFO -   ULTA: +2 rows → 2513 total in MinIO
[2026-06-11T02:50:02.181+0000] {minio_fetching_data_daily.py:111} INFO -   UNP: +2 rows → 2513 total in MinIO
[2026-06-11T02:50:02.208+0000] {minio_fetching_data_daily.py:111} INFO -   UAL: +2 rows → 2513 total in MinIO
[2026-06-11T02:50:02.239+0000] {minio_fetching_data_daily.py:111} INFO -   UPS: +2 rows → 2513 total in MinIO
[2026-06-11T02:50:02.265+0000] {minio_fetching_data_daily.py:111} INFO -   URI: +2 rows → 2513 total in MinIO
[2026-06-11T02:50:02.291+0000] {minio_fetching_data_daily.py:111} INFO -   UNH: +2 rows → 2513 total in MinIO
[2026-06-11T02:50:02.323+0000] {minio_fetching_data_daily.py:111} INFO -   UHS: +2 rows → 2513 total in MinIO
[2026-06-11T02:50:02.352+0000] {minio_fetching_data_daily.py:111} INFO -   VLO: +2 rows → 2513 total in MinIO
[2026-06-11T02:50:02.380+0000] {minio_fetching_data_daily.py:111} INFO -   VEEV: +2 rows → 2513 total in MinIO
[2026-06-11T02:50:02.409+0000] {minio_fetching_data_daily.py:111} INFO -   VTR: +2 rows → 2513 total in MinIO
[2026-06-11T02:50:02.435+0000] {minio_fetching_data_daily.py:111} INFO -   VLTO: +2 rows → 673 total in MinIO
[2026-06-11T02:50:02.455+0000] {minio_fetching_data_daily.py:111} INFO -   VRSN: +2 rows → 2513 total in MinIO
[2026-06-11T02:50:02.483+0000] {minio_fetching_data_daily.py:111} INFO -   VRSK: +2 rows → 2513 total in MinIO
[2026-06-11T02:50:02.511+0000] {minio_fetching_data_daily.py:111} INFO -   VZ: +2 rows → 2513 total in MinIO
[2026-06-11T02:50:02.539+0000] {minio_fetching_data_daily.py:111} INFO -   VRTX: +2 rows → 2513 total in MinIO
[2026-06-11T02:50:02.564+0000] {minio_fetching_data_daily.py:111} INFO -   VRT: +2 rows → 1974 total in MinIO
[2026-06-11T02:50:02.591+0000] {minio_fetching_data_daily.py:111} INFO -   VTRS: +2 rows → 2513 total in MinIO
[2026-06-11T02:50:02.621+0000] {minio_fetching_data_daily.py:111} INFO -   VICI: +2 rows → 2121 total in MinIO
[2026-06-11T02:50:02.650+0000] {minio_fetching_data_daily.py:111} INFO -   V: +2 rows → 2513 total in MinIO
[2026-06-11T02:50:02.680+0000] {minio_fetching_data_daily.py:111} INFO -   VST: +2 rows → 2433 total in MinIO
[2026-06-11T02:50:02.712+0000] {minio_fetching_data_daily.py:111} INFO -   VMC: +2 rows → 2513 total in MinIO
[2026-06-11T02:50:02.740+0000] {minio_fetching_data_daily.py:111} INFO -   WRB: +2 rows → 2513 total in MinIO
[2026-06-11T02:50:02.769+0000] {minio_fetching_data_daily.py:111} INFO -   GWW: +2 rows → 2513 total in MinIO
[2026-06-11T02:50:02.798+0000] {minio_fetching_data_daily.py:111} INFO -   WAB: +2 rows → 2513 total in MinIO
[2026-06-11T02:50:02.827+0000] {minio_fetching_data_daily.py:111} INFO -   WMT: +2 rows → 2513 total in MinIO
[2026-06-11T02:50:02.855+0000] {minio_fetching_data_daily.py:111} INFO -   DIS: +2 rows → 2513 total in MinIO
[2026-06-11T02:50:02.885+0000] {minio_fetching_data_daily.py:111} INFO -   WBD: +2 rows → 2513 total in MinIO
[2026-06-11T02:50:02.912+0000] {minio_fetching_data_daily.py:111} INFO -   WM: +2 rows → 2513 total in MinIO
[2026-06-11T02:50:02.941+0000] {minio_fetching_data_daily.py:111} INFO -   WAT: +2 rows → 2513 total in MinIO
[2026-06-11T02:50:02.970+0000] {minio_fetching_data_daily.py:111} INFO -   WEC: +2 rows → 2513 total in MinIO
[2026-06-11T02:50:02.998+0000] {minio_fetching_data_daily.py:111} INFO -   WFC: +2 rows → 2513 total in MinIO
[2026-06-11T02:50:03.024+0000] {minio_fetching_data_daily.py:111} INFO -   WELL: +2 rows → 2513 total in MinIO
[2026-06-11T02:50:03.055+0000] {minio_fetching_data_daily.py:111} INFO -   WST: +2 rows → 2513 total in MinIO
[2026-06-11T02:50:03.082+0000] {minio_fetching_data_daily.py:111} INFO -   WDC: +2 rows → 2513 total in MinIO
[2026-06-11T02:50:03.115+0000] {minio_fetching_data_daily.py:111} INFO -   WY: +2 rows → 2513 total in MinIO
[2026-06-11T02:50:03.143+0000] {minio_fetching_data_daily.py:111} INFO -   WSM: +2 rows → 2513 total in MinIO
[2026-06-11T02:50:03.172+0000] {minio_fetching_data_daily.py:111} INFO -   WMB: +2 rows → 2513 total in MinIO
[2026-06-11T02:50:03.203+0000] {minio_fetching_data_daily.py:111} INFO -   WTW: +2 rows → 2513 total in MinIO
[2026-06-11T02:50:03.229+0000] {minio_fetching_data_daily.py:111} INFO -   WDAY: +2 rows → 2513 total in MinIO
[2026-06-11T02:50:03.255+0000] {minio_fetching_data_daily.py:111} INFO -   WYNN: +2 rows → 2513 total in MinIO
[2026-06-11T02:50:03.281+0000] {minio_fetching_data_daily.py:111} INFO -   XEL: +2 rows → 2513 total in MinIO
[2026-06-11T02:50:03.308+0000] {minio_fetching_data_daily.py:111} INFO -   XYL: +2 rows → 2513 total in MinIO
[2026-06-11T02:50:03.338+0000] {minio_fetching_data_daily.py:111} INFO -   YUM: +2 rows → 2513 total in MinIO
[2026-06-11T02:50:05.358+0000] {minio_fetching_data_daily.py:160} INFO - Batch 9 | start=2026-06-09 | 3 tickers
[2026-06-11T02:50:05.750+0000] {minio_fetching_data_daily.py:111} INFO -   ZBRA: +2 rows → 2513 total in MinIO
[2026-06-11T02:50:05.780+0000] {minio_fetching_data_daily.py:111} INFO -   ZBH: +2 rows → 2513 total in MinIO
[2026-06-11T02:50:05.808+0000] {minio_fetching_data_daily.py:111} INFO -   ZTS: +2 rows → 2513 total in MinIO
[2026-06-11T02:50:07.827+0000] {minio_fetching_data_daily.py:160} INFO - Batch 1 | start=2026-06-11 | 50 tickers
[2026-06-11T02:50:08.474+0000] {history.py:296} ERROR - $AMP: possibly delisted; no price data found  (1d 2026-06-11 -> 2026-06-11) (Yahoo error = "Data doesn't exist for startDate = 1781150400, endDate = 1781150400")
[2026-06-11T02:50:08.487+0000] {history.py:296} ERROR - $APP: possibly delisted; no price data found  (1d 2026-06-11 -> 2026-06-11) (Yahoo error = "Data doesn't exist for startDate = 1781150400, endDate = 1781150400")
[2026-06-11T02:50:08.488+0000] {history.py:296} ERROR - $AMD: possibly delisted; no price data found  (1d 2026-06-11 -> 2026-06-11) (Yahoo error = "Data doesn't exist for startDate = 1781150400, endDate = 1781150400")
[2026-06-11T02:50:08.500+0000] {history.py:296} ERROR - $AON: possibly delisted; no price data found  (1d 2026-06-11 -> 2026-06-11) (Yahoo error = "Data doesn't exist for startDate = 1781150400, endDate = 1781150400")
[2026-06-11T02:50:08.500+0000] {history.py:296} ERROR - $ADM: possibly delisted; no price data found  (1d 2026-06-11 -> 2026-06-11) (Yahoo error = "Data doesn't exist for startDate = 1781150400, endDate = 1781150400")
[2026-06-11T02:50:08.503+0000] {history.py:296} ERROR - $AES: possibly delisted; no price data found  (1d 2026-06-11 -> 2026-06-11) (Yahoo error = "Data doesn't exist for startDate = 1781150400, endDate = 1781150400")
[2026-06-11T02:50:08.504+0000] {history.py:296} ERROR - $AAPL: possibly delisted; no price data found  (1d 2026-06-11 -> 2026-06-11) (Yahoo error = "Data doesn't exist for startDate = 1781150400, endDate = 1781150400")
[2026-06-11T02:50:08.506+0000] {history.py:296} ERROR - $ANET: possibly delisted; no price data found  (1d 2026-06-11 -> 2026-06-11) (Yahoo error = "Data doesn't exist for startDate = 1781150400, endDate = 1781150400")
[2026-06-11T02:50:08.507+0000] {history.py:296} ERROR - $ALGN: possibly delisted; no price data found  (1d 2026-06-11 -> 2026-06-11) (Yahoo error = "Data doesn't exist for startDate = 1781150400, endDate = 1781150400")
[2026-06-11T02:50:08.508+0000] {history.py:296} ERROR - $AIG: possibly delisted; no price data found  (1d 2026-06-11 -> 2026-06-11) (Yahoo error = "Data doesn't exist for startDate = 1781150400, endDate = 1781150400")
[2026-06-11T02:50:08.508+0000] {history.py:296} ERROR - $AMAT: possibly delisted; no price data found  (1d 2026-06-11 -> 2026-06-11) (Yahoo error = "Data doesn't exist for startDate = 1781150400, endDate = 1781150400")
[2026-06-11T02:50:08.509+0000] {history.py:296} ERROR - $ACGL: possibly delisted; no price data found  (1d 2026-06-11 -> 2026-06-11) (Yahoo error = "Data doesn't exist for startDate = 1781150400, endDate = 1781150400")
[2026-06-11T02:50:08.512+0000] {history.py:296} ERROR - $APTV: possibly delisted; no price data found  (1d 2026-06-11 -> 2026-06-11) (Yahoo error = "Data doesn't exist for startDate = 1781150400, endDate = 1781150400")
[2026-06-11T02:50:08.531+0000] {history.py:296} ERROR - $ADBE: possibly delisted; no price data found  (1d 2026-06-11 -> 2026-06-11) (Yahoo error = "Data doesn't exist for startDate = 1781150400, endDate = 1781150400")
[2026-06-11T02:50:09.068+0000] {history.py:296} ERROR - $MMM: possibly delisted; no price data found  (1d 2026-06-11 -> 2026-06-11) (Yahoo error = "Data doesn't exist for startDate = 1781150400, endDate = 1781150400")
[2026-06-11T02:50:09.069+0000] {history.py:296} ERROR - $T: possibly delisted; no price data found  (1d 2026-06-11 -> 2026-06-11) (Yahoo error = "Data doesn't exist for startDate = 1781150400, endDate = 1781150400")
[2026-06-11T02:50:09.439+0000] {history.py:296} ERROR - $APH: possibly delisted; no price data found  (1d 2026-06-11 -> 2026-06-11) (Yahoo error = "Data doesn't exist for startDate = 1781150400, endDate = 1781150400")
[2026-06-11T02:50:09.871+0000] {history.py:296} ERROR - $AEE: possibly delisted; no price data found  (1d 2026-06-11 -> 2026-06-11) (Yahoo error = "Data doesn't exist for startDate = 1781150400, endDate = 1781150400")
[2026-06-11T02:50:09.875+0000] {history.py:296} ERROR - $AFL: possibly delisted; no price data found  (1d 2026-06-11 -> 2026-06-11) (Yahoo error = "Data doesn't exist for startDate = 1781150400, endDate = 1781150400")
[2026-06-11T02:50:09.883+0000] {history.py:296} ERROR - $AKAM: possibly delisted; no price data found  (1d 2026-06-11 -> 2026-06-11) (Yahoo error = "Data doesn't exist for startDate = 1781150400, endDate = 1781150400")
[2026-06-11T02:50:09.887+0000] {history.py:296} ERROR - $GOOGL: possibly delisted; no price data found  (1d 2026-06-11 -> 2026-06-11) (Yahoo error = "Data doesn't exist for startDate = 1781150400, endDate = 1781150400")
[2026-06-11T02:50:09.889+0000] {history.py:296} ERROR - $AME: possibly delisted; no price data found  (1d 2026-06-11 -> 2026-06-11) (Yahoo error = "Data doesn't exist for startDate = 1781150400, endDate = 1781150400")
[2026-06-11T02:50:09.893+0000] {history.py:296} ERROR - $MO: possibly delisted; no price data found  (1d 2026-06-11 -> 2026-06-11) (Yahoo error = "Data doesn't exist for startDate = 1781150400, endDate = 1781150400")
[2026-06-11T02:50:09.895+0000] {history.py:296} ERROR - $APA: possibly delisted; no price data found  (1d 2026-06-11 -> 2026-06-11) (Yahoo error = "Data doesn't exist for startDate = 1781150400, endDate = 1781150400")
[2026-06-11T02:50:09.897+0000] {history.py:296} ERROR - $ATO: possibly delisted; no price data found  (1d 2026-06-11 -> 2026-06-11) (Yahoo error = "Data doesn't exist for startDate = 1781150400, endDate = 1781150400")
[2026-06-11T02:50:09.900+0000] {history.py:296} ERROR - $AOS: possibly delisted; no price data found  (1d 2026-06-11 -> 2026-06-11) (Yahoo error = "Data doesn't exist for startDate = 1781150400, endDate = 1781150400")
[2026-06-11T02:50:09.904+0000] {history.py:296} ERROR - $APO: possibly delisted; no price data found  (1d 2026-06-11 -> 2026-06-11) (Yahoo error = "Data doesn't exist for startDate = 1781150400, endDate = 1781150400")
[2026-06-11T02:50:09.905+0000] {history.py:296} ERROR - $AMT: possibly delisted; no price data found  (1d 2026-06-11 -> 2026-06-11) (Yahoo error = "Data doesn't exist for startDate = 1781150400, endDate = 1781150400")
[2026-06-11T02:50:09.906+0000] {history.py:296} ERROR - $LNT: possibly delisted; no price data found  (1d 2026-06-11 -> 2026-06-11) (Yahoo error = "Data doesn't exist for startDate = 1781150400, endDate = 1781150400")
[2026-06-11T02:50:09.907+0000] {history.py:296} ERROR - $ABNB: possibly delisted; no price data found  (1d 2026-06-11 -> 2026-06-11) (Yahoo error = "Data doesn't exist for startDate = 1781150400, endDate = 1781150400")
[2026-06-11T02:50:09.911+0000] {history.py:296} ERROR - $ACN: possibly delisted; no price data found  (1d 2026-06-11 -> 2026-06-11) (Yahoo error = "Data doesn't exist for startDate = 1781150400, endDate = 1781150400")
[2026-06-11T02:50:09.936+0000] {history.py:296} ERROR - $ABT: possibly delisted; no price data found  (1d 2026-06-11 -> 2026-06-11) (Yahoo error = "Data doesn't exist for startDate = 1781150400, endDate = 1781150400")
[2026-06-11T02:50:10.429+0000] {history.py:296} ERROR - $A: possibly delisted; no price data found  (1d 2026-06-11 -> 2026-06-11) (Yahoo error = "Data doesn't exist for startDate = 1781150400, endDate = 1781150400")
[2026-06-11T02:50:10.434+0000] {history.py:296} ERROR - $ALLE: possibly delisted; no price data found  (1d 2026-06-11 -> 2026-06-11) (Yahoo error = "Data doesn't exist for startDate = 1781150400, endDate = 1781150400")
[2026-06-11T02:50:10.924+0000] {history.py:296} ERROR - $ARES: possibly delisted; no price data found  (1d 2026-06-11 -> 2026-06-11) (Yahoo error = "Data doesn't exist for startDate = 1781150400, endDate = 1781150400")
[2026-06-11T02:50:10.930+0000] {history.py:296} ERROR - $ALL: possibly delisted; no price data found  (1d 2026-06-11 -> 2026-06-11) (Yahoo error = "Data doesn't exist for startDate = 1781150400, endDate = 1781150400")
[2026-06-11T02:50:10.930+0000] {history.py:296} ERROR - $AMGN: possibly delisted; no price data found  (1d 2026-06-11 -> 2026-06-11) (Yahoo error = "Data doesn't exist for startDate = 1781150400, endDate = 1781150400")
[2026-06-11T02:50:10.936+0000] {history.py:296} ERROR - $ALB: possibly delisted; no price data found  (1d 2026-06-11 -> 2026-06-11) (Yahoo error = "Data doesn't exist for startDate = 1781150400, endDate = 1781150400")
[2026-06-11T02:50:10.938+0000] {history.py:296} ERROR - $AMCR: possibly delisted; no price data found  (1d 2026-06-11 -> 2026-06-11) (Yahoo error = "Data doesn't exist for startDate = 1781150400, endDate = 1781150400")
[2026-06-11T02:50:10.939+0000] {history.py:296} ERROR - $ABBV: possibly delisted; no price data found  (1d 2026-06-11 -> 2026-06-11) (Yahoo error = "Data doesn't exist for startDate = 1781150400, endDate = 1781150400")
[2026-06-11T02:50:10.945+0000] {history.py:296} ERROR - $AMZN: possibly delisted; no price data found  (1d 2026-06-11 -> 2026-06-11) (Yahoo error = "Data doesn't exist for startDate = 1781150400, endDate = 1781150400")
[2026-06-11T02:50:10.947+0000] {history.py:296} ERROR - $ARE: possibly delisted; no price data found  (1d 2026-06-11 -> 2026-06-11) (Yahoo error = "Data doesn't exist for startDate = 1781150400, endDate = 1781150400")
[2026-06-11T02:50:10.947+0000] {history.py:296} ERROR - $ADI: possibly delisted; no price data found  (1d 2026-06-11 -> 2026-06-11) (Yahoo error = "Data doesn't exist for startDate = 1781150400, endDate = 1781150400")
[2026-06-11T02:50:10.949+0000] {history.py:296} ERROR - $APD: possibly delisted; no price data found  (1d 2026-06-11 -> 2026-06-11) (Yahoo error = "Data doesn't exist for startDate = 1781150400, endDate = 1781150400")
[2026-06-11T02:50:10.950+0000] {history.py:296} ERROR - $GOOG: possibly delisted; no price data found  (1d 2026-06-11 -> 2026-06-11) (Yahoo error = "Data doesn't exist for startDate = 1781150400, endDate = 1781150400")
[2026-06-11T02:50:10.967+0000] {history.py:296} ERROR - $AWK: possibly delisted; no price data found  (1d 2026-06-11 -> 2026-06-11) (Yahoo error = "Data doesn't exist for startDate = 1781150400, endDate = 1781150400")
[2026-06-11T02:50:10.985+0000] {history.py:296} ERROR - $AJG: possibly delisted; no price data found  (1d 2026-06-11 -> 2026-06-11) (Yahoo error = "Data doesn't exist for startDate = 1781150400, endDate = 1781150400")
[2026-06-11T02:50:11.022+0000] {history.py:296} ERROR - $AEP: possibly delisted; no price data found  (1d 2026-06-11 -> 2026-06-11) (Yahoo error = "Data doesn't exist for startDate = 1781150400, endDate = 1781150400")
[2026-06-11T02:50:11.560+0000] {history.py:296} ERROR - $AIZ: possibly delisted; no price data found  (1d 2026-06-11 -> 2026-06-11) (Yahoo error = "Data doesn't exist for startDate = 1781150400, endDate = 1781150400")
[2026-06-11T02:50:11.562+0000] {history.py:296} ERROR - $AXP: possibly delisted; no price data found  (1d 2026-06-11 -> 2026-06-11) (Yahoo error = "Data doesn't exist for startDate = 1781150400, endDate = 1781150400")
[2026-06-11T02:50:11.571+0000] {multi.py:187} ERROR - 
50 Failed downloads:
[2026-06-11T02:50:11.572+0000] {multi.py:195} ERROR - ['AMP', 'APP', 'AMD', 'AON', 'ADM', 'AES', 'AAPL', 'ANET', 'ALGN', 'AIG', 'AMAT', 'ACGL', 'APTV', 'ADBE', 'MMM', 'T', 'APH', 'AEE', 'AFL', 'AKAM', 'GOOGL', 'AME', 'MO', 'APA', 'ATO', 'AOS', 'APO', 'AMT', 'LNT', 'ABNB', 'ACN', 'ABT', 'A', 'ALLE', 'ARES', 'ALL', 'AMGN', 'ALB', 'AMCR', 'ABBV', 'AMZN', 'ARE', 'ADI', 'APD', 'GOOG', 'AWK', 'AJG', 'AEP', 'AIZ', 'AXP']: possibly delisted; no price data found  (1d 2026-06-11 -> 2026-06-11) (Yahoo error = "Data doesn't exist for startDate = 1781150400, endDate = 1781150400")
[2026-06-11T02:50:13.578+0000] {minio_fetching_data_daily.py:160} INFO - Batch 2 | start=2026-06-11 | 50 tickers
[2026-06-11T02:50:14.376+0000] {history.py:296} ERROR - $BKNG: possibly delisted; no price data found  (1d 2026-06-11 -> 2026-06-11) (Yahoo error = "Data doesn't exist for startDate = 1781150400, endDate = 1781150400")
[2026-06-11T02:50:14.388+0000] {history.py:296} ERROR - $BR: possibly delisted; no price data found  (1d 2026-06-11 -> 2026-06-11) (Yahoo error = "Data doesn't exist for startDate = 1781150400, endDate = 1781150400")
[2026-06-11T02:50:14.401+0000] {history.py:296} ERROR - $CAH: possibly delisted; no price data found  (1d 2026-06-11 -> 2026-06-11) (Yahoo error = "Data doesn't exist for startDate = 1781150400, endDate = 1781150400")
[2026-06-11T02:50:14.403+0000] {history.py:296} ERROR - $BBY: possibly delisted; no price data found  (1d 2026-06-11 -> 2026-06-11) (Yahoo error = "Data doesn't exist for startDate = 1781150400, endDate = 1781150400")
[2026-06-11T02:50:14.404+0000] {history.py:296} ERROR - $CNC: possibly delisted; no price data found  (1d 2026-06-11 -> 2026-06-11) (Yahoo error = "Data doesn't exist for startDate = 1781150400, endDate = 1781150400")
[2026-06-11T02:50:14.403+0000] {history.py:296} ERROR - $CDW: possibly delisted; no price data found  (1d 2026-06-11 -> 2026-06-11) (Yahoo error = "Data doesn't exist for startDate = 1781150400, endDate = 1781150400")
[2026-06-11T02:50:14.405+0000] {history.py:296} ERROR - $XYZ: possibly delisted; no price data found  (1d 2026-06-11 -> 2026-06-11) (Yahoo error = "Data doesn't exist for startDate = 1781150400, endDate = 1781150400")
[2026-06-11T02:50:14.406+0000] {history.py:296} ERROR - $BF-B: possibly delisted; no price data found  (1d 2026-06-11 -> 2026-06-11) (Yahoo error = "Data doesn't exist for startDate = 1781150400, endDate = 1781150400")
[2026-06-11T02:50:14.408+0000] {history.py:296} ERROR - $BLK: possibly delisted; no price data found  (1d 2026-06-11 -> 2026-06-11) (Yahoo error = "Data doesn't exist for startDate = 1781150400, endDate = 1781150400")
[2026-06-11T02:50:14.409+0000] {history.py:296} ERROR - $BALL: possibly delisted; no price data found  (1d 2026-06-11 -> 2026-06-11) (Yahoo error = "Data doesn't exist for startDate = 1781150400, endDate = 1781150400")
[2026-06-11T02:50:14.409+0000] {history.py:296} ERROR - $BKR: possibly delisted; no price data found  (1d 2026-06-11 -> 2026-06-11) (Yahoo error = "Data doesn't exist for startDate = 1781150400, endDate = 1781150400")
[2026-06-11T02:50:14.411+0000] {history.py:296} ERROR - $ADP: possibly delisted; no price data found  (1d 2026-06-11 -> 2026-06-11) (Yahoo error = "Data doesn't exist for startDate = 1781150400, endDate = 1781150400")
[2026-06-11T02:50:14.414+0000] {history.py:296} ERROR - $BSX: possibly delisted; no price data found  (1d 2026-06-11 -> 2026-06-11) (Yahoo error = "Data doesn't exist for startDate = 1781150400, endDate = 1781150400")
[2026-06-11T02:50:14.450+0000] {history.py:296} ERROR - $CF: possibly delisted; no price data found  (1d 2026-06-11 -> 2026-06-11) (Yahoo error = "Data doesn't exist for startDate = 1781150400, endDate = 1781150400")
[2026-06-11T02:50:14.856+0000] {history.py:296} ERROR - $BNY: possibly delisted; no price data found  (1d 2026-06-11 -> 2026-06-11) (Yahoo error = "Data doesn't exist for startDate = 1781150400, endDate = 1781150400")
[2026-06-11T02:50:14.866+0000] {history.py:296} ERROR - $BDX: possibly delisted; no price data found  (1d 2026-06-11 -> 2026-06-11) (Yahoo error = "Data doesn't exist for startDate = 1781150400, endDate = 1781150400")
[2026-06-11T02:50:15.743+0000] {history.py:296} ERROR - $BRK-B: possibly delisted; no price data found  (1d 2026-06-11 -> 2026-06-11) (Yahoo error = "Data doesn't exist for startDate = 1781150400, endDate = 1781150400")
[2026-06-11T02:50:15.744+0000] {history.py:296} ERROR - $TECH: possibly delisted; no price data found  (1d 2026-06-11 -> 2026-06-11) (Yahoo error = "Data doesn't exist for startDate = 1781150400, endDate = 1781150400")
[2026-06-11T02:50:15.744+0000] {history.py:296} ERROR - $SCHW: possibly delisted; no price data found  (1d 2026-06-11 -> 2026-06-11) (Yahoo error = "Data doesn't exist for startDate = 1781150400, endDate = 1781150400")
[2026-06-11T02:50:15.742+0000] {history.py:296} ERROR - $CAT: possibly delisted; no price data found  (1d 2026-06-11 -> 2026-06-11) (Yahoo error = "Data doesn't exist for startDate = 1781150400, endDate = 1781150400")
[2026-06-11T02:50:15.745+0000] {history.py:296} ERROR - $CHRW: possibly delisted; no price data found  (1d 2026-06-11 -> 2026-06-11) (Yahoo error = "Data doesn't exist for startDate = 1781150400, endDate = 1781150400")
[2026-06-11T02:50:15.747+0000] {history.py:296} ERROR - $CPT: possibly delisted; no price data found  (1d 2026-06-11 -> 2026-06-11) (Yahoo error = "Data doesn't exist for startDate = 1781150400, endDate = 1781150400")
[2026-06-11T02:50:15.748+0000] {history.py:296} ERROR - $CBRE: possibly delisted; no price data found  (1d 2026-06-11 -> 2026-06-11) (Yahoo error = "Data doesn't exist for startDate = 1781150400, endDate = 1781150400")
[2026-06-11T02:50:15.751+0000] {history.py:296} ERROR - $BA: possibly delisted; no price data found  (1d 2026-06-11 -> 2026-06-11) (Yahoo error = "Data doesn't exist for startDate = 1781150400, endDate = 1781150400")
[2026-06-11T02:50:15.752+0000] {history.py:296} ERROR - $COF: possibly delisted; no price data found  (1d 2026-06-11 -> 2026-06-11) (Yahoo error = "Data doesn't exist for startDate = 1781150400, endDate = 1781150400")
[2026-06-11T02:50:15.753+0000] {history.py:296} ERROR - $BAC: possibly delisted; no price data found  (1d 2026-06-11 -> 2026-06-11) (Yahoo error = "Data doesn't exist for startDate = 1781150400, endDate = 1781150400")
[2026-06-11T02:50:16.039+0000] {history.py:296} ERROR - $AVB: possibly delisted; no price data found  (1d 2026-06-11 -> 2026-06-11) (Yahoo error = "Data doesn't exist for startDate = 1781150400, endDate = 1781150400")
[2026-06-11T02:50:16.046+0000] {history.py:296} ERROR - $AVGO: possibly delisted; no price data found  (1d 2026-06-11 -> 2026-06-11) (Yahoo error = "Data doesn't exist for startDate = 1781150400, endDate = 1781150400")
[2026-06-11T02:50:16.046+0000] {history.py:296} ERROR - $CASY: possibly delisted; no price data found  (1d 2026-06-11 -> 2026-06-11) (Yahoo error = "Data doesn't exist for startDate = 1781150400, endDate = 1781150400")
[2026-06-11T02:50:16.053+0000] {history.py:296} ERROR - $BLDR: possibly delisted; no price data found  (1d 2026-06-11 -> 2026-06-11) (Yahoo error = "Data doesn't exist for startDate = 1781150400, endDate = 1781150400")
[2026-06-11T02:50:16.054+0000] {history.py:296} ERROR - $CDNS: possibly delisted; no price data found  (1d 2026-06-11 -> 2026-06-11) (Yahoo error = "Data doesn't exist for startDate = 1781150400, endDate = 1781150400")
[2026-06-11T02:50:16.057+0000] {history.py:296} ERROR - $CRL: possibly delisted; no price data found  (1d 2026-06-11 -> 2026-06-11) (Yahoo error = "Data doesn't exist for startDate = 1781150400, endDate = 1781150400")
[2026-06-11T02:50:16.738+0000] {history.py:296} ERROR - $BRO: possibly delisted; no price data found  (1d 2026-06-11 -> 2026-06-11) (Yahoo error = "Data doesn't exist for startDate = 1781150400, endDate = 1781150400")
[2026-06-11T02:50:16.742+0000] {history.py:296} ERROR - $BIIB: possibly delisted; no price data found  (1d 2026-06-11 -> 2026-06-11) (Yahoo error = "Data doesn't exist for startDate = 1781150400, endDate = 1781150400")
[2026-06-11T02:50:16.742+0000] {history.py:296} ERROR - $CVNA: possibly delisted; no price data found  (1d 2026-06-11 -> 2026-06-11) (Yahoo error = "Data doesn't exist for startDate = 1781150400, endDate = 1781150400")
[2026-06-11T02:50:16.745+0000] {history.py:296} ERROR - $COR: possibly delisted; no price data found  (1d 2026-06-11 -> 2026-06-11) (Yahoo error = "Data doesn't exist for startDate = 1781150400, endDate = 1781150400")
[2026-06-11T02:50:16.747+0000] {history.py:296} ERROR - $CCL: possibly delisted; no price data found  (1d 2026-06-11 -> 2026-06-11) (Yahoo error = "Data doesn't exist for startDate = 1781150400, endDate = 1781150400")
[2026-06-11T02:50:16.750+0000] {history.py:296} ERROR - $AZO: possibly delisted; no price data found  (1d 2026-06-11 -> 2026-06-11) (Yahoo error = "Data doesn't exist for startDate = 1781150400, endDate = 1781150400")
[2026-06-11T02:50:16.750+0000] {history.py:296} ERROR - $AVY: possibly delisted; no price data found  (1d 2026-06-11 -> 2026-06-11) (Yahoo error = "Data doesn't exist for startDate = 1781150400, endDate = 1781150400")
[2026-06-11T02:50:16.752+0000] {history.py:296} ERROR - $CPB: possibly delisted; no price data found  (1d 2026-06-11 -> 2026-06-11) (Yahoo error = "Data doesn't exist for startDate = 1781150400, endDate = 1781150400")
[2026-06-11T02:50:16.773+0000] {history.py:296} ERROR - $BG: possibly delisted; no price data found  (1d 2026-06-11 -> 2026-06-11) (Yahoo error = "Data doesn't exist for startDate = 1781150400, endDate = 1781150400")
[2026-06-11T02:50:17.035+0000] {history.py:296} ERROR - $BX: possibly delisted; no price data found  (1d 2026-06-11 -> 2026-06-11) (Yahoo error = "Data doesn't exist for startDate = 1781150400, endDate = 1781150400")
[2026-06-11T02:50:17.036+0000] {history.py:296} ERROR - $ADSK: possibly delisted; no price data found  (1d 2026-06-11 -> 2026-06-11) (Yahoo error = "Data doesn't exist for startDate = 1781150400, endDate = 1781150400")
[2026-06-11T02:50:17.037+0000] {history.py:296} ERROR - $AXON: possibly delisted; no price data found  (1d 2026-06-11 -> 2026-06-11) (Yahoo error = "Data doesn't exist for startDate = 1781150400, endDate = 1781150400")
[2026-06-11T02:50:17.038+0000] {history.py:296} ERROR - $BMY: possibly delisted; no price data found  (1d 2026-06-11 -> 2026-06-11) (Yahoo error = "Data doesn't exist for startDate = 1781150400, endDate = 1781150400")
[2026-06-11T02:50:17.042+0000] {history.py:296} ERROR - $BAX: possibly delisted; no price data found  (1d 2026-06-11 -> 2026-06-11) (Yahoo error = "Data doesn't exist for startDate = 1781150400, endDate = 1781150400")
[2026-06-11T02:50:17.043+0000] {history.py:296} ERROR - $BXP: possibly delisted; no price data found  (1d 2026-06-11 -> 2026-06-11) (Yahoo error = "Data doesn't exist for startDate = 1781150400, endDate = 1781150400")
[2026-06-11T02:50:17.044+0000] {history.py:296} ERROR - $CNP: possibly delisted; no price data found  (1d 2026-06-11 -> 2026-06-11) (Yahoo error = "Data doesn't exist for startDate = 1781150400, endDate = 1781150400")
[2026-06-11T02:50:17.703+0000] {history.py:296} ERROR - $CARR: possibly delisted; no price data found  (1d 2026-06-11 -> 2026-06-11) (Yahoo error = "Data doesn't exist for startDate = 1781150400, endDate = 1781150400")
[2026-06-11T02:50:17.710+0000] {history.py:296} ERROR - $CBOE: possibly delisted; no price data found  (1d 2026-06-11 -> 2026-06-11) (Yahoo error = "Data doesn't exist for startDate = 1781150400, endDate = 1781150400")
[2026-06-11T02:50:17.713+0000] {multi.py:187} ERROR - 
50 Failed downloads:
[2026-06-11T02:50:17.714+0000] {multi.py:195} ERROR - ['BKNG', 'BR', 'CAH', 'BBY', 'CNC', 'CDW', 'XYZ', 'BF-B', 'BLK', 'BALL', 'BKR', 'ADP', 'BSX', 'CF', 'BNY', 'BDX', 'BRK-B', 'TECH', 'SCHW', 'CAT', 'CHRW', 'CPT', 'CBRE', 'BA', 'COF', 'BAC', 'AVB', 'AVGO', 'CASY', 'BLDR', 'CDNS', 'CRL', 'BRO', 'BIIB', 'CVNA', 'COR', 'CCL', 'AZO', 'AVY', 'CPB', 'BG', 'BX', 'ADSK', 'AXON', 'BMY', 'BAX', 'BXP', 'CNP', 'CARR', 'CBOE']: possibly delisted; no price data found  (1d 2026-06-11 -> 2026-06-11) (Yahoo error = "Data doesn't exist for startDate = 1781150400, endDate = 1781150400")
[2026-06-11T02:50:19.720+0000] {minio_fetching_data_daily.py:165} INFO - ==================================================
[2026-06-11T02:50:19.721+0000] {minio_fetching_data_daily.py:166} INFO - Done. Check your MinIO console at http://localhost:9001
[2026-06-11T02:50:19.723+0000] {minio_fetching_data_daily.py:169} WARNING - 100 failed tickers saved locally to failed_daily.csv
[2026-06-11T02:50:19.724+0000] {python.py:237} INFO - Done. Returned value was: None
[2026-06-11T02:50:19.725+0000] {taskinstance.py:441} INFO - ::group::Post task execution logs
[2026-06-11T02:50:19.733+0000] {taskinstance.py:1206} INFO - Marking task as SUCCESS. dag_id=sp500_master_ingestion_pipeline, task_id=extract_daily_data, run_id=manual__2026-06-11T02:49:17.449462+00:00, execution_date=20260611T024917, start_date=20260611T024919, end_date=20260611T025019
[2026-06-11T02:50:19.787+0000] {local_task_job_runner.py:240} INFO - Task exited with return code 0
[2026-06-11T02:50:19.801+0000] {taskinstance.py:3498} INFO - 1 downstream tasks scheduled from follow-on schedule check
[2026-06-11T02:50:19.804+0000] {local_task_job_runner.py:222} INFO - ::endgroup::
