[2026-06-16T19:12:04.523+0000] {processor.py:161} INFO - Started process (PID=195) to work on /opt/airflow/dags/sp500_master_ingestion_dag.py
[2026-06-16T19:12:04.524+0000] {processor.py:830} INFO - Processing file /opt/airflow/dags/sp500_master_ingestion_dag.py for tasks to queue
[2026-06-16T19:12:04.525+0000] {logging_mixin.py:188} INFO - [2026-06-16T19:12:04.525+0000] {dagbag.py:545} INFO - Filling up the DagBag from /opt/airflow/dags/sp500_master_ingestion_dag.py
[2026-06-16T19:12:06.853+0000] {processor.py:840} INFO - DAG(s) 'sp500_master_ingestion_pipeline' retrieved from /opt/airflow/dags/sp500_master_ingestion_dag.py
[2026-06-16T19:12:06.901+0000] {logging_mixin.py:188} INFO - [2026-06-16T19:12:06.900+0000] {dag.py:3096} INFO - Sync 1 DAGs
[2026-06-16T19:12:06.919+0000] {logging_mixin.py:188} INFO - [2026-06-16T19:12:06.919+0000] {dag.py:3954} INFO - Setting next_dagrun for sp500_master_ingestion_pipeline to 2026-06-14 20:30:00+00:00, run_after=2026-06-15 20:30:00+00:00
[2026-06-16T19:12:06.935+0000] {processor.py:183} INFO - Processing /opt/airflow/dags/sp500_master_ingestion_dag.py took 2.418 seconds
[2026-06-16T19:12:37.134+0000] {processor.py:161} INFO - Started process (PID=201) to work on /opt/airflow/dags/sp500_master_ingestion_dag.py
[2026-06-16T19:12:37.135+0000] {processor.py:830} INFO - Processing file /opt/airflow/dags/sp500_master_ingestion_dag.py for tasks to queue
[2026-06-16T19:12:37.137+0000] {logging_mixin.py:188} INFO - [2026-06-16T19:12:37.137+0000] {dagbag.py:545} INFO - Filling up the DagBag from /opt/airflow/dags/sp500_master_ingestion_dag.py
[2026-06-16T19:12:37.968+0000] {processor.py:840} INFO - DAG(s) 'sp500_master_ingestion_pipeline' retrieved from /opt/airflow/dags/sp500_master_ingestion_dag.py
[2026-06-16T19:12:37.991+0000] {logging_mixin.py:188} INFO - [2026-06-16T19:12:37.991+0000] {dag.py:3096} INFO - Sync 1 DAGs
[2026-06-16T19:12:38.012+0000] {logging_mixin.py:188} INFO - [2026-06-16T19:12:38.012+0000] {dag.py:3954} INFO - Setting next_dagrun for sp500_master_ingestion_pipeline to 2026-06-14 20:30:00+00:00, run_after=2026-06-15 20:30:00+00:00
[2026-06-16T19:12:38.040+0000] {processor.py:183} INFO - Processing /opt/airflow/dags/sp500_master_ingestion_dag.py took 0.912 seconds
[2026-06-16T19:13:08.238+0000] {processor.py:161} INFO - Started process (PID=207) to work on /opt/airflow/dags/sp500_master_ingestion_dag.py
[2026-06-16T19:13:08.239+0000] {processor.py:830} INFO - Processing file /opt/airflow/dags/sp500_master_ingestion_dag.py for tasks to queue
[2026-06-16T19:13:08.241+0000] {logging_mixin.py:188} INFO - [2026-06-16T19:13:08.240+0000] {dagbag.py:545} INFO - Filling up the DagBag from /opt/airflow/dags/sp500_master_ingestion_dag.py
[2026-06-16T19:13:09.140+0000] {processor.py:840} INFO - DAG(s) 'sp500_master_ingestion_pipeline' retrieved from /opt/airflow/dags/sp500_master_ingestion_dag.py
[2026-06-16T19:13:09.163+0000] {logging_mixin.py:188} INFO - [2026-06-16T19:13:09.163+0000] {dag.py:3096} INFO - Sync 1 DAGs
[2026-06-16T19:13:09.183+0000] {logging_mixin.py:188} INFO - [2026-06-16T19:13:09.183+0000] {dag.py:3954} INFO - Setting next_dagrun for sp500_master_ingestion_pipeline to 2026-06-14 20:30:00+00:00, run_after=2026-06-15 20:30:00+00:00
[2026-06-16T19:13:09.201+0000] {processor.py:183} INFO - Processing /opt/airflow/dags/sp500_master_ingestion_dag.py took 0.968 seconds
[2026-06-16T19:13:39.393+0000] {processor.py:161} INFO - Started process (PID=213) to work on /opt/airflow/dags/sp500_master_ingestion_dag.py
[2026-06-16T19:13:39.394+0000] {processor.py:830} INFO - Processing file /opt/airflow/dags/sp500_master_ingestion_dag.py for tasks to queue
[2026-06-16T19:13:39.397+0000] {logging_mixin.py:188} INFO - [2026-06-16T19:13:39.396+0000] {dagbag.py:545} INFO - Filling up the DagBag from /opt/airflow/dags/sp500_master_ingestion_dag.py
[2026-06-16T19:13:40.275+0000] {processor.py:840} INFO - DAG(s) 'sp500_master_ingestion_pipeline' retrieved from /opt/airflow/dags/sp500_master_ingestion_dag.py
[2026-06-16T19:13:40.302+0000] {logging_mixin.py:188} INFO - [2026-06-16T19:13:40.302+0000] {dag.py:3096} INFO - Sync 1 DAGs
[2026-06-16T19:13:40.327+0000] {logging_mixin.py:188} INFO - [2026-06-16T19:13:40.327+0000] {dag.py:3954} INFO - Setting next_dagrun for sp500_master_ingestion_pipeline to 2026-06-14 20:30:00+00:00, run_after=2026-06-15 20:30:00+00:00
[2026-06-16T19:13:40.353+0000] {processor.py:183} INFO - Processing /opt/airflow/dags/sp500_master_ingestion_dag.py took 0.967 seconds
[2026-06-16T19:14:10.541+0000] {processor.py:161} INFO - Started process (PID=219) to work on /opt/airflow/dags/sp500_master_ingestion_dag.py
[2026-06-16T19:14:10.543+0000] {processor.py:830} INFO - Processing file /opt/airflow/dags/sp500_master_ingestion_dag.py for tasks to queue
[2026-06-16T19:14:10.544+0000] {logging_mixin.py:188} INFO - [2026-06-16T19:14:10.544+0000] {dagbag.py:545} INFO - Filling up the DagBag from /opt/airflow/dags/sp500_master_ingestion_dag.py
[2026-06-16T19:14:11.332+0000] {processor.py:840} INFO - DAG(s) 'sp500_master_ingestion_pipeline' retrieved from /opt/airflow/dags/sp500_master_ingestion_dag.py
[2026-06-16T19:14:11.360+0000] {logging_mixin.py:188} INFO - [2026-06-16T19:14:11.359+0000] {dag.py:3096} INFO - Sync 1 DAGs
[2026-06-16T19:14:11.386+0000] {logging_mixin.py:188} INFO - [2026-06-16T19:14:11.386+0000] {dag.py:3954} INFO - Setting next_dagrun for sp500_master_ingestion_pipeline to 2026-06-14 20:30:00+00:00, run_after=2026-06-15 20:30:00+00:00
[2026-06-16T19:14:11.418+0000] {processor.py:183} INFO - Processing /opt/airflow/dags/sp500_master_ingestion_dag.py took 0.883 seconds
[2026-06-16T19:14:41.617+0000] {processor.py:161} INFO - Started process (PID=225) to work on /opt/airflow/dags/sp500_master_ingestion_dag.py
[2026-06-16T19:14:41.618+0000] {processor.py:830} INFO - Processing file /opt/airflow/dags/sp500_master_ingestion_dag.py for tasks to queue
[2026-06-16T19:14:41.620+0000] {logging_mixin.py:188} INFO - [2026-06-16T19:14:41.619+0000] {dagbag.py:545} INFO - Filling up the DagBag from /opt/airflow/dags/sp500_master_ingestion_dag.py
[2026-06-16T19:14:42.358+0000] {processor.py:840} INFO - DAG(s) 'sp500_master_ingestion_pipeline' retrieved from /opt/airflow/dags/sp500_master_ingestion_dag.py
[2026-06-16T19:14:42.382+0000] {logging_mixin.py:188} INFO - [2026-06-16T19:14:42.382+0000] {dag.py:3096} INFO - Sync 1 DAGs
[2026-06-16T19:14:42.398+0000] {logging_mixin.py:188} INFO - [2026-06-16T19:14:42.397+0000] {dag.py:3954} INFO - Setting next_dagrun for sp500_master_ingestion_pipeline to 2026-06-14 20:30:00+00:00, run_after=2026-06-15 20:30:00+00:00
[2026-06-16T19:14:42.425+0000] {processor.py:183} INFO - Processing /opt/airflow/dags/sp500_master_ingestion_dag.py took 0.813 seconds
[2026-06-16T19:15:12.641+0000] {processor.py:161} INFO - Started process (PID=231) to work on /opt/airflow/dags/sp500_master_ingestion_dag.py
[2026-06-16T19:15:12.642+0000] {processor.py:830} INFO - Processing file /opt/airflow/dags/sp500_master_ingestion_dag.py for tasks to queue
[2026-06-16T19:15:12.643+0000] {logging_mixin.py:188} INFO - [2026-06-16T19:15:12.643+0000] {dagbag.py:545} INFO - Filling up the DagBag from /opt/airflow/dags/sp500_master_ingestion_dag.py
[2026-06-16T19:15:13.405+0000] {processor.py:840} INFO - DAG(s) 'sp500_master_ingestion_pipeline' retrieved from /opt/airflow/dags/sp500_master_ingestion_dag.py
[2026-06-16T19:15:13.424+0000] {logging_mixin.py:188} INFO - [2026-06-16T19:15:13.424+0000] {dag.py:3096} INFO - Sync 1 DAGs
[2026-06-16T19:15:13.442+0000] {logging_mixin.py:188} INFO - [2026-06-16T19:15:13.442+0000] {dag.py:3954} INFO - Setting next_dagrun for sp500_master_ingestion_pipeline to 2026-06-14 20:30:00+00:00, run_after=2026-06-15 20:30:00+00:00
[2026-06-16T19:15:13.464+0000] {processor.py:183} INFO - Processing /opt/airflow/dags/sp500_master_ingestion_dag.py took 0.828 seconds
[2026-06-16T19:15:43.683+0000] {processor.py:161} INFO - Started process (PID=237) to work on /opt/airflow/dags/sp500_master_ingestion_dag.py
[2026-06-16T19:15:43.684+0000] {processor.py:830} INFO - Processing file /opt/airflow/dags/sp500_master_ingestion_dag.py for tasks to queue
[2026-06-16T19:15:43.685+0000] {logging_mixin.py:188} INFO - [2026-06-16T19:15:43.685+0000] {dagbag.py:545} INFO - Filling up the DagBag from /opt/airflow/dags/sp500_master_ingestion_dag.py
[2026-06-16T19:15:44.501+0000] {processor.py:840} INFO - DAG(s) 'sp500_master_ingestion_pipeline' retrieved from /opt/airflow/dags/sp500_master_ingestion_dag.py
[2026-06-16T19:15:44.522+0000] {logging_mixin.py:188} INFO - [2026-06-16T19:15:44.521+0000] {dag.py:3096} INFO - Sync 1 DAGs
[2026-06-16T19:15:44.538+0000] {logging_mixin.py:188} INFO - [2026-06-16T19:15:44.538+0000] {dag.py:3954} INFO - Setting next_dagrun for sp500_master_ingestion_pipeline to 2026-06-14 20:30:00+00:00, run_after=2026-06-15 20:30:00+00:00
[2026-06-16T19:15:44.567+0000] {processor.py:183} INFO - Processing /opt/airflow/dags/sp500_master_ingestion_dag.py took 0.889 seconds
[2026-06-16T19:16:14.796+0000] {processor.py:161} INFO - Started process (PID=243) to work on /opt/airflow/dags/sp500_master_ingestion_dag.py
[2026-06-16T19:16:14.797+0000] {processor.py:830} INFO - Processing file /opt/airflow/dags/sp500_master_ingestion_dag.py for tasks to queue
[2026-06-16T19:16:14.798+0000] {logging_mixin.py:188} INFO - [2026-06-16T19:16:14.798+0000] {dagbag.py:545} INFO - Filling up the DagBag from /opt/airflow/dags/sp500_master_ingestion_dag.py
[2026-06-16T19:16:15.541+0000] {processor.py:840} INFO - DAG(s) 'sp500_master_ingestion_pipeline' retrieved from /opt/airflow/dags/sp500_master_ingestion_dag.py
[2026-06-16T19:16:15.563+0000] {logging_mixin.py:188} INFO - [2026-06-16T19:16:15.562+0000] {dag.py:3096} INFO - Sync 1 DAGs
[2026-06-16T19:16:15.581+0000] {logging_mixin.py:188} INFO - [2026-06-16T19:16:15.581+0000] {dag.py:3954} INFO - Setting next_dagrun for sp500_master_ingestion_pipeline to 2026-06-14 20:30:00+00:00, run_after=2026-06-15 20:30:00+00:00
[2026-06-16T19:16:15.600+0000] {processor.py:183} INFO - Processing /opt/airflow/dags/sp500_master_ingestion_dag.py took 0.809 seconds
[2026-06-16T19:16:45.805+0000] {processor.py:161} INFO - Started process (PID=249) to work on /opt/airflow/dags/sp500_master_ingestion_dag.py
[2026-06-16T19:16:45.806+0000] {processor.py:830} INFO - Processing file /opt/airflow/dags/sp500_master_ingestion_dag.py for tasks to queue
[2026-06-16T19:16:45.807+0000] {logging_mixin.py:188} INFO - [2026-06-16T19:16:45.807+0000] {dagbag.py:545} INFO - Filling up the DagBag from /opt/airflow/dags/sp500_master_ingestion_dag.py
[2026-06-16T19:16:46.594+0000] {processor.py:840} INFO - DAG(s) 'sp500_master_ingestion_pipeline' retrieved from /opt/airflow/dags/sp500_master_ingestion_dag.py
[2026-06-16T19:16:46.618+0000] {logging_mixin.py:188} INFO - [2026-06-16T19:16:46.617+0000] {dag.py:3096} INFO - Sync 1 DAGs
[2026-06-16T19:16:46.634+0000] {logging_mixin.py:188} INFO - [2026-06-16T19:16:46.634+0000] {dag.py:3954} INFO - Setting next_dagrun for sp500_master_ingestion_pipeline to 2026-06-14 20:30:00+00:00, run_after=2026-06-15 20:30:00+00:00
[2026-06-16T19:16:46.655+0000] {processor.py:183} INFO - Processing /opt/airflow/dags/sp500_master_ingestion_dag.py took 0.856 seconds
[2026-06-16T19:17:16.894+0000] {processor.py:161} INFO - Started process (PID=255) to work on /opt/airflow/dags/sp500_master_ingestion_dag.py
[2026-06-16T19:17:16.895+0000] {processor.py:830} INFO - Processing file /opt/airflow/dags/sp500_master_ingestion_dag.py for tasks to queue
[2026-06-16T19:17:16.896+0000] {logging_mixin.py:188} INFO - [2026-06-16T19:17:16.896+0000] {dagbag.py:545} INFO - Filling up the DagBag from /opt/airflow/dags/sp500_master_ingestion_dag.py
[2026-06-16T19:17:17.701+0000] {processor.py:840} INFO - DAG(s) 'sp500_master_ingestion_pipeline' retrieved from /opt/airflow/dags/sp500_master_ingestion_dag.py
[2026-06-16T19:17:17.724+0000] {logging_mixin.py:188} INFO - [2026-06-16T19:17:17.724+0000] {dag.py:3096} INFO - Sync 1 DAGs
[2026-06-16T19:17:17.744+0000] {logging_mixin.py:188} INFO - [2026-06-16T19:17:17.744+0000] {dag.py:3954} INFO - Setting next_dagrun for sp500_master_ingestion_pipeline to 2026-06-14 20:30:00+00:00, run_after=2026-06-15 20:30:00+00:00
[2026-06-16T19:17:17.764+0000] {processor.py:183} INFO - Processing /opt/airflow/dags/sp500_master_ingestion_dag.py took 0.875 seconds
[2026-06-16T19:17:47.972+0000] {processor.py:161} INFO - Started process (PID=261) to work on /opt/airflow/dags/sp500_master_ingestion_dag.py
[2026-06-16T19:17:47.973+0000] {processor.py:830} INFO - Processing file /opt/airflow/dags/sp500_master_ingestion_dag.py for tasks to queue
[2026-06-16T19:17:47.975+0000] {logging_mixin.py:188} INFO - [2026-06-16T19:17:47.975+0000] {dagbag.py:545} INFO - Filling up the DagBag from /opt/airflow/dags/sp500_master_ingestion_dag.py
[2026-06-16T19:17:48.736+0000] {processor.py:840} INFO - DAG(s) 'sp500_master_ingestion_pipeline' retrieved from /opt/airflow/dags/sp500_master_ingestion_dag.py
[2026-06-16T19:17:48.760+0000] {logging_mixin.py:188} INFO - [2026-06-16T19:17:48.759+0000] {dag.py:3096} INFO - Sync 1 DAGs
[2026-06-16T19:17:48.778+0000] {logging_mixin.py:188} INFO - [2026-06-16T19:17:48.778+0000] {dag.py:3954} INFO - Setting next_dagrun for sp500_master_ingestion_pipeline to 2026-06-14 20:30:00+00:00, run_after=2026-06-15 20:30:00+00:00
[2026-06-16T19:17:48.800+0000] {processor.py:183} INFO - Processing /opt/airflow/dags/sp500_master_ingestion_dag.py took 0.834 seconds
[2026-06-16T19:18:18.991+0000] {processor.py:161} INFO - Started process (PID=267) to work on /opt/airflow/dags/sp500_master_ingestion_dag.py
[2026-06-16T19:18:18.992+0000] {processor.py:830} INFO - Processing file /opt/airflow/dags/sp500_master_ingestion_dag.py for tasks to queue
[2026-06-16T19:18:18.993+0000] {logging_mixin.py:188} INFO - [2026-06-16T19:18:18.993+0000] {dagbag.py:545} INFO - Filling up the DagBag from /opt/airflow/dags/sp500_master_ingestion_dag.py
[2026-06-16T19:18:19.877+0000] {processor.py:840} INFO - DAG(s) 'sp500_master_ingestion_pipeline' retrieved from /opt/airflow/dags/sp500_master_ingestion_dag.py
[2026-06-16T19:18:19.900+0000] {logging_mixin.py:188} INFO - [2026-06-16T19:18:19.900+0000] {dag.py:3096} INFO - Sync 1 DAGs
[2026-06-16T19:18:19.917+0000] {logging_mixin.py:188} INFO - [2026-06-16T19:18:19.917+0000] {dag.py:3954} INFO - Setting next_dagrun for sp500_master_ingestion_pipeline to 2026-06-14 20:30:00+00:00, run_after=2026-06-15 20:30:00+00:00
[2026-06-16T19:18:19.943+0000] {processor.py:183} INFO - Processing /opt/airflow/dags/sp500_master_ingestion_dag.py took 0.957 seconds
[2026-06-16T19:18:50.140+0000] {processor.py:161} INFO - Started process (PID=273) to work on /opt/airflow/dags/sp500_master_ingestion_dag.py
[2026-06-16T19:18:50.141+0000] {processor.py:830} INFO - Processing file /opt/airflow/dags/sp500_master_ingestion_dag.py for tasks to queue
[2026-06-16T19:18:50.142+0000] {logging_mixin.py:188} INFO - [2026-06-16T19:18:50.141+0000] {dagbag.py:545} INFO - Filling up the DagBag from /opt/airflow/dags/sp500_master_ingestion_dag.py
[2026-06-16T19:18:50.905+0000] {processor.py:840} INFO - DAG(s) 'sp500_master_ingestion_pipeline' retrieved from /opt/airflow/dags/sp500_master_ingestion_dag.py
[2026-06-16T19:18:50.924+0000] {logging_mixin.py:188} INFO - [2026-06-16T19:18:50.924+0000] {dag.py:3096} INFO - Sync 1 DAGs
[2026-06-16T19:18:50.942+0000] {logging_mixin.py:188} INFO - [2026-06-16T19:18:50.941+0000] {dag.py:3954} INFO - Setting next_dagrun for sp500_master_ingestion_pipeline to 2026-06-14 20:30:00+00:00, run_after=2026-06-15 20:30:00+00:00
[2026-06-16T19:18:50.956+0000] {processor.py:183} INFO - Processing /opt/airflow/dags/sp500_master_ingestion_dag.py took 0.822 seconds
[2026-06-16T19:19:21.166+0000] {processor.py:161} INFO - Started process (PID=279) to work on /opt/airflow/dags/sp500_master_ingestion_dag.py
[2026-06-16T19:19:21.168+0000] {processor.py:830} INFO - Processing file /opt/airflow/dags/sp500_master_ingestion_dag.py for tasks to queue
[2026-06-16T19:19:21.170+0000] {logging_mixin.py:188} INFO - [2026-06-16T19:19:21.170+0000] {dagbag.py:545} INFO - Filling up the DagBag from /opt/airflow/dags/sp500_master_ingestion_dag.py
[2026-06-16T19:19:21.901+0000] {processor.py:840} INFO - DAG(s) 'sp500_master_ingestion_pipeline' retrieved from /opt/airflow/dags/sp500_master_ingestion_dag.py
[2026-06-16T19:19:21.922+0000] {logging_mixin.py:188} INFO - [2026-06-16T19:19:21.922+0000] {dag.py:3096} INFO - Sync 1 DAGs
[2026-06-16T19:19:21.940+0000] {logging_mixin.py:188} INFO - [2026-06-16T19:19:21.940+0000] {dag.py:3954} INFO - Setting next_dagrun for sp500_master_ingestion_pipeline to 2026-06-14 20:30:00+00:00, run_after=2026-06-15 20:30:00+00:00
[2026-06-16T19:19:21.964+0000] {processor.py:183} INFO - Processing /opt/airflow/dags/sp500_master_ingestion_dag.py took 0.804 seconds
[2026-06-16T19:19:52.143+0000] {processor.py:161} INFO - Started process (PID=285) to work on /opt/airflow/dags/sp500_master_ingestion_dag.py
[2026-06-16T19:19:52.144+0000] {processor.py:830} INFO - Processing file /opt/airflow/dags/sp500_master_ingestion_dag.py for tasks to queue
[2026-06-16T19:19:52.146+0000] {logging_mixin.py:188} INFO - [2026-06-16T19:19:52.146+0000] {dagbag.py:545} INFO - Filling up the DagBag from /opt/airflow/dags/sp500_master_ingestion_dag.py
[2026-06-16T19:19:52.905+0000] {processor.py:840} INFO - DAG(s) 'sp500_master_ingestion_pipeline' retrieved from /opt/airflow/dags/sp500_master_ingestion_dag.py
[2026-06-16T19:19:52.928+0000] {logging_mixin.py:188} INFO - [2026-06-16T19:19:52.927+0000] {dag.py:3096} INFO - Sync 1 DAGs
[2026-06-16T19:19:52.952+0000] {logging_mixin.py:188} INFO - [2026-06-16T19:19:52.952+0000] {dag.py:3954} INFO - Setting next_dagrun for sp500_master_ingestion_pipeline to 2026-06-14 20:30:00+00:00, run_after=2026-06-15 20:30:00+00:00
[2026-06-16T19:19:52.974+0000] {processor.py:183} INFO - Processing /opt/airflow/dags/sp500_master_ingestion_dag.py took 0.836 seconds
[2026-06-16T19:20:23.193+0000] {processor.py:161} INFO - Started process (PID=291) to work on /opt/airflow/dags/sp500_master_ingestion_dag.py
[2026-06-16T19:20:23.194+0000] {processor.py:830} INFO - Processing file /opt/airflow/dags/sp500_master_ingestion_dag.py for tasks to queue
[2026-06-16T19:20:23.196+0000] {logging_mixin.py:188} INFO - [2026-06-16T19:20:23.196+0000] {dagbag.py:545} INFO - Filling up the DagBag from /opt/airflow/dags/sp500_master_ingestion_dag.py
[2026-06-16T19:20:23.986+0000] {processor.py:840} INFO - DAG(s) 'sp500_master_ingestion_pipeline' retrieved from /opt/airflow/dags/sp500_master_ingestion_dag.py
[2026-06-16T19:20:24.009+0000] {logging_mixin.py:188} INFO - [2026-06-16T19:20:24.009+0000] {dag.py:3096} INFO - Sync 1 DAGs
[2026-06-16T19:20:24.025+0000] {logging_mixin.py:188} INFO - [2026-06-16T19:20:24.025+0000] {dag.py:3954} INFO - Setting next_dagrun for sp500_master_ingestion_pipeline to 2026-06-14 20:30:00+00:00, run_after=2026-06-15 20:30:00+00:00
[2026-06-16T19:20:24.048+0000] {processor.py:183} INFO - Processing /opt/airflow/dags/sp500_master_ingestion_dag.py took 0.865 seconds
[2026-06-16T19:20:54.272+0000] {processor.py:161} INFO - Started process (PID=297) to work on /opt/airflow/dags/sp500_master_ingestion_dag.py
[2026-06-16T19:20:54.273+0000] {processor.py:830} INFO - Processing file /opt/airflow/dags/sp500_master_ingestion_dag.py for tasks to queue
[2026-06-16T19:20:54.275+0000] {logging_mixin.py:188} INFO - [2026-06-16T19:20:54.274+0000] {dagbag.py:545} INFO - Filling up the DagBag from /opt/airflow/dags/sp500_master_ingestion_dag.py
[2026-06-16T19:20:55.041+0000] {processor.py:840} INFO - DAG(s) 'sp500_master_ingestion_pipeline' retrieved from /opt/airflow/dags/sp500_master_ingestion_dag.py
[2026-06-16T19:20:55.061+0000] {logging_mixin.py:188} INFO - [2026-06-16T19:20:55.061+0000] {dag.py:3096} INFO - Sync 1 DAGs
[2026-06-16T19:20:55.079+0000] {logging_mixin.py:188} INFO - [2026-06-16T19:20:55.079+0000] {dag.py:3954} INFO - Setting next_dagrun for sp500_master_ingestion_pipeline to 2026-06-14 20:30:00+00:00, run_after=2026-06-15 20:30:00+00:00
[2026-06-16T19:20:55.094+0000] {processor.py:183} INFO - Processing /opt/airflow/dags/sp500_master_ingestion_dag.py took 0.830 seconds
[2026-06-16T19:21:25.323+0000] {processor.py:161} INFO - Started process (PID=303) to work on /opt/airflow/dags/sp500_master_ingestion_dag.py
[2026-06-16T19:21:25.324+0000] {processor.py:830} INFO - Processing file /opt/airflow/dags/sp500_master_ingestion_dag.py for tasks to queue
[2026-06-16T19:21:25.325+0000] {logging_mixin.py:188} INFO - [2026-06-16T19:21:25.325+0000] {dagbag.py:545} INFO - Filling up the DagBag from /opt/airflow/dags/sp500_master_ingestion_dag.py
[2026-06-16T19:21:26.138+0000] {processor.py:840} INFO - DAG(s) 'sp500_master_ingestion_pipeline' retrieved from /opt/airflow/dags/sp500_master_ingestion_dag.py
[2026-06-16T19:21:26.158+0000] {logging_mixin.py:188} INFO - [2026-06-16T19:21:26.157+0000] {dag.py:3096} INFO - Sync 1 DAGs
[2026-06-16T19:21:26.181+0000] {logging_mixin.py:188} INFO - [2026-06-16T19:21:26.181+0000] {dag.py:3954} INFO - Setting next_dagrun for sp500_master_ingestion_pipeline to 2026-06-14 20:30:00+00:00, run_after=2026-06-15 20:30:00+00:00
[2026-06-16T19:21:26.208+0000] {processor.py:183} INFO - Processing /opt/airflow/dags/sp500_master_ingestion_dag.py took 0.891 seconds
[2026-06-16T19:21:56.432+0000] {processor.py:161} INFO - Started process (PID=309) to work on /opt/airflow/dags/sp500_master_ingestion_dag.py
[2026-06-16T19:21:56.433+0000] {processor.py:830} INFO - Processing file /opt/airflow/dags/sp500_master_ingestion_dag.py for tasks to queue
[2026-06-16T19:21:56.435+0000] {logging_mixin.py:188} INFO - [2026-06-16T19:21:56.434+0000] {dagbag.py:545} INFO - Filling up the DagBag from /opt/airflow/dags/sp500_master_ingestion_dag.py
[2026-06-16T19:21:57.165+0000] {processor.py:840} INFO - DAG(s) 'sp500_master_ingestion_pipeline' retrieved from /opt/airflow/dags/sp500_master_ingestion_dag.py
[2026-06-16T19:21:57.188+0000] {logging_mixin.py:188} INFO - [2026-06-16T19:21:57.188+0000] {dag.py:3096} INFO - Sync 1 DAGs
[2026-06-16T19:21:57.207+0000] {logging_mixin.py:188} INFO - [2026-06-16T19:21:57.207+0000] {dag.py:3954} INFO - Setting next_dagrun for sp500_master_ingestion_pipeline to 2026-06-14 20:30:00+00:00, run_after=2026-06-15 20:30:00+00:00
[2026-06-16T19:21:57.225+0000] {processor.py:183} INFO - Processing /opt/airflow/dags/sp500_master_ingestion_dag.py took 0.799 seconds
[2026-06-16T19:22:27.446+0000] {processor.py:161} INFO - Started process (PID=315) to work on /opt/airflow/dags/sp500_master_ingestion_dag.py
[2026-06-16T19:22:27.447+0000] {processor.py:830} INFO - Processing file /opt/airflow/dags/sp500_master_ingestion_dag.py for tasks to queue
[2026-06-16T19:22:27.448+0000] {logging_mixin.py:188} INFO - [2026-06-16T19:22:27.448+0000] {dagbag.py:545} INFO - Filling up the DagBag from /opt/airflow/dags/sp500_master_ingestion_dag.py
[2026-06-16T19:22:28.230+0000] {processor.py:840} INFO - DAG(s) 'sp500_master_ingestion_pipeline' retrieved from /opt/airflow/dags/sp500_master_ingestion_dag.py
[2026-06-16T19:22:28.252+0000] {logging_mixin.py:188} INFO - [2026-06-16T19:22:28.252+0000] {dag.py:3096} INFO - Sync 1 DAGs
[2026-06-16T19:22:28.271+0000] {logging_mixin.py:188} INFO - [2026-06-16T19:22:28.270+0000] {dag.py:3954} INFO - Setting next_dagrun for sp500_master_ingestion_pipeline to 2026-06-14 20:30:00+00:00, run_after=2026-06-15 20:30:00+00:00
[2026-06-16T19:22:28.296+0000] {processor.py:183} INFO - Processing /opt/airflow/dags/sp500_master_ingestion_dag.py took 0.857 seconds
[2026-06-16T19:22:58.515+0000] {processor.py:161} INFO - Started process (PID=321) to work on /opt/airflow/dags/sp500_master_ingestion_dag.py
[2026-06-16T19:22:58.517+0000] {processor.py:830} INFO - Processing file /opt/airflow/dags/sp500_master_ingestion_dag.py for tasks to queue
[2026-06-16T19:22:58.518+0000] {logging_mixin.py:188} INFO - [2026-06-16T19:22:58.517+0000] {dagbag.py:545} INFO - Filling up the DagBag from /opt/airflow/dags/sp500_master_ingestion_dag.py
[2026-06-16T19:22:59.624+0000] {processor.py:840} INFO - DAG(s) 'sp500_master_ingestion_pipeline' retrieved from /opt/airflow/dags/sp500_master_ingestion_dag.py
[2026-06-16T19:22:59.652+0000] {logging_mixin.py:188} INFO - [2026-06-16T19:22:59.652+0000] {dag.py:3096} INFO - Sync 1 DAGs
[2026-06-16T19:22:59.671+0000] {logging_mixin.py:188} INFO - [2026-06-16T19:22:59.670+0000] {dag.py:3954} INFO - Setting next_dagrun for sp500_master_ingestion_pipeline to 2026-06-14 20:30:00+00:00, run_after=2026-06-15 20:30:00+00:00
[2026-06-16T19:22:59.686+0000] {processor.py:183} INFO - Processing /opt/airflow/dags/sp500_master_ingestion_dag.py took 1.176 seconds
[2026-06-16T19:23:29.898+0000] {processor.py:161} INFO - Started process (PID=327) to work on /opt/airflow/dags/sp500_master_ingestion_dag.py
[2026-06-16T19:23:29.899+0000] {processor.py:830} INFO - Processing file /opt/airflow/dags/sp500_master_ingestion_dag.py for tasks to queue
[2026-06-16T19:23:29.900+0000] {logging_mixin.py:188} INFO - [2026-06-16T19:23:29.900+0000] {dagbag.py:545} INFO - Filling up the DagBag from /opt/airflow/dags/sp500_master_ingestion_dag.py
[2026-06-16T19:23:30.640+0000] {processor.py:840} INFO - DAG(s) 'sp500_master_ingestion_pipeline' retrieved from /opt/airflow/dags/sp500_master_ingestion_dag.py
[2026-06-16T19:23:30.668+0000] {logging_mixin.py:188} INFO - [2026-06-16T19:23:30.667+0000] {dag.py:3096} INFO - Sync 1 DAGs
[2026-06-16T19:23:30.686+0000] {logging_mixin.py:188} INFO - [2026-06-16T19:23:30.686+0000] {dag.py:3954} INFO - Setting next_dagrun for sp500_master_ingestion_pipeline to 2026-06-14 20:30:00+00:00, run_after=2026-06-15 20:30:00+00:00
[2026-06-16T19:23:30.712+0000] {processor.py:183} INFO - Processing /opt/airflow/dags/sp500_master_ingestion_dag.py took 0.819 seconds
[2026-06-16T19:24:00.916+0000] {processor.py:161} INFO - Started process (PID=333) to work on /opt/airflow/dags/sp500_master_ingestion_dag.py
[2026-06-16T19:24:00.917+0000] {processor.py:830} INFO - Processing file /opt/airflow/dags/sp500_master_ingestion_dag.py for tasks to queue
[2026-06-16T19:24:00.919+0000] {logging_mixin.py:188} INFO - [2026-06-16T19:24:00.919+0000] {dagbag.py:545} INFO - Filling up the DagBag from /opt/airflow/dags/sp500_master_ingestion_dag.py
[2026-06-16T19:24:01.643+0000] {processor.py:840} INFO - DAG(s) 'sp500_master_ingestion_pipeline' retrieved from /opt/airflow/dags/sp500_master_ingestion_dag.py
[2026-06-16T19:24:01.663+0000] {logging_mixin.py:188} INFO - [2026-06-16T19:24:01.662+0000] {dag.py:3096} INFO - Sync 1 DAGs
[2026-06-16T19:24:01.679+0000] {logging_mixin.py:188} INFO - [2026-06-16T19:24:01.678+0000] {dag.py:3954} INFO - Setting next_dagrun for sp500_master_ingestion_pipeline to 2026-06-14 20:30:00+00:00, run_after=2026-06-15 20:30:00+00:00
[2026-06-16T19:24:01.704+0000] {processor.py:183} INFO - Processing /opt/airflow/dags/sp500_master_ingestion_dag.py took 0.792 seconds
[2026-06-16T19:24:31.981+0000] {processor.py:161} INFO - Started process (PID=339) to work on /opt/airflow/dags/sp500_master_ingestion_dag.py
[2026-06-16T19:24:31.982+0000] {processor.py:830} INFO - Processing file /opt/airflow/dags/sp500_master_ingestion_dag.py for tasks to queue
[2026-06-16T19:24:31.983+0000] {logging_mixin.py:188} INFO - [2026-06-16T19:24:31.983+0000] {dagbag.py:545} INFO - Filling up the DagBag from /opt/airflow/dags/sp500_master_ingestion_dag.py
[2026-06-16T19:24:32.654+0000] {processor.py:840} INFO - DAG(s) 'sp500_master_ingestion_pipeline' retrieved from /opt/airflow/dags/sp500_master_ingestion_dag.py
[2026-06-16T19:24:32.674+0000] {logging_mixin.py:188} INFO - [2026-06-16T19:24:32.674+0000] {dag.py:3096} INFO - Sync 1 DAGs
[2026-06-16T19:24:32.690+0000] {logging_mixin.py:188} INFO - [2026-06-16T19:24:32.690+0000] {dag.py:3954} INFO - Setting next_dagrun for sp500_master_ingestion_pipeline to 2026-06-14 20:30:00+00:00, run_after=2026-06-15 20:30:00+00:00
[2026-06-16T19:24:32.713+0000] {processor.py:183} INFO - Processing /opt/airflow/dags/sp500_master_ingestion_dag.py took 0.740 seconds
[2026-06-16T19:25:02.963+0000] {processor.py:161} INFO - Started process (PID=345) to work on /opt/airflow/dags/sp500_master_ingestion_dag.py
[2026-06-16T19:25:02.964+0000] {processor.py:830} INFO - Processing file /opt/airflow/dags/sp500_master_ingestion_dag.py for tasks to queue
[2026-06-16T19:25:02.965+0000] {logging_mixin.py:188} INFO - [2026-06-16T19:25:02.965+0000] {dagbag.py:545} INFO - Filling up the DagBag from /opt/airflow/dags/sp500_master_ingestion_dag.py
[2026-06-16T19:25:03.640+0000] {processor.py:840} INFO - DAG(s) 'sp500_master_ingestion_pipeline' retrieved from /opt/airflow/dags/sp500_master_ingestion_dag.py
[2026-06-16T19:25:03.658+0000] {logging_mixin.py:188} INFO - [2026-06-16T19:25:03.658+0000] {dag.py:3096} INFO - Sync 1 DAGs
[2026-06-16T19:25:03.672+0000] {logging_mixin.py:188} INFO - [2026-06-16T19:25:03.672+0000] {dag.py:3954} INFO - Setting next_dagrun for sp500_master_ingestion_pipeline to 2026-06-14 20:30:00+00:00, run_after=2026-06-15 20:30:00+00:00
[2026-06-16T19:25:03.697+0000] {processor.py:183} INFO - Processing /opt/airflow/dags/sp500_master_ingestion_dag.py took 0.738 seconds
[2026-06-16T19:25:33.978+0000] {processor.py:161} INFO - Started process (PID=351) to work on /opt/airflow/dags/sp500_master_ingestion_dag.py
[2026-06-16T19:25:33.979+0000] {processor.py:830} INFO - Processing file /opt/airflow/dags/sp500_master_ingestion_dag.py for tasks to queue
[2026-06-16T19:25:33.980+0000] {logging_mixin.py:188} INFO - [2026-06-16T19:25:33.980+0000] {dagbag.py:545} INFO - Filling up the DagBag from /opt/airflow/dags/sp500_master_ingestion_dag.py
[2026-06-16T19:25:34.642+0000] {processor.py:840} INFO - DAG(s) 'sp500_master_ingestion_pipeline' retrieved from /opt/airflow/dags/sp500_master_ingestion_dag.py
[2026-06-16T19:25:34.663+0000] {logging_mixin.py:188} INFO - [2026-06-16T19:25:34.663+0000] {dag.py:3096} INFO - Sync 1 DAGs
[2026-06-16T19:25:34.684+0000] {logging_mixin.py:188} INFO - [2026-06-16T19:25:34.684+0000] {dag.py:3954} INFO - Setting next_dagrun for sp500_master_ingestion_pipeline to 2026-06-14 20:30:00+00:00, run_after=2026-06-15 20:30:00+00:00
[2026-06-16T19:25:34.702+0000] {processor.py:183} INFO - Processing /opt/airflow/dags/sp500_master_ingestion_dag.py took 0.729 seconds
[2026-06-16T19:26:04.918+0000] {processor.py:161} INFO - Started process (PID=357) to work on /opt/airflow/dags/sp500_master_ingestion_dag.py
[2026-06-16T19:26:04.919+0000] {processor.py:830} INFO - Processing file /opt/airflow/dags/sp500_master_ingestion_dag.py for tasks to queue
[2026-06-16T19:26:04.920+0000] {logging_mixin.py:188} INFO - [2026-06-16T19:26:04.920+0000] {dagbag.py:545} INFO - Filling up the DagBag from /opt/airflow/dags/sp500_master_ingestion_dag.py
[2026-06-16T19:26:05.608+0000] {processor.py:840} INFO - DAG(s) 'sp500_master_ingestion_pipeline' retrieved from /opt/airflow/dags/sp500_master_ingestion_dag.py
[2026-06-16T19:26:05.630+0000] {logging_mixin.py:188} INFO - [2026-06-16T19:26:05.630+0000] {dag.py:3096} INFO - Sync 1 DAGs
[2026-06-16T19:26:05.646+0000] {logging_mixin.py:188} INFO - [2026-06-16T19:26:05.646+0000] {dag.py:3954} INFO - Setting next_dagrun for sp500_master_ingestion_pipeline to 2026-06-14 20:30:00+00:00, run_after=2026-06-15 20:30:00+00:00
[2026-06-16T19:26:05.661+0000] {processor.py:183} INFO - Processing /opt/airflow/dags/sp500_master_ingestion_dag.py took 0.749 seconds
[2026-06-16T19:26:35.920+0000] {processor.py:161} INFO - Started process (PID=363) to work on /opt/airflow/dags/sp500_master_ingestion_dag.py
[2026-06-16T19:26:35.920+0000] {processor.py:830} INFO - Processing file /opt/airflow/dags/sp500_master_ingestion_dag.py for tasks to queue
[2026-06-16T19:26:35.922+0000] {logging_mixin.py:188} INFO - [2026-06-16T19:26:35.921+0000] {dagbag.py:545} INFO - Filling up the DagBag from /opt/airflow/dags/sp500_master_ingestion_dag.py
[2026-06-16T19:26:36.629+0000] {processor.py:840} INFO - DAG(s) 'sp500_master_ingestion_pipeline' retrieved from /opt/airflow/dags/sp500_master_ingestion_dag.py
[2026-06-16T19:26:36.646+0000] {logging_mixin.py:188} INFO - [2026-06-16T19:26:36.646+0000] {dag.py:3096} INFO - Sync 1 DAGs
[2026-06-16T19:26:36.660+0000] {logging_mixin.py:188} INFO - [2026-06-16T19:26:36.660+0000] {dag.py:3954} INFO - Setting next_dagrun for sp500_master_ingestion_pipeline to 2026-06-14 20:30:00+00:00, run_after=2026-06-15 20:30:00+00:00
[2026-06-16T19:26:36.684+0000] {processor.py:183} INFO - Processing /opt/airflow/dags/sp500_master_ingestion_dag.py took 0.768 seconds
[2026-06-16T19:27:06.979+0000] {processor.py:161} INFO - Started process (PID=369) to work on /opt/airflow/dags/sp500_master_ingestion_dag.py
[2026-06-16T19:27:06.979+0000] {processor.py:830} INFO - Processing file /opt/airflow/dags/sp500_master_ingestion_dag.py for tasks to queue
[2026-06-16T19:27:06.982+0000] {logging_mixin.py:188} INFO - [2026-06-16T19:27:06.982+0000] {dagbag.py:545} INFO - Filling up the DagBag from /opt/airflow/dags/sp500_master_ingestion_dag.py
[2026-06-16T19:27:07.647+0000] {processor.py:840} INFO - DAG(s) 'sp500_master_ingestion_pipeline' retrieved from /opt/airflow/dags/sp500_master_ingestion_dag.py
[2026-06-16T19:27:07.668+0000] {logging_mixin.py:188} INFO - [2026-06-16T19:27:07.668+0000] {dag.py:3096} INFO - Sync 1 DAGs
[2026-06-16T19:27:07.685+0000] {logging_mixin.py:188} INFO - [2026-06-16T19:27:07.685+0000] {dag.py:3954} INFO - Setting next_dagrun for sp500_master_ingestion_pipeline to 2026-06-14 20:30:00+00:00, run_after=2026-06-15 20:30:00+00:00
[2026-06-16T19:27:07.709+0000] {processor.py:183} INFO - Processing /opt/airflow/dags/sp500_master_ingestion_dag.py took 0.735 seconds
[2026-06-16T19:27:37.972+0000] {processor.py:161} INFO - Started process (PID=375) to work on /opt/airflow/dags/sp500_master_ingestion_dag.py
[2026-06-16T19:27:37.973+0000] {processor.py:830} INFO - Processing file /opt/airflow/dags/sp500_master_ingestion_dag.py for tasks to queue
[2026-06-16T19:27:37.975+0000] {logging_mixin.py:188} INFO - [2026-06-16T19:27:37.974+0000] {dagbag.py:545} INFO - Filling up the DagBag from /opt/airflow/dags/sp500_master_ingestion_dag.py
[2026-06-16T19:27:38.676+0000] {processor.py:840} INFO - DAG(s) 'sp500_master_ingestion_pipeline' retrieved from /opt/airflow/dags/sp500_master_ingestion_dag.py
[2026-06-16T19:27:38.698+0000] {logging_mixin.py:188} INFO - [2026-06-16T19:27:38.698+0000] {dag.py:3096} INFO - Sync 1 DAGs
[2026-06-16T19:27:38.714+0000] {logging_mixin.py:188} INFO - [2026-06-16T19:27:38.714+0000] {dag.py:3954} INFO - Setting next_dagrun for sp500_master_ingestion_pipeline to 2026-06-14 20:30:00+00:00, run_after=2026-06-15 20:30:00+00:00
[2026-06-16T19:27:38.732+0000] {processor.py:183} INFO - Processing /opt/airflow/dags/sp500_master_ingestion_dag.py took 0.766 seconds
[2026-06-16T19:28:08.956+0000] {processor.py:161} INFO - Started process (PID=381) to work on /opt/airflow/dags/sp500_master_ingestion_dag.py
[2026-06-16T19:28:08.957+0000] {processor.py:830} INFO - Processing file /opt/airflow/dags/sp500_master_ingestion_dag.py for tasks to queue
[2026-06-16T19:28:08.958+0000] {logging_mixin.py:188} INFO - [2026-06-16T19:28:08.958+0000] {dagbag.py:545} INFO - Filling up the DagBag from /opt/airflow/dags/sp500_master_ingestion_dag.py
[2026-06-16T19:28:09.788+0000] {processor.py:840} INFO - DAG(s) 'sp500_master_ingestion_pipeline' retrieved from /opt/airflow/dags/sp500_master_ingestion_dag.py
[2026-06-16T19:28:09.812+0000] {logging_mixin.py:188} INFO - [2026-06-16T19:28:09.812+0000] {dag.py:3096} INFO - Sync 1 DAGs
[2026-06-16T19:28:09.833+0000] {logging_mixin.py:188} INFO - [2026-06-16T19:28:09.833+0000] {dag.py:3954} INFO - Setting next_dagrun for sp500_master_ingestion_pipeline to 2026-06-14 20:30:00+00:00, run_after=2026-06-15 20:30:00+00:00
[2026-06-16T19:28:09.851+0000] {processor.py:183} INFO - Processing /opt/airflow/dags/sp500_master_ingestion_dag.py took 0.902 seconds
[2026-06-16T19:28:40.056+0000] {processor.py:161} INFO - Started process (PID=387) to work on /opt/airflow/dags/sp500_master_ingestion_dag.py
[2026-06-16T19:28:40.057+0000] {processor.py:830} INFO - Processing file /opt/airflow/dags/sp500_master_ingestion_dag.py for tasks to queue
[2026-06-16T19:28:40.058+0000] {logging_mixin.py:188} INFO - [2026-06-16T19:28:40.058+0000] {dagbag.py:545} INFO - Filling up the DagBag from /opt/airflow/dags/sp500_master_ingestion_dag.py
[2026-06-16T19:28:40.752+0000] {processor.py:840} INFO - DAG(s) 'sp500_master_ingestion_pipeline' retrieved from /opt/airflow/dags/sp500_master_ingestion_dag.py
[2026-06-16T19:28:40.775+0000] {logging_mixin.py:188} INFO - [2026-06-16T19:28:40.775+0000] {dag.py:3096} INFO - Sync 1 DAGs
[2026-06-16T19:28:40.795+0000] {logging_mixin.py:188} INFO - [2026-06-16T19:28:40.795+0000] {dag.py:3954} INFO - Setting next_dagrun for sp500_master_ingestion_pipeline to 2026-06-14 20:30:00+00:00, run_after=2026-06-15 20:30:00+00:00
[2026-06-16T19:28:40.815+0000] {processor.py:183} INFO - Processing /opt/airflow/dags/sp500_master_ingestion_dag.py took 0.763 seconds
[2026-06-16T19:29:10.899+0000] {processor.py:161} INFO - Started process (PID=393) to work on /opt/airflow/dags/sp500_master_ingestion_dag.py
[2026-06-16T19:29:10.900+0000] {processor.py:830} INFO - Processing file /opt/airflow/dags/sp500_master_ingestion_dag.py for tasks to queue
[2026-06-16T19:29:10.901+0000] {logging_mixin.py:188} INFO - [2026-06-16T19:29:10.901+0000] {dagbag.py:545} INFO - Filling up the DagBag from /opt/airflow/dags/sp500_master_ingestion_dag.py
[2026-06-16T19:29:11.604+0000] {processor.py:840} INFO - DAG(s) 'sp500_master_ingestion_pipeline' retrieved from /opt/airflow/dags/sp500_master_ingestion_dag.py
[2026-06-16T19:29:11.627+0000] {logging_mixin.py:188} INFO - [2026-06-16T19:29:11.627+0000] {dag.py:3096} INFO - Sync 1 DAGs
[2026-06-16T19:29:11.644+0000] {logging_mixin.py:188} INFO - [2026-06-16T19:29:11.644+0000] {dag.py:3954} INFO - Setting next_dagrun for sp500_master_ingestion_pipeline to 2026-06-14 20:30:00+00:00, run_after=2026-06-15 20:30:00+00:00
[2026-06-16T19:29:11.667+0000] {processor.py:183} INFO - Processing /opt/airflow/dags/sp500_master_ingestion_dag.py took 0.773 seconds
[2026-06-16T19:29:41.875+0000] {processor.py:161} INFO - Started process (PID=399) to work on /opt/airflow/dags/sp500_master_ingestion_dag.py
[2026-06-16T19:29:41.876+0000] {processor.py:830} INFO - Processing file /opt/airflow/dags/sp500_master_ingestion_dag.py for tasks to queue
[2026-06-16T19:29:41.878+0000] {logging_mixin.py:188} INFO - [2026-06-16T19:29:41.877+0000] {dagbag.py:545} INFO - Filling up the DagBag from /opt/airflow/dags/sp500_master_ingestion_dag.py
[2026-06-16T19:29:42.580+0000] {processor.py:840} INFO - DAG(s) 'sp500_master_ingestion_pipeline' retrieved from /opt/airflow/dags/sp500_master_ingestion_dag.py
[2026-06-16T19:29:42.601+0000] {logging_mixin.py:188} INFO - [2026-06-16T19:29:42.600+0000] {dag.py:3096} INFO - Sync 1 DAGs
[2026-06-16T19:29:42.616+0000] {logging_mixin.py:188} INFO - [2026-06-16T19:29:42.615+0000] {dag.py:3954} INFO - Setting next_dagrun for sp500_master_ingestion_pipeline to 2026-06-14 20:30:00+00:00, run_after=2026-06-15 20:30:00+00:00
[2026-06-16T19:29:42.632+0000] {processor.py:183} INFO - Processing /opt/airflow/dags/sp500_master_ingestion_dag.py took 0.762 seconds
[2026-06-16T19:30:12.849+0000] {processor.py:161} INFO - Started process (PID=405) to work on /opt/airflow/dags/sp500_master_ingestion_dag.py
[2026-06-16T19:30:12.850+0000] {processor.py:830} INFO - Processing file /opt/airflow/dags/sp500_master_ingestion_dag.py for tasks to queue
[2026-06-16T19:30:12.852+0000] {logging_mixin.py:188} INFO - [2026-06-16T19:30:12.851+0000] {dagbag.py:545} INFO - Filling up the DagBag from /opt/airflow/dags/sp500_master_ingestion_dag.py
[2026-06-16T19:30:13.608+0000] {processor.py:840} INFO - DAG(s) 'sp500_master_ingestion_pipeline' retrieved from /opt/airflow/dags/sp500_master_ingestion_dag.py
[2026-06-16T19:30:13.631+0000] {logging_mixin.py:188} INFO - [2026-06-16T19:30:13.631+0000] {dag.py:3096} INFO - Sync 1 DAGs
[2026-06-16T19:30:13.652+0000] {logging_mixin.py:188} INFO - [2026-06-16T19:30:13.652+0000] {dag.py:3954} INFO - Setting next_dagrun for sp500_master_ingestion_pipeline to 2026-06-14 20:30:00+00:00, run_after=2026-06-15 20:30:00+00:00
[2026-06-16T19:30:13.687+0000] {processor.py:183} INFO - Processing /opt/airflow/dags/sp500_master_ingestion_dag.py took 0.843 seconds
[2026-06-16T19:30:43.893+0000] {processor.py:161} INFO - Started process (PID=411) to work on /opt/airflow/dags/sp500_master_ingestion_dag.py
[2026-06-16T19:30:43.894+0000] {processor.py:830} INFO - Processing file /opt/airflow/dags/sp500_master_ingestion_dag.py for tasks to queue
[2026-06-16T19:30:43.895+0000] {logging_mixin.py:188} INFO - [2026-06-16T19:30:43.895+0000] {dagbag.py:545} INFO - Filling up the DagBag from /opt/airflow/dags/sp500_master_ingestion_dag.py
[2026-06-16T19:30:44.609+0000] {processor.py:840} INFO - DAG(s) 'sp500_master_ingestion_pipeline' retrieved from /opt/airflow/dags/sp500_master_ingestion_dag.py
[2026-06-16T19:30:44.629+0000] {logging_mixin.py:188} INFO - [2026-06-16T19:30:44.628+0000] {dag.py:3096} INFO - Sync 1 DAGs
[2026-06-16T19:30:44.644+0000] {logging_mixin.py:188} INFO - [2026-06-16T19:30:44.643+0000] {dag.py:3954} INFO - Setting next_dagrun for sp500_master_ingestion_pipeline to 2026-06-14 20:30:00+00:00, run_after=2026-06-15 20:30:00+00:00
[2026-06-16T19:30:44.665+0000] {processor.py:183} INFO - Processing /opt/airflow/dags/sp500_master_ingestion_dag.py took 0.777 seconds
[2026-06-16T19:31:14.863+0000] {processor.py:161} INFO - Started process (PID=417) to work on /opt/airflow/dags/sp500_master_ingestion_dag.py
[2026-06-16T19:31:14.865+0000] {processor.py:830} INFO - Processing file /opt/airflow/dags/sp500_master_ingestion_dag.py for tasks to queue
[2026-06-16T19:31:14.866+0000] {logging_mixin.py:188} INFO - [2026-06-16T19:31:14.866+0000] {dagbag.py:545} INFO - Filling up the DagBag from /opt/airflow/dags/sp500_master_ingestion_dag.py
[2026-06-16T19:31:15.573+0000] {processor.py:840} INFO - DAG(s) 'sp500_master_ingestion_pipeline' retrieved from /opt/airflow/dags/sp500_master_ingestion_dag.py
[2026-06-16T19:31:15.593+0000] {logging_mixin.py:188} INFO - [2026-06-16T19:31:15.593+0000] {dag.py:3096} INFO - Sync 1 DAGs
[2026-06-16T19:31:15.607+0000] {logging_mixin.py:188} INFO - [2026-06-16T19:31:15.607+0000] {dag.py:3954} INFO - Setting next_dagrun for sp500_master_ingestion_pipeline to 2026-06-14 20:30:00+00:00, run_after=2026-06-15 20:30:00+00:00
[2026-06-16T19:31:15.631+0000] {processor.py:183} INFO - Processing /opt/airflow/dags/sp500_master_ingestion_dag.py took 0.772 seconds
[2026-06-16T19:31:45.842+0000] {processor.py:161} INFO - Started process (PID=423) to work on /opt/airflow/dags/sp500_master_ingestion_dag.py
[2026-06-16T19:31:45.843+0000] {processor.py:830} INFO - Processing file /opt/airflow/dags/sp500_master_ingestion_dag.py for tasks to queue
[2026-06-16T19:31:45.845+0000] {logging_mixin.py:188} INFO - [2026-06-16T19:31:45.844+0000] {dagbag.py:545} INFO - Filling up the DagBag from /opt/airflow/dags/sp500_master_ingestion_dag.py
[2026-06-16T19:31:46.686+0000] {processor.py:840} INFO - DAG(s) 'sp500_master_ingestion_pipeline' retrieved from /opt/airflow/dags/sp500_master_ingestion_dag.py
[2026-06-16T19:31:46.709+0000] {logging_mixin.py:188} INFO - [2026-06-16T19:31:46.708+0000] {dag.py:3096} INFO - Sync 1 DAGs
[2026-06-16T19:31:46.729+0000] {logging_mixin.py:188} INFO - [2026-06-16T19:31:46.729+0000] {dag.py:3954} INFO - Setting next_dagrun for sp500_master_ingestion_pipeline to 2026-06-14 20:30:00+00:00, run_after=2026-06-15 20:30:00+00:00
[2026-06-16T19:31:46.746+0000] {processor.py:183} INFO - Processing /opt/airflow/dags/sp500_master_ingestion_dag.py took 0.910 seconds
[2026-06-16T19:32:16.980+0000] {processor.py:161} INFO - Started process (PID=429) to work on /opt/airflow/dags/sp500_master_ingestion_dag.py
[2026-06-16T19:32:16.981+0000] {processor.py:830} INFO - Processing file /opt/airflow/dags/sp500_master_ingestion_dag.py for tasks to queue
[2026-06-16T19:32:16.982+0000] {logging_mixin.py:188} INFO - [2026-06-16T19:32:16.982+0000] {dagbag.py:545} INFO - Filling up the DagBag from /opt/airflow/dags/sp500_master_ingestion_dag.py
[2026-06-16T19:32:17.771+0000] {processor.py:840} INFO - DAG(s) 'sp500_master_ingestion_pipeline' retrieved from /opt/airflow/dags/sp500_master_ingestion_dag.py
[2026-06-16T19:32:17.791+0000] {logging_mixin.py:188} INFO - [2026-06-16T19:32:17.791+0000] {dag.py:3096} INFO - Sync 1 DAGs
[2026-06-16T19:32:17.812+0000] {logging_mixin.py:188} INFO - [2026-06-16T19:32:17.812+0000] {dag.py:3954} INFO - Setting next_dagrun for sp500_master_ingestion_pipeline to 2026-06-14 20:30:00+00:00, run_after=2026-06-15 20:30:00+00:00
[2026-06-16T19:32:17.836+0000] {processor.py:183} INFO - Processing /opt/airflow/dags/sp500_master_ingestion_dag.py took 0.861 seconds
[2026-06-16T19:32:48.055+0000] {processor.py:161} INFO - Started process (PID=435) to work on /opt/airflow/dags/sp500_master_ingestion_dag.py
[2026-06-16T19:32:48.056+0000] {processor.py:830} INFO - Processing file /opt/airflow/dags/sp500_master_ingestion_dag.py for tasks to queue
[2026-06-16T19:32:48.057+0000] {logging_mixin.py:188} INFO - [2026-06-16T19:32:48.057+0000] {dagbag.py:545} INFO - Filling up the DagBag from /opt/airflow/dags/sp500_master_ingestion_dag.py
[2026-06-16T19:32:48.764+0000] {processor.py:840} INFO - DAG(s) 'sp500_master_ingestion_pipeline' retrieved from /opt/airflow/dags/sp500_master_ingestion_dag.py
[2026-06-16T19:32:48.785+0000] {logging_mixin.py:188} INFO - [2026-06-16T19:32:48.785+0000] {dag.py:3096} INFO - Sync 1 DAGs
[2026-06-16T19:32:48.800+0000] {logging_mixin.py:188} INFO - [2026-06-16T19:32:48.800+0000] {dag.py:3954} INFO - Setting next_dagrun for sp500_master_ingestion_pipeline to 2026-06-14 20:30:00+00:00, run_after=2026-06-15 20:30:00+00:00
[2026-06-16T19:32:48.822+0000] {processor.py:183} INFO - Processing /opt/airflow/dags/sp500_master_ingestion_dag.py took 0.771 seconds
[2026-06-16T19:33:19.034+0000] {processor.py:161} INFO - Started process (PID=441) to work on /opt/airflow/dags/sp500_master_ingestion_dag.py
[2026-06-16T19:33:19.036+0000] {processor.py:830} INFO - Processing file /opt/airflow/dags/sp500_master_ingestion_dag.py for tasks to queue
[2026-06-16T19:33:19.037+0000] {logging_mixin.py:188} INFO - [2026-06-16T19:33:19.037+0000] {dagbag.py:545} INFO - Filling up the DagBag from /opt/airflow/dags/sp500_master_ingestion_dag.py
[2026-06-16T19:33:19.736+0000] {processor.py:840} INFO - DAG(s) 'sp500_master_ingestion_pipeline' retrieved from /opt/airflow/dags/sp500_master_ingestion_dag.py
[2026-06-16T19:33:19.759+0000] {logging_mixin.py:188} INFO - [2026-06-16T19:33:19.759+0000] {dag.py:3096} INFO - Sync 1 DAGs
[2026-06-16T19:33:19.776+0000] {logging_mixin.py:188} INFO - [2026-06-16T19:33:19.776+0000] {dag.py:3954} INFO - Setting next_dagrun for sp500_master_ingestion_pipeline to 2026-06-14 20:30:00+00:00, run_after=2026-06-15 20:30:00+00:00
[2026-06-16T19:33:19.792+0000] {processor.py:183} INFO - Processing /opt/airflow/dags/sp500_master_ingestion_dag.py took 0.764 seconds
[2026-06-16T19:33:50.005+0000] {processor.py:161} INFO - Started process (PID=447) to work on /opt/airflow/dags/sp500_master_ingestion_dag.py
[2026-06-16T19:33:50.006+0000] {processor.py:830} INFO - Processing file /opt/airflow/dags/sp500_master_ingestion_dag.py for tasks to queue
[2026-06-16T19:33:50.007+0000] {logging_mixin.py:188} INFO - [2026-06-16T19:33:50.007+0000] {dagbag.py:545} INFO - Filling up the DagBag from /opt/airflow/dags/sp500_master_ingestion_dag.py
[2026-06-16T19:33:50.704+0000] {processor.py:840} INFO - DAG(s) 'sp500_master_ingestion_pipeline' retrieved from /opt/airflow/dags/sp500_master_ingestion_dag.py
[2026-06-16T19:33:50.730+0000] {logging_mixin.py:188} INFO - [2026-06-16T19:33:50.730+0000] {dag.py:3096} INFO - Sync 1 DAGs
[2026-06-16T19:33:50.749+0000] {logging_mixin.py:188} INFO - [2026-06-16T19:33:50.749+0000] {dag.py:3954} INFO - Setting next_dagrun for sp500_master_ingestion_pipeline to 2026-06-14 20:30:00+00:00, run_after=2026-06-15 20:30:00+00:00
[2026-06-16T19:33:50.765+0000] {processor.py:183} INFO - Processing /opt/airflow/dags/sp500_master_ingestion_dag.py took 0.765 seconds
[2026-06-16T19:34:20.998+0000] {processor.py:161} INFO - Started process (PID=453) to work on /opt/airflow/dags/sp500_master_ingestion_dag.py
[2026-06-16T19:34:20.999+0000] {processor.py:830} INFO - Processing file /opt/airflow/dags/sp500_master_ingestion_dag.py for tasks to queue
[2026-06-16T19:34:21.000+0000] {logging_mixin.py:188} INFO - [2026-06-16T19:34:20.999+0000] {dagbag.py:545} INFO - Filling up the DagBag from /opt/airflow/dags/sp500_master_ingestion_dag.py
[2026-06-16T19:34:21.733+0000] {processor.py:840} INFO - DAG(s) 'sp500_master_ingestion_pipeline' retrieved from /opt/airflow/dags/sp500_master_ingestion_dag.py
[2026-06-16T19:34:21.755+0000] {logging_mixin.py:188} INFO - [2026-06-16T19:34:21.755+0000] {dag.py:3096} INFO - Sync 1 DAGs
[2026-06-16T19:34:21.770+0000] {logging_mixin.py:188} INFO - [2026-06-16T19:34:21.770+0000] {dag.py:3954} INFO - Setting next_dagrun for sp500_master_ingestion_pipeline to 2026-06-14 20:30:00+00:00, run_after=2026-06-15 20:30:00+00:00
[2026-06-16T19:34:21.787+0000] {processor.py:183} INFO - Processing /opt/airflow/dags/sp500_master_ingestion_dag.py took 0.794 seconds
[2026-06-16T19:34:52.023+0000] {processor.py:161} INFO - Started process (PID=459) to work on /opt/airflow/dags/sp500_master_ingestion_dag.py
[2026-06-16T19:34:52.024+0000] {processor.py:830} INFO - Processing file /opt/airflow/dags/sp500_master_ingestion_dag.py for tasks to queue
[2026-06-16T19:34:52.025+0000] {logging_mixin.py:188} INFO - [2026-06-16T19:34:52.025+0000] {dagbag.py:545} INFO - Filling up the DagBag from /opt/airflow/dags/sp500_master_ingestion_dag.py
[2026-06-16T19:34:52.751+0000] {processor.py:840} INFO - DAG(s) 'sp500_master_ingestion_pipeline' retrieved from /opt/airflow/dags/sp500_master_ingestion_dag.py
[2026-06-16T19:34:52.772+0000] {logging_mixin.py:188} INFO - [2026-06-16T19:34:52.772+0000] {dag.py:3096} INFO - Sync 1 DAGs
[2026-06-16T19:34:52.789+0000] {logging_mixin.py:188} INFO - [2026-06-16T19:34:52.788+0000] {dag.py:3954} INFO - Setting next_dagrun for sp500_master_ingestion_pipeline to 2026-06-14 20:30:00+00:00, run_after=2026-06-15 20:30:00+00:00
[2026-06-16T19:34:52.810+0000] {processor.py:183} INFO - Processing /opt/airflow/dags/sp500_master_ingestion_dag.py took 0.793 seconds
[2026-06-16T19:35:23.023+0000] {processor.py:161} INFO - Started process (PID=465) to work on /opt/airflow/dags/sp500_master_ingestion_dag.py
[2026-06-16T19:35:23.024+0000] {processor.py:830} INFO - Processing file /opt/airflow/dags/sp500_master_ingestion_dag.py for tasks to queue
[2026-06-16T19:35:23.026+0000] {logging_mixin.py:188} INFO - [2026-06-16T19:35:23.025+0000] {dagbag.py:545} INFO - Filling up the DagBag from /opt/airflow/dags/sp500_master_ingestion_dag.py
[2026-06-16T19:35:23.720+0000] {processor.py:840} INFO - DAG(s) 'sp500_master_ingestion_pipeline' retrieved from /opt/airflow/dags/sp500_master_ingestion_dag.py
[2026-06-16T19:35:23.741+0000] {logging_mixin.py:188} INFO - [2026-06-16T19:35:23.741+0000] {dag.py:3096} INFO - Sync 1 DAGs
[2026-06-16T19:35:23.758+0000] {logging_mixin.py:188} INFO - [2026-06-16T19:35:23.757+0000] {dag.py:3954} INFO - Setting next_dagrun for sp500_master_ingestion_pipeline to 2026-06-14 20:30:00+00:00, run_after=2026-06-15 20:30:00+00:00
[2026-06-16T19:35:23.779+0000] {processor.py:183} INFO - Processing /opt/airflow/dags/sp500_master_ingestion_dag.py took 0.761 seconds
[2026-06-16T19:35:53.993+0000] {processor.py:161} INFO - Started process (PID=471) to work on /opt/airflow/dags/sp500_master_ingestion_dag.py
[2026-06-16T19:35:53.993+0000] {processor.py:830} INFO - Processing file /opt/airflow/dags/sp500_master_ingestion_dag.py for tasks to queue
[2026-06-16T19:35:53.995+0000] {logging_mixin.py:188} INFO - [2026-06-16T19:35:53.994+0000] {dagbag.py:545} INFO - Filling up the DagBag from /opt/airflow/dags/sp500_master_ingestion_dag.py
[2026-06-16T19:35:54.712+0000] {processor.py:840} INFO - DAG(s) 'sp500_master_ingestion_pipeline' retrieved from /opt/airflow/dags/sp500_master_ingestion_dag.py
[2026-06-16T19:35:54.734+0000] {logging_mixin.py:188} INFO - [2026-06-16T19:35:54.733+0000] {dag.py:3096} INFO - Sync 1 DAGs
[2026-06-16T19:35:54.754+0000] {logging_mixin.py:188} INFO - [2026-06-16T19:35:54.754+0000] {dag.py:3954} INFO - Setting next_dagrun for sp500_master_ingestion_pipeline to 2026-06-14 20:30:00+00:00, run_after=2026-06-15 20:30:00+00:00
[2026-06-16T19:35:54.773+0000] {processor.py:183} INFO - Processing /opt/airflow/dags/sp500_master_ingestion_dag.py took 0.786 seconds
[2026-06-16T19:36:24.912+0000] {processor.py:161} INFO - Started process (PID=477) to work on /opt/airflow/dags/sp500_master_ingestion_dag.py
[2026-06-16T19:36:24.912+0000] {processor.py:830} INFO - Processing file /opt/airflow/dags/sp500_master_ingestion_dag.py for tasks to queue
[2026-06-16T19:36:24.914+0000] {logging_mixin.py:188} INFO - [2026-06-16T19:36:24.914+0000] {dagbag.py:545} INFO - Filling up the DagBag from /opt/airflow/dags/sp500_master_ingestion_dag.py
[2026-06-16T19:36:25.770+0000] {processor.py:840} INFO - DAG(s) 'sp500_master_ingestion_pipeline' retrieved from /opt/airflow/dags/sp500_master_ingestion_dag.py
[2026-06-16T19:36:25.794+0000] {logging_mixin.py:188} INFO - [2026-06-16T19:36:25.793+0000] {dag.py:3096} INFO - Sync 1 DAGs
[2026-06-16T19:36:25.816+0000] {logging_mixin.py:188} INFO - [2026-06-16T19:36:25.815+0000] {dag.py:3954} INFO - Setting next_dagrun for sp500_master_ingestion_pipeline to 2026-06-14 20:30:00+00:00, run_after=2026-06-15 20:30:00+00:00
[2026-06-16T19:36:25.839+0000] {processor.py:183} INFO - Processing /opt/airflow/dags/sp500_master_ingestion_dag.py took 0.932 seconds
[2026-06-16T19:36:56.067+0000] {processor.py:161} INFO - Started process (PID=483) to work on /opt/airflow/dags/sp500_master_ingestion_dag.py
[2026-06-16T19:36:56.068+0000] {processor.py:830} INFO - Processing file /opt/airflow/dags/sp500_master_ingestion_dag.py for tasks to queue
[2026-06-16T19:36:56.070+0000] {logging_mixin.py:188} INFO - [2026-06-16T19:36:56.070+0000] {dagbag.py:545} INFO - Filling up the DagBag from /opt/airflow/dags/sp500_master_ingestion_dag.py
[2026-06-16T19:36:56.869+0000] {processor.py:840} INFO - DAG(s) 'sp500_master_ingestion_pipeline' retrieved from /opt/airflow/dags/sp500_master_ingestion_dag.py
[2026-06-16T19:36:56.889+0000] {logging_mixin.py:188} INFO - [2026-06-16T19:36:56.888+0000] {dag.py:3096} INFO - Sync 1 DAGs
[2026-06-16T19:36:56.909+0000] {logging_mixin.py:188} INFO - [2026-06-16T19:36:56.908+0000] {dag.py:3954} INFO - Setting next_dagrun for sp500_master_ingestion_pipeline to 2026-06-14 20:30:00+00:00, run_after=2026-06-15 20:30:00+00:00
[2026-06-16T19:36:56.926+0000] {processor.py:183} INFO - Processing /opt/airflow/dags/sp500_master_ingestion_dag.py took 0.865 seconds
[2026-06-16T19:37:27.172+0000] {processor.py:161} INFO - Started process (PID=489) to work on /opt/airflow/dags/sp500_master_ingestion_dag.py
[2026-06-16T19:37:27.172+0000] {processor.py:830} INFO - Processing file /opt/airflow/dags/sp500_master_ingestion_dag.py for tasks to queue
[2026-06-16T19:37:27.174+0000] {logging_mixin.py:188} INFO - [2026-06-16T19:37:27.173+0000] {dagbag.py:545} INFO - Filling up the DagBag from /opt/airflow/dags/sp500_master_ingestion_dag.py
[2026-06-16T19:37:27.896+0000] {processor.py:840} INFO - DAG(s) 'sp500_master_ingestion_pipeline' retrieved from /opt/airflow/dags/sp500_master_ingestion_dag.py
[2026-06-16T19:37:27.916+0000] {logging_mixin.py:188} INFO - [2026-06-16T19:37:27.916+0000] {dag.py:3096} INFO - Sync 1 DAGs
[2026-06-16T19:37:27.933+0000] {logging_mixin.py:188} INFO - [2026-06-16T19:37:27.933+0000] {dag.py:3954} INFO - Setting next_dagrun for sp500_master_ingestion_pipeline to 2026-06-14 20:30:00+00:00, run_after=2026-06-15 20:30:00+00:00
[2026-06-16T19:37:27.953+0000] {processor.py:183} INFO - Processing /opt/airflow/dags/sp500_master_ingestion_dag.py took 0.787 seconds
[2026-06-16T19:37:58.190+0000] {processor.py:161} INFO - Started process (PID=495) to work on /opt/airflow/dags/sp500_master_ingestion_dag.py
[2026-06-16T19:37:58.191+0000] {processor.py:830} INFO - Processing file /opt/airflow/dags/sp500_master_ingestion_dag.py for tasks to queue
[2026-06-16T19:37:58.192+0000] {logging_mixin.py:188} INFO - [2026-06-16T19:37:58.192+0000] {dagbag.py:545} INFO - Filling up the DagBag from /opt/airflow/dags/sp500_master_ingestion_dag.py
[2026-06-16T19:37:58.950+0000] {processor.py:840} INFO - DAG(s) 'sp500_master_ingestion_pipeline' retrieved from /opt/airflow/dags/sp500_master_ingestion_dag.py
[2026-06-16T19:37:58.975+0000] {logging_mixin.py:188} INFO - [2026-06-16T19:37:58.974+0000] {dag.py:3096} INFO - Sync 1 DAGs
[2026-06-16T19:37:59.000+0000] {logging_mixin.py:188} INFO - [2026-06-16T19:37:58.999+0000] {dag.py:3954} INFO - Setting next_dagrun for sp500_master_ingestion_pipeline to 2026-06-14 20:30:00+00:00, run_after=2026-06-15 20:30:00+00:00
[2026-06-16T19:37:59.021+0000] {processor.py:183} INFO - Processing /opt/airflow/dags/sp500_master_ingestion_dag.py took 0.836 seconds
[2026-06-16T19:38:29.251+0000] {processor.py:161} INFO - Started process (PID=501) to work on /opt/airflow/dags/sp500_master_ingestion_dag.py
[2026-06-16T19:38:29.252+0000] {processor.py:830} INFO - Processing file /opt/airflow/dags/sp500_master_ingestion_dag.py for tasks to queue
[2026-06-16T19:38:29.254+0000] {logging_mixin.py:188} INFO - [2026-06-16T19:38:29.253+0000] {dagbag.py:545} INFO - Filling up the DagBag from /opt/airflow/dags/sp500_master_ingestion_dag.py
[2026-06-16T19:38:29.967+0000] {processor.py:840} INFO - DAG(s) 'sp500_master_ingestion_pipeline' retrieved from /opt/airflow/dags/sp500_master_ingestion_dag.py
[2026-06-16T19:38:29.988+0000] {logging_mixin.py:188} INFO - [2026-06-16T19:38:29.987+0000] {dag.py:3096} INFO - Sync 1 DAGs
[2026-06-16T19:38:30.003+0000] {logging_mixin.py:188} INFO - [2026-06-16T19:38:30.003+0000] {dag.py:3954} INFO - Setting next_dagrun for sp500_master_ingestion_pipeline to 2026-06-14 20:30:00+00:00, run_after=2026-06-15 20:30:00+00:00
[2026-06-16T19:38:30.027+0000] {processor.py:183} INFO - Processing /opt/airflow/dags/sp500_master_ingestion_dag.py took 0.781 seconds
[2026-06-16T19:39:00.234+0000] {processor.py:161} INFO - Started process (PID=507) to work on /opt/airflow/dags/sp500_master_ingestion_dag.py
[2026-06-16T19:39:00.235+0000] {processor.py:830} INFO - Processing file /opt/airflow/dags/sp500_master_ingestion_dag.py for tasks to queue
[2026-06-16T19:39:00.236+0000] {logging_mixin.py:188} INFO - [2026-06-16T19:39:00.236+0000] {dagbag.py:545} INFO - Filling up the DagBag from /opt/airflow/dags/sp500_master_ingestion_dag.py
[2026-06-16T19:39:00.921+0000] {processor.py:840} INFO - DAG(s) 'sp500_master_ingestion_pipeline' retrieved from /opt/airflow/dags/sp500_master_ingestion_dag.py
[2026-06-16T19:39:00.943+0000] {logging_mixin.py:188} INFO - [2026-06-16T19:39:00.943+0000] {dag.py:3096} INFO - Sync 1 DAGs
[2026-06-16T19:39:00.961+0000] {logging_mixin.py:188} INFO - [2026-06-16T19:39:00.960+0000] {dag.py:3954} INFO - Setting next_dagrun for sp500_master_ingestion_pipeline to 2026-06-14 20:30:00+00:00, run_after=2026-06-15 20:30:00+00:00
[2026-06-16T19:39:00.983+0000] {processor.py:183} INFO - Processing /opt/airflow/dags/sp500_master_ingestion_dag.py took 0.754 seconds
[2026-06-16T19:39:31.192+0000] {processor.py:161} INFO - Started process (PID=513) to work on /opt/airflow/dags/sp500_master_ingestion_dag.py
[2026-06-16T19:39:31.193+0000] {processor.py:830} INFO - Processing file /opt/airflow/dags/sp500_master_ingestion_dag.py for tasks to queue
[2026-06-16T19:39:31.195+0000] {logging_mixin.py:188} INFO - [2026-06-16T19:39:31.194+0000] {dagbag.py:545} INFO - Filling up the DagBag from /opt/airflow/dags/sp500_master_ingestion_dag.py
[2026-06-16T19:39:31.920+0000] {processor.py:840} INFO - DAG(s) 'sp500_master_ingestion_pipeline' retrieved from /opt/airflow/dags/sp500_master_ingestion_dag.py
[2026-06-16T19:39:31.951+0000] {logging_mixin.py:188} INFO - [2026-06-16T19:39:31.950+0000] {dag.py:3096} INFO - Sync 1 DAGs
[2026-06-16T19:39:31.981+0000] {logging_mixin.py:188} INFO - [2026-06-16T19:39:31.980+0000] {dag.py:3954} INFO - Setting next_dagrun for sp500_master_ingestion_pipeline to 2026-06-14 20:30:00+00:00, run_after=2026-06-15 20:30:00+00:00
[2026-06-16T19:39:32.010+0000] {processor.py:183} INFO - Processing /opt/airflow/dags/sp500_master_ingestion_dag.py took 0.823 seconds
[2026-06-16T19:40:02.199+0000] {processor.py:161} INFO - Started process (PID=519) to work on /opt/airflow/dags/sp500_master_ingestion_dag.py
[2026-06-16T19:40:02.200+0000] {processor.py:830} INFO - Processing file /opt/airflow/dags/sp500_master_ingestion_dag.py for tasks to queue
[2026-06-16T19:40:02.201+0000] {logging_mixin.py:188} INFO - [2026-06-16T19:40:02.201+0000] {dagbag.py:545} INFO - Filling up the DagBag from /opt/airflow/dags/sp500_master_ingestion_dag.py
[2026-06-16T19:40:02.885+0000] {processor.py:840} INFO - DAG(s) 'sp500_master_ingestion_pipeline' retrieved from /opt/airflow/dags/sp500_master_ingestion_dag.py
[2026-06-16T19:40:02.905+0000] {logging_mixin.py:188} INFO - [2026-06-16T19:40:02.904+0000] {dag.py:3096} INFO - Sync 1 DAGs
[2026-06-16T19:40:02.921+0000] {logging_mixin.py:188} INFO - [2026-06-16T19:40:02.921+0000] {dag.py:3954} INFO - Setting next_dagrun for sp500_master_ingestion_pipeline to 2026-06-14 20:30:00+00:00, run_after=2026-06-15 20:30:00+00:00
[2026-06-16T19:40:02.937+0000] {processor.py:183} INFO - Processing /opt/airflow/dags/sp500_master_ingestion_dag.py took 0.742 seconds
[2026-06-16T19:40:33.152+0000] {processor.py:161} INFO - Started process (PID=525) to work on /opt/airflow/dags/sp500_master_ingestion_dag.py
[2026-06-16T19:40:33.153+0000] {processor.py:830} INFO - Processing file /opt/airflow/dags/sp500_master_ingestion_dag.py for tasks to queue
[2026-06-16T19:40:33.154+0000] {logging_mixin.py:188} INFO - [2026-06-16T19:40:33.154+0000] {dagbag.py:545} INFO - Filling up the DagBag from /opt/airflow/dags/sp500_master_ingestion_dag.py
[2026-06-16T19:40:33.847+0000] {processor.py:840} INFO - DAG(s) 'sp500_master_ingestion_pipeline' retrieved from /opt/airflow/dags/sp500_master_ingestion_dag.py
[2026-06-16T19:40:33.868+0000] {logging_mixin.py:188} INFO - [2026-06-16T19:40:33.867+0000] {dag.py:3096} INFO - Sync 1 DAGs
[2026-06-16T19:40:33.885+0000] {logging_mixin.py:188} INFO - [2026-06-16T19:40:33.884+0000] {dag.py:3954} INFO - Setting next_dagrun for sp500_master_ingestion_pipeline to 2026-06-14 20:30:00+00:00, run_after=2026-06-15 20:30:00+00:00
[2026-06-16T19:40:33.907+0000] {processor.py:183} INFO - Processing /opt/airflow/dags/sp500_master_ingestion_dag.py took 0.760 seconds
[2026-06-16T19:41:04.126+0000] {processor.py:161} INFO - Started process (PID=531) to work on /opt/airflow/dags/sp500_master_ingestion_dag.py
[2026-06-16T19:41:04.126+0000] {processor.py:830} INFO - Processing file /opt/airflow/dags/sp500_master_ingestion_dag.py for tasks to queue
[2026-06-16T19:41:04.127+0000] {logging_mixin.py:188} INFO - [2026-06-16T19:41:04.127+0000] {dagbag.py:545} INFO - Filling up the DagBag from /opt/airflow/dags/sp500_master_ingestion_dag.py
[2026-06-16T19:41:04.801+0000] {processor.py:840} INFO - DAG(s) 'sp500_master_ingestion_pipeline' retrieved from /opt/airflow/dags/sp500_master_ingestion_dag.py
[2026-06-16T19:41:04.821+0000] {logging_mixin.py:188} INFO - [2026-06-16T19:41:04.821+0000] {dag.py:3096} INFO - Sync 1 DAGs
[2026-06-16T19:41:04.836+0000] {logging_mixin.py:188} INFO - [2026-06-16T19:41:04.836+0000] {dag.py:3954} INFO - Setting next_dagrun for sp500_master_ingestion_pipeline to 2026-06-14 20:30:00+00:00, run_after=2026-06-15 20:30:00+00:00
[2026-06-16T19:41:04.852+0000] {processor.py:183} INFO - Processing /opt/airflow/dags/sp500_master_ingestion_dag.py took 0.732 seconds
[2026-06-16T19:41:35.056+0000] {processor.py:161} INFO - Started process (PID=537) to work on /opt/airflow/dags/sp500_master_ingestion_dag.py
[2026-06-16T19:41:35.057+0000] {processor.py:830} INFO - Processing file /opt/airflow/dags/sp500_master_ingestion_dag.py for tasks to queue
[2026-06-16T19:41:35.058+0000] {logging_mixin.py:188} INFO - [2026-06-16T19:41:35.058+0000] {dagbag.py:545} INFO - Filling up the DagBag from /opt/airflow/dags/sp500_master_ingestion_dag.py
[2026-06-16T19:41:35.763+0000] {processor.py:840} INFO - DAG(s) 'sp500_master_ingestion_pipeline' retrieved from /opt/airflow/dags/sp500_master_ingestion_dag.py
[2026-06-16T19:41:35.784+0000] {logging_mixin.py:188} INFO - [2026-06-16T19:41:35.783+0000] {dag.py:3096} INFO - Sync 1 DAGs
[2026-06-16T19:41:35.800+0000] {logging_mixin.py:188} INFO - [2026-06-16T19:41:35.800+0000] {dag.py:3954} INFO - Setting next_dagrun for sp500_master_ingestion_pipeline to 2026-06-14 20:30:00+00:00, run_after=2026-06-15 20:30:00+00:00
[2026-06-16T19:41:35.821+0000] {processor.py:183} INFO - Processing /opt/airflow/dags/sp500_master_ingestion_dag.py took 0.771 seconds
[2026-06-16T19:42:05.959+0000] {processor.py:161} INFO - Started process (PID=543) to work on /opt/airflow/dags/sp500_master_ingestion_dag.py
[2026-06-16T19:42:05.960+0000] {processor.py:830} INFO - Processing file /opt/airflow/dags/sp500_master_ingestion_dag.py for tasks to queue
[2026-06-16T19:42:05.962+0000] {logging_mixin.py:188} INFO - [2026-06-16T19:42:05.962+0000] {dagbag.py:545} INFO - Filling up the DagBag from /opt/airflow/dags/sp500_master_ingestion_dag.py
[2026-06-16T19:42:06.665+0000] {processor.py:840} INFO - DAG(s) 'sp500_master_ingestion_pipeline' retrieved from /opt/airflow/dags/sp500_master_ingestion_dag.py
[2026-06-16T19:42:06.688+0000] {logging_mixin.py:188} INFO - [2026-06-16T19:42:06.687+0000] {dag.py:3096} INFO - Sync 1 DAGs
[2026-06-16T19:42:06.703+0000] {logging_mixin.py:188} INFO - [2026-06-16T19:42:06.703+0000] {dag.py:3954} INFO - Setting next_dagrun for sp500_master_ingestion_pipeline to 2026-06-14 20:30:00+00:00, run_after=2026-06-15 20:30:00+00:00
[2026-06-16T19:42:06.726+0000] {processor.py:183} INFO - Processing /opt/airflow/dags/sp500_master_ingestion_dag.py took 0.773 seconds
[2026-06-16T19:42:36.981+0000] {processor.py:161} INFO - Started process (PID=549) to work on /opt/airflow/dags/sp500_master_ingestion_dag.py
[2026-06-16T19:42:36.981+0000] {processor.py:830} INFO - Processing file /opt/airflow/dags/sp500_master_ingestion_dag.py for tasks to queue
[2026-06-16T19:42:36.983+0000] {logging_mixin.py:188} INFO - [2026-06-16T19:42:36.982+0000] {dagbag.py:545} INFO - Filling up the DagBag from /opt/airflow/dags/sp500_master_ingestion_dag.py
[2026-06-16T19:42:37.668+0000] {processor.py:840} INFO - DAG(s) 'sp500_master_ingestion_pipeline' retrieved from /opt/airflow/dags/sp500_master_ingestion_dag.py
[2026-06-16T19:42:37.689+0000] {logging_mixin.py:188} INFO - [2026-06-16T19:42:37.688+0000] {dag.py:3096} INFO - Sync 1 DAGs
[2026-06-16T19:42:37.705+0000] {logging_mixin.py:188} INFO - [2026-06-16T19:42:37.705+0000] {dag.py:3954} INFO - Setting next_dagrun for sp500_master_ingestion_pipeline to 2026-06-14 20:30:00+00:00, run_after=2026-06-15 20:30:00+00:00
[2026-06-16T19:42:37.722+0000] {processor.py:183} INFO - Processing /opt/airflow/dags/sp500_master_ingestion_dag.py took 0.747 seconds
[2026-06-16T19:43:07.935+0000] {processor.py:161} INFO - Started process (PID=555) to work on /opt/airflow/dags/sp500_master_ingestion_dag.py
[2026-06-16T19:43:07.935+0000] {processor.py:830} INFO - Processing file /opt/airflow/dags/sp500_master_ingestion_dag.py for tasks to queue
[2026-06-16T19:43:07.936+0000] {logging_mixin.py:188} INFO - [2026-06-16T19:43:07.936+0000] {dagbag.py:545} INFO - Filling up the DagBag from /opt/airflow/dags/sp500_master_ingestion_dag.py
[2026-06-16T19:43:08.640+0000] {processor.py:840} INFO - DAG(s) 'sp500_master_ingestion_pipeline' retrieved from /opt/airflow/dags/sp500_master_ingestion_dag.py
[2026-06-16T19:43:08.662+0000] {logging_mixin.py:188} INFO - [2026-06-16T19:43:08.661+0000] {dag.py:3096} INFO - Sync 1 DAGs
[2026-06-16T19:43:08.678+0000] {logging_mixin.py:188} INFO - [2026-06-16T19:43:08.677+0000] {dag.py:3954} INFO - Setting next_dagrun for sp500_master_ingestion_pipeline to 2026-06-14 20:30:00+00:00, run_after=2026-06-15 20:30:00+00:00
[2026-06-16T19:43:08.694+0000] {processor.py:183} INFO - Processing /opt/airflow/dags/sp500_master_ingestion_dag.py took 0.765 seconds
[2026-06-16T19:43:38.891+0000] {processor.py:161} INFO - Started process (PID=561) to work on /opt/airflow/dags/sp500_master_ingestion_dag.py
[2026-06-16T19:43:38.892+0000] {processor.py:830} INFO - Processing file /opt/airflow/dags/sp500_master_ingestion_dag.py for tasks to queue
[2026-06-16T19:43:38.894+0000] {logging_mixin.py:188} INFO - [2026-06-16T19:43:38.893+0000] {dagbag.py:545} INFO - Filling up the DagBag from /opt/airflow/dags/sp500_master_ingestion_dag.py
[2026-06-16T19:43:39.615+0000] {processor.py:840} INFO - DAG(s) 'sp500_master_ingestion_pipeline' retrieved from /opt/airflow/dags/sp500_master_ingestion_dag.py
[2026-06-16T19:43:39.637+0000] {logging_mixin.py:188} INFO - [2026-06-16T19:43:39.637+0000] {dag.py:3096} INFO - Sync 1 DAGs
[2026-06-16T19:43:39.654+0000] {logging_mixin.py:188} INFO - [2026-06-16T19:43:39.654+0000] {dag.py:3954} INFO - Setting next_dagrun for sp500_master_ingestion_pipeline to 2026-06-14 20:30:00+00:00, run_after=2026-06-15 20:30:00+00:00
[2026-06-16T19:43:39.671+0000] {processor.py:183} INFO - Processing /opt/airflow/dags/sp500_master_ingestion_dag.py took 0.786 seconds
[2026-06-16T19:44:09.880+0000] {processor.py:161} INFO - Started process (PID=567) to work on /opt/airflow/dags/sp500_master_ingestion_dag.py
[2026-06-16T19:44:09.881+0000] {processor.py:830} INFO - Processing file /opt/airflow/dags/sp500_master_ingestion_dag.py for tasks to queue
[2026-06-16T19:44:09.882+0000] {logging_mixin.py:188} INFO - [2026-06-16T19:44:09.882+0000] {dagbag.py:545} INFO - Filling up the DagBag from /opt/airflow/dags/sp500_master_ingestion_dag.py
[2026-06-16T19:44:10.595+0000] {processor.py:840} INFO - DAG(s) 'sp500_master_ingestion_pipeline' retrieved from /opt/airflow/dags/sp500_master_ingestion_dag.py
[2026-06-16T19:44:10.616+0000] {logging_mixin.py:188} INFO - [2026-06-16T19:44:10.615+0000] {dag.py:3096} INFO - Sync 1 DAGs
[2026-06-16T19:44:10.632+0000] {logging_mixin.py:188} INFO - [2026-06-16T19:44:10.632+0000] {dag.py:3954} INFO - Setting next_dagrun for sp500_master_ingestion_pipeline to 2026-06-14 20:30:00+00:00, run_after=2026-06-15 20:30:00+00:00
[2026-06-16T19:44:10.653+0000] {processor.py:183} INFO - Processing /opt/airflow/dags/sp500_master_ingestion_dag.py took 0.778 seconds
[2026-06-16T19:44:40.889+0000] {processor.py:161} INFO - Started process (PID=573) to work on /opt/airflow/dags/sp500_master_ingestion_dag.py
[2026-06-16T19:44:40.890+0000] {processor.py:830} INFO - Processing file /opt/airflow/dags/sp500_master_ingestion_dag.py for tasks to queue
[2026-06-16T19:44:40.892+0000] {logging_mixin.py:188} INFO - [2026-06-16T19:44:40.891+0000] {dagbag.py:545} INFO - Filling up the DagBag from /opt/airflow/dags/sp500_master_ingestion_dag.py
[2026-06-16T19:44:41.569+0000] {processor.py:840} INFO - DAG(s) 'sp500_master_ingestion_pipeline' retrieved from /opt/airflow/dags/sp500_master_ingestion_dag.py
[2026-06-16T19:44:41.588+0000] {logging_mixin.py:188} INFO - [2026-06-16T19:44:41.588+0000] {dag.py:3096} INFO - Sync 1 DAGs
[2026-06-16T19:44:41.604+0000] {logging_mixin.py:188} INFO - [2026-06-16T19:44:41.603+0000] {dag.py:3954} INFO - Setting next_dagrun for sp500_master_ingestion_pipeline to 2026-06-14 20:30:00+00:00, run_after=2026-06-15 20:30:00+00:00
[2026-06-16T19:44:41.625+0000] {processor.py:183} INFO - Processing /opt/airflow/dags/sp500_master_ingestion_dag.py took 0.740 seconds
[2026-06-16T19:45:11.862+0000] {processor.py:161} INFO - Started process (PID=579) to work on /opt/airflow/dags/sp500_master_ingestion_dag.py
[2026-06-16T19:45:11.863+0000] {processor.py:830} INFO - Processing file /opt/airflow/dags/sp500_master_ingestion_dag.py for tasks to queue
[2026-06-16T19:45:11.865+0000] {logging_mixin.py:188} INFO - [2026-06-16T19:45:11.864+0000] {dagbag.py:545} INFO - Filling up the DagBag from /opt/airflow/dags/sp500_master_ingestion_dag.py
[2026-06-16T19:45:12.533+0000] {processor.py:840} INFO - DAG(s) 'sp500_master_ingestion_pipeline' retrieved from /opt/airflow/dags/sp500_master_ingestion_dag.py
[2026-06-16T19:45:12.553+0000] {logging_mixin.py:188} INFO - [2026-06-16T19:45:12.553+0000] {dag.py:3096} INFO - Sync 1 DAGs
[2026-06-16T19:45:12.569+0000] {logging_mixin.py:188} INFO - [2026-06-16T19:45:12.569+0000] {dag.py:3954} INFO - Setting next_dagrun for sp500_master_ingestion_pipeline to 2026-06-14 20:30:00+00:00, run_after=2026-06-15 20:30:00+00:00
[2026-06-16T19:45:12.583+0000] {processor.py:183} INFO - Processing /opt/airflow/dags/sp500_master_ingestion_dag.py took 0.726 seconds
[2026-06-16T19:45:42.805+0000] {processor.py:161} INFO - Started process (PID=585) to work on /opt/airflow/dags/sp500_master_ingestion_dag.py
[2026-06-16T19:45:42.806+0000] {processor.py:830} INFO - Processing file /opt/airflow/dags/sp500_master_ingestion_dag.py for tasks to queue
[2026-06-16T19:45:42.808+0000] {logging_mixin.py:188} INFO - [2026-06-16T19:45:42.807+0000] {dagbag.py:545} INFO - Filling up the DagBag from /opt/airflow/dags/sp500_master_ingestion_dag.py
[2026-06-16T19:45:43.615+0000] {processor.py:840} INFO - DAG(s) 'sp500_master_ingestion_pipeline' retrieved from /opt/airflow/dags/sp500_master_ingestion_dag.py
[2026-06-16T19:45:43.638+0000] {logging_mixin.py:188} INFO - [2026-06-16T19:45:43.637+0000] {dag.py:3096} INFO - Sync 1 DAGs
[2026-06-16T19:45:43.656+0000] {logging_mixin.py:188} INFO - [2026-06-16T19:45:43.656+0000] {dag.py:3954} INFO - Setting next_dagrun for sp500_master_ingestion_pipeline to 2026-06-14 20:30:00+00:00, run_after=2026-06-15 20:30:00+00:00
[2026-06-16T19:45:43.678+0000] {processor.py:183} INFO - Processing /opt/airflow/dags/sp500_master_ingestion_dag.py took 0.879 seconds
[2026-06-16T19:46:13.900+0000] {processor.py:161} INFO - Started process (PID=591) to work on /opt/airflow/dags/sp500_master_ingestion_dag.py
[2026-06-16T19:46:13.901+0000] {processor.py:830} INFO - Processing file /opt/airflow/dags/sp500_master_ingestion_dag.py for tasks to queue
[2026-06-16T19:46:13.903+0000] {logging_mixin.py:188} INFO - [2026-06-16T19:46:13.902+0000] {dagbag.py:545} INFO - Filling up the DagBag from /opt/airflow/dags/sp500_master_ingestion_dag.py
[2026-06-16T19:46:14.577+0000] {processor.py:840} INFO - DAG(s) 'sp500_master_ingestion_pipeline' retrieved from /opt/airflow/dags/sp500_master_ingestion_dag.py
[2026-06-16T19:46:14.604+0000] {logging_mixin.py:188} INFO - [2026-06-16T19:46:14.603+0000] {dag.py:3096} INFO - Sync 1 DAGs
[2026-06-16T19:46:14.620+0000] {logging_mixin.py:188} INFO - [2026-06-16T19:46:14.620+0000] {dag.py:3954} INFO - Setting next_dagrun for sp500_master_ingestion_pipeline to 2026-06-14 20:30:00+00:00, run_after=2026-06-15 20:30:00+00:00
[2026-06-16T19:46:14.634+0000] {processor.py:183} INFO - Processing /opt/airflow/dags/sp500_master_ingestion_dag.py took 0.739 seconds
[2026-06-16T19:46:44.875+0000] {processor.py:161} INFO - Started process (PID=597) to work on /opt/airflow/dags/sp500_master_ingestion_dag.py
[2026-06-16T19:46:44.876+0000] {processor.py:830} INFO - Processing file /opt/airflow/dags/sp500_master_ingestion_dag.py for tasks to queue
[2026-06-16T19:46:44.878+0000] {logging_mixin.py:188} INFO - [2026-06-16T19:46:44.878+0000] {dagbag.py:545} INFO - Filling up the DagBag from /opt/airflow/dags/sp500_master_ingestion_dag.py
[2026-06-16T19:46:45.538+0000] {processor.py:840} INFO - DAG(s) 'sp500_master_ingestion_pipeline' retrieved from /opt/airflow/dags/sp500_master_ingestion_dag.py
[2026-06-16T19:46:45.558+0000] {logging_mixin.py:188} INFO - [2026-06-16T19:46:45.557+0000] {dag.py:3096} INFO - Sync 1 DAGs
[2026-06-16T19:46:45.574+0000] {logging_mixin.py:188} INFO - [2026-06-16T19:46:45.574+0000] {dag.py:3954} INFO - Setting next_dagrun for sp500_master_ingestion_pipeline to 2026-06-14 20:30:00+00:00, run_after=2026-06-15 20:30:00+00:00
[2026-06-16T19:46:45.592+0000] {processor.py:183} INFO - Processing /opt/airflow/dags/sp500_master_ingestion_dag.py took 0.722 seconds
[2026-06-16T19:47:15.836+0000] {processor.py:161} INFO - Started process (PID=603) to work on /opt/airflow/dags/sp500_master_ingestion_dag.py
[2026-06-16T19:47:15.838+0000] {processor.py:830} INFO - Processing file /opt/airflow/dags/sp500_master_ingestion_dag.py for tasks to queue
[2026-06-16T19:47:15.839+0000] {logging_mixin.py:188} INFO - [2026-06-16T19:47:15.839+0000] {dagbag.py:545} INFO - Filling up the DagBag from /opt/airflow/dags/sp500_master_ingestion_dag.py
[2026-06-16T19:47:16.488+0000] {processor.py:840} INFO - DAG(s) 'sp500_master_ingestion_pipeline' retrieved from /opt/airflow/dags/sp500_master_ingestion_dag.py
[2026-06-16T19:47:16.507+0000] {logging_mixin.py:188} INFO - [2026-06-16T19:47:16.507+0000] {dag.py:3096} INFO - Sync 1 DAGs
[2026-06-16T19:47:16.521+0000] {logging_mixin.py:188} INFO - [2026-06-16T19:47:16.521+0000] {dag.py:3954} INFO - Setting next_dagrun for sp500_master_ingestion_pipeline to 2026-06-14 20:30:00+00:00, run_after=2026-06-15 20:30:00+00:00
[2026-06-16T19:47:16.545+0000] {processor.py:183} INFO - Processing /opt/airflow/dags/sp500_master_ingestion_dag.py took 0.714 seconds
[2026-06-16T19:47:46.807+0000] {processor.py:161} INFO - Started process (PID=609) to work on /opt/airflow/dags/sp500_master_ingestion_dag.py
[2026-06-16T19:47:46.808+0000] {processor.py:830} INFO - Processing file /opt/airflow/dags/sp500_master_ingestion_dag.py for tasks to queue
[2026-06-16T19:47:46.809+0000] {logging_mixin.py:188} INFO - [2026-06-16T19:47:46.809+0000] {dagbag.py:545} INFO - Filling up the DagBag from /opt/airflow/dags/sp500_master_ingestion_dag.py
[2026-06-16T19:47:47.509+0000] {processor.py:840} INFO - DAG(s) 'sp500_master_ingestion_pipeline' retrieved from /opt/airflow/dags/sp500_master_ingestion_dag.py
[2026-06-16T19:47:47.528+0000] {logging_mixin.py:188} INFO - [2026-06-16T19:47:47.527+0000] {dag.py:3096} INFO - Sync 1 DAGs
[2026-06-16T19:47:47.543+0000] {logging_mixin.py:188} INFO - [2026-06-16T19:47:47.543+0000] {dag.py:3954} INFO - Setting next_dagrun for sp500_master_ingestion_pipeline to 2026-06-14 20:30:00+00:00, run_after=2026-06-15 20:30:00+00:00
[2026-06-16T19:47:47.566+0000] {processor.py:183} INFO - Processing /opt/airflow/dags/sp500_master_ingestion_dag.py took 0.764 seconds
[2026-06-16T19:48:17.781+0000] {processor.py:161} INFO - Started process (PID=615) to work on /opt/airflow/dags/sp500_master_ingestion_dag.py
[2026-06-16T19:48:17.782+0000] {processor.py:830} INFO - Processing file /opt/airflow/dags/sp500_master_ingestion_dag.py for tasks to queue
[2026-06-16T19:48:17.783+0000] {logging_mixin.py:188} INFO - [2026-06-16T19:48:17.783+0000] {dagbag.py:545} INFO - Filling up the DagBag from /opt/airflow/dags/sp500_master_ingestion_dag.py
[2026-06-16T19:48:18.428+0000] {processor.py:840} INFO - DAG(s) 'sp500_master_ingestion_pipeline' retrieved from /opt/airflow/dags/sp500_master_ingestion_dag.py
[2026-06-16T19:48:18.447+0000] {logging_mixin.py:188} INFO - [2026-06-16T19:48:18.447+0000] {dag.py:3096} INFO - Sync 1 DAGs
[2026-06-16T19:48:18.460+0000] {logging_mixin.py:188} INFO - [2026-06-16T19:48:18.460+0000] {dag.py:3954} INFO - Setting next_dagrun for sp500_master_ingestion_pipeline to 2026-06-14 20:30:00+00:00, run_after=2026-06-15 20:30:00+00:00
[2026-06-16T19:48:18.474+0000] {processor.py:183} INFO - Processing /opt/airflow/dags/sp500_master_ingestion_dag.py took 0.698 seconds
[2026-06-16T19:48:48.757+0000] {processor.py:161} INFO - Started process (PID=621) to work on /opt/airflow/dags/sp500_master_ingestion_dag.py
[2026-06-16T19:48:48.758+0000] {processor.py:830} INFO - Processing file /opt/airflow/dags/sp500_master_ingestion_dag.py for tasks to queue
[2026-06-16T19:48:48.759+0000] {logging_mixin.py:188} INFO - [2026-06-16T19:48:48.759+0000] {dagbag.py:545} INFO - Filling up the DagBag from /opt/airflow/dags/sp500_master_ingestion_dag.py
[2026-06-16T19:48:49.409+0000] {processor.py:840} INFO - DAG(s) 'sp500_master_ingestion_pipeline' retrieved from /opt/airflow/dags/sp500_master_ingestion_dag.py
[2026-06-16T19:48:49.428+0000] {logging_mixin.py:188} INFO - [2026-06-16T19:48:49.427+0000] {dag.py:3096} INFO - Sync 1 DAGs
[2026-06-16T19:48:49.441+0000] {logging_mixin.py:188} INFO - [2026-06-16T19:48:49.441+0000] {dag.py:3954} INFO - Setting next_dagrun for sp500_master_ingestion_pipeline to 2026-06-14 20:30:00+00:00, run_after=2026-06-15 20:30:00+00:00
[2026-06-16T19:48:49.460+0000] {processor.py:183} INFO - Processing /opt/airflow/dags/sp500_master_ingestion_dag.py took 0.708 seconds
[2026-06-16T19:49:19.723+0000] {processor.py:161} INFO - Started process (PID=627) to work on /opt/airflow/dags/sp500_master_ingestion_dag.py
[2026-06-16T19:49:19.724+0000] {processor.py:830} INFO - Processing file /opt/airflow/dags/sp500_master_ingestion_dag.py for tasks to queue
[2026-06-16T19:49:19.725+0000] {logging_mixin.py:188} INFO - [2026-06-16T19:49:19.725+0000] {dagbag.py:545} INFO - Filling up the DagBag from /opt/airflow/dags/sp500_master_ingestion_dag.py
[2026-06-16T19:49:20.496+0000] {processor.py:840} INFO - DAG(s) 'sp500_master_ingestion_pipeline' retrieved from /opt/airflow/dags/sp500_master_ingestion_dag.py
[2026-06-16T19:49:20.518+0000] {logging_mixin.py:188} INFO - [2026-06-16T19:49:20.518+0000] {dag.py:3096} INFO - Sync 1 DAGs
[2026-06-16T19:49:20.534+0000] {logging_mixin.py:188} INFO - [2026-06-16T19:49:20.534+0000] {dag.py:3954} INFO - Setting next_dagrun for sp500_master_ingestion_pipeline to 2026-06-14 20:30:00+00:00, run_after=2026-06-15 20:30:00+00:00
[2026-06-16T19:49:20.551+0000] {processor.py:183} INFO - Processing /opt/airflow/dags/sp500_master_ingestion_dag.py took 0.833 seconds
[2026-06-16T19:49:50.762+0000] {processor.py:161} INFO - Started process (PID=633) to work on /opt/airflow/dags/sp500_master_ingestion_dag.py
[2026-06-16T19:49:50.763+0000] {processor.py:830} INFO - Processing file /opt/airflow/dags/sp500_master_ingestion_dag.py for tasks to queue
[2026-06-16T19:49:50.764+0000] {logging_mixin.py:188} INFO - [2026-06-16T19:49:50.764+0000] {dagbag.py:545} INFO - Filling up the DagBag from /opt/airflow/dags/sp500_master_ingestion_dag.py
[2026-06-16T19:49:51.441+0000] {processor.py:840} INFO - DAG(s) 'sp500_master_ingestion_pipeline' retrieved from /opt/airflow/dags/sp500_master_ingestion_dag.py
[2026-06-16T19:49:51.459+0000] {logging_mixin.py:188} INFO - [2026-06-16T19:49:51.458+0000] {dag.py:3096} INFO - Sync 1 DAGs
[2026-06-16T19:49:51.474+0000] {logging_mixin.py:188} INFO - [2026-06-16T19:49:51.474+0000] {dag.py:3954} INFO - Setting next_dagrun for sp500_master_ingestion_pipeline to 2026-06-14 20:30:00+00:00, run_after=2026-06-15 20:30:00+00:00
[2026-06-16T19:49:51.495+0000] {processor.py:183} INFO - Processing /opt/airflow/dags/sp500_master_ingestion_dag.py took 0.737 seconds
[2026-06-16T19:50:21.565+0000] {processor.py:161} INFO - Started process (PID=639) to work on /opt/airflow/dags/sp500_master_ingestion_dag.py
[2026-06-16T19:50:21.566+0000] {processor.py:830} INFO - Processing file /opt/airflow/dags/sp500_master_ingestion_dag.py for tasks to queue
[2026-06-16T19:50:21.567+0000] {logging_mixin.py:188} INFO - [2026-06-16T19:50:21.567+0000] {dagbag.py:545} INFO - Filling up the DagBag from /opt/airflow/dags/sp500_master_ingestion_dag.py
[2026-06-16T19:50:22.244+0000] {processor.py:840} INFO - DAG(s) 'sp500_master_ingestion_pipeline' retrieved from /opt/airflow/dags/sp500_master_ingestion_dag.py
[2026-06-16T19:50:22.263+0000] {logging_mixin.py:188} INFO - [2026-06-16T19:50:22.262+0000] {dag.py:3096} INFO - Sync 1 DAGs
[2026-06-16T19:50:22.278+0000] {logging_mixin.py:188} INFO - [2026-06-16T19:50:22.278+0000] {dag.py:3954} INFO - Setting next_dagrun for sp500_master_ingestion_pipeline to 2026-06-14 20:30:00+00:00, run_after=2026-06-15 20:30:00+00:00
[2026-06-16T19:50:22.297+0000] {processor.py:183} INFO - Processing /opt/airflow/dags/sp500_master_ingestion_dag.py took 0.737 seconds
[2026-06-16T19:50:52.517+0000] {processor.py:161} INFO - Started process (PID=645) to work on /opt/airflow/dags/sp500_master_ingestion_dag.py
[2026-06-16T19:50:52.518+0000] {processor.py:830} INFO - Processing file /opt/airflow/dags/sp500_master_ingestion_dag.py for tasks to queue
[2026-06-16T19:50:52.520+0000] {logging_mixin.py:188} INFO - [2026-06-16T19:50:52.519+0000] {dagbag.py:545} INFO - Filling up the DagBag from /opt/airflow/dags/sp500_master_ingestion_dag.py
[2026-06-16T19:50:53.256+0000] {processor.py:840} INFO - DAG(s) 'sp500_master_ingestion_pipeline' retrieved from /opt/airflow/dags/sp500_master_ingestion_dag.py
[2026-06-16T19:50:53.280+0000] {logging_mixin.py:188} INFO - [2026-06-16T19:50:53.279+0000] {dag.py:3096} INFO - Sync 1 DAGs
[2026-06-16T19:50:53.298+0000] {logging_mixin.py:188} INFO - [2026-06-16T19:50:53.298+0000] {dag.py:3954} INFO - Setting next_dagrun for sp500_master_ingestion_pipeline to 2026-06-14 20:30:00+00:00, run_after=2026-06-15 20:30:00+00:00
[2026-06-16T19:50:53.323+0000] {processor.py:183} INFO - Processing /opt/airflow/dags/sp500_master_ingestion_dag.py took 0.811 seconds
[2026-06-16T19:51:23.533+0000] {processor.py:161} INFO - Started process (PID=651) to work on /opt/airflow/dags/sp500_master_ingestion_dag.py
[2026-06-16T19:51:23.535+0000] {processor.py:830} INFO - Processing file /opt/airflow/dags/sp500_master_ingestion_dag.py for tasks to queue
[2026-06-16T19:51:23.536+0000] {logging_mixin.py:188} INFO - [2026-06-16T19:51:23.536+0000] {dagbag.py:545} INFO - Filling up the DagBag from /opt/airflow/dags/sp500_master_ingestion_dag.py
[2026-06-16T19:51:24.389+0000] {processor.py:840} INFO - DAG(s) 'sp500_master_ingestion_pipeline' retrieved from /opt/airflow/dags/sp500_master_ingestion_dag.py
[2026-06-16T19:51:24.411+0000] {logging_mixin.py:188} INFO - [2026-06-16T19:51:24.411+0000] {dag.py:3096} INFO - Sync 1 DAGs
[2026-06-16T19:51:24.427+0000] {logging_mixin.py:188} INFO - [2026-06-16T19:51:24.427+0000] {dag.py:3954} INFO - Setting next_dagrun for sp500_master_ingestion_pipeline to 2026-06-14 20:30:00+00:00, run_after=2026-06-15 20:30:00+00:00
[2026-06-16T19:51:24.444+0000] {processor.py:183} INFO - Processing /opt/airflow/dags/sp500_master_ingestion_dag.py took 0.916 seconds
[2026-06-16T19:51:54.688+0000] {processor.py:161} INFO - Started process (PID=657) to work on /opt/airflow/dags/sp500_master_ingestion_dag.py
[2026-06-16T19:51:54.690+0000] {processor.py:830} INFO - Processing file /opt/airflow/dags/sp500_master_ingestion_dag.py for tasks to queue
[2026-06-16T19:51:54.694+0000] {logging_mixin.py:188} INFO - [2026-06-16T19:51:54.693+0000] {dagbag.py:545} INFO - Filling up the DagBag from /opt/airflow/dags/sp500_master_ingestion_dag.py
[2026-06-16T19:51:55.597+0000] {processor.py:840} INFO - DAG(s) 'sp500_master_ingestion_pipeline' retrieved from /opt/airflow/dags/sp500_master_ingestion_dag.py
[2026-06-16T19:51:55.626+0000] {logging_mixin.py:188} INFO - [2026-06-16T19:51:55.626+0000] {dag.py:3096} INFO - Sync 1 DAGs
[2026-06-16T19:51:55.645+0000] {logging_mixin.py:188} INFO - [2026-06-16T19:51:55.645+0000] {dag.py:3954} INFO - Setting next_dagrun for sp500_master_ingestion_pipeline to 2026-06-14 20:30:00+00:00, run_after=2026-06-15 20:30:00+00:00
[2026-06-16T19:51:55.664+0000] {processor.py:183} INFO - Processing /opt/airflow/dags/sp500_master_ingestion_dag.py took 0.989 seconds
[2026-06-16T19:52:25.882+0000] {processor.py:161} INFO - Started process (PID=663) to work on /opt/airflow/dags/sp500_master_ingestion_dag.py
[2026-06-16T19:52:25.883+0000] {processor.py:830} INFO - Processing file /opt/airflow/dags/sp500_master_ingestion_dag.py for tasks to queue
[2026-06-16T19:52:25.885+0000] {logging_mixin.py:188} INFO - [2026-06-16T19:52:25.884+0000] {dagbag.py:545} INFO - Filling up the DagBag from /opt/airflow/dags/sp500_master_ingestion_dag.py
[2026-06-16T19:52:26.600+0000] {processor.py:840} INFO - DAG(s) 'sp500_master_ingestion_pipeline' retrieved from /opt/airflow/dags/sp500_master_ingestion_dag.py
[2026-06-16T19:52:26.620+0000] {logging_mixin.py:188} INFO - [2026-06-16T19:52:26.619+0000] {dag.py:3096} INFO - Sync 1 DAGs
[2026-06-16T19:52:26.635+0000] {logging_mixin.py:188} INFO - [2026-06-16T19:52:26.635+0000] {dag.py:3954} INFO - Setting next_dagrun for sp500_master_ingestion_pipeline to 2026-06-14 20:30:00+00:00, run_after=2026-06-15 20:30:00+00:00
[2026-06-16T19:52:26.649+0000] {processor.py:183} INFO - Processing /opt/airflow/dags/sp500_master_ingestion_dag.py took 0.773 seconds
